Running:
main.py --output_dir experiments/brasilia_83378/ --comment regression for brasilia_83378 --name brasilia_83378_Regression --records_file experiments/brasilia_83378/brasilia_83378_Regression.xls --data_dir datasets/files/brasilia_83378/ --data_class wf --pattern TRAIN --val_pattern TEST --epochs 50 --lr 0.001 --optimizer RAdam --pos_encoding learnable --task regression

Using device: cpu
Loading and preprocessing data ...
1919 samples may be used for training
640 samples will be used for validation
0 samples will be used for testing
Creating model ...
Model:
TSTransformerEncoderClassiregressor(
  (project_inp): Linear(in_features=5, out_features=64, bias=True)
  (pos_enc): LearnablePositionalEncoding(
    (dropout): Dropout(p=0.1, inplace=False)
  )
  (transformer_encoder): TransformerEncoder(
    (layers): ModuleList(
      (0): TransformerBatchNormEncoderLayer(
        (self_attn): MultiheadAttention(
          (out_proj): NonDynamicallyQuantizableLinear(in_features=64, out_features=64, bias=True)
        )
        (linear1): Linear(in_features=64, out_features=256, bias=True)
        (dropout): Dropout(p=0.1, inplace=False)
        (linear2): Linear(in_features=256, out_features=64, bias=True)
        (norm1): BatchNorm1d(64, eps=1e-05, momentum=0.1, affine=True, track_running_stats=True)
        (norm2): BatchNorm1d(64, eps=1e-05, momentum=0.1, affine=True, track_running_stats=True)
        (dropout1): Dropout(p=0.1, inplace=False)
        (dropout2): Dropout(p=0.1, inplace=False)
      )
      (1): TransformerBatchNormEncoderLayer(
        (self_attn): MultiheadAttention(
          (out_proj): NonDynamicallyQuantizableLinear(in_features=64, out_features=64, bias=True)
        )
        (linear1): Linear(in_features=64, out_features=256, bias=True)
        (dropout): Dropout(p=0.1, inplace=False)
        (linear2): Linear(in_features=256, out_features=64, bias=True)
        (norm1): BatchNorm1d(64, eps=1e-05, momentum=0.1, affine=True, track_running_stats=True)
        (norm2): BatchNorm1d(64, eps=1e-05, momentum=0.1, affine=True, track_running_stats=True)
        (dropout1): Dropout(p=0.1, inplace=False)
        (dropout2): Dropout(p=0.1, inplace=False)
      )
      (2): TransformerBatchNormEncoderLayer(
        (self_attn): MultiheadAttention(
          (out_proj): NonDynamicallyQuantizableLinear(in_features=64, out_features=64, bias=True)
        )
        (linear1): Linear(in_features=64, out_features=256, bias=True)
        (dropout): Dropout(p=0.1, inplace=False)
        (linear2): Linear(in_features=256, out_features=64, bias=True)
        (norm1): BatchNorm1d(64, eps=1e-05, momentum=0.1, affine=True, track_running_stats=True)
        (norm2): BatchNorm1d(64, eps=1e-05, momentum=0.1, affine=True, track_running_stats=True)
        (dropout1): Dropout(p=0.1, inplace=False)
        (dropout2): Dropout(p=0.1, inplace=False)
      )
    )
  )
  (dropout1): Dropout(p=0.1, inplace=False)
  (output_layer): Linear(in_features=1536, out_features=1, bias=True)
)
Total number of parameters: 153409
Trainable parameters: 153409
Evaluating on validation set ...
Validation runtime: 0.0 hours, 0.0 minutes, 0.1645817756652832 seconds

Avg val. time: 0.0 hours, 0.0 minutes, 0.1645817756652832 seconds
Avg batch val. time: 0.01645817756652832 seconds
Avg sample val. time: 0.000257159024477005 seconds
Epoch 0 Validation Summary: epoch: 0.000000 | loss: 621.284158 | 
Starting training...
Epoch 1 Training Summary: epoch: 1.000000 | loss: 487.797226 | 
Epoch runtime: 0.0 hours, 0.0 minutes, 1.6780598163604736 seconds

Avg epoch train. time: 0.0 hours, 0.0 minutes, 1.6780598163604736 seconds
Avg batch train. time: 0.05593532721201579 seconds
Avg sample train. time: 0.0008744449277542853 seconds
Evaluating on validation set ...
Validation runtime: 0.0 hours, 0.0 minutes, 0.22899603843688965 seconds

Avg val. time: 0.0 hours, 0.0 minutes, 0.19678890705108643 seconds
Avg batch val. time: 0.019678890705108643 seconds
Avg sample val. time: 0.00030748266726732254 seconds
Epoch 1 Validation Summary: epoch: 1.000000 | loss: 454.662476 | 
Epoch 2 Training Summary: epoch: 2.000000 | loss: 432.076184 | 
Epoch runtime: 0.0 hours, 0.0 minutes, 2.06408429145813 seconds

Avg epoch train. time: 0.0 hours, 0.0 minutes, 1.8710720539093018 seconds
Avg batch train. time: 0.062369068463643394 seconds
Avg sample train. time: 0.0009750245200152692 seconds
Evaluating on validation set ...
Validation runtime: 0.0 hours, 0.0 minutes, 0.2429971694946289 seconds

Avg val. time: 0.0 hours, 0.0 minutes, 0.21219166119893393 seconds
Avg batch val. time: 0.02121916611989339 seconds
Avg sample val. time: 0.00033154947062333424 seconds
Epoch 2 Validation Summary: epoch: 2.000000 | loss: 396.320609 | 
Epoch 3 Training Summary: epoch: 3.000000 | loss: 327.808416 | 
Epoch runtime: 0.0 hours, 0.0 minutes, 2.0817270278930664 seconds

Avg epoch train. time: 0.0 hours, 0.0 minutes, 1.9412903785705566 seconds
Avg batch train. time: 0.06470967928568522 seconds
Avg sample train. time: 0.001011615621975277 seconds
Epoch 4 Training Summary: epoch: 4.000000 | loss: 191.457570 | 
Epoch runtime: 0.0 hours, 0.0 minutes, 1.975053071975708 seconds

Avg epoch train. time: 0.0 hours, 0.0 minutes, 1.9497310519218445 seconds
Avg batch train. time: 0.06499103506406148 seconds
Avg sample train. time: 0.0010160140968847548 seconds
Evaluating on validation set ...
Validation runtime: 0.0 hours, 0.0 minutes, 0.25400233268737793 seconds

Avg val. time: 0.0 hours, 0.0 minutes, 0.22264432907104492 seconds
Avg batch val. time: 0.022264432907104493 seconds
Avg sample val. time: 0.0003478817641735077 seconds
Epoch 4 Validation Summary: epoch: 4.000000 | loss: 109.984286 | 
Epoch 5 Training Summary: epoch: 5.000000 | loss: 71.030183 | 
Epoch runtime: 0.0 hours, 0.0 minutes, 2.0662872791290283 seconds

Avg epoch train. time: 0.0 hours, 0.0 minutes, 1.9730422973632813 seconds
Avg batch train. time: 0.06576807657877605 seconds
Avg sample train. time: 0.0010281616974274525 seconds
Epoch 6 Training Summary: epoch: 6.000000 | loss: 10.177018 | 
Epoch runtime: 0.0 hours, 0.0 minutes, 1.9874868392944336 seconds

Avg epoch train. time: 0.0 hours, 0.0 minutes, 1.9754497210184734 seconds
Avg batch train. time: 0.06584832403394911 seconds
Avg sample train. time: 0.001029416217310304 seconds
Evaluating on validation set ...
Validation runtime: 0.0 hours, 0.0 minutes, 0.2370309829711914 seconds

Avg val. time: 0.0 hours, 0.0 minutes, 0.22552165985107422 seconds
Avg batch val. time: 0.022552165985107422 seconds
Avg sample val. time: 0.00035237759351730346 seconds
Epoch 6 Validation Summary: epoch: 6.000000 | loss: 4.476264 | 
Epoch 7 Training Summary: epoch: 7.000000 | loss: 3.332036 | 
Epoch runtime: 0.0 hours, 0.0 minutes, 2.032637357711792 seconds

Avg epoch train. time: 0.0 hours, 0.0 minutes, 1.9836193834032332 seconds
Avg batch train. time: 0.06612064611344111 seconds
Avg sample train. time: 0.0010336734671199757 seconds
Epoch 8 Training Summary: epoch: 8.000000 | loss: 1.895279 | 
Epoch runtime: 0.0 hours, 0.0 minutes, 2.0229976177215576 seconds

Avg epoch train. time: 0.0 hours, 0.0 minutes, 1.9885416626930237 seconds
Avg batch train. time: 0.06628472208976746 seconds
Avg sample train. time: 0.0010362384901995954 seconds
Evaluating on validation set ...
Validation runtime: 0.0 hours, 0.0 minutes, 0.23000049591064453 seconds

Avg val. time: 0.0 hours, 0.0 minutes, 0.22626813252766928 seconds
Avg batch val. time: 0.022626813252766928 seconds
Avg sample val. time: 0.00035354395707448325 seconds
Epoch 8 Validation Summary: epoch: 8.000000 | loss: 1.796057 | 
Epoch 9 Training Summary: epoch: 9.000000 | loss: 1.257702 | 
Epoch runtime: 0.0 hours, 0.0 minutes, 1.9965214729309082 seconds

Avg epoch train. time: 0.0 hours, 0.0 minutes, 1.9894283082750108 seconds
Avg batch train. time: 0.06631427694250036 seconds
Avg sample train. time: 0.0010367005254168895 seconds
Epoch 10 Training Summary: epoch: 10.000000 | loss: 1.222075 | 
Epoch runtime: 0.0 hours, 0.0 minutes, 1.9934747219085693 seconds

Avg epoch train. time: 0.0 hours, 0.0 minutes, 1.9898329496383667 seconds
Avg batch train. time: 0.06632776498794556 seconds
Avg sample train. time: 0.001036911385950165 seconds
Evaluating on validation set ...
Validation runtime: 0.0 hours, 0.0 minutes, 0.23200368881225586 seconds

Avg val. time: 0.0 hours, 0.0 minutes, 0.22708749771118164 seconds
Avg batch val. time: 0.022708749771118163 seconds
Avg sample val. time: 0.0003548242151737213 seconds
Epoch 10 Validation Summary: epoch: 10.000000 | loss: 1.107507 | 
Epoch 11 Training Summary: epoch: 11.000000 | loss: 1.004375 | 
Epoch runtime: 0.0 hours, 0.0 minutes, 2.012068271636963 seconds

Avg epoch train. time: 0.0 hours, 0.0 minutes, 1.99185434254733 seconds
Avg batch train. time: 0.06639514475157766 seconds
Avg sample train. time: 0.0010379647433805784 seconds
Epoch 12 Training Summary: epoch: 12.000000 | loss: 0.754794 | 
Epoch runtime: 0.0 hours, 0.0 minutes, 2.030285596847534 seconds

Avg epoch train. time: 0.0 hours, 0.0 minutes, 1.995056947072347 seconds
Avg batch train. time: 0.0665018982357449 seconds
Avg sample train. time: 0.0010396336357854856 seconds
Evaluating on validation set ...
Validation runtime: 0.0 hours, 0.0 minutes, 0.22700166702270508 seconds

Avg val. time: 0.0 hours, 0.0 minutes, 0.22707676887512207 seconds
Avg batch val. time: 0.022707676887512206 seconds
Avg sample val. time: 0.0003548074513673782 seconds
Epoch 12 Validation Summary: epoch: 12.000000 | loss: 1.297186 | 
Epoch 13 Training Summary: epoch: 13.000000 | loss: 0.854919 | 
Epoch runtime: 0.0 hours, 0.0 minutes, 2.066558599472046 seconds

Avg epoch train. time: 0.0 hours, 0.0 minutes, 2.000557074180016 seconds
Avg batch train. time: 0.06668523580600054 seconds
Avg sample train. time: 0.001042499778103187 seconds
Epoch 14 Training Summary: epoch: 14.000000 | loss: 0.669244 | 
Epoch runtime: 0.0 hours, 0.0 minutes, 2.4254345893859863 seconds

Avg epoch train. time: 0.0 hours, 0.0 minutes, 2.0309054681233 seconds
Avg batch train. time: 0.06769684893744334 seconds
Avg sample train. time: 0.0010583144701007295 seconds
Evaluating on validation set ...
Validation runtime: 0.0 hours, 0.0 minutes, 0.24863576889038086 seconds

Avg val. time: 0.0 hours, 0.0 minutes, 0.22947221332126194 seconds
Avg batch val. time: 0.022947221332126195 seconds
Avg sample val. time: 0.0003585503333144718 seconds
Epoch 14 Validation Summary: epoch: 14.000000 | loss: 0.809835 | 
Epoch 15 Training Summary: epoch: 15.000000 | loss: 0.714092 | 
Epoch runtime: 0.0 hours, 0.0 minutes, 2.4779865741729736 seconds

Avg epoch train. time: 0.0 hours, 0.0 minutes, 2.060710875193278 seconds
Avg batch train. time: 0.0686903625064426 seconds
Avg sample train. time: 0.0010738462090637197 seconds
Epoch 16 Training Summary: epoch: 16.000000 | loss: 0.589787 | 
Epoch runtime: 0.0 hours, 0.0 minutes, 2.024463653564453 seconds

Avg epoch train. time: 0.0 hours, 0.0 minutes, 2.0584454238414764 seconds
Avg batch train. time: 0.06861484746138255 seconds
Avg sample train. time: 0.0010726656716214052 seconds
Evaluating on validation set ...
Validation runtime: 0.0 hours, 0.0 minutes, 0.2980010509490967 seconds

Avg val. time: 0.0 hours, 0.0 minutes, 0.23632509708404542 seconds
Avg batch val. time: 0.023632509708404543 seconds
Avg sample val. time: 0.000369257964193821 seconds
Epoch 16 Validation Summary: epoch: 16.000000 | loss: 1.313012 | 
Epoch 17 Training Summary: epoch: 17.000000 | loss: 0.582096 | 
Epoch runtime: 0.0 hours, 0.0 minutes, 2.8469998836517334 seconds

Avg epoch train. time: 0.0 hours, 0.0 minutes, 2.1048309803009033 seconds
Avg batch train. time: 0.07016103267669678 seconds
Avg sample train. time: 0.0010968374050551867 seconds
Epoch 18 Training Summary: epoch: 18.000000 | loss: 0.560597 | 
Epoch runtime: 0.0 hours, 0.0 minutes, 2.2233188152313232 seconds

Avg epoch train. time: 0.0 hours, 0.0 minutes, 2.1114136377970376 seconds
Avg batch train. time: 0.07038045459323458 seconds
Avg sample train. time: 0.0011002676590917341 seconds
Evaluating on validation set ...
Validation runtime: 0.0 hours, 0.0 minutes, 0.23342108726501465 seconds

Avg val. time: 0.0 hours, 0.0 minutes, 0.23606109619140625 seconds
Avg batch val. time: 0.023606109619140624 seconds
Avg sample val. time: 0.00036884546279907225 seconds
Epoch 18 Validation Summary: epoch: 18.000000 | loss: 0.952562 | 
Epoch 19 Training Summary: epoch: 19.000000 | loss: 0.510112 | 
Epoch runtime: 0.0 hours, 0.0 minutes, 1.8860371112823486 seconds

Avg epoch train. time: 0.0 hours, 0.0 minutes, 2.099551715348896 seconds
Avg batch train. time: 0.06998505717829653 seconds
Avg sample train. time: 0.0010940863550541408 seconds
Epoch 20 Training Summary: epoch: 20.000000 | loss: 0.481609 | 
Epoch runtime: 0.0 hours, 0.0 minutes, 1.8326661586761475 seconds

Avg epoch train. time: 0.0 hours, 0.0 minutes, 2.0862074375152586 seconds
Avg batch train. time: 0.0695402479171753 seconds
Avg sample train. time: 0.0010871325885957574 seconds
Evaluating on validation set ...
Validation runtime: 0.0 hours, 0.0 minutes, 0.21602368354797363 seconds

Avg val. time: 0.0 hours, 0.0 minutes, 0.23439131180445352 seconds
Avg batch val. time: 0.02343913118044535 seconds
Avg sample val. time: 0.0003662364246944586 seconds
Epoch 20 Validation Summary: epoch: 20.000000 | loss: 1.397023 | 
Epoch 21 Training Summary: epoch: 21.000000 | loss: 0.389950 | 
Epoch runtime: 0.0 hours, 0.0 minutes, 1.9185938835144043 seconds

Avg epoch train. time: 0.0 hours, 0.0 minutes, 2.078225839705694 seconds
Avg batch train. time: 0.06927419465685647 seconds
Avg sample train. time: 0.0010829733401280324 seconds
Epoch 22 Training Summary: epoch: 22.000000 | loss: 0.454215 | 
Epoch runtime: 0.0 hours, 0.0 minutes, 2.0450475215911865 seconds

Avg epoch train. time: 0.0 hours, 0.0 minutes, 2.076717734336853 seconds
Avg batch train. time: 0.0692239244778951 seconds
Avg sample train. time: 0.0010821874592688134 seconds
Evaluating on validation set ...
Validation runtime: 0.0 hours, 0.0 minutes, 0.23900842666625977 seconds

Avg val. time: 0.0 hours, 0.0 minutes, 0.23474647448613092 seconds
Avg batch val. time: 0.023474647448613092 seconds
Avg sample val. time: 0.00036679136638457957 seconds
Epoch 22 Validation Summary: epoch: 22.000000 | loss: 0.657412 | 
Epoch 23 Training Summary: epoch: 23.000000 | loss: 0.501614 | 
Epoch runtime: 0.0 hours, 0.0 minutes, 2.040139675140381 seconds

Avg epoch train. time: 0.0 hours, 0.0 minutes, 2.0751273839370064 seconds
Avg batch train. time: 0.0691709127979002 seconds
Avg sample train. time: 0.0010813587201339272 seconds
Epoch 24 Training Summary: epoch: 24.000000 | loss: 0.581498 | 
Epoch runtime: 0.0 hours, 0.0 minutes, 1.9562156200408936 seconds

Avg epoch train. time: 0.0 hours, 0.0 minutes, 2.0701727271080017 seconds
Avg batch train. time: 0.06900575757026672 seconds
Avg sample train. time: 0.001078776824965087 seconds
Evaluating on validation set ...
Validation runtime: 0.0 hours, 0.0 minutes, 0.20798683166503906 seconds

Avg val. time: 0.0 hours, 0.0 minutes, 0.23283507142748153 seconds
Avg batch val. time: 0.023283507142748152 seconds
Avg sample val. time: 0.0003638047991054399 seconds
Epoch 24 Validation Summary: epoch: 24.000000 | loss: 2.647645 | 
Epoch 25 Training Summary: epoch: 25.000000 | loss: 0.432088 | 
Epoch runtime: 0.0 hours, 0.0 minutes, 1.9504704475402832 seconds

Avg epoch train. time: 0.0 hours, 0.0 minutes, 2.0653846359252928 seconds
Avg batch train. time: 0.0688461545308431 seconds
Avg sample train. time: 0.0010762817279443943 seconds
Epoch 26 Training Summary: epoch: 26.000000 | loss: 0.488230 | 
Epoch runtime: 0.0 hours, 0.0 minutes, 1.9934906959533691 seconds

Avg epoch train. time: 0.0 hours, 0.0 minutes, 2.0626194843879113 seconds
Avg batch train. time: 0.06875398281293038 seconds
Avg sample train. time: 0.0010748407943657692 seconds
Evaluating on validation set ...
Validation runtime: 0.0 hours, 0.0 minutes, 0.23252296447753906 seconds

Avg val. time: 0.0 hours, 0.0 minutes, 0.23281426429748536 seconds
Avg batch val. time: 0.023281426429748536 seconds
Avg sample val. time: 0.0003637722879648209 seconds
Epoch 26 Validation Summary: epoch: 26.000000 | loss: 1.470413 | 
Epoch 27 Training Summary: epoch: 27.000000 | loss: 0.460563 | 
Epoch runtime: 0.0 hours, 0.0 minutes, 2.0055322647094727 seconds

Avg epoch train. time: 0.0 hours, 0.0 minutes, 2.0605051429183394 seconds
Avg batch train. time: 0.06868350476394465 seconds
Avg sample train. time: 0.0010737390009996559 seconds
Epoch 28 Training Summary: epoch: 28.000000 | loss: 0.370141 | 
Epoch runtime: 0.0 hours, 0.0 minutes, 1.9063324928283691 seconds

Avg epoch train. time: 0.0 hours, 0.0 minutes, 2.054998976843698 seconds
Avg batch train. time: 0.06849996589478993 seconds
Avg sample train. time: 0.0010708697117476277 seconds
Evaluating on validation set ...
Validation runtime: 0.0 hours, 0.0 minutes, 0.22307109832763672 seconds

Avg val. time: 0.0 hours, 0.0 minutes, 0.2322053164243698 seconds
Avg batch val. time: 0.02322053164243698 seconds
Avg sample val. time: 0.00036282080691307783 seconds
Epoch 28 Validation Summary: epoch: 28.000000 | loss: 0.484483 | 
Epoch 29 Training Summary: epoch: 29.000000 | loss: 0.461142 | 
Epoch runtime: 0.0 hours, 0.0 minutes, 1.8081631660461426 seconds

Avg epoch train. time: 0.0 hours, 0.0 minutes, 2.0464873971610236 seconds
Avg batch train. time: 0.06821624657203412 seconds
Avg sample train. time: 0.001066434287212623 seconds
Epoch 30 Training Summary: epoch: 30.000000 | loss: 0.444428 | 
Epoch runtime: 0.0 hours, 0.0 minutes, 1.8003194332122803 seconds

Avg epoch train. time: 0.0 hours, 0.0 minutes, 2.038281798362732 seconds
Avg batch train. time: 0.06794272661209107 seconds
Avg sample train. time: 0.0010621583107674477 seconds
Evaluating on validation set ...
Validation runtime: 0.0 hours, 0.0 minutes, 0.22055768966674805 seconds

Avg val. time: 0.0 hours, 0.0 minutes, 0.2315201619092156 seconds
Avg batch val. time: 0.02315201619092156 seconds
Avg sample val. time: 0.0003617502529831494 seconds
Epoch 30 Validation Summary: epoch: 30.000000 | loss: 1.235117 | 
Epoch 31 Training Summary: epoch: 31.000000 | loss: 0.336401 | 
Epoch runtime: 0.0 hours, 0.0 minutes, 1.8023300170898438 seconds

Avg epoch train. time: 0.0 hours, 0.0 minutes, 2.0306704505797355 seconds
Avg batch train. time: 0.06768901501932452 seconds
Avg sample train. time: 0.0010581920013443124 seconds
Epoch 32 Training Summary: epoch: 32.000000 | loss: 0.474494 | 
Epoch runtime: 0.0 hours, 0.0 minutes, 1.7891120910644531 seconds

Avg epoch train. time: 0.0 hours, 0.0 minutes, 2.023121751844883 seconds
Avg batch train. time: 0.06743739172816277 seconds
Avg sample train. time: 0.0010542583386372502 seconds
Evaluating on validation set ...
Validation runtime: 0.0 hours, 0.0 minutes, 0.19899725914001465 seconds

Avg val. time: 0.0 hours, 0.0 minutes, 0.2297133339775933 seconds
Avg batch val. time: 0.02297133339775933 seconds
Avg sample val. time: 0.0003589270843399895 seconds
Epoch 32 Validation Summary: epoch: 32.000000 | loss: 0.550514 | 
Epoch 33 Training Summary: epoch: 33.000000 | loss: 0.586267 | 
Epoch runtime: 0.0 hours, 0.0 minutes, 1.8027889728546143 seconds

Avg epoch train. time: 0.0 hours, 0.0 minutes, 2.01644500096639 seconds
Avg batch train. time: 0.06721483336554633 seconds
Avg sample train. time: 0.0010507790520929599 seconds
Epoch 34 Training Summary: epoch: 34.000000 | loss: 0.525601 | 
Epoch runtime: 0.0 hours, 0.0 minutes, 1.7768354415893555 seconds

Avg epoch train. time: 0.0 hours, 0.0 minutes, 2.0093976609847126 seconds
Avg batch train. time: 0.06697992203282375 seconds
Avg sample train. time: 0.001047106649809647 seconds
Evaluating on validation set ...
Validation runtime: 0.0 hours, 0.0 minutes, 0.20201516151428223 seconds

Avg val. time: 0.0 hours, 0.0 minutes, 0.22825553542689273 seconds
Avg batch val. time: 0.022825553542689274 seconds
Avg sample val. time: 0.0003566492741045199 seconds
Epoch 34 Validation Summary: epoch: 34.000000 | loss: 2.887926 | 
Epoch 35 Training Summary: epoch: 35.000000 | loss: 0.561508 | 
Epoch runtime: 0.0 hours, 0.0 minutes, 1.790203332901001 seconds

Avg epoch train. time: 0.0 hours, 0.0 minutes, 2.0031349658966064 seconds
Avg batch train. time: 0.06677116552988688 seconds
Avg sample train. time: 0.0010438431297012018 seconds
Epoch 36 Training Summary: epoch: 36.000000 | loss: 0.404844 | 
Epoch runtime: 0.0 hours, 0.0 minutes, 1.7530324459075928 seconds

Avg epoch train. time: 0.0 hours, 0.0 minutes, 1.9961876736746893 seconds
Avg batch train. time: 0.06653958912248964 seconds
Avg sample train. time: 0.0010402228627799319 seconds
Evaluating on validation set ...
Validation runtime: 0.0 hours, 0.0 minutes, 0.19402742385864258 seconds

Avg val. time: 0.0 hours, 0.0 minutes, 0.2265441298484802 seconds
Avg batch val. time: 0.02265441298484802 seconds
Avg sample val. time: 0.00035397520288825033 seconds
Epoch 36 Validation Summary: epoch: 36.000000 | loss: 0.625790 | 
Epoch 37 Training Summary: epoch: 37.000000 | loss: 0.380852 | 
Epoch runtime: 0.0 hours, 0.0 minutes, 1.7980427742004395 seconds

Avg epoch train. time: 0.0 hours, 0.0 minutes, 1.9908324061213314 seconds
Avg batch train. time: 0.06636108020404438 seconds
Avg sample train. time: 0.0010374322074629136 seconds
Epoch 38 Training Summary: epoch: 38.000000 | loss: 0.421357 | 
Epoch runtime: 0.0 hours, 0.0 minutes, 1.7466282844543457 seconds

Avg epoch train. time: 0.0 hours, 0.0 minutes, 1.9844059818669368 seconds
Avg batch train. time: 0.06614686606223123 seconds
Avg sample train. time: 0.0010340833673095032 seconds
Evaluating on validation set ...
Validation runtime: 0.0 hours, 0.0 minutes, 0.22057127952575684 seconds

Avg val. time: 0.0 hours, 0.0 minutes, 0.22625970840454102 seconds
Avg batch val. time: 0.0226259708404541 seconds
Avg sample val. time: 0.0003535307943820953 seconds
Epoch 38 Validation Summary: epoch: 38.000000 | loss: 2.028086 | 
Epoch 39 Training Summary: epoch: 39.000000 | loss: 0.472072 | 
Epoch runtime: 0.0 hours, 0.0 minutes, 1.7520687580108643 seconds

Avg epoch train. time: 0.0 hours, 0.0 minutes, 1.9784486171526787 seconds
Avg batch train. time: 0.06594828723842262 seconds
Avg sample train. time: 0.0010309789563067633 seconds
Epoch 40 Training Summary: epoch: 40.000000 | loss: 0.371344 | 
Epoch runtime: 0.0 hours, 0.0 minutes, 1.7161414623260498 seconds

Avg epoch train. time: 0.0 hours, 0.0 minutes, 1.971890938282013 seconds
Avg batch train. time: 0.06572969794273377 seconds
Avg sample train. time: 0.0010275617187503975 seconds
Evaluating on validation set ...
Validation runtime: 0.0 hours, 0.0 minutes, 0.17499709129333496 seconds

Avg val. time: 0.0 hours, 0.0 minutes, 0.22392958944494074 seconds
Avg batch val. time: 0.022392958944494074 seconds
Avg sample val. time: 0.0003498899835077199 seconds
Epoch 40 Validation Summary: epoch: 40.000000 | loss: 0.264382 | 
Epoch 41 Training Summary: epoch: 41.000000 | loss: 0.425034 | 
Epoch runtime: 0.0 hours, 0.0 minutes, 1.716801643371582 seconds

Avg epoch train. time: 0.0 hours, 0.0 minutes, 1.9656692481622464 seconds
Avg batch train. time: 0.06552230827207488 seconds
Avg sample train. time: 0.001024319566525402 seconds
Epoch 42 Training Summary: epoch: 42.000000 | loss: 0.469251 | 
Epoch runtime: 0.0 hours, 0.0 minutes, 1.729060173034668 seconds

Avg epoch train. time: 0.0 hours, 0.0 minutes, 1.960035698754447 seconds
Avg batch train. time: 0.0653345232918149 seconds
Avg sample train. time: 0.001021383897214407 seconds
Evaluating on validation set ...
Validation runtime: 0.0 hours, 0.0 minutes, 0.18904566764831543 seconds

Avg val. time: 0.0 hours, 0.0 minutes, 0.22241289719291354 seconds
Avg batch val. time: 0.022241289719291353 seconds
Avg sample val. time: 0.0003475201518639274 seconds
Epoch 42 Validation Summary: epoch: 42.000000 | loss: 0.633902 | 
Epoch 43 Training Summary: epoch: 43.000000 | loss: 0.390323 | 
Epoch runtime: 0.0 hours, 0.0 minutes, 1.749462366104126 seconds

Avg epoch train. time: 0.0 hours, 0.0 minutes, 1.9551386445067649 seconds
Avg batch train. time: 0.06517128815022549 seconds
Avg sample train. time: 0.0010188320190238484 seconds
Epoch 44 Training Summary: epoch: 44.000000 | loss: 0.377720 | 
Epoch runtime: 0.0 hours, 0.0 minutes, 1.7582077980041504 seconds

Avg epoch train. time: 0.0 hours, 0.0 minutes, 1.9506629434498874 seconds
Avg batch train. time: 0.06502209811499625 seconds
Avg sample train. time: 0.0010164997099790971 seconds
Evaluating on validation set ...
Validation runtime: 0.0 hours, 0.0 minutes, 0.21399950981140137 seconds

Avg val. time: 0.0 hours, 0.0 minutes, 0.22206233938535055 seconds
Avg batch val. time: 0.022206233938535054 seconds
Avg sample val. time: 0.0003469724052896102 seconds
Epoch 44 Validation Summary: epoch: 44.000000 | loss: 0.479269 | 
Epoch 45 Training Summary: epoch: 45.000000 | loss: 0.432096 | 
Epoch runtime: 0.0 hours, 0.0 minutes, 1.7436957359313965 seconds

Avg epoch train. time: 0.0 hours, 0.0 minutes, 1.9460636721716986 seconds
Avg batch train. time: 0.06486878907238995 seconds
Avg sample train. time: 0.001014103007906044 seconds
Epoch 46 Training Summary: epoch: 46.000000 | loss: 0.331425 | 
Epoch runtime: 0.0 hours, 0.0 minutes, 1.7843143939971924 seconds

Avg epoch train. time: 0.0 hours, 0.0 minutes, 1.9425473835157312 seconds
Avg batch train. time: 0.06475157945052437 seconds
Avg sample train. time: 0.0010122706532129917 seconds
Evaluating on validation set ...
Validation runtime: 0.0 hours, 0.0 minutes, 0.2055189609527588 seconds

Avg val. time: 0.0 hours, 0.0 minutes, 0.22140060424804686 seconds
Avg batch val. time: 0.022140060424804688 seconds
Avg sample val. time: 0.00034593844413757324 seconds
Epoch 46 Validation Summary: epoch: 46.000000 | loss: 1.529468 | 
Epoch 47 Training Summary: epoch: 47.000000 | loss: 0.440218 | 
Epoch runtime: 0.0 hours, 0.0 minutes, 1.746203899383545 seconds

Avg epoch train. time: 0.0 hours, 0.0 minutes, 1.9383698625767485 seconds
Avg batch train. time: 0.06461232875255828 seconds
Avg sample train. time: 0.0010100937272416615 seconds
Epoch 48 Training Summary: epoch: 48.000000 | loss: 0.466751 | 
Epoch runtime: 0.0 hours, 0.0 minutes, 1.7845735549926758 seconds

Avg epoch train. time: 0.0 hours, 0.0 minutes, 1.9351657728354137 seconds
Avg batch train. time: 0.06450552576118046 seconds
Avg sample train. time: 0.001008424060883488 seconds
Evaluating on validation set ...
Validation runtime: 0.0 hours, 0.0 minutes, 0.19405555725097656 seconds

Avg val. time: 0.0 hours, 0.0 minutes, 0.22034887167123648 seconds
Avg batch val. time: 0.022034887167123648 seconds
Avg sample val. time: 0.000344295111986307 seconds
Epoch 48 Validation Summary: epoch: 48.000000 | loss: 0.727514 | 
Epoch 49 Training Summary: epoch: 49.000000 | loss: 0.368672 | 
Epoch runtime: 0.0 hours, 0.0 minutes, 1.7684779167175293 seconds

Avg epoch train. time: 0.0 hours, 0.0 minutes, 1.931763979853416 seconds
Avg batch train. time: 0.06439213266178054 seconds
Avg sample train. time: 0.001006651370429086 seconds
Epoch 50 Training Summary: epoch: 50.000000 | loss: 0.389530 | 
Epoch runtime: 0.0 hours, 0.0 minutes, 1.759690284729004 seconds

Avg epoch train. time: 0.0 hours, 0.0 minutes, 1.9283225059509277 seconds
Avg batch train. time: 0.06427741686503093 seconds
Avg sample train. time: 0.0010048580020588472 seconds
Evaluating on validation set ...
Validation runtime: 0.0 hours, 0.0 minutes, 0.1999378204345703 seconds

Avg val. time: 0.0 hours, 0.0 minutes, 0.21959290681061922 seconds
Avg batch val. time: 0.02195929068106192 seconds
Avg sample val. time: 0.0003431139168915925 seconds
Epoch 50 Validation Summary: epoch: 50.000000 | loss: 1.070637 | 
Best loss was 0.2643818691372871. Other metrics: OrderedDict([('epoch', 40), ('loss', 0.2643818691372871)])
All Done!
Total runtime: 0.0 hours, 1.0 minutes, 46.67491412162781 seconds

