Running:
main.py --output_dir experiments/curitiba_83842/ --comment regression for curitiba_83842 --name curitiba_83842_Regression --records_file experiments/curitiba_83842/curitiba_83842_Regression.xls --data_dir datasets/files/curitiba_83842/ --data_class wf --pattern TRAIN --val_pattern TEST --epochs 40 --lr 0.0005 --optimizer RAdam --pos_encoding learnable --task regression

Using device: cpu
Loading and preprocessing data ...
1905 samples may be used for training
635 samples will be used for validation
0 samples will be used for testing
Creating model ...
Model:
TSTransformerEncoderClassiregressor(
  (project_inp): Linear(in_features=5, out_features=64, bias=True)
  (pos_enc): LearnablePositionalEncoding(
    (dropout): Dropout(p=0.1, inplace=False)
  )
  (transformer_encoder): TransformerEncoder(
    (layers): ModuleList(
      (0): TransformerBatchNormEncoderLayer(
        (self_attn): MultiheadAttention(
          (out_proj): NonDynamicallyQuantizableLinear(in_features=64, out_features=64, bias=True)
        )
        (linear1): Linear(in_features=64, out_features=256, bias=True)
        (dropout): Dropout(p=0.1, inplace=False)
        (linear2): Linear(in_features=256, out_features=64, bias=True)
        (norm1): BatchNorm1d(64, eps=1e-05, momentum=0.1, affine=True, track_running_stats=True)
        (norm2): BatchNorm1d(64, eps=1e-05, momentum=0.1, affine=True, track_running_stats=True)
        (dropout1): Dropout(p=0.1, inplace=False)
        (dropout2): Dropout(p=0.1, inplace=False)
      )
      (1): TransformerBatchNormEncoderLayer(
        (self_attn): MultiheadAttention(
          (out_proj): NonDynamicallyQuantizableLinear(in_features=64, out_features=64, bias=True)
        )
        (linear1): Linear(in_features=64, out_features=256, bias=True)
        (dropout): Dropout(p=0.1, inplace=False)
        (linear2): Linear(in_features=256, out_features=64, bias=True)
        (norm1): BatchNorm1d(64, eps=1e-05, momentum=0.1, affine=True, track_running_stats=True)
        (norm2): BatchNorm1d(64, eps=1e-05, momentum=0.1, affine=True, track_running_stats=True)
        (dropout1): Dropout(p=0.1, inplace=False)
        (dropout2): Dropout(p=0.1, inplace=False)
      )
      (2): TransformerBatchNormEncoderLayer(
        (self_attn): MultiheadAttention(
          (out_proj): NonDynamicallyQuantizableLinear(in_features=64, out_features=64, bias=True)
        )
        (linear1): Linear(in_features=64, out_features=256, bias=True)
        (dropout): Dropout(p=0.1, inplace=False)
        (linear2): Linear(in_features=256, out_features=64, bias=True)
        (norm1): BatchNorm1d(64, eps=1e-05, momentum=0.1, affine=True, track_running_stats=True)
        (norm2): BatchNorm1d(64, eps=1e-05, momentum=0.1, affine=True, track_running_stats=True)
        (dropout1): Dropout(p=0.1, inplace=False)
        (dropout2): Dropout(p=0.1, inplace=False)
      )
    )
  )
  (dropout1): Dropout(p=0.1, inplace=False)
  (output_layer): Linear(in_features=1536, out_features=1, bias=True)
)
Total number of parameters: 153409
Trainable parameters: 153409
Evaluating on validation set ...
Validation runtime: 0.0 hours, 0.0 minutes, 0.1800069808959961 seconds

Avg val. time: 0.0 hours, 0.0 minutes, 0.1800069808959961 seconds
Avg batch val. time: 0.018000698089599608 seconds
Avg sample val. time: 0.00028347556046613557 seconds
Epoch 0 Validation Summary: epoch: 0.000000 | loss: 400.820549 | 
Starting training...
Epoch 1 Training Summary: epoch: 1.000000 | loss: 356.155502 | 
Epoch runtime: 0.0 hours, 0.0 minutes, 1.6080029010772705 seconds

Avg epoch train. time: 0.0 hours, 0.0 minutes, 1.6080029010772705 seconds
Avg batch train. time: 0.053600096702575685 seconds
Avg sample train. time: 0.000844096011064184 seconds
Evaluating on validation set ...
Validation runtime: 0.0 hours, 0.0 minutes, 0.2220010757446289 seconds

Avg val. time: 0.0 hours, 0.0 minutes, 0.2010040283203125 seconds
Avg batch val. time: 0.02010040283203125 seconds
Avg sample val. time: 0.0003165417768823819 seconds
Epoch 1 Validation Summary: epoch: 1.000000 | loss: 289.241343 | 
Epoch 2 Training Summary: epoch: 2.000000 | loss: 323.381274 | 
Epoch runtime: 0.0 hours, 0.0 minutes, 1.6766893863677979 seconds

Avg epoch train. time: 0.0 hours, 0.0 minutes, 1.6423461437225342 seconds
Avg batch train. time: 0.054744871457417806 seconds
Avg sample train. time: 0.0008621239599593356 seconds
Evaluating on validation set ...
Validation runtime: 0.0 hours, 0.0 minutes, 0.18999958038330078 seconds

Avg val. time: 0.0 hours, 0.0 minutes, 0.19733587900797525 seconds
Avg batch val. time: 0.019733587900797524 seconds
Avg sample val. time: 0.000310765163792087 seconds
Epoch 2 Validation Summary: epoch: 2.000000 | loss: 252.639934 | 
Epoch 3 Training Summary: epoch: 3.000000 | loss: 274.329107 | 
Epoch runtime: 0.0 hours, 0.0 minutes, 1.6551151275634766 seconds

Avg epoch train. time: 0.0 hours, 0.0 minutes, 1.646602471669515 seconds
Avg batch train. time: 0.0548867490556505 seconds
Avg sample train. time: 0.0008643582528448897 seconds
Epoch 4 Training Summary: epoch: 4.000000 | loss: 212.440500 | 
Epoch runtime: 0.0 hours, 0.0 minutes, 1.6313307285308838 seconds

Avg epoch train. time: 0.0 hours, 0.0 minutes, 1.6427845358848572 seconds
Avg batch train. time: 0.054759484529495236 seconds
Avg sample train. time: 0.0008623540870786652 seconds
Evaluating on validation set ...
Validation runtime: 0.0 hours, 0.0 minutes, 0.1699986457824707 seconds

Avg val. time: 0.0 hours, 0.0 minutes, 0.19050157070159912 seconds
Avg batch val. time: 0.01905015707015991 seconds
Avg sample val. time: 0.0003000024735458254 seconds
Epoch 4 Validation Summary: epoch: 4.000000 | loss: 153.135142 | 
Epoch 5 Training Summary: epoch: 5.000000 | loss: 148.481446 | 
Epoch runtime: 0.0 hours, 0.0 minutes, 1.59285306930542 seconds

Avg epoch train. time: 0.0 hours, 0.0 minutes, 1.6327982425689698 seconds
Avg batch train. time: 0.05442660808563233 seconds
Avg sample train. time: 0.0008571119383564146 seconds
Epoch 6 Training Summary: epoch: 6.000000 | loss: 88.201312 | 
Epoch runtime: 0.0 hours, 0.0 minutes, 1.6010973453521729 seconds

Avg epoch train. time: 0.0 hours, 0.0 minutes, 1.6275147596995037 seconds
Avg batch train. time: 0.054250491989983454 seconds
Avg sample train. time: 0.0008543384565351726 seconds
Evaluating on validation set ...
Validation runtime: 0.0 hours, 0.0 minutes, 0.1810588836669922 seconds

Avg val. time: 0.0 hours, 0.0 minutes, 0.18861303329467774 seconds
Avg batch val. time: 0.018861303329467775 seconds
Avg sample val. time: 0.0002970283988892563 seconds
Epoch 6 Validation Summary: epoch: 6.000000 | loss: 49.975730 | 
Epoch 7 Training Summary: epoch: 7.000000 | loss: 41.607594 | 
Epoch runtime: 0.0 hours, 0.0 minutes, 1.6192879676818848 seconds

Avg epoch train. time: 0.0 hours, 0.0 minutes, 1.6263395036969865 seconds
Avg batch train. time: 0.05421131678989955 seconds
Avg sample train. time: 0.0008537215242503866 seconds
Epoch 8 Training Summary: epoch: 8.000000 | loss: 13.078850 | 
Epoch runtime: 0.0 hours, 0.0 minutes, 1.6248979568481445 seconds

Avg epoch train. time: 0.0 hours, 0.0 minutes, 1.6261593103408813 seconds
Avg batch train. time: 0.05420531034469604 seconds
Avg sample train. time: 0.0008536269345621424 seconds
Evaluating on validation set ...
Validation runtime: 0.0 hours, 0.0 minutes, 0.17392539978027344 seconds

Avg val. time: 0.0 hours, 0.0 minutes, 0.18616509437561035 seconds
Avg batch val. time: 0.018616509437561036 seconds
Avg sample val. time: 0.0002931733769694651 seconds
Epoch 8 Validation Summary: epoch: 8.000000 | loss: 5.711692 | 
Epoch 9 Training Summary: epoch: 9.000000 | loss: 3.558038 | 
Epoch runtime: 0.0 hours, 0.0 minutes, 1.6420938968658447 seconds

Avg epoch train. time: 0.0 hours, 0.0 minutes, 1.6279298199547663 seconds
Avg batch train. time: 0.05426432733182554 seconds
Avg sample train. time: 0.0008545563359342605 seconds
Epoch 10 Training Summary: epoch: 10.000000 | loss: 2.203084 | 
Epoch runtime: 0.0 hours, 0.0 minutes, 1.6663599014282227 seconds

Avg epoch train. time: 0.0 hours, 0.0 minutes, 1.6317728281021118 seconds
Avg batch train. time: 0.05439242760340372 seconds
Avg sample train. time: 0.0008565736630457279 seconds
Evaluating on validation set ...
Validation runtime: 0.0 hours, 0.0 minutes, 0.20914649963378906 seconds

Avg val. time: 0.0 hours, 0.0 minutes, 0.18944815226963588 seconds
Avg batch val. time: 0.018944815226963587 seconds
Avg sample val. time: 0.00029834354688131634 seconds
Epoch 10 Validation Summary: epoch: 10.000000 | loss: 1.025861 | 
Epoch 11 Training Summary: epoch: 11.000000 | loss: 1.534928 | 
Epoch runtime: 0.0 hours, 0.0 minutes, 1.7889087200164795 seconds

Avg epoch train. time: 0.0 hours, 0.0 minutes, 1.646057909185236 seconds
Avg batch train. time: 0.0548685969728412 seconds
Avg sample train. time: 0.0008640723932730898 seconds
Epoch 12 Training Summary: epoch: 12.000000 | loss: 1.363143 | 
Epoch runtime: 0.0 hours, 0.0 minutes, 1.7982239723205566 seconds

Avg epoch train. time: 0.0 hours, 0.0 minutes, 1.658738414446513 seconds
Avg batch train. time: 0.05529128048155043 seconds
Avg sample train. time: 0.0008707288264811091 seconds
Evaluating on validation set ...
Validation runtime: 0.0 hours, 0.0 minutes, 0.19200372695922852 seconds

Avg val. time: 0.0 hours, 0.0 minutes, 0.18976759910583496 seconds
Avg batch val. time: 0.018976759910583497 seconds
Avg sample val. time: 0.00029884661276509443 seconds
Epoch 12 Validation Summary: epoch: 12.000000 | loss: 1.166549 | 
Epoch 13 Training Summary: epoch: 13.000000 | loss: 1.231989 | 
Epoch runtime: 0.0 hours, 0.0 minutes, 1.8563871383666992 seconds

Avg epoch train. time: 0.0 hours, 0.0 minutes, 1.6739421624403734 seconds
Avg batch train. time: 0.05579807208134578 seconds
Avg sample train. time: 0.0008787097965566265 seconds
Epoch 14 Training Summary: epoch: 14.000000 | loss: 1.185195 | 
Epoch runtime: 0.0 hours, 0.0 minutes, 1.7935314178466797 seconds

Avg epoch train. time: 0.0 hours, 0.0 minutes, 1.6824842521122523 seconds
Avg batch train. time: 0.05608280840374174 seconds
Avg sample train. time: 0.0008831938331297912 seconds
Evaluating on validation set ...
Validation runtime: 0.0 hours, 0.0 minutes, 0.2045764923095703 seconds

Avg val. time: 0.0 hours, 0.0 minutes, 0.1914130316840278 seconds
Avg batch val. time: 0.01914130316840278 seconds
Avg sample val. time: 0.0003014378451716973 seconds
Epoch 14 Validation Summary: epoch: 14.000000 | loss: 1.803592 | 
Epoch 15 Training Summary: epoch: 15.000000 | loss: 0.964490 | 
Epoch runtime: 0.0 hours, 0.0 minutes, 1.8239903450012207 seconds

Avg epoch train. time: 0.0 hours, 0.0 minutes, 1.6919179916381837 seconds
Avg batch train. time: 0.05639726638793945 seconds
Avg sample train. time: 0.0008881459273691253 seconds
Epoch 16 Training Summary: epoch: 16.000000 | loss: 0.835559 | 
Epoch runtime: 0.0 hours, 0.0 minutes, 1.8683362007141113 seconds

Avg epoch train. time: 0.0 hours, 0.0 minutes, 1.702944129705429 seconds
Avg batch train. time: 0.0567648043235143 seconds
Avg sample train. time: 0.000893933926354556 seconds
Evaluating on validation set ...
Validation runtime: 0.0 hours, 0.0 minutes, 0.21904945373535156 seconds

Avg val. time: 0.0 hours, 0.0 minutes, 0.19417667388916016 seconds
Avg batch val. time: 0.019417667388916017 seconds
Avg sample val. time: 0.00030579003762072464 seconds
Epoch 16 Validation Summary: epoch: 16.000000 | loss: 1.160491 | 
Epoch 17 Training Summary: epoch: 17.000000 | loss: 0.923532 | 
Epoch runtime: 0.0 hours, 0.0 minutes, 1.8783049583435059 seconds

Avg epoch train. time: 0.0 hours, 0.0 minutes, 1.7132594725664925 seconds
Avg batch train. time: 0.05710864908554975 seconds
Avg sample train. time: 0.0008993488044968464 seconds
Epoch 18 Training Summary: epoch: 18.000000 | loss: 0.695116 | 
Epoch runtime: 0.0 hours, 0.0 minutes, 2.0760343074798584 seconds

Avg epoch train. time: 0.0 hours, 0.0 minutes, 1.7334136300616794 seconds
Avg batch train. time: 0.057780454335389315 seconds
Avg sample train. time: 0.0009099284147305403 seconds
Evaluating on validation set ...
Validation runtime: 0.0 hours, 0.0 minutes, 0.20751404762268066 seconds

Avg val. time: 0.0 hours, 0.0 minutes, 0.19538916241038928 seconds
Avg batch val. time: 0.01953891624103893 seconds
Avg sample val. time: 0.00030769946836281775 seconds
Epoch 18 Validation Summary: epoch: 18.000000 | loss: 0.956451 | 
Epoch 19 Training Summary: epoch: 19.000000 | loss: 0.714253 | 
Epoch runtime: 0.0 hours, 0.0 minutes, 1.9317398071289062 seconds

Avg epoch train. time: 0.0 hours, 0.0 minutes, 1.743851849907323 seconds
Avg batch train. time: 0.05812839499691077 seconds
Avg sample train. time: 0.0009154077952269412 seconds
Epoch 20 Training Summary: epoch: 20.000000 | loss: 0.810241 | 
Epoch runtime: 0.0 hours, 0.0 minutes, 2.1099400520324707 seconds

Avg epoch train. time: 0.0 hours, 0.0 minutes, 1.7621562600135803 seconds
Avg batch train. time: 0.05873854200045268 seconds
Avg sample train. time: 0.0009250164094559476 seconds
Evaluating on validation set ...
Validation runtime: 0.0 hours, 0.0 minutes, 0.23000025749206543 seconds

Avg val. time: 0.0 hours, 0.0 minutes, 0.1982734203338623 seconds
Avg batch val. time: 0.01982734203338623 seconds
Avg sample val. time: 0.00031224160682498 seconds
Epoch 20 Validation Summary: epoch: 20.000000 | loss: 1.531455 | 
Epoch 21 Training Summary: epoch: 21.000000 | loss: 0.616514 | 
Epoch runtime: 0.0 hours, 0.0 minutes, 2.116602897644043 seconds

Avg epoch train. time: 0.0 hours, 0.0 minutes, 1.7790346713293166 seconds
Avg batch train. time: 0.05930115571097722 seconds
Avg sample train. time: 0.000933876467889405 seconds
Epoch 22 Training Summary: epoch: 22.000000 | loss: 0.725391 | 
Epoch runtime: 0.0 hours, 0.0 minutes, 1.9786465167999268 seconds

Avg epoch train. time: 0.0 hours, 0.0 minutes, 1.7881079370325261 seconds
Avg batch train. time: 0.0596035979010842 seconds
Avg sample train. time: 0.0009386393370249481 seconds
Evaluating on validation set ...
Validation runtime: 0.0 hours, 0.0 minutes, 0.24798893928527832 seconds

Avg val. time: 0.0 hours, 0.0 minutes, 0.20209769102243277 seconds
Avg batch val. time: 0.02020976910224328 seconds
Avg sample val. time: 0.00031826408035028785 seconds
Epoch 22 Validation Summary: epoch: 22.000000 | loss: 0.399332 | 
Epoch 23 Training Summary: epoch: 23.000000 | loss: 0.630240 | 
Epoch runtime: 0.0 hours, 0.0 minutes, 1.9424598217010498 seconds

Avg epoch train. time: 0.0 hours, 0.0 minutes, 1.7948188885398533 seconds
Avg batch train. time: 0.059827296284661775 seconds
Avg sample train. time: 0.0009421621462151461 seconds
Epoch 24 Training Summary: epoch: 24.000000 | loss: 0.742721 | 
Epoch runtime: 0.0 hours, 0.0 minutes, 1.987823486328125 seconds

Avg epoch train. time: 0.0 hours, 0.0 minutes, 1.8028607467810314 seconds
Avg batch train. time: 0.06009535822603438 seconds
Avg sample train. time: 0.0009463835941107776 seconds
Evaluating on validation set ...
Validation runtime: 0.0 hours, 0.0 minutes, 0.24900245666503906 seconds

Avg val. time: 0.0 hours, 0.0 minutes, 0.20544803142547607 seconds
Avg batch val. time: 0.020544803142547606 seconds
Avg sample val. time: 0.0003235402069692537 seconds
Epoch 24 Validation Summary: epoch: 24.000000 | loss: 0.847065 | 
Epoch 25 Training Summary: epoch: 25.000000 | loss: 0.611742 | 
Epoch runtime: 0.0 hours, 0.0 minutes, 1.98325777053833 seconds

Avg epoch train. time: 0.0 hours, 0.0 minutes, 1.8100766277313232 seconds
Avg batch train. time: 0.06033588759104411 seconds
Avg sample train. time: 0.0009501714581266788 seconds
Epoch 26 Training Summary: epoch: 26.000000 | loss: 0.573293 | 
Epoch runtime: 0.0 hours, 0.0 minutes, 2.001868724822998 seconds

Avg epoch train. time: 0.0 hours, 0.0 minutes, 1.8174532468502338 seconds
Avg batch train. time: 0.060581774895007795 seconds
Avg sample train. time: 0.000954043699133981 seconds
Evaluating on validation set ...
Validation runtime: 0.0 hours, 0.0 minutes, 0.23000717163085938 seconds

Avg val. time: 0.0 hours, 0.0 minutes, 0.20708530743916828 seconds
Avg batch val. time: 0.020708530743916827 seconds
Avg sample val. time: 0.000326118594392391 seconds
Epoch 26 Validation Summary: epoch: 26.000000 | loss: 0.791859 | 
Epoch 27 Training Summary: epoch: 27.000000 | loss: 0.586706 | 
Epoch runtime: 0.0 hours, 0.0 minutes, 2.0161142349243164 seconds

Avg epoch train. time: 0.0 hours, 0.0 minutes, 1.824811061223348 seconds
Avg batch train. time: 0.0608270353741116 seconds
Avg sample train. time: 0.0009579060688836472 seconds
Epoch 28 Training Summary: epoch: 28.000000 | loss: 0.516163 | 
Epoch runtime: 0.0 hours, 0.0 minutes, 2.315446615219116 seconds

Avg epoch train. time: 0.0 hours, 0.0 minutes, 1.8423337595803397 seconds
Avg batch train. time: 0.06141112531934466 seconds
Avg sample train. time: 0.0009671043357377112 seconds
Evaluating on validation set ...
Validation runtime: 0.0 hours, 0.0 minutes, 0.343076229095459 seconds

Avg val. time: 0.0 hours, 0.0 minutes, 0.21558474004268646 seconds
Avg batch val. time: 0.021558474004268646 seconds
Avg sample val. time: 0.0003395035276262779 seconds
Epoch 28 Validation Summary: epoch: 28.000000 | loss: 0.446218 | 
Epoch 29 Training Summary: epoch: 29.000000 | loss: 0.558866 | 
Epoch runtime: 0.0 hours, 0.0 minutes, 2.5056135654449463 seconds

Avg epoch train. time: 0.0 hours, 0.0 minutes, 1.8652054770239468 seconds
Avg batch train. time: 0.062173515900798226 seconds
Avg sample train. time: 0.0009791104866267437 seconds
Epoch 30 Training Summary: epoch: 30.000000 | loss: 0.571602 | 
Epoch runtime: 0.0 hours, 0.0 minutes, 2.3005077838897705 seconds

Avg epoch train. time: 0.0 hours, 0.0 minutes, 1.8797155539194743 seconds
Avg batch train. time: 0.06265718513064915 seconds
Avg sample train. time: 0.0009867273248921125 seconds
Evaluating on validation set ...
Validation runtime: 0.0 hours, 0.0 minutes, 0.3189971446990967 seconds

Avg val. time: 0.0 hours, 0.0 minutes, 0.2216678226695341 seconds
Avg batch val. time: 0.02216678226695341 seconds
Avg sample val. time: 0.0003490831853063529 seconds
Epoch 30 Validation Summary: epoch: 30.000000 | loss: 0.626341 | 
Epoch 31 Training Summary: epoch: 31.000000 | loss: 0.608055 | 
Epoch runtime: 0.0 hours, 0.0 minutes, 2.2405595779418945 seconds

Avg epoch train. time: 0.0 hours, 0.0 minutes, 1.8913556837266492 seconds
Avg batch train. time: 0.06304518945755497 seconds
Avg sample train. time: 0.0009928376292528342 seconds
Epoch 32 Training Summary: epoch: 32.000000 | loss: 0.491811 | 
Epoch runtime: 0.0 hours, 0.0 minutes, 2.340104579925537 seconds

Avg epoch train. time: 0.0 hours, 0.0 minutes, 1.9053790867328644 seconds
Avg batch train. time: 0.0635126362244288 seconds
Avg sample train. time: 0.0010001989956602963 seconds
Evaluating on validation set ...
Validation runtime: 0.0 hours, 0.0 minutes, 0.24500465393066406 seconds

Avg val. time: 0.0 hours, 0.0 minutes, 0.22296431329515246 seconds
Avg batch val. time: 0.022296431329515247 seconds
Avg sample val. time: 0.00035112490282701174 seconds
Epoch 32 Validation Summary: epoch: 32.000000 | loss: 0.660460 | 
Epoch 33 Training Summary: epoch: 33.000000 | loss: 0.472068 | 
Epoch runtime: 0.0 hours, 0.0 minutes, 2.2073886394500732 seconds

Avg epoch train. time: 0.0 hours, 0.0 minutes, 1.9145308913606587 seconds
Avg batch train. time: 0.06381769637868863 seconds
Avg sample train. time: 0.0010050030925777735 seconds
Epoch 34 Training Summary: epoch: 34.000000 | loss: 0.625837 | 
Epoch runtime: 0.0 hours, 0.0 minutes, 2.065829038619995 seconds

Avg epoch train. time: 0.0 hours, 0.0 minutes, 1.9189808368682861 seconds
Avg batch train. time: 0.06396602789560954 seconds
Avg sample train. time: 0.001007339021978103 seconds
Evaluating on validation set ...
Validation runtime: 0.0 hours, 0.0 minutes, 0.255997896194458 seconds

Avg val. time: 0.0 hours, 0.0 minutes, 0.22470292292143168 seconds
Avg batch val. time: 0.022470292292143167 seconds
Avg sample val. time: 0.0003538628707424121 seconds
Epoch 34 Validation Summary: epoch: 34.000000 | loss: 0.368529 | 
Epoch 35 Training Summary: epoch: 35.000000 | loss: 0.461385 | 
Epoch runtime: 0.0 hours, 0.0 minutes, 2.074903726577759 seconds

Avg epoch train. time: 0.0 hours, 0.0 minutes, 1.9234357765742711 seconds
Avg batch train. time: 0.06411452588580904 seconds
Avg sample train. time: 0.0010096775730048667 seconds
Epoch 36 Training Summary: epoch: 36.000000 | loss: 0.478270 | 
Epoch runtime: 0.0 hours, 0.0 minutes, 2.0564444065093994 seconds

Avg epoch train. time: 0.0 hours, 0.0 minutes, 1.9271304607391357 seconds
Avg batch train. time: 0.06423768202463785 seconds
Avg sample train. time: 0.0010116170397580764 seconds
Evaluating on validation set ...
Validation runtime: 0.0 hours, 0.0 minutes, 0.2389993667602539 seconds

Avg val. time: 0.0 hours, 0.0 minutes, 0.2254177451133728 seconds
Avg batch val. time: 0.022541774511337282 seconds
Avg sample val. time: 0.00035498857498168947 seconds
Epoch 36 Validation Summary: epoch: 36.000000 | loss: 0.502940 | 
Epoch 37 Training Summary: epoch: 37.000000 | loss: 0.520829 | 
Epoch runtime: 0.0 hours, 0.0 minutes, 2.006389617919922 seconds

Avg epoch train. time: 0.0 hours, 0.0 minutes, 1.9292726001224003 seconds
Avg batch train. time: 0.06430908667074668 seconds
Avg sample train. time: 0.0010127415223739635 seconds
Epoch 38 Training Summary: epoch: 38.000000 | loss: 0.508725 | 
Epoch runtime: 0.0 hours, 0.0 minutes, 1.9897119998931885 seconds

Avg epoch train. time: 0.0 hours, 0.0 minutes, 1.9308631106426841 seconds
Avg batch train. time: 0.06436210368808946 seconds
Avg sample train. time: 0.001013576436032905 seconds
Evaluating on validation set ...
Validation runtime: 0.0 hours, 0.0 minutes, 0.23224091529846191 seconds

Avg val. time: 0.0 hours, 0.0 minutes, 0.22574265797932944 seconds
Avg batch val. time: 0.022574265797932945 seconds
Avg sample val. time: 0.00035550024878634555 seconds
Epoch 38 Validation Summary: epoch: 38.000000 | loss: 0.256128 | 
Epoch 39 Training Summary: epoch: 39.000000 | loss: 0.550194 | 
Epoch runtime: 0.0 hours, 0.0 minutes, 1.9454710483551025 seconds

Avg epoch train. time: 0.0 hours, 0.0 minutes, 1.9312376731481307 seconds
Avg batch train. time: 0.0643745891049377 seconds
Avg sample train. time: 0.0010137730567706723 seconds
Epoch 40 Training Summary: epoch: 40.000000 | loss: 0.510342 | 
Epoch runtime: 0.0 hours, 0.0 minutes, 1.931638240814209 seconds

Avg epoch train. time: 0.0 hours, 0.0 minutes, 1.9312476873397828 seconds
Avg batch train. time: 0.0643749229113261 seconds
Avg sample train. time: 0.0010137783135641904 seconds
Evaluating on validation set ...
Validation runtime: 0.0 hours, 0.0 minutes, 0.22500348091125488 seconds

Avg val. time: 0.0 hours, 0.0 minutes, 0.22570905902168967 seconds
Avg batch val. time: 0.022570905902168967 seconds
Avg sample val. time: 0.00035544733704203095 seconds
Epoch 40 Validation Summary: epoch: 40.000000 | loss: 0.264360 | 
Best loss was 0.25612835471085676. Other metrics: OrderedDict([('epoch', 38), ('loss', 0.25612835471085676)])
All Done!
Total runtime: 0.0 hours, 1.0 minutes, 26.314085721969604 seconds

