Running:
main.py --output_dir experiments/belo_horizonte_83587/ --comment regression for belo_horizonte_83587 --name belo_horizonte_83587_Regression --records_file experiments/belo_horizonte_83587/belo_horizonte_83587_Regression.xls --data_dir datasets/files/belo_horizonte_83587/ --data_class wf --pattern TRAIN --val_pattern TEST --epochs 40 --lr 0.0005 --optimizer RAdam --pos_encoding learnable --task regression

Using device: cpu
Loading and preprocessing data ...
1919 samples may be used for training
639 samples will be used for validation
0 samples will be used for testing
Creating model ...
Model:
TSTransformerEncoderClassiregressor(
  (project_inp): Linear(in_features=5, out_features=64, bias=True)
  (pos_enc): LearnablePositionalEncoding(
    (dropout): Dropout(p=0.1, inplace=False)
  )
  (transformer_encoder): TransformerEncoder(
    (layers): ModuleList(
      (0): TransformerBatchNormEncoderLayer(
        (self_attn): MultiheadAttention(
          (out_proj): NonDynamicallyQuantizableLinear(in_features=64, out_features=64, bias=True)
        )
        (linear1): Linear(in_features=64, out_features=256, bias=True)
        (dropout): Dropout(p=0.1, inplace=False)
        (linear2): Linear(in_features=256, out_features=64, bias=True)
        (norm1): BatchNorm1d(64, eps=1e-05, momentum=0.1, affine=True, track_running_stats=True)
        (norm2): BatchNorm1d(64, eps=1e-05, momentum=0.1, affine=True, track_running_stats=True)
        (dropout1): Dropout(p=0.1, inplace=False)
        (dropout2): Dropout(p=0.1, inplace=False)
      )
      (1): TransformerBatchNormEncoderLayer(
        (self_attn): MultiheadAttention(
          (out_proj): NonDynamicallyQuantizableLinear(in_features=64, out_features=64, bias=True)
        )
        (linear1): Linear(in_features=64, out_features=256, bias=True)
        (dropout): Dropout(p=0.1, inplace=False)
        (linear2): Linear(in_features=256, out_features=64, bias=True)
        (norm1): BatchNorm1d(64, eps=1e-05, momentum=0.1, affine=True, track_running_stats=True)
        (norm2): BatchNorm1d(64, eps=1e-05, momentum=0.1, affine=True, track_running_stats=True)
        (dropout1): Dropout(p=0.1, inplace=False)
        (dropout2): Dropout(p=0.1, inplace=False)
      )
      (2): TransformerBatchNormEncoderLayer(
        (self_attn): MultiheadAttention(
          (out_proj): NonDynamicallyQuantizableLinear(in_features=64, out_features=64, bias=True)
        )
        (linear1): Linear(in_features=64, out_features=256, bias=True)
        (dropout): Dropout(p=0.1, inplace=False)
        (linear2): Linear(in_features=256, out_features=64, bias=True)
        (norm1): BatchNorm1d(64, eps=1e-05, momentum=0.1, affine=True, track_running_stats=True)
        (norm2): BatchNorm1d(64, eps=1e-05, momentum=0.1, affine=True, track_running_stats=True)
        (dropout1): Dropout(p=0.1, inplace=False)
        (dropout2): Dropout(p=0.1, inplace=False)
      )
    )
  )
  (dropout1): Dropout(p=0.1, inplace=False)
  (output_layer): Linear(in_features=1536, out_features=1, bias=True)
)
Total number of parameters: 153409
Trainable parameters: 153409
Evaluating on validation set ...
Validation runtime: 0.0 hours, 0.0 minutes, 0.19700002670288086 seconds

Avg val. time: 0.0 hours, 0.0 minutes, 0.19700002670288086 seconds
Avg batch val. time: 0.019700002670288087 seconds
Avg sample val. time: 0.00030829425149120636 seconds
Epoch 0 Validation Summary: epoch: 0.000000 | loss: 519.448329 | 
Starting training...
Epoch 1 Training Summary: epoch: 1.000000 | loss: 464.287368 | 
Epoch runtime: 0.0 hours, 0.0 minutes, 1.713498830795288 seconds

Avg epoch train. time: 0.0 hours, 0.0 minutes, 1.713498830795288 seconds
Avg batch train. time: 0.05711662769317627 seconds
Avg sample train. time: 0.0008929123662299573 seconds
Evaluating on validation set ...
Validation runtime: 0.0 hours, 0.0 minutes, 0.20203280448913574 seconds

Avg val. time: 0.0 hours, 0.0 minutes, 0.1995164155960083 seconds
Avg batch val. time: 0.01995164155960083 seconds
Avg sample val. time: 0.0003122322622785732 seconds
Epoch 1 Validation Summary: epoch: 1.000000 | loss: 455.107248 | 
Epoch 2 Training Summary: epoch: 2.000000 | loss: 437.968895 | 
Epoch runtime: 0.0 hours, 0.0 minutes, 1.7558348178863525 seconds

Avg epoch train. time: 0.0 hours, 0.0 minutes, 1.7346668243408203 seconds
Avg batch train. time: 0.057822227478027344 seconds
Avg sample train. time: 0.0009039431080462846 seconds
Evaluating on validation set ...
Validation runtime: 0.0 hours, 0.0 minutes, 0.201934814453125 seconds

Avg val. time: 0.0 hours, 0.0 minutes, 0.20032254854838052 seconds
Avg batch val. time: 0.020032254854838054 seconds
Avg sample val. time: 0.00031349381619464873 seconds
Epoch 2 Validation Summary: epoch: 2.000000 | loss: 426.502943 | 
Epoch 3 Training Summary: epoch: 3.000000 | loss: 392.405775 | 
Epoch runtime: 0.0 hours, 0.0 minutes, 1.9771511554718018 seconds

Avg epoch train. time: 0.0 hours, 0.0 minutes, 1.8154949347178142 seconds
Avg batch train. time: 0.06051649782392714 seconds
Avg sample train. time: 0.0009460630196549318 seconds
Epoch 4 Training Summary: epoch: 4.000000 | loss: 327.588820 | 
Epoch runtime: 0.0 hours, 0.0 minutes, 1.7973675727844238 seconds

Avg epoch train. time: 0.0 hours, 0.0 minutes, 1.8109630942344666 seconds
Avg batch train. time: 0.06036543647448222 seconds
Avg sample train. time: 0.0009437014560888309 seconds
Evaluating on validation set ...
Validation runtime: 0.0 hours, 0.0 minutes, 0.1916799545288086 seconds

Avg val. time: 0.0 hours, 0.0 minutes, 0.19816190004348755 seconds
Avg batch val. time: 0.019816190004348755 seconds
Avg sample val. time: 0.00031011251962987095 seconds
Epoch 4 Validation Summary: epoch: 4.000000 | loss: 289.282746 | 
Epoch 5 Training Summary: epoch: 5.000000 | loss: 250.779809 | 
Epoch runtime: 0.0 hours, 0.0 minutes, 1.8606793880462646 seconds

Avg epoch train. time: 0.0 hours, 0.0 minutes, 1.8209063529968261 seconds
Avg batch train. time: 0.06069687843322754 seconds
Avg sample train. time: 0.000948882935381358 seconds
Epoch 6 Training Summary: epoch: 6.000000 | loss: 166.624625 | 
Epoch runtime: 0.0 hours, 0.0 minutes, 1.9055695533752441 seconds

Avg epoch train. time: 0.0 hours, 0.0 minutes, 1.8350168863932292 seconds
Avg batch train. time: 0.06116722954644097 seconds
Avg sample train. time: 0.0009562360012471231 seconds
Evaluating on validation set ...
Validation runtime: 0.0 hours, 0.0 minutes, 0.20198893547058105 seconds

Avg val. time: 0.0 hours, 0.0 minutes, 0.19892730712890624 seconds
Avg batch val. time: 0.019892730712890626 seconds
Avg sample val. time: 0.00031131033979484544 seconds
Epoch 6 Validation Summary: epoch: 6.000000 | loss: 122.172907 | 
Epoch 7 Training Summary: epoch: 7.000000 | loss: 90.798295 | 
Epoch runtime: 0.0 hours, 0.0 minutes, 1.74216890335083 seconds

Avg epoch train. time: 0.0 hours, 0.0 minutes, 1.8217528888157435 seconds
Avg batch train. time: 0.06072509629385812 seconds
Avg sample train. time: 0.0009493240692109138 seconds
Epoch 8 Training Summary: epoch: 8.000000 | loss: 35.824198 | 
Epoch runtime: 0.0 hours, 0.0 minutes, 1.7902965545654297 seconds

Avg epoch train. time: 0.0 hours, 0.0 minutes, 1.8178208470344543 seconds
Avg batch train. time: 0.06059402823448181 seconds
Avg sample train. time: 0.0009472750635927329 seconds
Evaluating on validation set ...
Validation runtime: 0.0 hours, 0.0 minutes, 0.1900036334991455 seconds

Avg val. time: 0.0 hours, 0.0 minutes, 0.1974400281906128 seconds
Avg batch val. time: 0.01974400281906128 seconds
Avg sample val. time: 0.00030898282971926884 seconds
Epoch 8 Validation Summary: epoch: 8.000000 | loss: 20.029001 | 
Epoch 9 Training Summary: epoch: 9.000000 | loss: 8.325472 | 
Epoch runtime: 0.0 hours, 0.0 minutes, 1.837517499923706 seconds

Avg epoch train. time: 0.0 hours, 0.0 minutes, 1.820009364022149 seconds
Avg batch train. time: 0.060666978800738305 seconds
Avg sample train. time: 0.0009484155101730844 seconds
Epoch 10 Training Summary: epoch: 10.000000 | loss: 2.676524 | 
Epoch runtime: 0.0 hours, 0.0 minutes, 1.7555277347564697 seconds

Avg epoch train. time: 0.0 hours, 0.0 minutes, 1.813561201095581 seconds
Avg batch train. time: 0.06045204003651937 seconds
Avg sample train. time: 0.0009450553418945185 seconds
Evaluating on validation set ...
Validation runtime: 0.0 hours, 0.0 minutes, 0.19558262825012207 seconds

Avg val. time: 0.0 hours, 0.0 minutes, 0.19717468534197127 seconds
Avg batch val. time: 0.019717468534197126 seconds
Avg sample val. time: 0.00030856758269479074 seconds
Epoch 10 Validation Summary: epoch: 10.000000 | loss: 6.115241 | 
Epoch 11 Training Summary: epoch: 11.000000 | loss: 1.918415 | 
Epoch runtime: 0.0 hours, 0.0 minutes, 1.8339269161224365 seconds

Avg epoch train. time: 0.0 hours, 0.0 minutes, 1.815412629734386 seconds
Avg batch train. time: 0.060513754324479536 seconds
Avg sample train. time: 0.0009460201301377728 seconds
Epoch 12 Training Summary: epoch: 12.000000 | loss: 1.414486 | 
Epoch runtime: 0.0 hours, 0.0 minutes, 1.7891297340393066 seconds

Avg epoch train. time: 0.0 hours, 0.0 minutes, 1.8132223884264629 seconds
Avg batch train. time: 0.0604407462808821 seconds
Avg sample train. time: 0.0009448787850059733 seconds
Evaluating on validation set ...
Validation runtime: 0.0 hours, 0.0 minutes, 0.19269156455993652 seconds

Avg val. time: 0.0 hours, 0.0 minutes, 0.19661429524421692 seconds
Avg batch val. time: 0.01966142952442169 seconds
Avg sample val. time: 0.00030769060288609847 seconds
Epoch 12 Validation Summary: epoch: 12.000000 | loss: 0.945444 | 
Epoch 13 Training Summary: epoch: 13.000000 | loss: 1.164608 | 
Epoch runtime: 0.0 hours, 0.0 minutes, 1.780122995376587 seconds

Avg epoch train. time: 0.0 hours, 0.0 minutes, 1.81067628126878 seconds
Avg batch train. time: 0.060355876042292665 seconds
Avg sample train. time: 0.0009435519964923293 seconds
Epoch 14 Training Summary: epoch: 14.000000 | loss: 0.849066 | 
Epoch runtime: 0.0 hours, 0.0 minutes, 1.845299482345581 seconds

Avg epoch train. time: 0.0 hours, 0.0 minutes, 1.81314936705998 seconds
Avg batch train. time: 0.06043831223533267 seconds
Avg sample train. time: 0.000944840733225628 seconds
Evaluating on validation set ...
Validation runtime: 0.0 hours, 0.0 minutes, 0.18056249618530273 seconds

Avg val. time: 0.0 hours, 0.0 minutes, 0.1948307620154487 seconds
Avg batch val. time: 0.01948307620154487 seconds
Avg sample val. time: 0.00030489947107268967 seconds
Epoch 14 Validation Summary: epoch: 14.000000 | loss: 0.814872 | 
Epoch 15 Training Summary: epoch: 15.000000 | loss: 0.856780 | 
Epoch runtime: 0.0 hours, 0.0 minutes, 1.7909746170043945 seconds

Avg epoch train. time: 0.0 hours, 0.0 minutes, 1.8116710503896079 seconds
Avg batch train. time: 0.06038903501298693 seconds
Avg sample train. time: 0.0009440703753984408 seconds
Epoch 16 Training Summary: epoch: 16.000000 | loss: 0.728353 | 
Epoch runtime: 0.0 hours, 0.0 minutes, 1.8674252033233643 seconds

Avg epoch train. time: 0.0 hours, 0.0 minutes, 1.8151556849479675 seconds
Avg batch train. time: 0.06050518949826558 seconds
Avg sample train. time: 0.0009458862349911243 seconds
Evaluating on validation set ...
Validation runtime: 0.0 hours, 0.0 minutes, 0.20399928092956543 seconds

Avg val. time: 0.0 hours, 0.0 minutes, 0.19574761390686035 seconds
Avg batch val. time: 0.019574761390686035 seconds
Avg sample val. time: 0.0003063342940639442 seconds
Epoch 16 Validation Summary: epoch: 16.000000 | loss: 1.387513 | 
Epoch 17 Training Summary: epoch: 17.000000 | loss: 0.631666 | 
Epoch runtime: 0.0 hours, 0.0 minutes, 1.894468069076538 seconds

Avg epoch train. time: 0.0 hours, 0.0 minutes, 1.8198211193084717 seconds
Avg batch train. time: 0.06066070397694905 seconds
Avg sample train. time: 0.0009483174149601207 seconds
Epoch 18 Training Summary: epoch: 18.000000 | loss: 0.596180 | 
Epoch runtime: 0.0 hours, 0.0 minutes, 1.8920187950134277 seconds

Avg epoch train. time: 0.0 hours, 0.0 minutes, 1.8238321012920804 seconds
Avg batch train. time: 0.06079440337640268 seconds
Avg sample train. time: 0.000950407556692069 seconds
Evaluating on validation set ...
Validation runtime: 0.0 hours, 0.0 minutes, 0.20000863075256348 seconds

Avg val. time: 0.0 hours, 0.0 minutes, 0.19613497907465155 seconds
Avg batch val. time: 0.019613497907465156 seconds
Avg sample val. time: 0.00030694049933435296 seconds
Epoch 18 Validation Summary: epoch: 18.000000 | loss: 0.823207 | 
Epoch 19 Training Summary: epoch: 19.000000 | loss: 0.593361 | 
Epoch runtime: 0.0 hours, 0.0 minutes, 1.8816883563995361 seconds

Avg epoch train. time: 0.0 hours, 0.0 minutes, 1.8268771673503674 seconds
Avg batch train. time: 0.06089590557834558 seconds
Avg sample train. time: 0.0009519943550549075 seconds
Epoch 20 Training Summary: epoch: 20.000000 | loss: 0.636223 | 
Epoch runtime: 0.0 hours, 0.0 minutes, 1.8533384799957275 seconds

Avg epoch train. time: 0.0 hours, 0.0 minutes, 1.8282002329826355 seconds
Avg batch train. time: 0.06094000776608785 seconds
Avg sample train. time: 0.0009526838108299298 seconds
Evaluating on validation set ...
Validation runtime: 0.0 hours, 0.0 minutes, 0.21606826782226562 seconds

Avg val. time: 0.0 hours, 0.0 minutes, 0.19779608647028604 seconds
Avg batch val. time: 0.019779608647028605 seconds
Avg sample val. time: 0.0003095400414245478 seconds
Epoch 20 Validation Summary: epoch: 20.000000 | loss: 0.425043 | 
Epoch 21 Training Summary: epoch: 21.000000 | loss: 0.482753 | 
Epoch runtime: 0.0 hours, 0.0 minutes, 1.9384868144989014 seconds

Avg epoch train. time: 0.0 hours, 0.0 minutes, 1.8334519749596006 seconds
Avg batch train. time: 0.061115065831986684 seconds
Avg sample train. time: 0.000955420518478166 seconds
Epoch 22 Training Summary: epoch: 22.000000 | loss: 0.507453 | 
Epoch runtime: 0.0 hours, 0.0 minutes, 1.8930931091308594 seconds

Avg epoch train. time: 0.0 hours, 0.0 minutes, 1.8361629356037488 seconds
Avg batch train. time: 0.06120543118679163 seconds
Avg sample train. time: 0.0009568332129253511 seconds
Evaluating on validation set ...
Validation runtime: 0.0 hours, 0.0 minutes, 0.222001314163208 seconds

Avg val. time: 0.0 hours, 0.0 minutes, 0.19965802706204927 seconds
Avg batch val. time: 0.019965802706204926 seconds
Avg sample val. time: 0.00031245387646643076 seconds
Epoch 22 Validation Summary: epoch: 22.000000 | loss: 0.410946 | 
Epoch 23 Training Summary: epoch: 23.000000 | loss: 0.428496 | 
Epoch runtime: 0.0 hours, 0.0 minutes, 1.9710748195648193 seconds

Avg epoch train. time: 0.0 hours, 0.0 minutes, 1.8420286696890127 seconds
Avg batch train. time: 0.061400955656300424 seconds
Avg sample train. time: 0.000959889874772805 seconds
Epoch 24 Training Summary: epoch: 24.000000 | loss: 0.399608 | 
Epoch runtime: 0.0 hours, 0.0 minutes, 1.9264345169067383 seconds

Avg epoch train. time: 0.0 hours, 0.0 minutes, 1.845545579989751 seconds
Avg batch train. time: 0.06151818599965837 seconds
Avg sample train. time: 0.0009617225534078953 seconds
Evaluating on validation set ...
Validation runtime: 0.0 hours, 0.0 minutes, 0.20080232620239258 seconds

Avg val. time: 0.0 hours, 0.0 minutes, 0.19973976271493094 seconds
Avg batch val. time: 0.019973976271493093 seconds
Avg sample val. time: 0.0003125817882862769 seconds
Epoch 24 Validation Summary: epoch: 24.000000 | loss: 0.356073 | 
Epoch 25 Training Summary: epoch: 25.000000 | loss: 0.406964 | 
Epoch runtime: 0.0 hours, 0.0 minutes, 1.9111979007720947 seconds

Avg epoch train. time: 0.0 hours, 0.0 minutes, 1.8481716728210449 seconds
Avg batch train. time: 0.06160572242736816 seconds
Avg sample train. time: 0.0009630910228353543 seconds
Epoch 26 Training Summary: epoch: 26.000000 | loss: 0.458327 | 
Epoch runtime: 0.0 hours, 0.0 minutes, 1.9297394752502441 seconds

Avg epoch train. time: 0.0 hours, 0.0 minutes, 1.8513088959913988 seconds
Avg batch train. time: 0.061710296533046625 seconds
Avg sample train. time: 0.0009647258447063047 seconds
Evaluating on validation set ...
Validation runtime: 0.0 hours, 0.0 minutes, 0.21169424057006836 seconds

Avg val. time: 0.0 hours, 0.0 minutes, 0.20053672790527344 seconds
Avg batch val. time: 0.020053672790527343 seconds
Avg sample val. time: 0.00031382899515692246 seconds
Epoch 26 Validation Summary: epoch: 26.000000 | loss: 1.214296 | 
Epoch 27 Training Summary: epoch: 27.000000 | loss: 0.423718 | 
Epoch runtime: 0.0 hours, 0.0 minutes, 1.8527321815490723 seconds

Avg epoch train. time: 0.0 hours, 0.0 minutes, 1.8513616102713126 seconds
Avg batch train. time: 0.06171205367571042 seconds
Avg sample train. time: 0.0009647533143675417 seconds
Epoch 28 Training Summary: epoch: 28.000000 | loss: 0.439190 | 
Epoch runtime: 0.0 hours, 0.0 minutes, 1.9463303089141846 seconds

Avg epoch train. time: 0.0 hours, 0.0 minutes, 1.854753349508558 seconds
Avg batch train. time: 0.061825111650285265 seconds
Avg sample train. time: 0.000966520765767878 seconds
Evaluating on validation set ...
Validation runtime: 0.0 hours, 0.0 minutes, 0.21153783798217773 seconds

Avg val. time: 0.0 hours, 0.0 minutes, 0.20122429728507996 seconds
Avg batch val. time: 0.020122429728507994 seconds
Avg sample val. time: 0.000314905003576025 seconds
Epoch 28 Validation Summary: epoch: 28.000000 | loss: 0.525434 | 
Epoch 29 Training Summary: epoch: 29.000000 | loss: 0.422409 | 
Epoch runtime: 0.0 hours, 0.0 minutes, 1.8286092281341553 seconds

Avg epoch train. time: 0.0 hours, 0.0 minutes, 1.8538518280818546 seconds
Avg batch train. time: 0.06179506093606182 seconds
Avg sample train. time: 0.0009660509786773604 seconds
Epoch 30 Training Summary: epoch: 30.000000 | loss: 0.502535 | 
Epoch runtime: 0.0 hours, 0.0 minutes, 1.7680630683898926 seconds

Avg epoch train. time: 0.0 hours, 0.0 minutes, 1.850992202758789 seconds
Avg batch train. time: 0.06169974009195964 seconds
Avg sample train. time: 0.0009645608143610156 seconds
Evaluating on validation set ...
Validation runtime: 0.0 hours, 0.0 minutes, 0.2113358974456787 seconds

Avg val. time: 0.0 hours, 0.0 minutes, 0.20181909729452693 seconds
Avg batch val. time: 0.020181909729452694 seconds
Avg sample val. time: 0.0003158358330117792 seconds
Epoch 30 Validation Summary: epoch: 30.000000 | loss: 0.449560 | 
Epoch 31 Training Summary: epoch: 31.000000 | loss: 0.345237 | 
Epoch runtime: 0.0 hours, 0.0 minutes, 1.9155073165893555 seconds

Avg epoch train. time: 0.0 hours, 0.0 minutes, 1.853073335463001 seconds
Avg batch train. time: 0.06176911118210003 seconds
Avg sample train. time: 0.0009656453024820224 seconds
Epoch 32 Training Summary: epoch: 32.000000 | loss: 0.370354 | 
Epoch runtime: 0.0 hours, 0.0 minutes, 1.9834086894989014 seconds

Avg epoch train. time: 0.0 hours, 0.0 minutes, 1.8571463152766228 seconds
Avg batch train. time: 0.06190487717588743 seconds
Avg sample train. time: 0.0009677677515771874 seconds
Evaluating on validation set ...
Validation runtime: 0.0 hours, 0.0 minutes, 0.21599984169006348 seconds

Avg val. time: 0.0 hours, 0.0 minutes, 0.2026069164276123 seconds
Avg batch val. time: 0.02026069164276123 seconds
Avg sample val. time: 0.00031706872680377514 seconds
Epoch 32 Validation Summary: epoch: 32.000000 | loss: 0.343734 | 
Epoch 33 Training Summary: epoch: 33.000000 | loss: 0.386734 | 
Epoch runtime: 0.0 hours, 0.0 minutes, 1.8929986953735352 seconds

Avg epoch train. time: 0.0 hours, 0.0 minutes, 1.8582327510371353 seconds
Avg batch train. time: 0.06194109170123784 seconds
Avg sample train. time: 0.0009683338984039267 seconds
Epoch 34 Training Summary: epoch: 34.000000 | loss: 0.411328 | 
Epoch runtime: 0.0 hours, 0.0 minutes, 1.9124629497528076 seconds

Avg epoch train. time: 0.0 hours, 0.0 minutes, 1.8598277568817139 seconds
Avg batch train. time: 0.061994258562723795 seconds
Avg sample train. time: 0.0009691650635131391 seconds
Evaluating on validation set ...
Validation runtime: 0.0 hours, 0.0 minutes, 0.19500160217285156 seconds

Avg val. time: 0.0 hours, 0.0 minutes, 0.2022066367299933 seconds
Avg batch val. time: 0.02022066367299933 seconds
Avg sample val. time: 0.0003164423110015545 seconds
Epoch 34 Validation Summary: epoch: 34.000000 | loss: 1.013331 | 
Epoch 35 Training Summary: epoch: 35.000000 | loss: 0.406845 | 
Epoch runtime: 0.0 hours, 0.0 minutes, 2.007329225540161 seconds

Avg epoch train. time: 0.0 hours, 0.0 minutes, 1.8640420845576695 seconds
Avg batch train. time: 0.06213473615192232 seconds
Avg sample train. time: 0.0009713611696496454 seconds
Epoch 36 Training Summary: epoch: 36.000000 | loss: 0.460049 | 
Epoch runtime: 0.0 hours, 0.0 minutes, 2.045961618423462 seconds

Avg epoch train. time: 0.0 hours, 0.0 minutes, 1.8690954049428303 seconds
Avg batch train. time: 0.06230318016476101 seconds
Avg sample train. time: 0.0009739944788654665 seconds
Evaluating on validation set ...
Validation runtime: 0.0 hours, 0.0 minutes, 0.24651551246643066 seconds

Avg val. time: 0.0 hours, 0.0 minutes, 0.20442208051681518 seconds
Avg batch val. time: 0.020442208051681517 seconds
Avg sample val. time: 0.00031990935918124443 seconds
Epoch 36 Validation Summary: epoch: 36.000000 | loss: 0.870689 | 
Epoch 37 Training Summary: epoch: 37.000000 | loss: 0.353948 | 
Epoch runtime: 0.0 hours, 0.0 minutes, 1.9552156925201416 seconds

Avg epoch train. time: 0.0 hours, 0.0 minutes, 1.8714229802827578 seconds
Avg batch train. time: 0.062380766009425256 seconds
Avg sample train. time: 0.0009752073894125887 seconds
Epoch 38 Training Summary: epoch: 38.000000 | loss: 0.409991 | 
Epoch runtime: 0.0 hours, 0.0 minutes, 1.9990441799163818 seconds

Avg epoch train. time: 0.0 hours, 0.0 minutes, 1.8747814329046952 seconds
Avg batch train. time: 0.062492714430156505 seconds
Avg sample train. time: 0.0009769574949998411 seconds
Evaluating on validation set ...
Validation runtime: 0.0 hours, 0.0 minutes, 0.19700026512145996 seconds

Avg val. time: 0.0 hours, 0.0 minutes, 0.20406866073608398 seconds
Avg batch val. time: 0.0204068660736084 seconds
Avg sample val. time: 0.00031935627658229106 seconds
Epoch 38 Validation Summary: epoch: 38.000000 | loss: 0.617078 | 
Epoch 39 Training Summary: epoch: 39.000000 | loss: 0.359306 | 
Epoch runtime: 0.0 hours, 0.0 minutes, 2.191537857055664 seconds

Avg epoch train. time: 0.0 hours, 0.0 minutes, 1.8829033924983098 seconds
Avg batch train. time: 0.06276344641661033 seconds
Avg sample train. time: 0.0009811898866588379 seconds
Epoch 40 Training Summary: epoch: 40.000000 | loss: 0.306791 | 
Epoch runtime: 0.0 hours, 0.0 minutes, 2.1848020553588867 seconds

Avg epoch train. time: 0.0 hours, 0.0 minutes, 1.8904508590698241 seconds
Avg batch train. time: 0.0630150286356608 seconds
Avg sample train. time: 0.0009851229072797415 seconds
Evaluating on validation set ...
Validation runtime: 0.0 hours, 0.0 minutes, 0.2430891990661621 seconds

Avg val. time: 0.0 hours, 0.0 minutes, 0.20584232156926935 seconds
Avg batch val. time: 0.020584232156926934 seconds
Avg sample val. time: 0.0003221319586373542 seconds
Epoch 40 Validation Summary: epoch: 40.000000 | loss: 0.666400 | 
Best loss was 0.3437336756030159. Other metrics: OrderedDict([('epoch', 32), ('loss', 0.3437336756030159)])
All Done!
Total runtime: 0.0 hours, 1.0 minutes, 24.198664903640747 seconds

