Running:
main.py --output_dir experiments/belo_horizonte_83587/ --comment regression for belo_horizonte_83587 --name belo_horizonte_83587_Regression --records_file experiments/belo_horizonte_83587/belo_horizonte_83587_Regression.xls --data_dir datasets/files/belo_horizonte_83587/ --data_class wf --pattern TRAIN --val_pattern TEST --epochs 50 --lr 0.0005 --optimizer RAdam --pos_encoding learnable --task regression

Using device: cpu
Loading and preprocessing data ...
1919 samples may be used for training
639 samples will be used for validation
0 samples will be used for testing
Creating model ...
Model:
TSTransformerEncoderClassiregressor(
  (project_inp): Linear(in_features=5, out_features=64, bias=True)
  (pos_enc): LearnablePositionalEncoding(
    (dropout): Dropout(p=0.1, inplace=False)
  )
  (transformer_encoder): TransformerEncoder(
    (layers): ModuleList(
      (0): TransformerBatchNormEncoderLayer(
        (self_attn): MultiheadAttention(
          (out_proj): NonDynamicallyQuantizableLinear(in_features=64, out_features=64, bias=True)
        )
        (linear1): Linear(in_features=64, out_features=256, bias=True)
        (dropout): Dropout(p=0.1, inplace=False)
        (linear2): Linear(in_features=256, out_features=64, bias=True)
        (norm1): BatchNorm1d(64, eps=1e-05, momentum=0.1, affine=True, track_running_stats=True)
        (norm2): BatchNorm1d(64, eps=1e-05, momentum=0.1, affine=True, track_running_stats=True)
        (dropout1): Dropout(p=0.1, inplace=False)
        (dropout2): Dropout(p=0.1, inplace=False)
      )
      (1): TransformerBatchNormEncoderLayer(
        (self_attn): MultiheadAttention(
          (out_proj): NonDynamicallyQuantizableLinear(in_features=64, out_features=64, bias=True)
        )
        (linear1): Linear(in_features=64, out_features=256, bias=True)
        (dropout): Dropout(p=0.1, inplace=False)
        (linear2): Linear(in_features=256, out_features=64, bias=True)
        (norm1): BatchNorm1d(64, eps=1e-05, momentum=0.1, affine=True, track_running_stats=True)
        (norm2): BatchNorm1d(64, eps=1e-05, momentum=0.1, affine=True, track_running_stats=True)
        (dropout1): Dropout(p=0.1, inplace=False)
        (dropout2): Dropout(p=0.1, inplace=False)
      )
      (2): TransformerBatchNormEncoderLayer(
        (self_attn): MultiheadAttention(
          (out_proj): NonDynamicallyQuantizableLinear(in_features=64, out_features=64, bias=True)
        )
        (linear1): Linear(in_features=64, out_features=256, bias=True)
        (dropout): Dropout(p=0.1, inplace=False)
        (linear2): Linear(in_features=256, out_features=64, bias=True)
        (norm1): BatchNorm1d(64, eps=1e-05, momentum=0.1, affine=True, track_running_stats=True)
        (norm2): BatchNorm1d(64, eps=1e-05, momentum=0.1, affine=True, track_running_stats=True)
        (dropout1): Dropout(p=0.1, inplace=False)
        (dropout2): Dropout(p=0.1, inplace=False)
      )
    )
  )
  (dropout1): Dropout(p=0.1, inplace=False)
  (output_layer): Linear(in_features=1536, out_features=1, bias=True)
)
Total number of parameters: 153409
Trainable parameters: 153409
Evaluating on validation set ...
Validation runtime: 0.0 hours, 0.0 minutes, 0.18461990356445312 seconds

Avg val. time: 0.0 hours, 0.0 minutes, 0.18461990356445312 seconds
Avg batch val. time: 0.018461990356445312 seconds
Avg sample val. time: 0.00028892003687707845 seconds
Epoch 0 Validation Summary: epoch: 0.000000 | loss: 739.303832 | 
Starting training...
Epoch 1 Training Summary: epoch: 1.000000 | loss: 474.413420 | 
Epoch runtime: 0.0 hours, 0.0 minutes, 2.129770040512085 seconds

Avg epoch train. time: 0.0 hours, 0.0 minutes, 2.129770040512085 seconds
Avg batch train. time: 0.07099233468373617 seconds
Avg sample train. time: 0.0011098332675935827 seconds
Evaluating on validation set ...
Validation runtime: 0.0 hours, 0.0 minutes, 0.25400733947753906 seconds

Avg val. time: 0.0 hours, 0.0 minutes, 0.2193136215209961 seconds
Avg batch val. time: 0.02193136215209961 seconds
Avg sample val. time: 0.000343213805197177 seconds
Epoch 1 Validation Summary: epoch: 1.000000 | loss: 459.377763 | 
Epoch 2 Training Summary: epoch: 2.000000 | loss: 447.553201 | 
Epoch runtime: 0.0 hours, 0.0 minutes, 2.3058643341064453 seconds

Avg epoch train. time: 0.0 hours, 0.0 minutes, 2.217817187309265 seconds
Avg batch train. time: 0.0739272395769755 seconds
Avg sample train. time: 0.0011557150533138432 seconds
Evaluating on validation set ...
Validation runtime: 0.0 hours, 0.0 minutes, 0.3045487403869629 seconds

Avg val. time: 0.0 hours, 0.0 minutes, 0.2477253278096517 seconds
Avg batch val. time: 0.02477253278096517 seconds
Avg sample val. time: 0.00038767656934217794 seconds
Epoch 2 Validation Summary: epoch: 2.000000 | loss: 431.346678 | 
Epoch 3 Training Summary: epoch: 3.000000 | loss: 400.621568 | 
Epoch runtime: 0.0 hours, 0.0 minutes, 2.3301572799682617 seconds

Avg epoch train. time: 0.0 hours, 0.0 minutes, 2.255263884862264 seconds
Avg batch train. time: 0.07517546282874214 seconds
Avg sample train. time: 0.0011752287049829411 seconds
Epoch 4 Training Summary: epoch: 4.000000 | loss: 335.280400 | 
Epoch runtime: 0.0 hours, 0.0 minutes, 2.3174543380737305 seconds

Avg epoch train. time: 0.0 hours, 0.0 minutes, 2.2708114981651306 seconds
Avg batch train. time: 0.07569371660550435 seconds
Avg sample train. time: 0.0011833306400026735 seconds
Evaluating on validation set ...
Validation runtime: 0.0 hours, 0.0 minutes, 0.25038957595825195 seconds

Avg val. time: 0.0 hours, 0.0 minutes, 0.24839138984680176 seconds
Avg batch val. time: 0.024839138984680174 seconds
Avg sample val. time: 0.0003887189199480466 seconds
Epoch 4 Validation Summary: epoch: 4.000000 | loss: 291.169783 | 
Epoch 5 Training Summary: epoch: 5.000000 | loss: 251.453124 | 
Epoch runtime: 0.0 hours, 0.0 minutes, 2.1286351680755615 seconds

Avg epoch train. time: 0.0 hours, 0.0 minutes, 2.2423762321472167 seconds
Avg batch train. time: 0.07474587440490722 seconds
Avg sample train. time: 0.0011685128880391958 seconds
Epoch 6 Training Summary: epoch: 6.000000 | loss: 161.043081 | 
Epoch runtime: 0.0 hours, 0.0 minutes, 2.1168460845947266 seconds

Avg epoch train. time: 0.0 hours, 0.0 minutes, 2.2214545408884683 seconds
Avg batch train. time: 0.07404848469628228 seconds
Avg sample train. time: 0.00115761049551249 seconds
Evaluating on validation set ...
Validation runtime: 0.0 hours, 0.0 minutes, 0.22900962829589844 seconds

Avg val. time: 0.0 hours, 0.0 minutes, 0.2445150375366211 seconds
Avg batch val. time: 0.02445150375366211 seconds
Avg sample val. time: 0.0003826526409023804 seconds
Epoch 6 Validation Summary: epoch: 6.000000 | loss: 104.866280 | 
Epoch 7 Training Summary: epoch: 7.000000 | loss: 83.386001 | 
Epoch runtime: 0.0 hours, 0.0 minutes, 2.275810480117798 seconds

Avg epoch train. time: 0.0 hours, 0.0 minutes, 2.229219675064087 seconds
Avg batch train. time: 0.07430732250213623 seconds
Avg sample train. time: 0.0011616569437540838 seconds
Epoch 8 Training Summary: epoch: 8.000000 | loss: 31.686900 | 
Epoch runtime: 0.0 hours, 0.0 minutes, 2.3934459686279297 seconds

Avg epoch train. time: 0.0 hours, 0.0 minutes, 2.2497479617595673 seconds
Avg batch train. time: 0.07499159872531891 seconds
Avg sample train. time: 0.0011723543312973253 seconds
Evaluating on validation set ...
Validation runtime: 0.0 hours, 0.0 minutes, 0.27199649810791016 seconds

Avg val. time: 0.0 hours, 0.0 minutes, 0.24909528096516928 seconds
Avg batch val. time: 0.024909528096516927 seconds
Avg sample val. time: 0.0003898204709940051 seconds
Epoch 8 Validation Summary: epoch: 8.000000 | loss: 10.935840 | 
Epoch 9 Training Summary: epoch: 9.000000 | loss: 7.457405 | 
Epoch runtime: 0.0 hours, 0.0 minutes, 2.2780508995056152 seconds

Avg epoch train. time: 0.0 hours, 0.0 minutes, 2.2528927326202393 seconds
Avg batch train. time: 0.07509642442067464 seconds
Avg sample train. time: 0.001173993086305492 seconds
Epoch 10 Training Summary: epoch: 10.000000 | loss: 3.508337 | 
Epoch runtime: 0.0 hours, 0.0 minutes, 2.665835380554199 seconds

Avg epoch train. time: 0.0 hours, 0.0 minutes, 2.294186997413635 seconds
Avg batch train. time: 0.07647289991378783 seconds
Avg sample train. time: 0.0011955117235089292 seconds
Evaluating on validation set ...
Validation runtime: 0.0 hours, 0.0 minutes, 0.24000287055969238 seconds

Avg val. time: 0.0 hours, 0.0 minutes, 0.24779636519295828 seconds
Avg batch val. time: 0.02477963651929583 seconds
Avg sample val. time: 0.00038778773895611625 seconds
Epoch 10 Validation Summary: epoch: 10.000000 | loss: 1.947468 | 
Epoch 11 Training Summary: epoch: 11.000000 | loss: 2.333273 | 
Epoch runtime: 0.0 hours, 0.0 minutes, 2.271214246749878 seconds

Avg epoch train. time: 0.0 hours, 0.0 minutes, 2.292098565535112 seconds
Avg batch train. time: 0.07640328551783707 seconds
Avg sample train. time: 0.0011944234317535758 seconds
Epoch 12 Training Summary: epoch: 12.000000 | loss: 1.648843 | 
Epoch runtime: 0.0 hours, 0.0 minutes, 2.086987257003784 seconds

Avg epoch train. time: 0.0 hours, 0.0 minutes, 2.2750059564908347 seconds
Avg batch train. time: 0.07583353188302783 seconds
Avg sample train. time: 0.0011855163921265423 seconds
Evaluating on validation set ...
Validation runtime: 0.0 hours, 0.0 minutes, 0.24899053573608398 seconds

Avg val. time: 0.0 hours, 0.0 minutes, 0.247945636510849 seconds
Avg batch val. time: 0.0247945636510849 seconds
Avg sample val. time: 0.00038802134039256494 seconds
Epoch 12 Validation Summary: epoch: 12.000000 | loss: 1.098766 | 
Epoch 13 Training Summary: epoch: 13.000000 | loss: 1.280316 | 
Epoch runtime: 0.0 hours, 0.0 minutes, 2.091684341430664 seconds

Avg epoch train. time: 0.0 hours, 0.0 minutes, 2.2609042937938986 seconds
Avg batch train. time: 0.07536347645979662 seconds
Avg sample train. time: 0.0011781679488243348 seconds
Epoch 14 Training Summary: epoch: 14.000000 | loss: 1.045046 | 
Epoch runtime: 0.0 hours, 0.0 minutes, 2.0061464309692383 seconds

Avg epoch train. time: 0.0 hours, 0.0 minutes, 2.242707303592137 seconds
Avg batch train. time: 0.0747569101197379 seconds
Avg sample train. time: 0.0011686854109391022 seconds
Evaluating on validation set ...
Validation runtime: 0.0 hours, 0.0 minutes, 0.22798824310302734 seconds

Avg val. time: 0.0 hours, 0.0 minutes, 0.24572814835442436 seconds
Avg batch val. time: 0.024572814835442436 seconds
Avg sample val. time: 0.0003845510928864231 seconds
Epoch 14 Validation Summary: epoch: 14.000000 | loss: 0.732226 | 
Epoch 15 Training Summary: epoch: 15.000000 | loss: 0.811942 | 
Epoch runtime: 0.0 hours, 0.0 minutes, 2.0229783058166504 seconds

Avg epoch train. time: 0.0 hours, 0.0 minutes, 2.228058703740438 seconds
Avg batch train. time: 0.07426862345801459 seconds
Avg sample train. time: 0.0011610519560919426 seconds
Epoch 16 Training Summary: epoch: 16.000000 | loss: 0.866657 | 
Epoch runtime: 0.0 hours, 0.0 minutes, 1.957549810409546 seconds

Avg epoch train. time: 0.0 hours, 0.0 minutes, 2.211151897907257 seconds
Avg batch train. time: 0.07370506326357523 seconds
Avg sample train. time: 0.0011522417393993003 seconds
Evaluating on validation set ...
Validation runtime: 0.0 hours, 0.0 minutes, 0.2120356559753418 seconds

Avg val. time: 0.0 hours, 0.0 minutes, 0.24235889911651612 seconds
Avg batch val. time: 0.024235889911651612 seconds
Avg sample val. time: 0.0003792784023732647 seconds
Epoch 16 Validation Summary: epoch: 16.000000 | loss: 0.690200 | 
Epoch 17 Training Summary: epoch: 17.000000 | loss: 0.825003 | 
Epoch runtime: 0.0 hours, 0.0 minutes, 1.80336594581604 seconds

Avg epoch train. time: 0.0 hours, 0.0 minutes, 2.1871644889607147 seconds
Avg batch train. time: 0.07290548296535716 seconds
Avg sample train. time: 0.0011397417868476887 seconds
Epoch 18 Training Summary: epoch: 18.000000 | loss: 0.650838 | 
Epoch runtime: 0.0 hours, 0.0 minutes, 1.7733824253082275 seconds

Avg epoch train. time: 0.0 hours, 0.0 minutes, 2.164176596535577 seconds
Avg batch train. time: 0.07213921988451923 seconds
Avg sample train. time: 0.0011277626870951417 seconds
Evaluating on validation set ...
Validation runtime: 0.0 hours, 0.0 minutes, 0.19700121879577637 seconds

Avg val. time: 0.0 hours, 0.0 minutes, 0.2382354736328125 seconds
Avg batch val. time: 0.02382354736328125 seconds
Avg sample val. time: 0.0003728254673439945 seconds
Epoch 18 Validation Summary: epoch: 18.000000 | loss: 0.705798 | 
Epoch 19 Training Summary: epoch: 19.000000 | loss: 0.659699 | 
Epoch runtime: 0.0 hours, 0.0 minutes, 1.8812339305877686 seconds

Avg epoch train. time: 0.0 hours, 0.0 minutes, 2.1492848772751656 seconds
Avg batch train. time: 0.07164282924250552 seconds
Avg sample train. time: 0.001120002541571217 seconds
Epoch 20 Training Summary: epoch: 20.000000 | loss: 0.535136 | 
Epoch runtime: 0.0 hours, 0.0 minutes, 2.088763952255249 seconds

Avg epoch train. time: 0.0 hours, 0.0 minutes, 2.14625883102417 seconds
Avg batch train. time: 0.071541961034139 seconds
Avg sample train. time: 0.0011184256545201511 seconds
Evaluating on validation set ...
Validation runtime: 0.0 hours, 0.0 minutes, 0.2080061435699463 seconds

Avg val. time: 0.0 hours, 0.0 minutes, 0.23571636279424033 seconds
Avg batch val. time: 0.023571636279424033 seconds
Avg sample val. time: 0.00036888319686109597 seconds
Epoch 20 Validation Summary: epoch: 20.000000 | loss: 0.700159 | 
Epoch 21 Training Summary: epoch: 21.000000 | loss: 0.487758 | 
Epoch runtime: 0.0 hours, 0.0 minutes, 1.9311459064483643 seconds

Avg epoch train. time: 0.0 hours, 0.0 minutes, 2.136015358425322 seconds
Avg batch train. time: 0.07120051194751073 seconds
Avg sample train. time: 0.0011130877323737999 seconds
Epoch 22 Training Summary: epoch: 22.000000 | loss: 0.571074 | 
Epoch runtime: 0.0 hours, 0.0 minutes, 2.0499351024627686 seconds

Avg epoch train. time: 0.0 hours, 0.0 minutes, 2.132102619517933 seconds
Avg batch train. time: 0.07107008731726444 seconds
Avg sample train. time: 0.0011110487855747436 seconds
Evaluating on validation set ...
Validation runtime: 0.0 hours, 0.0 minutes, 0.23449015617370605 seconds

Avg val. time: 0.0 hours, 0.0 minutes, 0.23562203920804536 seconds
Avg batch val. time: 0.023562203920804537 seconds
Avg sample val. time: 0.0003687355856150945 seconds
Epoch 22 Validation Summary: epoch: 22.000000 | loss: 0.484060 | 
Epoch 23 Training Summary: epoch: 23.000000 | loss: 0.533181 | 
Epoch runtime: 0.0 hours, 0.0 minutes, 2.098985433578491 seconds

Avg epoch train. time: 0.0 hours, 0.0 minutes, 2.130662741868392 seconds
Avg batch train. time: 0.07102209139561307 seconds
Avg sample train. time: 0.0011102984585035914 seconds
Epoch 24 Training Summary: epoch: 24.000000 | loss: 0.602715 | 
Epoch runtime: 0.0 hours, 0.0 minutes, 2.0101711750030518 seconds

Avg epoch train. time: 0.0 hours, 0.0 minutes, 2.12564225991567 seconds
Avg batch train. time: 0.070854741997189 seconds
Avg sample train. time: 0.0011076822615506358 seconds
Evaluating on validation set ...
Validation runtime: 0.0 hours, 0.0 minutes, 0.23900079727172852 seconds

Avg val. time: 0.0 hours, 0.0 minutes, 0.23586337906973703 seconds
Avg batch val. time: 0.023586337906973703 seconds
Avg sample val. time: 0.00036911326927971367 seconds
Epoch 24 Validation Summary: epoch: 24.000000 | loss: 0.323732 | 
Epoch 25 Training Summary: epoch: 25.000000 | loss: 0.486938 | 
Epoch runtime: 0.0 hours, 0.0 minutes, 2.2000129222869873 seconds

Avg epoch train. time: 0.0 hours, 0.0 minutes, 2.1286170864105225 seconds
Avg batch train. time: 0.07095390288035075 seconds
Avg sample train. time: 0.0011092324577438887 seconds
Epoch 26 Training Summary: epoch: 26.000000 | loss: 0.385532 | 
Epoch runtime: 0.0 hours, 0.0 minutes, 1.9591987133026123 seconds

Avg epoch train. time: 0.0 hours, 0.0 minutes, 2.1221009951371412 seconds
Avg batch train. time: 0.0707366998379047 seconds
Avg sample train. time: 0.0011058368916816786 seconds
Evaluating on validation set ...
Validation runtime: 0.0 hours, 0.0 minutes, 0.24599790573120117 seconds

Avg val. time: 0.0 hours, 0.0 minutes, 0.2365390141805013 seconds
Avg batch val. time: 0.02365390141805013 seconds
Avg sample val. time: 0.0003701706012214418 seconds
Epoch 26 Validation Summary: epoch: 26.000000 | loss: 0.855861 | 
Epoch 27 Training Summary: epoch: 27.000000 | loss: 0.505944 | 
Epoch runtime: 0.0 hours, 0.0 minutes, 1.9076950550079346 seconds

Avg epoch train. time: 0.0 hours, 0.0 minutes, 2.114160034391615 seconds
Avg batch train. time: 0.07047200114638716 seconds
Avg sample train. time: 0.0011016988193807268 seconds
Epoch 28 Training Summary: epoch: 28.000000 | loss: 0.478450 | 
Epoch runtime: 0.0 hours, 0.0 minutes, 1.6575660705566406 seconds

Avg epoch train. time: 0.0 hours, 0.0 minutes, 2.0978531071117947 seconds
Avg batch train. time: 0.06992843690372649 seconds
Avg sample train. time: 0.0010932012022468968 seconds
Evaluating on validation set ...
Validation runtime: 0.0 hours, 0.0 minutes, 0.17300200462341309 seconds

Avg val. time: 0.0 hours, 0.0 minutes, 0.2325679510831833 seconds
Avg batch val. time: 0.02325679510831833 seconds
Avg sample val. time: 0.0003639561049815075 seconds
Epoch 28 Validation Summary: epoch: 28.000000 | loss: 0.585301 | 
Epoch 29 Training Summary: epoch: 29.000000 | loss: 0.378542 | 
Epoch runtime: 0.0 hours, 0.0 minutes, 1.8075203895568848 seconds

Avg epoch train. time: 0.0 hours, 0.0 minutes, 2.0878416340926598 seconds
Avg batch train. time: 0.069594721136422 seconds
Avg sample train. time: 0.0010879841761816883 seconds
Epoch 30 Training Summary: epoch: 30.000000 | loss: 0.419505 | 
Epoch runtime: 0.0 hours, 0.0 minutes, 1.9123616218566895 seconds

Avg epoch train. time: 0.0 hours, 0.0 minutes, 2.0819923003514607 seconds
Avg batch train. time: 0.06939974334504868 seconds
Avg sample train. time: 0.0010849360606312978 seconds
Evaluating on validation set ...
Validation runtime: 0.0 hours, 0.0 minutes, 0.2579991817474365 seconds

Avg val. time: 0.0 hours, 0.0 minutes, 0.23406390582813935 seconds
Avg batch val. time: 0.023406390582813935 seconds
Avg sample val. time: 0.0003662971922193104 seconds
Epoch 30 Validation Summary: epoch: 30.000000 | loss: 1.116768 | 
Epoch 31 Training Summary: epoch: 31.000000 | loss: 0.445632 | 
Epoch runtime: 0.0 hours, 0.0 minutes, 2.0290093421936035 seconds

Avg epoch train. time: 0.0 hours, 0.0 minutes, 2.0802831726689495 seconds
Avg batch train. time: 0.06934277242229832 seconds
Avg sample train. time: 0.001084045426091167 seconds
Epoch 32 Training Summary: epoch: 32.000000 | loss: 0.416066 | 
Epoch runtime: 0.0 hours, 0.0 minutes, 1.806931972503662 seconds

Avg epoch train. time: 0.0 hours, 0.0 minutes, 2.071740947663784 seconds
Avg batch train. time: 0.0690580315887928 seconds
Avg sample train. time: 0.0010795940321332903 seconds
Evaluating on validation set ...
Validation runtime: 0.0 hours, 0.0 minutes, 0.18300533294677734 seconds

Avg val. time: 0.0 hours, 0.0 minutes, 0.23122731844584146 seconds
Avg batch val. time: 0.023122731844584146 seconds
Avg sample val. time: 0.0003618580883346502 seconds
Epoch 32 Validation Summary: epoch: 32.000000 | loss: 0.434122 | 
Epoch 33 Training Summary: epoch: 33.000000 | loss: 0.393667 | 
Epoch runtime: 0.0 hours, 0.0 minutes, 1.8095784187316895 seconds

Avg epoch train. time: 0.0 hours, 0.0 minutes, 2.063796628605236 seconds
Avg batch train. time: 0.06879322095350786 seconds
Avg sample train. time: 0.0010754542097994976 seconds
Epoch 34 Training Summary: epoch: 34.000000 | loss: 0.584388 | 
Epoch runtime: 0.0 hours, 0.0 minutes, 1.9047906398773193 seconds

Avg epoch train. time: 0.0 hours, 0.0 minutes, 2.059119981877944 seconds
Avg batch train. time: 0.06863733272926481 seconds
Avg sample train. time: 0.0010730171870129985 seconds
Evaluating on validation set ...
Validation runtime: 0.0 hours, 0.0 minutes, 0.20900511741638184 seconds

Avg val. time: 0.0 hours, 0.0 minutes, 0.23005772891797518 seconds
Avg batch val. time: 0.02300577289179752 seconds
Avg sample val. time: 0.0003600277447855637 seconds
Epoch 34 Validation Summary: epoch: 34.000000 | loss: 1.061964 | 
Epoch 35 Training Summary: epoch: 35.000000 | loss: 0.410646 | 
Epoch runtime: 0.0 hours, 0.0 minutes, 1.8382744789123535 seconds

Avg epoch train. time: 0.0 hours, 0.0 minutes, 2.0528101103646414 seconds
Avg batch train. time: 0.06842700367882139 seconds
Avg sample train. time: 0.0010697290830456703 seconds
Epoch 36 Training Summary: epoch: 36.000000 | loss: 0.366621 | 
Epoch runtime: 0.0 hours, 0.0 minutes, 1.7444674968719482 seconds

Avg epoch train. time: 0.0 hours, 0.0 minutes, 2.044245037767622 seconds
Avg batch train. time: 0.06814150125892074 seconds
Avg sample train. time: 0.001065265783099334 seconds
Evaluating on validation set ...
Validation runtime: 0.0 hours, 0.0 minutes, 0.1859443187713623 seconds

Avg val. time: 0.0 hours, 0.0 minutes, 0.22785205841064454 seconds
Avg batch val. time: 0.022785205841064454 seconds
Avg sample val. time: 0.00035657599125296484 seconds
Epoch 36 Validation Summary: epoch: 36.000000 | loss: 0.887947 | 
Epoch 37 Training Summary: epoch: 37.000000 | loss: 0.380094 | 
Epoch runtime: 0.0 hours, 0.0 minutes, 1.7383596897125244 seconds

Avg epoch train. time: 0.0 hours, 0.0 minutes, 2.0359778661985657 seconds
Avg batch train. time: 0.06786592887328552 seconds
Avg sample train. time: 0.0010609577207913317 seconds
Epoch 38 Training Summary: epoch: 38.000000 | loss: 0.375582 | 
Epoch runtime: 0.0 hours, 0.0 minutes, 1.7268142700195312 seconds

Avg epoch train. time: 0.0 hours, 0.0 minutes, 2.027841982088591 seconds
Avg batch train. time: 0.06759473273628637 seconds
Avg sample train. time: 0.001056718073000829 seconds
Evaluating on validation set ...
Validation runtime: 0.0 hours, 0.0 minutes, 0.1859455108642578 seconds

Avg val. time: 0.0 hours, 0.0 minutes, 0.22585650852748326 seconds
Avg batch val. time: 0.022585650852748326 seconds
Avg sample val. time: 0.00035345306498823674 seconds
Epoch 38 Validation Summary: epoch: 38.000000 | loss: 0.769896 | 
Epoch 39 Training Summary: epoch: 39.000000 | loss: 0.368054 | 
Epoch runtime: 0.0 hours, 0.0 minutes, 1.7688088417053223 seconds

Avg epoch train. time: 0.0 hours, 0.0 minutes, 2.021200106694148 seconds
Avg batch train. time: 0.06737333688980493 seconds
Avg sample train. time: 0.0010532569602366587 seconds
Epoch 40 Training Summary: epoch: 40.000000 | loss: 0.362942 | 
Epoch runtime: 0.0 hours, 0.0 minutes, 1.838526964187622 seconds

Avg epoch train. time: 0.0 hours, 0.0 minutes, 2.016633278131485 seconds
Avg batch train. time: 0.0672211092710495 seconds
Avg sample train. time: 0.0010508771642165112 seconds
Evaluating on validation set ...
Validation runtime: 0.0 hours, 0.0 minutes, 0.20084118843078613 seconds

Avg val. time: 0.0 hours, 0.0 minutes, 0.22471944852308792 seconds
Avg batch val. time: 0.022471944852308794 seconds
Avg sample val. time: 0.00035167362836163995 seconds
Epoch 40 Validation Summary: epoch: 40.000000 | loss: 0.751320 | 
Epoch 41 Training Summary: epoch: 41.000000 | loss: 0.325436 | 
Epoch runtime: 0.0 hours, 0.0 minutes, 1.7671716213226318 seconds

Avg epoch train. time: 0.0 hours, 0.0 minutes, 2.0105488474776103 seconds
Avg batch train. time: 0.06701829491592035 seconds
Avg sample train. time: 0.0010477065385500835 seconds
Epoch 42 Training Summary: epoch: 42.000000 | loss: 0.297175 | 
Epoch runtime: 0.0 hours, 0.0 minutes, 1.6548235416412354 seconds

Avg epoch train. time: 0.0 hours, 0.0 minutes, 2.002079197338649 seconds
Avg batch train. time: 0.06673597324462163 seconds
Avg sample train. time: 0.0010432929636991397 seconds
Evaluating on validation set ...
Validation runtime: 0.0 hours, 0.0 minutes, 0.19301176071166992 seconds

Avg val. time: 0.0 hours, 0.0 minutes, 0.22334085340085236 seconds
Avg batch val. time: 0.022334085340085234 seconds
Avg sample val. time: 0.00034951620250524626 seconds
Epoch 42 Validation Summary: epoch: 42.000000 | loss: 1.087502 | 
Epoch 43 Training Summary: epoch: 43.000000 | loss: 0.408080 | 
Epoch runtime: 0.0 hours, 0.0 minutes, 1.8009617328643799 seconds

Avg epoch train. time: 0.0 hours, 0.0 minutes, 1.9974020470020384 seconds
Avg batch train. time: 0.06658006823340128 seconds
Avg sample train. time: 0.0010408556784794363 seconds
Epoch 44 Training Summary: epoch: 44.000000 | loss: 0.361959 | 
Epoch runtime: 0.0 hours, 0.0 minutes, 1.898597240447998 seconds

Avg epoch train. time: 0.0 hours, 0.0 minutes, 1.9951564832167192 seconds
Avg batch train. time: 0.06650521610722397 seconds
Avg sample train. time: 0.0010396855045423238 seconds
Evaluating on validation set ...
Validation runtime: 0.0 hours, 0.0 minutes, 0.21355748176574707 seconds

Avg val. time: 0.0 hours, 0.0 minutes, 0.2229332129160563 seconds
Avg batch val. time: 0.02229332129160563 seconds
Avg sample val. time: 0.00034887826747426653 seconds
Epoch 44 Validation Summary: epoch: 44.000000 | loss: 0.829839 | 
Epoch 45 Training Summary: epoch: 45.000000 | loss: 0.330920 | 
Epoch runtime: 0.0 hours, 0.0 minutes, 1.8953101634979248 seconds

Avg epoch train. time: 0.0 hours, 0.0 minutes, 1.9929376761118571 seconds
Avg batch train. time: 0.06643125587039524 seconds
Avg sample train. time: 0.0010385292736382788 seconds
Epoch 46 Training Summary: epoch: 46.000000 | loss: 0.337829 | 
Epoch runtime: 0.0 hours, 0.0 minutes, 1.8110411167144775 seconds

Avg epoch train. time: 0.0 hours, 0.0 minutes, 1.9889834030814793 seconds
Avg batch train. time: 0.06629944676938264 seconds
Avg sample train. time: 0.001036468683210776 seconds
Evaluating on validation set ...
Validation runtime: 0.0 hours, 0.0 minutes, 0.23351287841796875 seconds

Avg val. time: 0.0 hours, 0.0 minutes, 0.22335639953613282 seconds
Avg batch val. time: 0.022335639953613283 seconds
Avg sample val. time: 0.00034954053135545043 seconds
Epoch 46 Validation Summary: epoch: 46.000000 | loss: 0.312863 | 
Epoch 47 Training Summary: epoch: 47.000000 | loss: 0.360455 | 
Epoch runtime: 0.0 hours, 0.0 minutes, 2.0456762313842773 seconds

Avg epoch train. time: 0.0 hours, 0.0 minutes, 1.9901896334709006 seconds
Avg batch train. time: 0.06633965444903002 seconds
Avg sample train. time: 0.0010370972555867122 seconds
Epoch 48 Training Summary: epoch: 48.000000 | loss: 0.363539 | 
Epoch runtime: 0.0 hours, 0.0 minutes, 1.9820678234100342 seconds

Avg epoch train. time: 0.0 hours, 0.0 minutes, 1.9900204290946324 seconds
Avg batch train. time: 0.06633401430315441 seconds
Avg sample train. time: 0.0010370090823838627 seconds
Evaluating on validation set ...
Validation runtime: 0.0 hours, 0.0 minutes, 0.21300148963928223 seconds

Avg val. time: 0.0 hours, 0.0 minutes, 0.22295813377086932 seconds
Avg batch val. time: 0.022295813377086932 seconds
Avg sample val. time: 0.0003489172672470568 seconds
Epoch 48 Validation Summary: epoch: 48.000000 | loss: 0.747794 | 
Epoch 49 Training Summary: epoch: 49.000000 | loss: 0.369334 | 
Epoch runtime: 0.0 hours, 0.0 minutes, 1.9630637168884277 seconds

Avg epoch train. time: 0.0 hours, 0.0 minutes, 1.9894702921108323 seconds
Avg batch train. time: 0.06631567640369442 seconds
Avg sample train. time: 0.0010367224033928256 seconds
Epoch 50 Training Summary: epoch: 50.000000 | loss: 0.337880 | 
Epoch runtime: 0.0 hours, 0.0 minutes, 2.057191848754883 seconds

Avg epoch train. time: 0.0 hours, 0.0 minutes, 1.9908247232437133 seconds
Avg batch train. time: 0.06636082410812377 seconds
Avg sample train. time: 0.0010374282038789543 seconds
Evaluating on validation set ...
Validation runtime: 0.0 hours, 0.0 minutes, 0.22400498390197754 seconds

Avg val. time: 0.0 hours, 0.0 minutes, 0.22299690599794741 seconds
Avg batch val. time: 0.022299690599794742 seconds
Avg sample val. time: 0.00034897794365875963 seconds
Epoch 50 Validation Summary: epoch: 50.000000 | loss: 0.679272 | 
Best loss was 0.3128634424463311. Other metrics: OrderedDict([('epoch', 46), ('loss', 0.3128634424463311)])
All Done!
Total runtime: 0.0 hours, 1.0 minutes, 49.990511655807495 seconds

