Running:
main.py --output_dir experiments/rio_janeiro_83755/ --comment regression for rio_janeiro_83755 --name rio_janeiro_83755_Regression --records_file experiments/rio_janeiro_83755/rio_janeiro_83755_Regression.xls --data_dir datasets/files/rio_janeiro_83755/ --data_class wf --pattern TRAIN --val_pattern TEST --epochs 40 --lr 0.001 --optimizer RAdam --pos_encoding learnable --task regression

Using device: cpu
Loading and preprocessing data ...
3611 samples may be used for training
1152 samples will be used for validation
0 samples will be used for testing
Creating model ...
Model:
TSTransformerEncoderClassiregressor(
  (project_inp): Linear(in_features=5, out_features=64, bias=True)
  (pos_enc): LearnablePositionalEncoding(
    (dropout): Dropout(p=0.1, inplace=False)
  )
  (transformer_encoder): TransformerEncoder(
    (layers): ModuleList(
      (0): TransformerBatchNormEncoderLayer(
        (self_attn): MultiheadAttention(
          (out_proj): NonDynamicallyQuantizableLinear(in_features=64, out_features=64, bias=True)
        )
        (linear1): Linear(in_features=64, out_features=256, bias=True)
        (dropout): Dropout(p=0.1, inplace=False)
        (linear2): Linear(in_features=256, out_features=64, bias=True)
        (norm1): BatchNorm1d(64, eps=1e-05, momentum=0.1, affine=True, track_running_stats=True)
        (norm2): BatchNorm1d(64, eps=1e-05, momentum=0.1, affine=True, track_running_stats=True)
        (dropout1): Dropout(p=0.1, inplace=False)
        (dropout2): Dropout(p=0.1, inplace=False)
      )
      (1): TransformerBatchNormEncoderLayer(
        (self_attn): MultiheadAttention(
          (out_proj): NonDynamicallyQuantizableLinear(in_features=64, out_features=64, bias=True)
        )
        (linear1): Linear(in_features=64, out_features=256, bias=True)
        (dropout): Dropout(p=0.1, inplace=False)
        (linear2): Linear(in_features=256, out_features=64, bias=True)
        (norm1): BatchNorm1d(64, eps=1e-05, momentum=0.1, affine=True, track_running_stats=True)
        (norm2): BatchNorm1d(64, eps=1e-05, momentum=0.1, affine=True, track_running_stats=True)
        (dropout1): Dropout(p=0.1, inplace=False)
        (dropout2): Dropout(p=0.1, inplace=False)
      )
      (2): TransformerBatchNormEncoderLayer(
        (self_attn): MultiheadAttention(
          (out_proj): NonDynamicallyQuantizableLinear(in_features=64, out_features=64, bias=True)
        )
        (linear1): Linear(in_features=64, out_features=256, bias=True)
        (dropout): Dropout(p=0.1, inplace=False)
        (linear2): Linear(in_features=256, out_features=64, bias=True)
        (norm1): BatchNorm1d(64, eps=1e-05, momentum=0.1, affine=True, track_running_stats=True)
        (norm2): BatchNorm1d(64, eps=1e-05, momentum=0.1, affine=True, track_running_stats=True)
        (dropout1): Dropout(p=0.1, inplace=False)
        (dropout2): Dropout(p=0.1, inplace=False)
      )
    )
  )
  (dropout1): Dropout(p=0.1, inplace=False)
  (output_layer): Linear(in_features=1536, out_features=1, bias=True)
)
Total number of parameters: 153409
Trainable parameters: 153409
Evaluating on validation set ...
Validation runtime: 0.0 hours, 0.0 minutes, 0.4059929847717285 seconds

Avg val. time: 0.0 hours, 0.0 minutes, 0.4059929847717285 seconds
Avg batch val. time: 0.022555165820651583 seconds
Avg sample val. time: 0.000352424465947681 seconds
Epoch 0 Validation Summary: epoch: 0.000000 | loss: 458.783493 | 
Starting training...
Epoch 1 Training Summary: epoch: 1.000000 | loss: 561.884905 | 
Epoch runtime: 0.0 hours, 0.0 minutes, 3.78352427482605 seconds

Avg epoch train. time: 0.0 hours, 0.0 minutes, 3.78352427482605 seconds
Avg batch train. time: 0.06637761885659736 seconds
Avg sample train. time: 0.0010477774231033093 seconds
Evaluating on validation set ...
Validation runtime: 0.0 hours, 0.0 minutes, 0.44303178787231445 seconds

Avg val. time: 0.0 hours, 0.0 minutes, 0.4245123863220215 seconds
Avg batch val. time: 0.02358402146233453 seconds
Avg sample val. time: 0.000368500335348977 seconds
Epoch 1 Validation Summary: epoch: 1.000000 | loss: 452.441574 | 
Epoch 2 Training Summary: epoch: 2.000000 | loss: 361.493794 | 
Epoch runtime: 0.0 hours, 0.0 minutes, 3.943936347961426 seconds

Avg epoch train. time: 0.0 hours, 0.0 minutes, 3.863730311393738 seconds
Avg batch train. time: 0.0677847423051533 seconds
Avg sample train. time: 0.0010699890089708496 seconds
Evaluating on validation set ...
Validation runtime: 0.0 hours, 0.0 minutes, 0.41500115394592285 seconds

Avg val. time: 0.0 hours, 0.0 minutes, 0.4213419755299886 seconds
Avg batch val. time: 0.02340788752944381 seconds
Avg sample val. time: 0.00036574824264755954 seconds
Epoch 2 Validation Summary: epoch: 2.000000 | loss: 159.751000 | 
Epoch 3 Training Summary: epoch: 3.000000 | loss: 117.817855 | 
Epoch runtime: 0.0 hours, 0.0 minutes, 3.7978224754333496 seconds

Avg epoch train. time: 0.0 hours, 0.0 minutes, 3.841761032740275 seconds
Avg batch train. time: 0.06739931636386447 seconds
Avg sample train. time: 0.0010639050215287386 seconds
Epoch 4 Training Summary: epoch: 4.000000 | loss: 9.653577 | 
Epoch runtime: 0.0 hours, 0.0 minutes, 3.769289255142212 seconds

Avg epoch train. time: 0.0 hours, 0.0 minutes, 3.8236430883407593 seconds
Avg batch train. time: 0.06708145769018876 seconds
Avg sample train. time: 0.001058887590235602 seconds
Evaluating on validation set ...
Validation runtime: 0.0 hours, 0.0 minutes, 0.4222996234893799 seconds

Avg val. time: 0.0 hours, 0.0 minutes, 0.4215813875198364 seconds
Avg batch val. time: 0.023421188195546467 seconds
Avg sample val. time: 0.00036595606555541355 seconds
Epoch 4 Validation Summary: epoch: 4.000000 | loss: 6.347309 | 
Epoch 5 Training Summary: epoch: 5.000000 | loss: 3.495647 | 
Epoch runtime: 0.0 hours, 0.0 minutes, 3.9625062942504883 seconds

Avg epoch train. time: 0.0 hours, 0.0 minutes, 3.851415729522705 seconds
Avg batch train. time: 0.06756869700917027 seconds
Avg sample train. time: 0.0010665787121358918 seconds
Epoch 6 Training Summary: epoch: 6.000000 | loss: 2.781143 | 
Epoch runtime: 0.0 hours, 0.0 minutes, 3.9475672245025635 seconds

Avg epoch train. time: 0.0 hours, 0.0 minutes, 3.8674409786860147 seconds
Avg batch train. time: 0.06784984173133358 seconds
Avg sample train. time: 0.0010710166099933576 seconds
Evaluating on validation set ...
Validation runtime: 0.0 hours, 0.0 minutes, 0.4480018615722656 seconds

Avg val. time: 0.0 hours, 0.0 minutes, 0.4268654823303223 seconds
Avg batch val. time: 0.023714749018351237 seconds
Avg sample val. time: 0.0003705429534117381 seconds
Epoch 6 Validation Summary: epoch: 6.000000 | loss: 2.833752 | 
Epoch 7 Training Summary: epoch: 7.000000 | loss: 2.213463 | 
Epoch runtime: 0.0 hours, 0.0 minutes, 4.285656929016113 seconds

Avg epoch train. time: 0.0 hours, 0.0 minutes, 3.9271861144474576 seconds
Avg batch train. time: 0.06889800200785014 seconds
Avg sample train. time: 0.001087561925906247 seconds
Epoch 8 Training Summary: epoch: 8.000000 | loss: 1.912438 | 
Epoch runtime: 0.0 hours, 0.0 minutes, 4.126934766769409 seconds

Avg epoch train. time: 0.0 hours, 0.0 minutes, 3.9521546959877014 seconds
Avg batch train. time: 0.06933604729802985 seconds
Avg sample train. time: 0.0010944765150893662 seconds
Evaluating on validation set ...
Validation runtime: 0.0 hours, 0.0 minutes, 0.4782419204711914 seconds

Avg val. time: 0.0 hours, 0.0 minutes, 0.4354282220204671 seconds
Avg batch val. time: 0.024190456778914838 seconds
Avg sample val. time: 0.00037797588717054434 seconds
Epoch 8 Validation Summary: epoch: 8.000000 | loss: 2.244659 | 
Epoch 9 Training Summary: epoch: 9.000000 | loss: 1.733473 | 
Epoch runtime: 0.0 hours, 0.0 minutes, 4.525511741638184 seconds

Avg epoch train. time: 0.0 hours, 0.0 minutes, 4.0158610343933105 seconds
Avg batch train. time: 0.07045370235777738 seconds
Avg sample train. time: 0.0011121188131800915 seconds
Epoch 10 Training Summary: epoch: 10.000000 | loss: 1.822182 | 
Epoch runtime: 0.0 hours, 0.0 minutes, 4.673576593399048 seconds

Avg epoch train. time: 0.0 hours, 0.0 minutes, 4.081632590293884 seconds
Avg batch train. time: 0.07160758930340147 seconds
Avg sample train. time: 0.0011303330352516988 seconds
Evaluating on validation set ...
Validation runtime: 0.0 hours, 0.0 minutes, 0.5069899559020996 seconds

Avg val. time: 0.0 hours, 0.0 minutes, 0.44565132686070036 seconds
Avg batch val. time: 0.024758407047816688 seconds
Avg sample val. time: 0.00038685011012213575 seconds
Epoch 10 Validation Summary: epoch: 10.000000 | loss: 3.114206 | 
Epoch 11 Training Summary: epoch: 11.000000 | loss: 1.724331 | 
Epoch runtime: 0.0 hours, 0.0 minutes, 4.478664398193359 seconds

Avg epoch train. time: 0.0 hours, 0.0 minutes, 4.1177263910120185 seconds
Avg batch train. time: 0.07224081387740383 seconds
Avg sample train. time: 0.001140328549158687 seconds
Epoch 12 Training Summary: epoch: 12.000000 | loss: 1.627196 | 
Epoch runtime: 0.0 hours, 0.0 minutes, 4.433000802993774 seconds

Avg epoch train. time: 0.0 hours, 0.0 minutes, 4.143999258677165 seconds
Avg batch train. time: 0.07270174138030114 seconds
Avg sample train. time: 0.0011476043363824883 seconds
Evaluating on validation set ...
Validation runtime: 0.0 hours, 0.0 minutes, 0.5206968784332275 seconds

Avg val. time: 0.0 hours, 0.0 minutes, 0.45503202080726624 seconds
Avg batch val. time: 0.02527955671151479 seconds
Avg sample val. time: 0.0003949930736174186 seconds
Epoch 12 Validation Summary: epoch: 12.000000 | loss: 1.759647 | 
Epoch 13 Training Summary: epoch: 13.000000 | loss: 1.580425 | 
Epoch runtime: 0.0 hours, 0.0 minutes, 4.413100242614746 seconds

Avg epoch train. time: 0.0 hours, 0.0 minutes, 4.164699334364671 seconds
Avg batch train. time: 0.07306490060288896 seconds
Avg sample train. time: 0.0011533368414191833 seconds
Epoch 14 Training Summary: epoch: 14.000000 | loss: 1.567613 | 
Epoch runtime: 0.0 hours, 0.0 minutes, 4.5567591190338135 seconds

Avg epoch train. time: 0.0 hours, 0.0 minutes, 4.192703604698181 seconds
Avg batch train. time: 0.07355620359119616 seconds
Avg sample train. time: 0.0011610921087505347 seconds
Evaluating on validation set ...
Validation runtime: 0.0 hours, 0.0 minutes, 0.5160548686981201 seconds

Avg val. time: 0.0 hours, 0.0 minutes, 0.4618123372395833 seconds
Avg batch val. time: 0.02565624095775463 seconds
Avg sample val. time: 0.0004008787649649161 seconds
Epoch 14 Validation Summary: epoch: 14.000000 | loss: 2.084072 | 
Epoch 15 Training Summary: epoch: 15.000000 | loss: 1.522758 | 
Epoch runtime: 0.0 hours, 0.0 minutes, 4.4391539096832275 seconds

Avg epoch train. time: 0.0 hours, 0.0 minutes, 4.209133625030518 seconds
Avg batch train. time: 0.0738444495619389 seconds
Avg sample train. time: 0.0011656421005346214 seconds
Epoch 16 Training Summary: epoch: 16.000000 | loss: 1.506850 | 
Epoch runtime: 0.0 hours, 0.0 minutes, 4.412616968154907 seconds

Avg epoch train. time: 0.0 hours, 0.0 minutes, 4.221851333975792 seconds
Avg batch train. time: 0.0740675672627332 seconds
Avg sample train. time: 0.0011691640359944037 seconds
Evaluating on validation set ...
Validation runtime: 0.0 hours, 0.0 minutes, 0.545114278793335 seconds

Avg val. time: 0.0 hours, 0.0 minutes, 0.4701425313949585 seconds
Avg batch val. time: 0.026119029521942137 seconds
Avg sample val. time: 0.0004081098362803459 seconds
Epoch 16 Validation Summary: epoch: 16.000000 | loss: 1.794498 | 
Epoch 17 Training Summary: epoch: 17.000000 | loss: 1.599408 | 
Epoch runtime: 0.0 hours, 0.0 minutes, 4.416375398635864 seconds

Avg epoch train. time: 0.0 hours, 0.0 minutes, 4.233293926014619 seconds
Avg batch train. time: 0.07426831449148455 seconds
Avg sample train. time: 0.0011723328512917804 seconds
Epoch 18 Training Summary: epoch: 18.000000 | loss: 1.560878 | 
Epoch runtime: 0.0 hours, 0.0 minutes, 4.439504623413086 seconds

Avg epoch train. time: 0.0 hours, 0.0 minutes, 4.2447500758700905 seconds
Avg batch train. time: 0.07446929957666826 seconds
Avg sample train. time: 0.0011755054211769844 seconds
Evaluating on validation set ...
Validation runtime: 0.0 hours, 0.0 minutes, 0.5049364566802979 seconds

Avg val. time: 0.0 hours, 0.0 minutes, 0.47330561551180755 seconds
Avg batch val. time: 0.02629475641732264 seconds
Avg sample val. time: 0.00041085556902066626 seconds
Epoch 18 Validation Summary: epoch: 18.000000 | loss: 1.380115 | 
Epoch 19 Training Summary: epoch: 19.000000 | loss: 1.431629 | 
Epoch runtime: 0.0 hours, 0.0 minutes, 4.408751964569092 seconds

Avg epoch train. time: 0.0 hours, 0.0 minutes, 4.253381754222669 seconds
Avg batch train. time: 0.07462073253022226 seconds
Avg sample train. time: 0.0011778958056556823 seconds
Epoch 20 Training Summary: epoch: 20.000000 | loss: 1.459382 | 
Epoch runtime: 0.0 hours, 0.0 minutes, 4.206791162490845 seconds

Avg epoch train. time: 0.0 hours, 0.0 minutes, 4.251052224636078 seconds
Avg batch train. time: 0.07457986359010664 seconds
Avg sample train. time: 0.0011772506853049234 seconds
Evaluating on validation set ...
Validation runtime: 0.0 hours, 0.0 minutes, 0.4620239734649658 seconds

Avg val. time: 0.0 hours, 0.0 minutes, 0.47236547867457074 seconds
Avg batch val. time: 0.02624252659303171 seconds
Avg sample val. time: 0.00041003947801612046 seconds
Epoch 20 Validation Summary: epoch: 20.000000 | loss: 2.080813 | 
Epoch 21 Training Summary: epoch: 21.000000 | loss: 1.548892 | 
Epoch runtime: 0.0 hours, 0.0 minutes, 4.2061052322387695 seconds

Avg epoch train. time: 0.0 hours, 0.0 minutes, 4.248911891664777 seconds
Avg batch train. time: 0.07454231388885574 seconds
Avg sample train. time: 0.001176657959475153 seconds
Epoch 22 Training Summary: epoch: 22.000000 | loss: 1.477203 | 
Epoch runtime: 0.0 hours, 0.0 minutes, 4.0167951583862305 seconds

Avg epoch train. time: 0.0 hours, 0.0 minutes, 4.2383611310612075 seconds
Avg batch train. time: 0.07435721282563522 seconds
Avg sample train. time: 0.0011737361204821953 seconds
Evaluating on validation set ...
Validation runtime: 0.0 hours, 0.0 minutes, 0.4275963306427002 seconds

Avg val. time: 0.0 hours, 0.0 minutes, 0.4689216980567345 seconds
Avg batch val. time: 0.02605120544759636 seconds
Avg sample val. time: 0.00040705008511869313 seconds
Epoch 22 Validation Summary: epoch: 22.000000 | loss: 1.111123 | 
Epoch 23 Training Summary: epoch: 23.000000 | loss: 1.467312 | 
Epoch runtime: 0.0 hours, 0.0 minutes, 3.9840221405029297 seconds

Avg epoch train. time: 0.0 hours, 0.0 minutes, 4.227302914080412 seconds
Avg batch train. time: 0.0741632090189546 seconds
Avg sample train. time: 0.0011706737507838306 seconds
Epoch 24 Training Summary: epoch: 24.000000 | loss: 1.490517 | 
Epoch runtime: 0.0 hours, 0.0 minutes, 4.184632301330566 seconds

Avg epoch train. time: 0.0 hours, 0.0 minutes, 4.2255249718825025 seconds
Avg batch train. time: 0.07413201705057022 seconds
Avg sample train. time: 0.001170181382409998 seconds
Evaluating on validation set ...
Validation runtime: 0.0 hours, 0.0 minutes, 0.5138227939605713 seconds

Avg val. time: 0.0 hours, 0.0 minutes, 0.4721289191927229 seconds
Avg batch val. time: 0.026229384399595716 seconds
Avg sample val. time: 0.00040983413124368306 seconds
Epoch 24 Validation Summary: epoch: 24.000000 | loss: 3.688821 | 
Epoch 25 Training Summary: epoch: 25.000000 | loss: 1.453352 | 
Epoch runtime: 0.0 hours, 0.0 minutes, 3.922480344772339 seconds

Avg epoch train. time: 0.0 hours, 0.0 minutes, 4.213403186798096 seconds
Avg batch train. time: 0.07391935415435255 seconds
Avg sample train. time: 0.0011668244770972295 seconds
Epoch 26 Training Summary: epoch: 26.000000 | loss: 1.455408 | 
Epoch runtime: 0.0 hours, 0.0 minutes, 3.7902138233184814 seconds

Avg epoch train. time: 0.0 hours, 0.0 minutes, 4.1971266728181105 seconds
Avg batch train. time: 0.07363380127751071 seconds
Avg sample train. time: 0.0011623169960725867 seconds
Evaluating on validation set ...
Validation runtime: 0.0 hours, 0.0 minutes, 0.4340054988861084 seconds

Avg val. time: 0.0 hours, 0.0 minutes, 0.46958735783894856 seconds
Avg batch val. time: 0.026088186546608255 seconds
Avg sample val. time: 0.000407627914790754 seconds
Epoch 26 Validation Summary: epoch: 26.000000 | loss: 2.474456 | 
Epoch 27 Training Summary: epoch: 27.000000 | loss: 1.571737 | 
Epoch runtime: 0.0 hours, 0.0 minutes, 4.174060106277466 seconds

Avg epoch train. time: 0.0 hours, 0.0 minutes, 4.196272355538827 seconds
Avg batch train. time: 0.07361881325506714 seconds
Avg sample train. time: 0.0011620804086233253 seconds
Epoch 28 Training Summary: epoch: 28.000000 | loss: 1.430650 | 
Epoch runtime: 0.0 hours, 0.0 minutes, 4.373931407928467 seconds

Avg epoch train. time: 0.0 hours, 0.0 minutes, 4.2026173216956 seconds
Avg batch train. time: 0.0737301284508 seconds
Avg sample train. time: 0.001163837530239712 seconds
Evaluating on validation set ...
Validation runtime: 0.0 hours, 0.0 minutes, 0.5012180805206299 seconds

Avg val. time: 0.0 hours, 0.0 minutes, 0.47156427800655365 seconds
Avg batch val. time: 0.026198015444808535 seconds
Avg sample val. time: 0.00040934399132513336 seconds
Epoch 28 Validation Summary: epoch: 28.000000 | loss: 3.113851 | 
Epoch 29 Training Summary: epoch: 29.000000 | loss: 1.502624 | 
Epoch runtime: 0.0 hours, 0.0 minutes, 4.464057207107544 seconds

Avg epoch train. time: 0.0 hours, 0.0 minutes, 4.211632490158081 seconds
Avg batch train. time: 0.07388828930101897 seconds
Avg sample train. time: 0.0011663341152473223 seconds
Epoch 30 Training Summary: epoch: 30.000000 | loss: 1.449213 | 
Epoch runtime: 0.0 hours, 0.0 minutes, 4.348617076873779 seconds

Avg epoch train. time: 0.0 hours, 0.0 minutes, 4.216198643048604 seconds
Avg batch train. time: 0.07396839724646674 seconds
Avg sample train. time: 0.0011675986272635293 seconds
Evaluating on validation set ...
Validation runtime: 0.0 hours, 0.0 minutes, 0.527202844619751 seconds

Avg val. time: 0.0 hours, 0.0 minutes, 0.4748371348661535 seconds
Avg batch val. time: 0.026379840825897415 seconds
Avg sample val. time: 0.0004121850129046471 seconds
Epoch 30 Validation Summary: epoch: 30.000000 | loss: 0.943696 | 
Epoch 31 Training Summary: epoch: 31.000000 | loss: 1.407861 | 
Epoch runtime: 0.0 hours, 0.0 minutes, 4.486119270324707 seconds

Avg epoch train. time: 0.0 hours, 0.0 minutes, 4.224905760057511 seconds
Avg batch train. time: 0.07412115368521949 seconds
Avg sample train. time: 0.0011700099030898673 seconds
Epoch 32 Training Summary: epoch: 32.000000 | loss: 1.523243 | 
Epoch runtime: 0.0 hours, 0.0 minutes, 4.4532928466796875 seconds

Avg epoch train. time: 0.0 hours, 0.0 minutes, 4.232042856514454 seconds
Avg batch train. time: 0.07424636590376235 seconds
Avg sample train. time: 0.0011719863906160216 seconds
Evaluating on validation set ...
Validation runtime: 0.0 hours, 0.0 minutes, 0.4964282512664795 seconds

Avg val. time: 0.0 hours, 0.0 minutes, 0.4760366413328383 seconds
Avg batch val. time: 0.026446480074046572 seconds
Avg sample val. time: 0.0004132262511569777 seconds
Epoch 32 Validation Summary: epoch: 32.000000 | loss: 1.805891 | 
Epoch 33 Training Summary: epoch: 33.000000 | loss: 1.429282 | 
Epoch runtime: 0.0 hours, 0.0 minutes, 4.377708911895752 seconds

Avg epoch train. time: 0.0 hours, 0.0 minutes, 4.236456979404796 seconds
Avg batch train. time: 0.07432380665622448 seconds
Avg sample train. time: 0.0011732088007213504 seconds
Epoch 34 Training Summary: epoch: 34.000000 | loss: 1.336143 | 
Epoch runtime: 0.0 hours, 0.0 minutes, 4.3925604820251465 seconds

Avg epoch train. time: 0.0 hours, 0.0 minutes, 4.24104825889363 seconds
Avg batch train. time: 0.0744043554191865 seconds
Avg sample train. time: 0.0011744802710865771 seconds
Evaluating on validation set ...
Validation runtime: 0.0 hours, 0.0 minutes, 0.5122220516204834 seconds

Avg val. time: 0.0 hours, 0.0 minutes, 0.4779411366111354 seconds
Avg batch val. time: 0.0265522853672853 seconds
Avg sample val. time: 0.00041487945886383283 seconds
Epoch 34 Validation Summary: epoch: 34.000000 | loss: 3.521188 | 
Epoch 35 Training Summary: epoch: 35.000000 | loss: 1.420471 | 
Epoch runtime: 0.0 hours, 0.0 minutes, 4.809744358062744 seconds

Avg epoch train. time: 0.0 hours, 0.0 minutes, 4.257296718869891 seconds
Avg batch train. time: 0.0746894161205244 seconds
Avg sample train. time: 0.0011789799830711411 seconds
Epoch 36 Training Summary: epoch: 36.000000 | loss: 1.377189 | 
Epoch runtime: 0.0 hours, 0.0 minutes, 4.9083967208862305 seconds

Avg epoch train. time: 0.0 hours, 0.0 minutes, 4.275382830037011 seconds
Avg batch train. time: 0.07500671631643879 seconds
Avg sample train. time: 0.0011839885987363643 seconds
Evaluating on validation set ...
Validation runtime: 0.0 hours, 0.0 minutes, 0.5583069324493408 seconds

Avg val. time: 0.0 hours, 0.0 minutes, 0.4819594264030457 seconds
Avg batch val. time: 0.026775523689058094 seconds
Avg sample val. time: 0.0004183675576415327 seconds
Epoch 36 Validation Summary: epoch: 36.000000 | loss: 2.200299 | 
Epoch 37 Training Summary: epoch: 37.000000 | loss: 1.421795 | 
Epoch runtime: 0.0 hours, 0.0 minutes, 5.343260288238525 seconds

Avg epoch train. time: 0.0 hours, 0.0 minutes, 4.304244382961376 seconds
Avg batch train. time: 0.07551305935019959 seconds
Avg sample train. time: 0.0011919812747054489 seconds
Epoch 38 Training Summary: epoch: 38.000000 | loss: 1.366367 | 
Epoch runtime: 0.0 hours, 0.0 minutes, 4.3286097049713135 seconds

Avg epoch train. time: 0.0 hours, 0.0 minutes, 4.304885575645848 seconds
Avg batch train. time: 0.075524308344664 seconds
Avg sample train. time: 0.0011921588412201185 seconds
Evaluating on validation set ...
Validation runtime: 0.0 hours, 0.0 minutes, 0.502518892288208 seconds

Avg val. time: 0.0 hours, 0.0 minutes, 0.4829384485880534 seconds
Avg batch val. time: 0.02682991381044741 seconds
Avg sample val. time: 0.0004192174032882408 seconds
Epoch 38 Validation Summary: epoch: 38.000000 | loss: 1.278207 | 
Epoch 39 Training Summary: epoch: 39.000000 | loss: 1.425300 | 
Epoch runtime: 0.0 hours, 0.0 minutes, 4.134048938751221 seconds

Avg epoch train. time: 0.0 hours, 0.0 minutes, 4.300505149058806 seconds
Avg batch train. time: 0.07544745875541765 seconds
Avg sample train. time: 0.0011909457626859059 seconds
Epoch 40 Training Summary: epoch: 40.000000 | loss: 1.342441 | 
Epoch runtime: 0.0 hours, 0.0 minutes, 4.151120662689209 seconds

Avg epoch train. time: 0.0 hours, 0.0 minutes, 4.296770536899567 seconds
Avg batch train. time: 0.07538193924385206 seconds
Avg sample train. time: 0.0011899115305731285 seconds
Evaluating on validation set ...
Validation runtime: 0.0 hours, 0.0 minutes, 0.4840078353881836 seconds

Avg val. time: 0.0 hours, 0.0 minutes, 0.4829870570789684 seconds
Avg batch val. time: 0.02683261428216491 seconds
Avg sample val. time: 0.00041925959815882673 seconds
Epoch 40 Validation Summary: epoch: 40.000000 | loss: 2.172585 | 
Best loss was 0.9436964790026346. Other metrics: OrderedDict([('epoch', 30), ('loss', 0.9436964790026346)])
All Done!
Total runtime: 0.0 hours, 3.0 minutes, 10.252302408218384 seconds

