Running:
main.py --output_dir experiments/belo_horizonte_83587/ --comment regression for belo_horizonte_83587 --name belo_horizonte_83587_Regression --records_file experiments/belo_horizonte_83587/belo_horizonte_83587_Regression.xls --data_dir datasets/files/belo_horizonte_83587/ --data_class wf --pattern TRAIN --val_pattern TEST --epochs 40 --lr 0.01 --optimizer RAdam --pos_encoding learnable --task regression

Using device: cpu
Loading and preprocessing data ...
1919 samples may be used for training
639 samples will be used for validation
0 samples will be used for testing
Creating model ...
Model:
TSTransformerEncoderClassiregressor(
  (project_inp): Linear(in_features=5, out_features=64, bias=True)
  (pos_enc): LearnablePositionalEncoding(
    (dropout): Dropout(p=0.1, inplace=False)
  )
  (transformer_encoder): TransformerEncoder(
    (layers): ModuleList(
      (0): TransformerBatchNormEncoderLayer(
        (self_attn): MultiheadAttention(
          (out_proj): NonDynamicallyQuantizableLinear(in_features=64, out_features=64, bias=True)
        )
        (linear1): Linear(in_features=64, out_features=256, bias=True)
        (dropout): Dropout(p=0.1, inplace=False)
        (linear2): Linear(in_features=256, out_features=64, bias=True)
        (norm1): BatchNorm1d(64, eps=1e-05, momentum=0.1, affine=True, track_running_stats=True)
        (norm2): BatchNorm1d(64, eps=1e-05, momentum=0.1, affine=True, track_running_stats=True)
        (dropout1): Dropout(p=0.1, inplace=False)
        (dropout2): Dropout(p=0.1, inplace=False)
      )
      (1): TransformerBatchNormEncoderLayer(
        (self_attn): MultiheadAttention(
          (out_proj): NonDynamicallyQuantizableLinear(in_features=64, out_features=64, bias=True)
        )
        (linear1): Linear(in_features=64, out_features=256, bias=True)
        (dropout): Dropout(p=0.1, inplace=False)
        (linear2): Linear(in_features=256, out_features=64, bias=True)
        (norm1): BatchNorm1d(64, eps=1e-05, momentum=0.1, affine=True, track_running_stats=True)
        (norm2): BatchNorm1d(64, eps=1e-05, momentum=0.1, affine=True, track_running_stats=True)
        (dropout1): Dropout(p=0.1, inplace=False)
        (dropout2): Dropout(p=0.1, inplace=False)
      )
      (2): TransformerBatchNormEncoderLayer(
        (self_attn): MultiheadAttention(
          (out_proj): NonDynamicallyQuantizableLinear(in_features=64, out_features=64, bias=True)
        )
        (linear1): Linear(in_features=64, out_features=256, bias=True)
        (dropout): Dropout(p=0.1, inplace=False)
        (linear2): Linear(in_features=256, out_features=64, bias=True)
        (norm1): BatchNorm1d(64, eps=1e-05, momentum=0.1, affine=True, track_running_stats=True)
        (norm2): BatchNorm1d(64, eps=1e-05, momentum=0.1, affine=True, track_running_stats=True)
        (dropout1): Dropout(p=0.1, inplace=False)
        (dropout2): Dropout(p=0.1, inplace=False)
      )
    )
  )
  (dropout1): Dropout(p=0.1, inplace=False)
  (output_layer): Linear(in_features=1536, out_features=1, bias=True)
)
Total number of parameters: 153409
Trainable parameters: 153409
Evaluating on validation set ...
Validation runtime: 0.0 hours, 0.0 minutes, 0.1809988021850586 seconds

Avg val. time: 0.0 hours, 0.0 minutes, 0.1809988021850586 seconds
Avg batch val. time: 0.018099880218505858 seconds
Avg sample val. time: 0.0002832532115572122 seconds
Epoch 0 Validation Summary: epoch: 0.000000 | loss: 418.131663 | 
Starting training...
Epoch 1 Training Summary: epoch: 1.000000 | loss: 295.789055 | 
Epoch runtime: 0.0 hours, 0.0 minutes, 2.367518901824951 seconds

Avg epoch train. time: 0.0 hours, 0.0 minutes, 2.367518901824951 seconds
Avg batch train. time: 0.07891729672749838 seconds
Avg sample train. time: 0.0012337253266414545 seconds
Evaluating on validation set ...
Validation runtime: 0.0 hours, 0.0 minutes, 0.26964592933654785 seconds

Avg val. time: 0.0 hours, 0.0 minutes, 0.22532236576080322 seconds
Avg batch val. time: 0.022532236576080323 seconds
Avg sample val. time: 0.0003526171608150285 seconds
Epoch 1 Validation Summary: epoch: 1.000000 | loss: 45.257672 | 
Epoch 2 Training Summary: epoch: 2.000000 | loss: 15.603996 | 
Epoch runtime: 0.0 hours, 0.0 minutes, 2.447772264480591 seconds

Avg epoch train. time: 0.0 hours, 0.0 minutes, 2.407645583152771 seconds
Avg batch train. time: 0.08025485277175903 seconds
Avg sample train. time: 0.0012546355305642371 seconds
Evaluating on validation set ...
Validation runtime: 0.0 hours, 0.0 minutes, 0.24399471282958984 seconds

Avg val. time: 0.0 hours, 0.0 minutes, 0.23154648145039877 seconds
Avg batch val. time: 0.023154648145039876 seconds
Avg sample val. time: 0.00036235756095524065 seconds
Epoch 2 Validation Summary: epoch: 2.000000 | loss: 23.580025 | 
Epoch 3 Training Summary: epoch: 3.000000 | loss: 1.487463 | 
Epoch runtime: 0.0 hours, 0.0 minutes, 2.362865924835205 seconds

Avg epoch train. time: 0.0 hours, 0.0 minutes, 2.392719030380249 seconds
Avg batch train. time: 0.07975730101267496 seconds
Avg sample train. time: 0.0012468572331319693 seconds
Epoch 4 Training Summary: epoch: 4.000000 | loss: 1.228450 | 
Epoch runtime: 0.0 hours, 0.0 minutes, 2.055257797241211 seconds

Avg epoch train. time: 0.0 hours, 0.0 minutes, 2.3083537220954895 seconds
Avg batch train. time: 0.07694512406984964 seconds
Avg sample train. time: 0.001202894070920005 seconds
Evaluating on validation set ...
Validation runtime: 0.0 hours, 0.0 minutes, 0.22504258155822754 seconds

Avg val. time: 0.0 hours, 0.0 minutes, 0.22992050647735596 seconds
Avg batch val. time: 0.022992050647735594 seconds
Avg sample val. time: 0.0003598129991820907 seconds
Epoch 4 Validation Summary: epoch: 4.000000 | loss: 1.212992 | 
Epoch 5 Training Summary: epoch: 5.000000 | loss: 0.658921 | 
Epoch runtime: 0.0 hours, 0.0 minutes, 2.021057367324829 seconds

Avg epoch train. time: 0.0 hours, 0.0 minutes, 2.2508944511413573 seconds
Avg batch train. time: 0.07502981503804525 seconds
Avg sample train. time: 0.0011729517723508896 seconds
Epoch 6 Training Summary: epoch: 6.000000 | loss: 1.703749 | 
Epoch runtime: 0.0 hours, 0.0 minutes, 2.1224634647369385 seconds

Avg epoch train. time: 0.0 hours, 0.0 minutes, 2.229489286740621 seconds
Avg batch train. time: 0.0743163095580207 seconds
Avg sample train. time: 0.0011617974396772386 seconds
Evaluating on validation set ...
Validation runtime: 0.0 hours, 0.0 minutes, 0.24307799339294434 seconds

Avg val. time: 0.0 hours, 0.0 minutes, 0.23255200386047364 seconds
Avg batch val. time: 0.023255200386047364 seconds
Avg sample val. time: 0.00036393114845144543 seconds
Epoch 6 Validation Summary: epoch: 6.000000 | loss: 3.363784 | 
Epoch 7 Training Summary: epoch: 7.000000 | loss: 1.493073 | 
Epoch runtime: 0.0 hours, 0.0 minutes, 2.1415536403656006 seconds

Avg epoch train. time: 0.0 hours, 0.0 minutes, 2.2169270515441895 seconds
Avg batch train. time: 0.07389756838480631 seconds
Avg sample train. time: 0.0011552511993455912 seconds
Epoch 8 Training Summary: epoch: 8.000000 | loss: 0.881797 | 
Epoch runtime: 0.0 hours, 0.0 minutes, 2.1833527088165283 seconds

Avg epoch train. time: 0.0 hours, 0.0 minutes, 2.212730258703232 seconds
Avg batch train. time: 0.07375767529010772 seconds
Avg sample train. time: 0.0011530642306947533 seconds
Evaluating on validation set ...
Validation runtime: 0.0 hours, 0.0 minutes, 0.2290053367614746 seconds

Avg val. time: 0.0 hours, 0.0 minutes, 0.23196089267730713 seconds
Avg batch val. time: 0.023196089267730712 seconds
Avg sample val. time: 0.00036300609182677175 seconds
Epoch 8 Validation Summary: epoch: 8.000000 | loss: 0.768429 | 
Epoch 9 Training Summary: epoch: 9.000000 | loss: 0.798362 | 
Epoch runtime: 0.0 hours, 0.0 minutes, 2.3170008659362793 seconds

Avg epoch train. time: 0.0 hours, 0.0 minutes, 2.224315881729126 seconds
Avg batch train. time: 0.0741438627243042 seconds
Avg sample train. time: 0.0011591015537931871 seconds
Epoch 10 Training Summary: epoch: 10.000000 | loss: 1.019453 | 
Epoch runtime: 0.0 hours, 0.0 minutes, 2.2703866958618164 seconds

Avg epoch train. time: 0.0 hours, 0.0 minutes, 2.228922963142395 seconds
Avg batch train. time: 0.0742974321047465 seconds
Avg sample train. time: 0.0011615023257646666 seconds
Evaluating on validation set ...
Validation runtime: 0.0 hours, 0.0 minutes, 0.2526280879974365 seconds

Avg val. time: 0.0 hours, 0.0 minutes, 0.23491334915161133 seconds
Avg batch val. time: 0.023491334915161134 seconds
Avg sample val. time: 0.00036762652449391447 seconds
Epoch 10 Validation Summary: epoch: 10.000000 | loss: 2.030280 | 
Epoch 11 Training Summary: epoch: 11.000000 | loss: 1.083438 | 
Epoch runtime: 0.0 hours, 0.0 minutes, 2.3924190998077393 seconds

Avg epoch train. time: 0.0 hours, 0.0 minutes, 2.24378624829379 seconds
Avg batch train. time: 0.07479287494312634 seconds
Avg sample train. time: 0.0011692476541395466 seconds
Epoch 12 Training Summary: epoch: 12.000000 | loss: 0.666370 | 
Epoch runtime: 0.0 hours, 0.0 minutes, 2.272822141647339 seconds

Avg epoch train. time: 0.0 hours, 0.0 minutes, 2.246205906073252 seconds
Avg batch train. time: 0.07487353020244174 seconds
Avg sample train. time: 0.0011705085492825702 seconds
Evaluating on validation set ...
Validation runtime: 0.0 hours, 0.0 minutes, 0.242661714553833 seconds

Avg val. time: 0.0 hours, 0.0 minutes, 0.23588189482688904 seconds
Avg batch val. time: 0.023588189482688905 seconds
Avg sample val. time: 0.00036914224542549144 seconds
Epoch 12 Validation Summary: epoch: 12.000000 | loss: 6.578919 | 
Epoch 13 Training Summary: epoch: 13.000000 | loss: 0.649582 | 
Epoch runtime: 0.0 hours, 0.0 minutes, 2.3455872535705566 seconds

Avg epoch train. time: 0.0 hours, 0.0 minutes, 2.2538506251115065 seconds
Avg batch train. time: 0.07512835417038355 seconds
Avg sample train. time: 0.0011744922486250685 seconds
Epoch 14 Training Summary: epoch: 14.000000 | loss: 0.876910 | 
Epoch runtime: 0.0 hours, 0.0 minutes, 2.370500087738037 seconds

Avg epoch train. time: 0.0 hours, 0.0 minutes, 2.26218272958483 seconds
Avg batch train. time: 0.075406090986161 seconds
Avg sample train. time: 0.0011788341477773996 seconds
Evaluating on validation set ...
Validation runtime: 0.0 hours, 0.0 minutes, 0.2599968910217285 seconds

Avg val. time: 0.0 hours, 0.0 minutes, 0.23856133884853786 seconds
Avg batch val. time: 0.023856133884853786 seconds
Avg sample val. time: 0.0003733354285579622 seconds
Epoch 14 Validation Summary: epoch: 14.000000 | loss: 6.648510 | 
Epoch 15 Training Summary: epoch: 15.000000 | loss: 1.609589 | 
Epoch runtime: 0.0 hours, 0.0 minutes, 2.125761032104492 seconds

Avg epoch train. time: 0.0 hours, 0.0 minutes, 2.253087949752808 seconds
Avg batch train. time: 0.07510293165842692 seconds
Avg sample train. time: 0.0011740948148790036 seconds
Epoch 16 Training Summary: epoch: 16.000000 | loss: 1.139537 | 
Epoch runtime: 0.0 hours, 0.0 minutes, 2.1169145107269287 seconds

Avg epoch train. time: 0.0 hours, 0.0 minutes, 2.24457710981369 seconds
Avg batch train. time: 0.07481923699378967 seconds
Avg sample train. time: 0.001169659775827874 seconds
Evaluating on validation set ...
Validation runtime: 0.0 hours, 0.0 minutes, 0.2222275733947754 seconds

Avg val. time: 0.0 hours, 0.0 minutes, 0.23692796230316163 seconds
Avg batch val. time: 0.023692796230316164 seconds
Avg sample val. time: 0.00037077928372951743 seconds
Epoch 16 Validation Summary: epoch: 16.000000 | loss: 1.059577 | 
Epoch 17 Training Summary: epoch: 17.000000 | loss: 1.167612 | 
Epoch runtime: 0.0 hours, 0.0 minutes, 2.0039470195770264 seconds

Avg epoch train. time: 0.0 hours, 0.0 minutes, 2.2304223986232983 seconds
Avg batch train. time: 0.07434741328744328 seconds
Avg sample train. time: 0.001162283688704168 seconds
Epoch 18 Training Summary: epoch: 18.000000 | loss: 0.978535 | 
Epoch runtime: 0.0 hours, 0.0 minutes, 1.993499755859375 seconds

Avg epoch train. time: 0.0 hours, 0.0 minutes, 2.217260029580858 seconds
Avg batch train. time: 0.07390866765269527 seconds
Avg sample train. time: 0.0011554247157794988 seconds
Evaluating on validation set ...
Validation runtime: 0.0 hours, 0.0 minutes, 0.2299957275390625 seconds

Avg val. time: 0.0 hours, 0.0 minutes, 0.23629775914278897 seconds
Avg batch val. time: 0.023629775914278898 seconds
Avg sample val. time: 0.0003697930503017042 seconds
Epoch 18 Validation Summary: epoch: 18.000000 | loss: 5.599566 | 
Epoch 19 Training Summary: epoch: 19.000000 | loss: 2.170529 | 
Epoch runtime: 0.0 hours, 0.0 minutes, 2.141345262527466 seconds

Avg epoch train. time: 0.0 hours, 0.0 minutes, 2.2132645155254163 seconds
Avg batch train. time: 0.07377548385084721 seconds
Avg sample train. time: 0.001153342634458268 seconds
Epoch 20 Training Summary: epoch: 20.000000 | loss: 0.991927 | 
Epoch runtime: 0.0 hours, 0.0 minutes, 1.9541690349578857 seconds

Avg epoch train. time: 0.0 hours, 0.0 minutes, 2.2003097414970396 seconds
Avg batch train. time: 0.07334365804990133 seconds
Avg sample train. time: 0.001146591840279854 seconds
Evaluating on validation set ...
Validation runtime: 0.0 hours, 0.0 minutes, 0.2515232563018799 seconds

Avg val. time: 0.0 hours, 0.0 minutes, 0.23756655057271323 seconds
Avg batch val. time: 0.02375665505727132 seconds
Avg sample val. time: 0.0003717786393939174 seconds
Epoch 20 Validation Summary: epoch: 20.000000 | loss: 1.423084 | 
Epoch 21 Training Summary: epoch: 21.000000 | loss: 1.443913 | 
Epoch runtime: 0.0 hours, 0.0 minutes, 2.1042652130126953 seconds

Avg epoch train. time: 0.0 hours, 0.0 minutes, 2.195736192521595 seconds
Avg batch train. time: 0.0731912064173865 seconds
Avg sample train. time: 0.0011442085422207374 seconds
Epoch 22 Training Summary: epoch: 22.000000 | loss: 0.936952 | 
Epoch runtime: 0.0 hours, 0.0 minutes, 1.9751932621002197 seconds

Avg epoch train. time: 0.0 hours, 0.0 minutes, 2.1857115138660776 seconds
Avg batch train. time: 0.07285705046220259 seconds
Avg sample train. time: 0.0011389846346357882 seconds
Evaluating on validation set ...
Validation runtime: 0.0 hours, 0.0 minutes, 0.2602367401123047 seconds

Avg val. time: 0.0 hours, 0.0 minutes, 0.23931041130652794 seconds
Avg batch val. time: 0.023931041130652794 seconds
Avg sample val. time: 0.0003745076859257088 seconds
Epoch 22 Validation Summary: epoch: 22.000000 | loss: 8.240028 | 
Epoch 23 Training Summary: epoch: 23.000000 | loss: 1.839335 | 
Epoch runtime: 0.0 hours, 0.0 minutes, 1.9967246055603027 seconds

Avg epoch train. time: 0.0 hours, 0.0 minutes, 2.1774946917658267 seconds
Avg batch train. time: 0.07258315639219422 seconds
Avg sample train. time: 0.0011347028096747403 seconds
Epoch 24 Training Summary: epoch: 24.000000 | loss: 1.186301 | 
Epoch runtime: 0.0 hours, 0.0 minutes, 1.8967151641845703 seconds

Avg epoch train. time: 0.0 hours, 0.0 minutes, 2.165795544783274 seconds
Avg batch train. time: 0.07219318482610913 seconds
Avg sample train. time: 0.0011286063287041554 seconds
Evaluating on validation set ...
Validation runtime: 0.0 hours, 0.0 minutes, 0.21993613243103027 seconds

Avg val. time: 0.0 hours, 0.0 minutes, 0.2379265342439924 seconds
Avg batch val. time: 0.023792653424399242 seconds
Avg sample val. time: 0.0003723419941220538 seconds
Epoch 24 Validation Summary: epoch: 24.000000 | loss: 4.079881 | 
Epoch 25 Training Summary: epoch: 25.000000 | loss: 1.367674 | 
Epoch runtime: 0.0 hours, 0.0 minutes, 1.9722511768341064 seconds

Avg epoch train. time: 0.0 hours, 0.0 minutes, 2.1580537700653077 seconds
Avg batch train. time: 0.0719351256688436 seconds
Avg sample train. time: 0.0011245720531867158 seconds
Epoch 26 Training Summary: epoch: 26.000000 | loss: 1.090744 | 
Epoch runtime: 0.0 hours, 0.0 minutes, 1.9568061828613281 seconds

Avg epoch train. time: 0.0 hours, 0.0 minutes, 2.15031347824977 seconds
Avg batch train. time: 0.071677115941659 seconds
Avg sample train. time: 0.001120538550416764 seconds
Evaluating on validation set ...
Validation runtime: 0.0 hours, 0.0 minutes, 0.20200467109680176 seconds

Avg val. time: 0.0 hours, 0.0 minutes, 0.235531743367513 seconds
Avg batch val. time: 0.0235531743367513 seconds
Avg sample val. time: 0.0003685942775704429 seconds
Epoch 26 Validation Summary: epoch: 26.000000 | loss: 4.765940 | 
Epoch 27 Training Summary: epoch: 27.000000 | loss: 2.096820 | 
Epoch runtime: 0.0 hours, 0.0 minutes, 1.8195388317108154 seconds

Avg epoch train. time: 0.0 hours, 0.0 minutes, 2.138062565414994 seconds
Avg batch train. time: 0.0712687521804998 seconds
Avg sample train. time: 0.0011141545416440825 seconds
Epoch 28 Training Summary: epoch: 28.000000 | loss: 1.652406 | 
Epoch runtime: 0.0 hours, 0.0 minutes, 2.1271774768829346 seconds

Avg epoch train. time: 0.0 hours, 0.0 minutes, 2.1376738122531345 seconds
Avg batch train. time: 0.07125579374177114 seconds
Avg sample train. time: 0.0011139519605279492 seconds
Evaluating on validation set ...
Validation runtime: 0.0 hours, 0.0 minutes, 0.2749974727630615 seconds

Avg val. time: 0.0 hours, 0.0 minutes, 0.2379983514547348 seconds
Avg batch val. time: 0.02379983514547348 seconds
Avg sample val. time: 0.00037245438412321564 seconds
Epoch 28 Validation Summary: epoch: 28.000000 | loss: 8.056012 | 
Epoch 29 Training Summary: epoch: 29.000000 | loss: 1.823318 | 
Epoch runtime: 0.0 hours, 0.0 minutes, 2.2340545654296875 seconds

Avg epoch train. time: 0.0 hours, 0.0 minutes, 2.140997286500602 seconds
Avg batch train. time: 0.07136657621668673 seconds
Avg sample train. time: 0.001115683838718396 seconds
Epoch 30 Training Summary: epoch: 30.000000 | loss: 2.119818 | 
Epoch runtime: 0.0 hours, 0.0 minutes, 2.009603500366211 seconds

Avg epoch train. time: 0.0 hours, 0.0 minutes, 2.1366174936294557 seconds
Avg batch train. time: 0.07122058312098185 seconds
Avg sample train. time: 0.001113401507884031 seconds
Evaluating on validation set ...
Validation runtime: 0.0 hours, 0.0 minutes, 0.2256460189819336 seconds

Avg val. time: 0.0 hours, 0.0 minutes, 0.2372717436622171 seconds
Avg batch val. time: 0.02372717436622171 seconds
Avg sample val. time: 0.0003713172827264743 seconds
Epoch 30 Validation Summary: epoch: 30.000000 | loss: 8.873484 | 
Epoch 31 Training Summary: epoch: 31.000000 | loss: 2.639356 | 
Epoch runtime: 0.0 hours, 0.0 minutes, 2.268085241317749 seconds

Avg epoch train. time: 0.0 hours, 0.0 minutes, 2.1408583887161745 seconds
Avg batch train. time: 0.07136194629053914 seconds
Avg sample train. time: 0.0011156114584242702 seconds
Epoch 32 Training Summary: epoch: 32.000000 | loss: 2.445773 | 
Epoch runtime: 0.0 hours, 0.0 minutes, 2.1533255577087402 seconds

Avg epoch train. time: 0.0 hours, 0.0 minutes, 2.1412479877471924 seconds
Avg batch train. time: 0.07137493292490642 seconds
Avg sample train. time: 0.001115814480326833 seconds
Evaluating on validation set ...
Validation runtime: 0.0 hours, 0.0 minutes, 0.23199796676635742 seconds

Avg val. time: 0.0 hours, 0.0 minutes, 0.23697875605689156 seconds
Avg batch val. time: 0.023697875605689155 seconds
Avg sample val. time: 0.00037085877317197426 seconds
Epoch 32 Validation Summary: epoch: 32.000000 | loss: 7.074674 | 
Epoch 33 Training Summary: epoch: 33.000000 | loss: 2.457422 | 
Epoch runtime: 0.0 hours, 0.0 minutes, 2.03592586517334 seconds

Avg epoch train. time: 0.0 hours, 0.0 minutes, 2.1380564082752573 seconds
Avg batch train. time: 0.07126854694250857 seconds
Avg sample train. time: 0.0011141513331293681 seconds
Epoch 34 Training Summary: epoch: 34.000000 | loss: 2.207797 | 
Epoch runtime: 0.0 hours, 0.0 minutes, 2.220167636871338 seconds

Avg epoch train. time: 0.0 hours, 0.0 minutes, 2.1404714444104362 seconds
Avg batch train. time: 0.07134904814701454 seconds
Avg sample train. time: 0.0011154098199116396 seconds
Evaluating on validation set ...
Validation runtime: 0.0 hours, 0.0 minutes, 0.2676355838775635 seconds

Avg val. time: 0.0 hours, 0.0 minutes, 0.2385922733106111 seconds
Avg batch val. time: 0.023859227331061113 seconds
Avg sample val. time: 0.000373383839296731 seconds
Epoch 34 Validation Summary: epoch: 34.000000 | loss: 2.941698 | 
Epoch 35 Training Summary: epoch: 35.000000 | loss: 3.007436 | 
Epoch runtime: 0.0 hours, 0.0 minutes, 2.0919394493103027 seconds

Avg epoch train. time: 0.0 hours, 0.0 minutes, 2.139084815979004 seconds
Avg batch train. time: 0.07130282719930013 seconds
Avg sample train. time: 0.0011146872412605543 seconds
Epoch 36 Training Summary: epoch: 36.000000 | loss: 3.567543 | 
Epoch runtime: 0.0 hours, 0.0 minutes, 1.977553367614746 seconds

Avg epoch train. time: 0.0 hours, 0.0 minutes, 2.134597831302219 seconds
Avg batch train. time: 0.0711532610434073 seconds
Avg sample train. time: 0.001112349052267962 seconds
Evaluating on validation set ...
Validation runtime: 0.0 hours, 0.0 minutes, 0.21202945709228516 seconds

Avg val. time: 0.0 hours, 0.0 minutes, 0.23726413249969483 seconds
Avg batch val. time: 0.023726413249969484 seconds
Avg sample val. time: 0.00037130537167401383 seconds
Epoch 36 Validation Summary: epoch: 36.000000 | loss: 3.819619 | 
Epoch 37 Training Summary: epoch: 37.000000 | loss: 1.551480 | 
Epoch runtime: 0.0 hours, 0.0 minutes, 1.9246549606323242 seconds

Avg epoch train. time: 0.0 hours, 0.0 minutes, 2.1289236996624923 seconds
Avg batch train. time: 0.07096412332208307 seconds
Avg sample train. time: 0.0011093922353634666 seconds
Epoch 38 Training Summary: epoch: 38.000000 | loss: 1.738066 | 
Epoch runtime: 0.0 hours, 0.0 minutes, 2.0386836528778076 seconds

Avg epoch train. time: 0.0 hours, 0.0 minutes, 2.126548961589211 seconds
Avg batch train. time: 0.07088496538630704 seconds
Avg sample train. time: 0.0011081547480923455 seconds
Evaluating on validation set ...
Validation runtime: 0.0 hours, 0.0 minutes, 0.2830007076263428 seconds

Avg val. time: 0.0 hours, 0.0 minutes, 0.2394420646485828 seconds
Avg batch val. time: 0.02394420646485828 seconds
Avg sample val. time: 0.00037471371619496525 seconds
Epoch 38 Validation Summary: epoch: 38.000000 | loss: 3.308643 | 
Epoch 39 Training Summary: epoch: 39.000000 | loss: 2.121161 | 
Epoch runtime: 0.0 hours, 0.0 minutes, 2.2265255451202393 seconds

Avg epoch train. time: 0.0 hours, 0.0 minutes, 2.1291124637310324 seconds
Avg batch train. time: 0.07097041545770108 seconds
Avg sample train. time: 0.001109490601214712 seconds
Epoch 40 Training Summary: epoch: 40.000000 | loss: 1.569518 | 
Epoch runtime: 0.0 hours, 0.0 minutes, 2.08337140083313 seconds

Avg epoch train. time: 0.0 hours, 0.0 minutes, 2.1279689371585846 seconds
Avg batch train. time: 0.07093229790528616 seconds
Avg sample train. time: 0.0011088947040951457 seconds
Evaluating on validation set ...
Validation runtime: 0.0 hours, 0.0 minutes, 0.2665112018585205 seconds

Avg val. time: 0.0 hours, 0.0 minutes, 0.24067247997630725 seconds
Avg batch val. time: 0.024067247997630725 seconds
Avg sample val. time: 0.00037663924878921325 seconds
Epoch 40 Validation Summary: epoch: 40.000000 | loss: 4.763784 | 
Best loss was 0.7684289636746259. Other metrics: OrderedDict([('epoch', 8), ('loss', 0.7684289636746259)])
All Done!
Total runtime: 0.0 hours, 1.0 minutes, 34.597965240478516 seconds

