Running:
main.py --output_dir experiments/curitiba_83842/ --comment regression for curitiba_83842 --name curitiba_83842_Regression --records_file experiments/curitiba_83842/curitiba_83842_Regression.xls --data_dir datasets/files/curitiba_83842/ --data_class wf --pattern TRAIN --val_pattern TEST --epochs 40 --lr 0.01 --optimizer RAdam --pos_encoding learnable --task regression

Using device: cpu
Loading and preprocessing data ...
1905 samples may be used for training
635 samples will be used for validation
0 samples will be used for testing
Creating model ...
Model:
TSTransformerEncoderClassiregressor(
  (project_inp): Linear(in_features=5, out_features=64, bias=True)
  (pos_enc): LearnablePositionalEncoding(
    (dropout): Dropout(p=0.1, inplace=False)
  )
  (transformer_encoder): TransformerEncoder(
    (layers): ModuleList(
      (0): TransformerBatchNormEncoderLayer(
        (self_attn): MultiheadAttention(
          (out_proj): NonDynamicallyQuantizableLinear(in_features=64, out_features=64, bias=True)
        )
        (linear1): Linear(in_features=64, out_features=256, bias=True)
        (dropout): Dropout(p=0.1, inplace=False)
        (linear2): Linear(in_features=256, out_features=64, bias=True)
        (norm1): BatchNorm1d(64, eps=1e-05, momentum=0.1, affine=True, track_running_stats=True)
        (norm2): BatchNorm1d(64, eps=1e-05, momentum=0.1, affine=True, track_running_stats=True)
        (dropout1): Dropout(p=0.1, inplace=False)
        (dropout2): Dropout(p=0.1, inplace=False)
      )
      (1): TransformerBatchNormEncoderLayer(
        (self_attn): MultiheadAttention(
          (out_proj): NonDynamicallyQuantizableLinear(in_features=64, out_features=64, bias=True)
        )
        (linear1): Linear(in_features=64, out_features=256, bias=True)
        (dropout): Dropout(p=0.1, inplace=False)
        (linear2): Linear(in_features=256, out_features=64, bias=True)
        (norm1): BatchNorm1d(64, eps=1e-05, momentum=0.1, affine=True, track_running_stats=True)
        (norm2): BatchNorm1d(64, eps=1e-05, momentum=0.1, affine=True, track_running_stats=True)
        (dropout1): Dropout(p=0.1, inplace=False)
        (dropout2): Dropout(p=0.1, inplace=False)
      )
      (2): TransformerBatchNormEncoderLayer(
        (self_attn): MultiheadAttention(
          (out_proj): NonDynamicallyQuantizableLinear(in_features=64, out_features=64, bias=True)
        )
        (linear1): Linear(in_features=64, out_features=256, bias=True)
        (dropout): Dropout(p=0.1, inplace=False)
        (linear2): Linear(in_features=256, out_features=64, bias=True)
        (norm1): BatchNorm1d(64, eps=1e-05, momentum=0.1, affine=True, track_running_stats=True)
        (norm2): BatchNorm1d(64, eps=1e-05, momentum=0.1, affine=True, track_running_stats=True)
        (dropout1): Dropout(p=0.1, inplace=False)
        (dropout2): Dropout(p=0.1, inplace=False)
      )
    )
  )
  (dropout1): Dropout(p=0.1, inplace=False)
  (output_layer): Linear(in_features=1536, out_features=1, bias=True)
)
Total number of parameters: 153409
Trainable parameters: 153409
Evaluating on validation set ...
Validation runtime: 0.0 hours, 0.0 minutes, 0.1810007095336914 seconds

Avg val. time: 0.0 hours, 0.0 minutes, 0.1810007095336914 seconds
Avg batch val. time: 0.01810007095336914 seconds
Avg sample val. time: 0.00028504048745463213 seconds
Epoch 0 Validation Summary: epoch: 0.000000 | loss: 300.250023 | 
Starting training...
Epoch 1 Training Summary: epoch: 1.000000 | loss: 197.540690 | 
Epoch runtime: 0.0 hours, 0.0 minutes, 1.6385138034820557 seconds

Avg epoch train. time: 0.0 hours, 0.0 minutes, 1.6385138034820557 seconds
Avg batch train. time: 0.05461712678273519 seconds
Avg sample train. time: 0.0008601122327989793 seconds
Evaluating on validation set ...
Validation runtime: 0.0 hours, 0.0 minutes, 0.18973374366760254 seconds

Avg val. time: 0.0 hours, 0.0 minutes, 0.18536722660064697 seconds
Avg batch val. time: 0.018536722660064696 seconds
Avg sample val. time: 0.0002919168922844834 seconds
Epoch 1 Validation Summary: epoch: 1.000000 | loss: 27.083696 | 
Epoch 2 Training Summary: epoch: 2.000000 | loss: 7.690431 | 
Epoch runtime: 0.0 hours, 0.0 minutes, 1.696235179901123 seconds

Avg epoch train. time: 0.0 hours, 0.0 minutes, 1.6673744916915894 seconds
Avg batch train. time: 0.05557914972305298 seconds
Avg sample train. time: 0.000875262200363039 seconds
Evaluating on validation set ...
Validation runtime: 0.0 hours, 0.0 minutes, 0.17704391479492188 seconds

Avg val. time: 0.0 hours, 0.0 minutes, 0.18259278933207193 seconds
Avg batch val. time: 0.018259278933207192 seconds
Avg sample val. time: 0.00028754769973554634 seconds
Epoch 2 Validation Summary: epoch: 2.000000 | loss: 4.435839 | 
Epoch 3 Training Summary: epoch: 3.000000 | loss: 1.613126 | 
Epoch runtime: 0.0 hours, 0.0 minutes, 1.6917345523834229 seconds

Avg epoch train. time: 0.0 hours, 0.0 minutes, 1.6754945119222004 seconds
Avg batch train. time: 0.05584981706407335 seconds
Avg sample train. time: 0.0008795246781743834 seconds
Epoch 4 Training Summary: epoch: 4.000000 | loss: 1.765790 | 
Epoch runtime: 0.0 hours, 0.0 minutes, 1.6761753559112549 seconds

Avg epoch train. time: 0.0 hours, 0.0 minutes, 1.6756647229194641 seconds
Avg batch train. time: 0.055855490763982135 seconds
Avg sample train. time: 0.0008796140277792463 seconds
Evaluating on validation set ...
Validation runtime: 0.0 hours, 0.0 minutes, 0.1890089511871338 seconds

Avg val. time: 0.0 hours, 0.0 minutes, 0.1841968297958374 seconds
Avg batch val. time: 0.01841968297958374 seconds
Avg sample val. time: 0.00029007374770998015 seconds
Epoch 4 Validation Summary: epoch: 4.000000 | loss: 1.697020 | 
Epoch 5 Training Summary: epoch: 5.000000 | loss: 1.811055 | 
Epoch runtime: 0.0 hours, 0.0 minutes, 1.6973695755004883 seconds

Avg epoch train. time: 0.0 hours, 0.0 minutes, 1.6800056934356689 seconds
Avg batch train. time: 0.05600018978118896 seconds
Avg sample train. time: 0.0008818927524596687 seconds
Epoch 6 Training Summary: epoch: 6.000000 | loss: 1.302174 | 
Epoch runtime: 0.0 hours, 0.0 minutes, 1.6961114406585693 seconds

Avg epoch train. time: 0.0 hours, 0.0 minutes, 1.6826899846394856 seconds
Avg batch train. time: 0.05608966615464952 seconds
Avg sample train. time: 0.000883301829207079 seconds
Evaluating on validation set ...
Validation runtime: 0.0 hours, 0.0 minutes, 0.19903087615966797 seconds

Avg val. time: 0.0 hours, 0.0 minutes, 0.1871636390686035 seconds
Avg batch val. time: 0.01871636390686035 seconds
Avg sample val. time: 0.0002947458882970134 seconds
Epoch 6 Validation Summary: epoch: 6.000000 | loss: 2.887064 | 
Epoch 7 Training Summary: epoch: 7.000000 | loss: 1.434087 | 
Epoch runtime: 0.0 hours, 0.0 minutes, 1.686784267425537 seconds

Avg epoch train. time: 0.0 hours, 0.0 minutes, 1.6832748821803503 seconds
Avg batch train. time: 0.056109162739345006 seconds
Avg sample train. time: 0.0008836088620369293 seconds
Epoch 8 Training Summary: epoch: 8.000000 | loss: 1.417876 | 
Epoch runtime: 0.0 hours, 0.0 minutes, 1.8067564964294434 seconds

Avg epoch train. time: 0.0 hours, 0.0 minutes, 1.6987100839614868 seconds
Avg batch train. time: 0.05662366946538289 seconds
Avg sample train. time: 0.0008917113301635101 seconds
Evaluating on validation set ...
Validation runtime: 0.0 hours, 0.0 minutes, 0.21048212051391602 seconds

Avg val. time: 0.0 hours, 0.0 minutes, 0.19105005264282227 seconds
Avg batch val. time: 0.019105005264282226 seconds
Avg sample val. time: 0.0003008662246343658 seconds
Epoch 8 Validation Summary: epoch: 8.000000 | loss: 0.565072 | 
Epoch 9 Training Summary: epoch: 9.000000 | loss: 1.004654 | 
Epoch runtime: 0.0 hours, 0.0 minutes, 1.9834949970245361 seconds

Avg epoch train. time: 0.0 hours, 0.0 minutes, 1.7303528520796034 seconds
Avg batch train. time: 0.05767842840265345 seconds
Avg sample train. time: 0.0009083217071284008 seconds
Epoch 10 Training Summary: epoch: 10.000000 | loss: 0.890911 | 
Epoch runtime: 0.0 hours, 0.0 minutes, 2.2377119064331055 seconds

Avg epoch train. time: 0.0 hours, 0.0 minutes, 1.7810887575149537 seconds
Avg batch train. time: 0.05936962525049846 seconds
Avg sample train. time: 0.0009349547283543063 seconds
Evaluating on validation set ...
Validation runtime: 0.0 hours, 0.0 minutes, 0.21056675910949707 seconds

Avg val. time: 0.0 hours, 0.0 minutes, 0.19383815356663295 seconds
Avg batch val. time: 0.019383815356663295 seconds
Avg sample val. time: 0.00030525693475060304 seconds
Epoch 10 Validation Summary: epoch: 10.000000 | loss: 0.302468 | 
Epoch 11 Training Summary: epoch: 11.000000 | loss: 1.908541 | 
Epoch runtime: 0.0 hours, 0.0 minutes, 1.9536449909210205 seconds

Avg epoch train. time: 0.0 hours, 0.0 minutes, 1.796775687824596 seconds
Avg batch train. time: 0.05989252292748653 seconds
Avg sample train. time: 0.0009431893374407328 seconds
Epoch 12 Training Summary: epoch: 12.000000 | loss: 0.920911 | 
Epoch runtime: 0.0 hours, 0.0 minutes, 1.7499783039093018 seconds

Avg epoch train. time: 0.0 hours, 0.0 minutes, 1.7928759058316548 seconds
Avg batch train. time: 0.05976253019438849 seconds
Avg sample train. time: 0.0009411422077856455 seconds
Evaluating on validation set ...
Validation runtime: 0.0 hours, 0.0 minutes, 0.21499943733215332 seconds

Avg val. time: 0.0 hours, 0.0 minutes, 0.196483314037323 seconds
Avg batch val. time: 0.0196483314037323 seconds
Avg sample val. time: 0.00030942254179105983 seconds
Epoch 12 Validation Summary: epoch: 12.000000 | loss: 1.917942 | 
Epoch 13 Training Summary: epoch: 13.000000 | loss: 1.401723 | 
Epoch runtime: 0.0 hours, 0.0 minutes, 1.9770686626434326 seconds

Avg epoch train. time: 0.0 hours, 0.0 minutes, 1.807044579432561 seconds
Avg batch train. time: 0.060234819314418694 seconds
Avg sample train. time: 0.0009485798317231291 seconds
Epoch 14 Training Summary: epoch: 14.000000 | loss: 1.607248 | 
Epoch runtime: 0.0 hours, 0.0 minutes, 1.954890251159668 seconds

Avg epoch train. time: 0.0 hours, 0.0 minutes, 1.8176049845559257 seconds
Avg batch train. time: 0.060586832818530854 seconds
Avg sample train. time: 0.0009541233514729269 seconds
Evaluating on validation set ...
Validation runtime: 0.0 hours, 0.0 minutes, 0.2055187225341797 seconds

Avg val. time: 0.0 hours, 0.0 minutes, 0.1974872483147515 seconds
Avg batch val. time: 0.01974872483147515 seconds
Avg sample val. time: 0.000311003540653152 seconds
Epoch 14 Validation Summary: epoch: 14.000000 | loss: 4.517112 | 
Epoch 15 Training Summary: epoch: 15.000000 | loss: 1.678813 | 
Epoch runtime: 0.0 hours, 0.0 minutes, 1.9369335174560547 seconds

Avg epoch train. time: 0.0 hours, 0.0 minutes, 1.8255602200826009 seconds
Avg batch train. time: 0.06085200733608669 seconds
Avg sample train. time: 0.0009582993281273495 seconds
Epoch 16 Training Summary: epoch: 16.000000 | loss: 1.376132 | 
Epoch runtime: 0.0 hours, 0.0 minutes, 2.077000379562378 seconds

Avg epoch train. time: 0.0 hours, 0.0 minutes, 1.841275230050087 seconds
Avg batch train. time: 0.06137584100166957 seconds
Avg sample train. time: 0.0009665486771916467 seconds
Evaluating on validation set ...
Validation runtime: 0.0 hours, 0.0 minutes, 0.2763369083404541 seconds

Avg val. time: 0.0 hours, 0.0 minutes, 0.20537221431732178 seconds
Avg batch val. time: 0.02053722143173218 seconds
Avg sample val. time: 0.00032342080994853824 seconds
Epoch 16 Validation Summary: epoch: 16.000000 | loss: 3.499598 | 
Epoch 17 Training Summary: epoch: 17.000000 | loss: 1.637761 | 
Epoch runtime: 0.0 hours, 0.0 minutes, 2.2792246341705322 seconds

Avg epoch train. time: 0.0 hours, 0.0 minutes, 1.867036959704231 seconds
Avg batch train. time: 0.062234565323474364 seconds
Avg sample train. time: 0.000980071894857864 seconds
Epoch 18 Training Summary: epoch: 18.000000 | loss: 1.613745 | 
Epoch runtime: 0.0 hours, 0.0 minutes, 2.326629400253296 seconds

Avg epoch train. time: 0.0 hours, 0.0 minutes, 1.8925698730680678 seconds
Avg batch train. time: 0.06308566243560226 seconds
Avg sample train. time: 0.0009934749989858624 seconds
Evaluating on validation set ...
Validation runtime: 0.0 hours, 0.0 minutes, 0.26665782928466797 seconds

Avg val. time: 0.0 hours, 0.0 minutes, 0.2109436338598078 seconds
Avg batch val. time: 0.02109436338598078 seconds
Avg sample val. time: 0.0003321946989918233 seconds
Epoch 18 Validation Summary: epoch: 18.000000 | loss: 1.498792 | 
Epoch 19 Training Summary: epoch: 19.000000 | loss: 2.820638 | 
Epoch runtime: 0.0 hours, 0.0 minutes, 2.1192736625671387 seconds

Avg epoch train. time: 0.0 hours, 0.0 minutes, 1.9045016514627557 seconds
Avg batch train. time: 0.06348338838209186 seconds
Avg sample train. time: 0.000999738399717982 seconds
Epoch 20 Training Summary: epoch: 20.000000 | loss: 1.840939 | 
Epoch runtime: 0.0 hours, 0.0 minutes, 2.0770809650421143 seconds

Avg epoch train. time: 0.0 hours, 0.0 minutes, 1.9131306171417237 seconds
Avg batch train. time: 0.0637710205713908 seconds
Avg sample train. time: 0.0010042680404943431 seconds
Evaluating on validation set ...
Validation runtime: 0.0 hours, 0.0 minutes, 0.23299670219421387 seconds

Avg val. time: 0.0 hours, 0.0 minutes, 0.21278138955434164 seconds
Avg batch val. time: 0.021278138955434164 seconds
Avg sample val. time: 0.0003350888024477821 seconds
Epoch 20 Validation Summary: epoch: 20.000000 | loss: 1.341597 | 
Epoch 21 Training Summary: epoch: 21.000000 | loss: 1.715611 | 
Epoch runtime: 0.0 hours, 0.0 minutes, 2.073908805847168 seconds

Avg epoch train. time: 0.0 hours, 0.0 minutes, 1.9207867213657923 seconds
Avg batch train. time: 0.06402622404552641 seconds
Avg sample train. time: 0.0010082869928429356 seconds
Epoch 22 Training Summary: epoch: 22.000000 | loss: 1.164567 | 
Epoch runtime: 0.0 hours, 0.0 minutes, 2.105867624282837 seconds

Avg epoch train. time: 0.0 hours, 0.0 minutes, 1.9291994896802036 seconds
Avg batch train. time: 0.06430664965600678 seconds
Avg sample train. time: 0.0010127031441890832 seconds
Evaluating on validation set ...
Validation runtime: 0.0 hours, 0.0 minutes, 0.24199962615966797 seconds

Avg val. time: 0.0 hours, 0.0 minutes, 0.21502894621628982 seconds
Avg batch val. time: 0.021502894621628982 seconds
Avg sample val. time: 0.0003386282617579367 seconds
Epoch 22 Validation Summary: epoch: 22.000000 | loss: 6.435673 | 
Epoch 23 Training Summary: epoch: 23.000000 | loss: 1.977461 | 
Epoch runtime: 0.0 hours, 0.0 minutes, 2.138982057571411 seconds

Avg epoch train. time: 0.0 hours, 0.0 minutes, 1.9383204708928647 seconds
Avg batch train. time: 0.06461068236309549 seconds
Avg sample train. time: 0.0010174910608361494 seconds
Epoch 24 Training Summary: epoch: 24.000000 | loss: 1.321763 | 
Epoch runtime: 0.0 hours, 0.0 minutes, 2.214834213256836 seconds

Avg epoch train. time: 0.0 hours, 0.0 minutes, 1.9498418768246968 seconds
Avg batch train. time: 0.06499472922748989 seconds
Avg sample train. time: 0.0010235390429525967 seconds
Evaluating on validation set ...
Validation runtime: 0.0 hours, 0.0 minutes, 0.24362683296203613 seconds

Avg val. time: 0.0 hours, 0.0 minutes, 0.21707165241241455 seconds
Avg batch val. time: 0.021707165241241454 seconds
Avg sample val. time: 0.00034184512190931426 seconds
Epoch 24 Validation Summary: epoch: 24.000000 | loss: 7.608731 | 
Epoch 25 Training Summary: epoch: 25.000000 | loss: 1.293555 | 
Epoch runtime: 0.0 hours, 0.0 minutes, 2.2001826763153076 seconds

Avg epoch train. time: 0.0 hours, 0.0 minutes, 1.9598555088043212 seconds
Avg batch train. time: 0.06532851696014404 seconds
Avg sample train. time: 0.0010287955426794338 seconds
Epoch 26 Training Summary: epoch: 26.000000 | loss: 1.267140 | 
Epoch runtime: 0.0 hours, 0.0 minutes, 2.2895095348358154 seconds

Avg epoch train. time: 0.0 hours, 0.0 minutes, 1.9725345098055327 seconds
Avg batch train. time: 0.0657511503268511 seconds
Avg sample train. time: 0.0010354511862496235 seconds
Evaluating on validation set ...
Validation runtime: 0.0 hours, 0.0 minutes, 0.26302218437194824 seconds

Avg val. time: 0.0 hours, 0.0 minutes, 0.22013502120971679 seconds
Avg batch val. time: 0.022013502120971678 seconds
Avg sample val. time: 0.0003466693247397115 seconds
Epoch 26 Validation Summary: epoch: 26.000000 | loss: 4.470249 | 
Epoch 27 Training Summary: epoch: 27.000000 | loss: 1.842291 | 
Epoch runtime: 0.0 hours, 0.0 minutes, 2.527484893798828 seconds

Avg epoch train. time: 0.0 hours, 0.0 minutes, 1.9930882277312103 seconds
Avg batch train. time: 0.06643627425770701 seconds
Avg sample train. time: 0.001046240539491449 seconds
Epoch 28 Training Summary: epoch: 28.000000 | loss: 1.529029 | 
Epoch runtime: 0.0 hours, 0.0 minutes, 2.4959664344787598 seconds

Avg epoch train. time: 0.0 hours, 0.0 minutes, 2.0110481636864797 seconds
Avg batch train. time: 0.06703493878954932 seconds
Avg sample train. time: 0.0010556683273944775 seconds
Evaluating on validation set ...
Validation runtime: 0.0 hours, 0.0 minutes, 0.29700517654418945 seconds

Avg val. time: 0.0 hours, 0.0 minutes, 0.22493940591812134 seconds
Avg batch val. time: 0.022493940591812134 seconds
Avg sample val. time: 0.0003542352849104273 seconds
Epoch 28 Validation Summary: epoch: 28.000000 | loss: 0.664242 | 
Epoch 29 Training Summary: epoch: 29.000000 | loss: 2.041496 | 
Epoch runtime: 0.0 hours, 0.0 minutes, 2.1937286853790283 seconds

Avg epoch train. time: 0.0 hours, 0.0 minutes, 2.0173474920207055 seconds
Avg batch train. time: 0.06724491640069018 seconds
Avg sample train. time: 0.001058975061428192 seconds
Epoch 30 Training Summary: epoch: 30.000000 | loss: 2.182701 | 
Epoch runtime: 0.0 hours, 0.0 minutes, 2.211229085922241 seconds

Avg epoch train. time: 0.0 hours, 0.0 minutes, 2.0238102118174237 seconds
Avg batch train. time: 0.06746034039391412 seconds
Avg sample train. time: 0.0010623675652584902 seconds
Evaluating on validation set ...
Validation runtime: 0.0 hours, 0.0 minutes, 0.3469982147216797 seconds

Avg val. time: 0.0 hours, 0.0 minutes, 0.23211933584774241 seconds
Avg batch val. time: 0.02321193358477424 seconds
Avg sample val. time: 0.0003655422611775471 seconds
Epoch 30 Validation Summary: epoch: 30.000000 | loss: 7.654766 | 
Epoch 31 Training Summary: epoch: 31.000000 | loss: 2.064382 | 
Epoch runtime: 0.0 hours, 0.0 minutes, 2.8320727348327637 seconds

Avg epoch train. time: 0.0 hours, 0.0 minutes, 2.0498831964308217 seconds
Avg batch train. time: 0.0683294398810274 seconds
Avg sample train. time: 0.001076054171354762 seconds
Epoch 32 Training Summary: epoch: 32.000000 | loss: 2.434467 | 
Epoch runtime: 0.0 hours, 0.0 minutes, 2.198798894882202 seconds

Avg epoch train. time: 0.0 hours, 0.0 minutes, 2.054536812007427 seconds
Avg batch train. time: 0.06848456040024757 seconds
Avg sample train. time: 0.0010784970141771272 seconds
Evaluating on validation set ...
Validation runtime: 0.0 hours, 0.0 minutes, 0.26061439514160156 seconds

Avg val. time: 0.0 hours, 0.0 minutes, 0.23370239469740126 seconds
Avg batch val. time: 0.023370239469740126 seconds
Avg sample val. time: 0.000368035267240002 seconds
Epoch 32 Validation Summary: epoch: 32.000000 | loss: 9.346959 | 
Epoch 33 Training Summary: epoch: 33.000000 | loss: 2.825800 | 
Epoch runtime: 0.0 hours, 0.0 minutes, 2.548654079437256 seconds

Avg epoch train. time: 0.0 hours, 0.0 minutes, 2.069510062535604 seconds
Avg batch train. time: 0.0689836687511868 seconds
Avg sample train. time: 0.0010863569882076662 seconds
Epoch 34 Training Summary: epoch: 34.000000 | loss: 2.880881 | 
Epoch runtime: 0.0 hours, 0.0 minutes, 2.132526397705078 seconds

Avg epoch train. time: 0.0 hours, 0.0 minutes, 2.0713634841582356 seconds
Avg batch train. time: 0.06904544947194119 seconds
Avg sample train. time: 0.0010873299129439556 seconds
Evaluating on validation set ...
Validation runtime: 0.0 hours, 0.0 minutes, 0.26299571990966797 seconds

Avg val. time: 0.0 hours, 0.0 minutes, 0.23524414865594162 seconds
Avg batch val. time: 0.023524414865594163 seconds
Avg sample val. time: 0.0003704632262298293 seconds
Epoch 34 Validation Summary: epoch: 34.000000 | loss: 1.643987 | 
Epoch 35 Training Summary: epoch: 35.000000 | loss: 2.155873 | 
Epoch runtime: 0.0 hours, 0.0 minutes, 2.164435863494873 seconds

Avg epoch train. time: 0.0 hours, 0.0 minutes, 2.074022694996425 seconds
Avg batch train. time: 0.06913408983321417 seconds
Avg sample train. time: 0.001088725824145105 seconds
Epoch 36 Training Summary: epoch: 36.000000 | loss: 2.729385 | 
Epoch runtime: 0.0 hours, 0.0 minutes, 2.002833604812622 seconds

Avg epoch train. time: 0.0 hours, 0.0 minutes, 2.0720452202690973 seconds
Avg batch train. time: 0.0690681740089699 seconds
Avg sample train. time: 0.0010876877796688175 seconds
Evaluating on validation set ...
Validation runtime: 0.0 hours, 0.0 minutes, 0.2461717128753662 seconds

Avg val. time: 0.0 hours, 0.0 minutes, 0.23579052686691285 seconds
Avg batch val. time: 0.023579052686691283 seconds
Avg sample val. time: 0.0003713236643573431 seconds
Epoch 36 Validation Summary: epoch: 36.000000 | loss: 8.892986 | 
Epoch 37 Training Summary: epoch: 37.000000 | loss: 2.355623 | 
Epoch runtime: 0.0 hours, 0.0 minutes, 2.1122517585754395 seconds

Avg epoch train. time: 0.0 hours, 0.0 minutes, 2.0731318834665657 seconds
Avg batch train. time: 0.06910439611555219 seconds
Avg sample train. time: 0.001088258206544129 seconds
Epoch 38 Training Summary: epoch: 38.000000 | loss: 1.704192 | 
Epoch runtime: 0.0 hours, 0.0 minutes, 2.180417776107788 seconds

Avg epoch train. time: 0.0 hours, 0.0 minutes, 2.0759551964308085 seconds
Avg batch train. time: 0.06919850654769362 seconds
Avg sample train. time: 0.0010897402605936004 seconds
Evaluating on validation set ...
Validation runtime: 0.0 hours, 0.0 minutes, 0.2599914073944092 seconds

Avg val. time: 0.0 hours, 0.0 minutes, 0.23694294974917457 seconds
Avg batch val. time: 0.023694294974917457 seconds
Avg sample val. time: 0.0003731385035420072 seconds
Epoch 38 Validation Summary: epoch: 38.000000 | loss: 5.768423 | 
Epoch 39 Training Summary: epoch: 39.000000 | loss: 2.736921 | 
Epoch runtime: 0.0 hours, 0.0 minutes, 2.238152027130127 seconds

Avg epoch train. time: 0.0 hours, 0.0 minutes, 2.080114089525663 seconds
Avg batch train. time: 0.0693371363175221 seconds
Avg sample train. time: 0.0010919234065751512 seconds
Epoch 40 Training Summary: epoch: 40.000000 | loss: 3.434844 | 
Epoch runtime: 0.0 hours, 0.0 minutes, 2.6194775104522705 seconds

Avg epoch train. time: 0.0 hours, 0.0 minutes, 2.093598175048828 seconds
Avg batch train. time: 0.06978660583496094 seconds
Avg sample train. time: 0.0010990016666922982 seconds
Evaluating on validation set ...
Validation runtime: 0.0 hours, 0.0 minutes, 0.34099507331848145 seconds

Avg val. time: 0.0 hours, 0.0 minutes, 0.24167259172959762 seconds
Avg batch val. time: 0.02416725917295976 seconds
Avg sample val. time: 0.0003805867586292876 seconds
Epoch 40 Validation Summary: epoch: 40.000000 | loss: 13.530095 | 
Best loss was 0.3024682172640102. Other metrics: OrderedDict([('epoch', 10), ('loss', 0.3024682172640102)])
All Done!
Total runtime: 0.0 hours, 1.0 minutes, 33.19960355758667 seconds

