Running:
main.py --output_dir experiments/teresina_82579/prcp --comment regression for teresina_82579 --name teresina_82579_Regression --records_file experiments/teresina_82579/prcp/teresina_82579_Regression.xls --data_dir datasets/files/teresina_82579/prcp/ --data_class wf --pattern TRAIN --val_pattern TEST --epochs 40 --lr 0.0025 --optimizer RAdam --pos_encoding learnable --task regression

Using device: cpu
Loading and preprocessing data ...
229 samples may be used for training
64 samples will be used for validation
0 samples will be used for testing
Creating model ...
Model:
TSTransformerEncoderClassiregressor(
  (project_inp): Linear(in_features=5, out_features=64, bias=True)
  (pos_enc): LearnablePositionalEncoding(
    (dropout): Dropout(p=0.1, inplace=False)
  )
  (transformer_encoder): TransformerEncoder(
    (layers): ModuleList(
      (0): TransformerBatchNormEncoderLayer(
        (self_attn): MultiheadAttention(
          (out_proj): NonDynamicallyQuantizableLinear(in_features=64, out_features=64, bias=True)
        )
        (linear1): Linear(in_features=64, out_features=256, bias=True)
        (dropout): Dropout(p=0.1, inplace=False)
        (linear2): Linear(in_features=256, out_features=64, bias=True)
        (norm1): BatchNorm1d(64, eps=1e-05, momentum=0.1, affine=True, track_running_stats=True)
        (norm2): BatchNorm1d(64, eps=1e-05, momentum=0.1, affine=True, track_running_stats=True)
        (dropout1): Dropout(p=0.1, inplace=False)
        (dropout2): Dropout(p=0.1, inplace=False)
      )
      (1): TransformerBatchNormEncoderLayer(
        (self_attn): MultiheadAttention(
          (out_proj): NonDynamicallyQuantizableLinear(in_features=64, out_features=64, bias=True)
        )
        (linear1): Linear(in_features=64, out_features=256, bias=True)
        (dropout): Dropout(p=0.1, inplace=False)
        (linear2): Linear(in_features=256, out_features=64, bias=True)
        (norm1): BatchNorm1d(64, eps=1e-05, momentum=0.1, affine=True, track_running_stats=True)
        (norm2): BatchNorm1d(64, eps=1e-05, momentum=0.1, affine=True, track_running_stats=True)
        (dropout1): Dropout(p=0.1, inplace=False)
        (dropout2): Dropout(p=0.1, inplace=False)
      )
      (2): TransformerBatchNormEncoderLayer(
        (self_attn): MultiheadAttention(
          (out_proj): NonDynamicallyQuantizableLinear(in_features=64, out_features=64, bias=True)
        )
        (linear1): Linear(in_features=64, out_features=256, bias=True)
        (dropout): Dropout(p=0.1, inplace=False)
        (linear2): Linear(in_features=256, out_features=64, bias=True)
        (norm1): BatchNorm1d(64, eps=1e-05, momentum=0.1, affine=True, track_running_stats=True)
        (norm2): BatchNorm1d(64, eps=1e-05, momentum=0.1, affine=True, track_running_stats=True)
        (dropout1): Dropout(p=0.1, inplace=False)
        (dropout2): Dropout(p=0.1, inplace=False)
      )
    )
  )
  (dropout1): Dropout(p=0.1, inplace=False)
  (output_layer): Linear(in_features=1536, out_features=1, bias=True)
)
Total number of parameters: 153409
Trainable parameters: 153409
Evaluating on validation set ...
Validation runtime: 0.0 hours, 0.0 minutes, 0.03675389289855957 seconds

Avg val. time: 0.0 hours, 0.0 minutes, 0.03675389289855957 seconds
Avg batch val. time: 0.03675389289855957 seconds
Avg sample val. time: 0.0005742795765399933 seconds
Epoch 0 Validation Summary: epoch: 0.000000 | loss: 51.791618 | 
Starting training...
Epoch 1 Training Summary: epoch: 1.000000 | loss: 21.469896 | 
Epoch runtime: 0.0 hours, 0.0 minutes, 0.26551246643066406 seconds

Avg epoch train. time: 0.0 hours, 0.0 minutes, 0.26551246643066406 seconds
Avg batch train. time: 0.06637811660766602 seconds
Avg sample train. time: 0.0011594430848500615 seconds
Evaluating on validation set ...
Validation runtime: 0.0 hours, 0.0 minutes, 0.03029656410217285 seconds

Avg val. time: 0.0 hours, 0.0 minutes, 0.03352522850036621 seconds
Avg batch val. time: 0.03352522850036621 seconds
Avg sample val. time: 0.000523831695318222 seconds
Epoch 1 Validation Summary: epoch: 1.000000 | loss: 52.476936 | 
Epoch 2 Training Summary: epoch: 2.000000 | loss: 20.065524 | 
Epoch runtime: 0.0 hours, 0.0 minutes, 0.26384830474853516 seconds

Avg epoch train. time: 0.0 hours, 0.0 minutes, 0.2646803855895996 seconds
Avg batch train. time: 0.0661700963973999 seconds
Avg sample train. time: 0.001155809544059387 seconds
Evaluating on validation set ...
Validation runtime: 0.0 hours, 0.0 minutes, 0.02521204948425293 seconds

Avg val. time: 0.0 hours, 0.0 minutes, 0.03075416882832845 seconds
Avg batch val. time: 0.03075416882832845 seconds
Avg sample val. time: 0.000480533887942632 seconds
Epoch 2 Validation Summary: epoch: 2.000000 | loss: 53.054222 | 
Epoch 3 Training Summary: epoch: 3.000000 | loss: 19.089772 | 
Epoch runtime: 0.0 hours, 0.0 minutes, 0.2680034637451172 seconds

Avg epoch train. time: 0.0 hours, 0.0 minutes, 0.26578807830810547 seconds
Avg batch train. time: 0.06644701957702637 seconds
Avg sample train. time: 0.0011606466301663995 seconds
Epoch 4 Training Summary: epoch: 4.000000 | loss: 18.196163 | 
Epoch runtime: 0.0 hours, 0.0 minutes, 0.27082014083862305 seconds

Avg epoch train. time: 0.0 hours, 0.0 minutes, 0.26704609394073486 seconds
Avg batch train. time: 0.06676152348518372 seconds
Avg sample train. time: 0.001166140148212816 seconds
Evaluating on validation set ...
Validation runtime: 0.0 hours, 0.0 minutes, 0.02443981170654297 seconds

Avg val. time: 0.0 hours, 0.0 minutes, 0.02917557954788208 seconds
Avg batch val. time: 0.02917557954788208 seconds
Avg sample val. time: 0.0004558684304356575 seconds
Epoch 4 Validation Summary: epoch: 4.000000 | loss: 46.612984 | 
Epoch 5 Training Summary: epoch: 5.000000 | loss: 16.820504 | 
Epoch runtime: 0.0 hours, 0.0 minutes, 0.2618570327758789 seconds

Avg epoch train. time: 0.0 hours, 0.0 minutes, 0.2660082817077637 seconds
Avg batch train. time: 0.06650207042694092 seconds
Avg sample train. time: 0.0011616082170644703 seconds
Epoch 6 Training Summary: epoch: 6.000000 | loss: 16.191624 | 
Epoch runtime: 0.0 hours, 0.0 minutes, 0.2597224712371826 seconds

Avg epoch train. time: 0.0 hours, 0.0 minutes, 0.2649606466293335 seconds
Avg batch train. time: 0.06624016165733337 seconds
Avg sample train. time: 0.0011570333913944694 seconds
Evaluating on validation set ...
Validation runtime: 0.0 hours, 0.0 minutes, 0.0272982120513916 seconds

Avg val. time: 0.0 hours, 0.0 minutes, 0.028800106048583983 seconds
Avg batch val. time: 0.028800106048583983 seconds
Avg sample val. time: 0.00045000165700912473 seconds
Epoch 6 Validation Summary: epoch: 6.000000 | loss: 37.584602 | 
Epoch 7 Training Summary: epoch: 7.000000 | loss: 15.126283 | 
Epoch runtime: 0.0 hours, 0.0 minutes, 0.27219486236572266 seconds

Avg epoch train. time: 0.0 hours, 0.0 minutes, 0.26599410602024626 seconds
Avg batch train. time: 0.06649852650506156 seconds
Avg sample train. time: 0.001161546314498892 seconds
Epoch 8 Training Summary: epoch: 8.000000 | loss: 14.327143 | 
Epoch runtime: 0.0 hours, 0.0 minutes, 0.26170849800109863 seconds

Avg epoch train. time: 0.0 hours, 0.0 minutes, 0.2654584050178528 seconds
Avg batch train. time: 0.0663646012544632 seconds
Avg sample train. time: 0.0011592070088115843 seconds
Evaluating on validation set ...
Validation runtime: 0.0 hours, 0.0 minutes, 0.02630162239074707 seconds

Avg val. time: 0.0 hours, 0.0 minutes, 0.028383692105611164 seconds
Avg batch val. time: 0.028383692105611164 seconds
Avg sample val. time: 0.00044349518915017444 seconds
Epoch 8 Validation Summary: epoch: 8.000000 | loss: 35.440929 | 
Epoch 9 Training Summary: epoch: 9.000000 | loss: 14.133504 | 
Epoch runtime: 0.0 hours, 0.0 minutes, 0.26317906379699707 seconds

Avg epoch train. time: 0.0 hours, 0.0 minutes, 0.26520514488220215 seconds
Avg batch train. time: 0.06630128622055054 seconds
Avg sample train. time: 0.0011581010693545945 seconds
Epoch 10 Training Summary: epoch: 10.000000 | loss: 13.522456 | 
Epoch runtime: 0.0 hours, 0.0 minutes, 0.26888608932495117 seconds

Avg epoch train. time: 0.0 hours, 0.0 minutes, 0.26557323932647703 seconds
Avg batch train. time: 0.06639330983161926 seconds
Avg sample train. time: 0.0011597084686745722 seconds
Evaluating on validation set ...
Validation runtime: 0.0 hours, 0.0 minutes, 0.026096820831298828 seconds

Avg val. time: 0.0 hours, 0.0 minutes, 0.028056996209280833 seconds
Avg batch val. time: 0.028056996209280833 seconds
Avg sample val. time: 0.000438390565770013 seconds
Epoch 10 Validation Summary: epoch: 10.000000 | loss: 36.883026 | 
Epoch 11 Training Summary: epoch: 11.000000 | loss: 12.804896 | 
Epoch runtime: 0.0 hours, 0.0 minutes, 0.2530252933502197 seconds

Avg epoch train. time: 0.0 hours, 0.0 minutes, 0.2644325169649991 seconds
Avg batch train. time: 0.06610812924124977 seconds
Avg sample train. time: 0.0011547271483187732 seconds
Epoch 12 Training Summary: epoch: 12.000000 | loss: 11.491421 | 
Epoch runtime: 0.0 hours, 0.0 minutes, 0.2608935832977295 seconds

Avg epoch train. time: 0.0 hours, 0.0 minutes, 0.26413760582606 seconds
Avg batch train. time: 0.066034401456515 seconds
Avg sample train. time: 0.0011534393267513536 seconds
Evaluating on validation set ...
Validation runtime: 0.0 hours, 0.0 minutes, 0.0261991024017334 seconds

Avg val. time: 0.0 hours, 0.0 minutes, 0.027824759483337402 seconds
Avg batch val. time: 0.027824759483337402 seconds
Avg sample val. time: 0.0004347618669271469 seconds
Epoch 12 Validation Summary: epoch: 12.000000 | loss: 36.818089 | 
Epoch 13 Training Summary: epoch: 13.000000 | loss: 12.532471 | 
Epoch runtime: 0.0 hours, 0.0 minutes, 0.26917457580566406 seconds

Avg epoch train. time: 0.0 hours, 0.0 minutes, 0.2645250650552603 seconds
Avg batch train. time: 0.06613126626381508 seconds
Avg sample train. time: 0.0011551312884509183 seconds
Epoch 14 Training Summary: epoch: 14.000000 | loss: 11.596775 | 
Epoch runtime: 0.0 hours, 0.0 minutes, 0.2795882225036621 seconds

Avg epoch train. time: 0.0 hours, 0.0 minutes, 0.26560100487300325 seconds
Avg batch train. time: 0.06640025121825081 seconds
Avg sample train. time: 0.0011598297156026342 seconds
Evaluating on validation set ...
Validation runtime: 0.0 hours, 0.0 minutes, 0.027683258056640625 seconds

Avg val. time: 0.0 hours, 0.0 minutes, 0.027809037102593318 seconds
Avg batch val. time: 0.027809037102593318 seconds
Avg sample val. time: 0.0004345162047280206 seconds
Epoch 14 Validation Summary: epoch: 14.000000 | loss: 36.912018 | 
Epoch 15 Training Summary: epoch: 15.000000 | loss: 11.652963 | 
Epoch runtime: 0.0 hours, 0.0 minutes, 0.2620875835418701 seconds

Avg epoch train. time: 0.0 hours, 0.0 minutes, 0.26536677678426107 seconds
Avg batch train. time: 0.06634169419606527 seconds
Avg sample train. time: 0.0011588068855207907 seconds
Epoch 16 Training Summary: epoch: 16.000000 | loss: 10.783528 | 
Epoch runtime: 0.0 hours, 0.0 minutes, 0.26707005500793457 seconds

Avg epoch train. time: 0.0 hours, 0.0 minutes, 0.26547323167324066 seconds
Avg batch train. time: 0.06636830791831017 seconds
Avg sample train. time: 0.0011592717540316185 seconds
Evaluating on validation set ...
Validation runtime: 0.0 hours, 0.0 minutes, 0.025812625885009766 seconds

Avg val. time: 0.0 hours, 0.0 minutes, 0.02760939598083496 seconds
Avg batch val. time: 0.02760939598083496 seconds
Avg sample val. time: 0.00043139681220054625 seconds
Epoch 16 Validation Summary: epoch: 16.000000 | loss: 36.625130 | 
Epoch 17 Training Summary: epoch: 17.000000 | loss: 11.594615 | 
Epoch runtime: 0.0 hours, 0.0 minutes, 0.255570650100708 seconds

Avg epoch train. time: 0.0 hours, 0.0 minutes, 0.2648907268748564 seconds
Avg batch train. time: 0.0662226817187141 seconds
Avg sample train. time: 0.0011567280649557048 seconds
Epoch 18 Training Summary: epoch: 18.000000 | loss: 11.273383 | 
Epoch runtime: 0.0 hours, 0.0 minutes, 0.2532808780670166 seconds

Avg epoch train. time: 0.0 hours, 0.0 minutes, 0.26424573527442086 seconds
Avg batch train. time: 0.06606143381860521 seconds
Avg sample train. time: 0.0011539115077485627 seconds
Evaluating on validation set ...
Validation runtime: 0.0 hours, 0.0 minutes, 0.02700042724609375 seconds

Avg val. time: 0.0 hours, 0.0 minutes, 0.027554035186767578 seconds
Avg batch val. time: 0.027554035186767578 seconds
Avg sample val. time: 0.0004305317997932434 seconds
Epoch 18 Validation Summary: epoch: 18.000000 | loss: 36.058968 | 
Epoch 19 Training Summary: epoch: 19.000000 | loss: 11.264888 | 
Epoch runtime: 0.0 hours, 0.0 minutes, 0.26659202575683594 seconds

Avg epoch train. time: 0.0 hours, 0.0 minutes, 0.2643692242471795 seconds
Avg batch train. time: 0.06609230606179488 seconds
Avg sample train. time: 0.001154450760904714 seconds
Epoch 20 Training Summary: epoch: 20.000000 | loss: 12.001527 | 
Epoch runtime: 0.0 hours, 0.0 minutes, 0.25315022468566895 seconds

Avg epoch train. time: 0.0 hours, 0.0 minutes, 0.263808274269104 seconds
Avg batch train. time: 0.065952068567276 seconds
Avg sample train. time: 0.001152001197681677 seconds
Evaluating on validation set ...
Validation runtime: 0.0 hours, 0.0 minutes, 0.028051137924194336 seconds

Avg val. time: 0.0 hours, 0.0 minutes, 0.027595460414886475 seconds
Avg batch val. time: 0.027595460414886475 seconds
Avg sample val. time: 0.00043117906898260117 seconds
Epoch 20 Validation Summary: epoch: 20.000000 | loss: 38.906986 | 
Epoch 21 Training Summary: epoch: 21.000000 | loss: 10.263099 | 
Epoch runtime: 0.0 hours, 0.0 minutes, 0.2802009582519531 seconds

Avg epoch train. time: 0.0 hours, 0.0 minutes, 0.2645888782682873 seconds
Avg batch train. time: 0.06614721956707183 seconds
Avg sample train. time: 0.0011554099487698136 seconds
Epoch 22 Training Summary: epoch: 22.000000 | loss: 9.714917 | 
Epoch runtime: 0.0 hours, 0.0 minutes, 0.25507569313049316 seconds

Avg epoch train. time: 0.0 hours, 0.0 minutes, 0.2641564607620239 seconds
Avg batch train. time: 0.06603911519050598 seconds
Avg sample train. time: 0.0011535216627162617 seconds
Evaluating on validation set ...
Validation runtime: 0.0 hours, 0.0 minutes, 0.028267383575439453 seconds

Avg val. time: 0.0 hours, 0.0 minutes, 0.02764714681185209 seconds
Avg batch val. time: 0.02764714681185209 seconds
Avg sample val. time: 0.0004319866689351889 seconds
Epoch 22 Validation Summary: epoch: 22.000000 | loss: 36.366009 | 
Epoch 23 Training Summary: epoch: 23.000000 | loss: 9.929893 | 
Epoch runtime: 0.0 hours, 0.0 minutes, 0.25298452377319336 seconds

Avg epoch train. time: 0.0 hours, 0.0 minutes, 0.2636707243712052 seconds
Avg batch train. time: 0.0659176810928013 seconds
Avg sample train. time: 0.0011514005431056996 seconds
Epoch 24 Training Summary: epoch: 24.000000 | loss: 9.010948 | 
Epoch runtime: 0.0 hours, 0.0 minutes, 0.244004487991333 seconds

Avg epoch train. time: 0.0 hours, 0.0 minutes, 0.2628512978553772 seconds
Avg batch train. time: 0.0657128244638443 seconds
Avg sample train. time: 0.001147822261377193 seconds
Evaluating on validation set ...
Validation runtime: 0.0 hours, 0.0 minutes, 0.02867913246154785 seconds

Avg val. time: 0.0 hours, 0.0 minutes, 0.027720860072544644 seconds
Avg batch val. time: 0.027720860072544644 seconds
Avg sample val. time: 0.00043313843863351006 seconds
Epoch 24 Validation Summary: epoch: 24.000000 | loss: 35.218079 | 
Epoch 25 Training Summary: epoch: 25.000000 | loss: 8.849055 | 
Epoch runtime: 0.0 hours, 0.0 minutes, 0.25075769424438477 seconds

Avg epoch train. time: 0.0 hours, 0.0 minutes, 0.2623675537109375 seconds
Avg batch train. time: 0.06559188842773438 seconds
Avg sample train. time: 0.0011457098415324782 seconds
Epoch 26 Training Summary: epoch: 26.000000 | loss: 7.175465 | 
Epoch runtime: 0.0 hours, 0.0 minutes, 0.25644588470458984 seconds

Avg epoch train. time: 0.0 hours, 0.0 minutes, 0.26213979721069336 seconds
Avg batch train. time: 0.06553494930267334 seconds
Avg sample train. time: 0.0011447152716624164 seconds
Evaluating on validation set ...
Validation runtime: 0.0 hours, 0.0 minutes, 0.027095317840576172 seconds

Avg val. time: 0.0 hours, 0.0 minutes, 0.02767915725708008 seconds
Avg batch val. time: 0.02767915725708008 seconds
Avg sample val. time: 0.00043248683214187623 seconds
Epoch 26 Validation Summary: epoch: 26.000000 | loss: 35.057224 | 
Epoch 27 Training Summary: epoch: 27.000000 | loss: 8.413302 | 
Epoch runtime: 0.0 hours, 0.0 minutes, 0.28125715255737305 seconds

Avg epoch train. time: 0.0 hours, 0.0 minutes, 0.2628478474087185 seconds
Avg batch train. time: 0.06571196185217963 seconds
Avg sample train. time: 0.001147807193924535 seconds
Epoch 28 Training Summary: epoch: 28.000000 | loss: 7.894900 | 
Epoch runtime: 0.0 hours, 0.0 minutes, 0.24478411674499512 seconds

Avg epoch train. time: 0.0 hours, 0.0 minutes, 0.26220271417072843 seconds
Avg batch train. time: 0.06555067854268211 seconds
Avg sample train. time: 0.0011449900182127879 seconds
Evaluating on validation set ...
Validation runtime: 0.0 hours, 0.0 minutes, 0.02389836311340332 seconds

Avg val. time: 0.0 hours, 0.0 minutes, 0.02744285762310028 seconds
Avg batch val. time: 0.02744285762310028 seconds
Avg sample val. time: 0.0004287946503609419 seconds
Epoch 28 Validation Summary: epoch: 28.000000 | loss: 35.114105 | 
Epoch 29 Training Summary: epoch: 29.000000 | loss: 9.354921 | 
Epoch runtime: 0.0 hours, 0.0 minutes, 0.31206607818603516 seconds

Avg epoch train. time: 0.0 hours, 0.0 minutes, 0.2639221405160838 seconds
Avg batch train. time: 0.06598053512902095 seconds
Avg sample train. time: 0.0011524984302012393 seconds
Epoch 30 Training Summary: epoch: 30.000000 | loss: 6.174731 | 
Epoch runtime: 0.0 hours, 0.0 minutes, 0.24382448196411133 seconds

Avg epoch train. time: 0.0 hours, 0.0 minutes, 0.2632522185643514 seconds
Avg batch train. time: 0.06581305464108785 seconds
Avg sample train. time: 0.0011495730068312288 seconds
Evaluating on validation set ...
Validation runtime: 0.0 hours, 0.0 minutes, 0.026018857955932617 seconds

Avg val. time: 0.0 hours, 0.0 minutes, 0.027359092936796302 seconds
Avg batch val. time: 0.027359092936796302 seconds
Avg sample val. time: 0.0004274858271374422 seconds
Epoch 30 Validation Summary: epoch: 30.000000 | loss: 33.746216 | 
Epoch 31 Training Summary: epoch: 31.000000 | loss: 7.028278 | 
Epoch runtime: 0.0 hours, 0.0 minutes, 0.2459430694580078 seconds

Avg epoch train. time: 0.0 hours, 0.0 minutes, 0.2626938589157597 seconds
Avg batch train. time: 0.06567346472893992 seconds
Avg sample train. time: 0.0011471347550906536 seconds
Epoch 32 Training Summary: epoch: 32.000000 | loss: 5.977878 | 
Epoch runtime: 0.0 hours, 0.0 minutes, 0.2585592269897461 seconds

Avg epoch train. time: 0.0 hours, 0.0 minutes, 0.26256465166807175 seconds
Avg batch train. time: 0.06564116291701794 seconds
Avg sample train. time: 0.0011465705313016233 seconds
Evaluating on validation set ...
Validation runtime: 0.0 hours, 0.0 minutes, 0.02677297592163086 seconds

Avg val. time: 0.0 hours, 0.0 minutes, 0.02732653088039822 seconds
Avg batch val. time: 0.02732653088039822 seconds
Avg sample val. time: 0.0004269770450062222 seconds
Epoch 32 Validation Summary: epoch: 32.000000 | loss: 34.174423 | 
Epoch 33 Training Summary: epoch: 33.000000 | loss: 3.678151 | 
Epoch runtime: 0.0 hours, 0.0 minutes, 0.25891852378845215 seconds

Avg epoch train. time: 0.0 hours, 0.0 minutes, 0.2624541629444469 seconds
Avg batch train. time: 0.06561354073611173 seconds
Avg sample train. time: 0.0011460880477923445 seconds
Epoch 34 Training Summary: epoch: 34.000000 | loss: 7.615524 | 
Epoch runtime: 0.0 hours, 0.0 minutes, 0.26942920684814453 seconds

Avg epoch train. time: 0.0 hours, 0.0 minutes, 0.26265931129455566 seconds
Avg batch train. time: 0.06566482782363892 seconds
Avg sample train. time: 0.0011469838921159636 seconds
Evaluating on validation set ...
Validation runtime: 0.0 hours, 0.0 minutes, 0.023453235626220703 seconds

Avg val. time: 0.0 hours, 0.0 minutes, 0.02712267323544151 seconds
Avg batch val. time: 0.02712267323544151 seconds
Avg sample val. time: 0.0004237917693037736 seconds
Epoch 34 Validation Summary: epoch: 34.000000 | loss: 37.409981 | 
Epoch 35 Training Summary: epoch: 35.000000 | loss: 5.661682 | 
Epoch runtime: 0.0 hours, 0.0 minutes, 0.252133846282959 seconds

Avg epoch train. time: 0.0 hours, 0.0 minutes, 0.26235858372279575 seconds
Avg batch train. time: 0.06558964593069894 seconds
Avg sample train. time: 0.001145670671278584 seconds
Epoch 36 Training Summary: epoch: 36.000000 | loss: 6.191267 | 
Epoch runtime: 0.0 hours, 0.0 minutes, 0.30391621589660645 seconds

Avg epoch train. time: 0.0 hours, 0.0 minutes, 0.2635129623942905 seconds
Avg batch train. time: 0.06587824059857263 seconds
Avg sample train. time: 0.001150711626175941 seconds
Evaluating on validation set ...
Validation runtime: 0.0 hours, 0.0 minutes, 0.027324438095092773 seconds

Avg val. time: 0.0 hours, 0.0 minutes, 0.027132761478424073 seconds
Avg batch val. time: 0.027132761478424073 seconds
Avg sample val. time: 0.00042394939810037614 seconds
Epoch 36 Validation Summary: epoch: 36.000000 | loss: 41.077042 | 
Epoch 37 Training Summary: epoch: 37.000000 | loss: 4.502571 | 
Epoch runtime: 0.0 hours, 0.0 minutes, 0.23668980598449707 seconds

Avg epoch train. time: 0.0 hours, 0.0 minutes, 0.26278801222105286 seconds
Avg batch train. time: 0.06569700305526321 seconds
Avg sample train. time: 0.0011475459048954273 seconds
Epoch 38 Training Summary: epoch: 38.000000 | loss: 3.694127 | 
Epoch runtime: 0.0 hours, 0.0 minutes, 0.26144838333129883 seconds

Avg epoch train. time: 0.0 hours, 0.0 minutes, 0.2627527588292172 seconds
Avg batch train. time: 0.0656881897073043 seconds
Avg sample train. time: 0.0011473919599529136 seconds
Evaluating on validation set ...
Validation runtime: 0.0 hours, 0.0 minutes, 0.025879383087158203 seconds

Avg val. time: 0.0 hours, 0.0 minutes, 0.0270730767931257 seconds
Avg batch val. time: 0.0270730767931257 seconds
Avg sample val. time: 0.00042301682489258904 seconds
Epoch 38 Validation Summary: epoch: 38.000000 | loss: 40.699142 | 
Epoch 39 Training Summary: epoch: 39.000000 | loss: 4.995602 | 
Epoch runtime: 0.0 hours, 0.0 minutes, 0.2408156394958496 seconds

Avg epoch train. time: 0.0 hours, 0.0 minutes, 0.2621902685899001 seconds
Avg batch train. time: 0.06554756714747502 seconds
Avg sample train. time: 0.0011449356706982536 seconds
Epoch 40 Training Summary: epoch: 40.000000 | loss: 3.957314 | 
Epoch runtime: 0.0 hours, 0.0 minutes, 0.25295495986938477 seconds

Avg epoch train. time: 0.0 hours, 0.0 minutes, 0.2619593858718872 seconds
Avg batch train. time: 0.0654898464679718 seconds
Avg sample train. time: 0.0011439274492222149 seconds
Evaluating on validation set ...
Validation runtime: 0.0 hours, 0.0 minutes, 0.026085615158081055 seconds

Avg val. time: 0.0 hours, 0.0 minutes, 0.02702819217335094 seconds
Avg batch val. time: 0.02702819217335094 seconds
Avg sample val. time: 0.00042231550270860845 seconds
Epoch 40 Validation Summary: epoch: 40.000000 | loss: 43.166538 | 
Best loss was 33.7462158203125. Other metrics: OrderedDict([('epoch', 30), ('loss', 33.7462158203125)])
All Done!
Total runtime: 0.0 hours, 0.0 minutes, 12.503597021102905 seconds

