Running:
main.py --output_dir experiments/curitiba_83842/ --comment regression for curitiba_83842 --name curitiba_83842_Regression --records_file experiments/curitiba_83842/curitiba_83842_Regression.xls --data_dir datasets/files/curitiba_83842/ --data_class wf --pattern TRAIN --val_pattern TEST --epochs 50 --lr 0.0025 --optimizer RAdam --pos_encoding learnable --task regression

Using device: cpu
Loading and preprocessing data ...
1905 samples may be used for training
635 samples will be used for validation
0 samples will be used for testing
Creating model ...
Model:
TSTransformerEncoderClassiregressor(
  (project_inp): Linear(in_features=5, out_features=64, bias=True)
  (pos_enc): LearnablePositionalEncoding(
    (dropout): Dropout(p=0.1, inplace=False)
  )
  (transformer_encoder): TransformerEncoder(
    (layers): ModuleList(
      (0): TransformerBatchNormEncoderLayer(
        (self_attn): MultiheadAttention(
          (out_proj): NonDynamicallyQuantizableLinear(in_features=64, out_features=64, bias=True)
        )
        (linear1): Linear(in_features=64, out_features=256, bias=True)
        (dropout): Dropout(p=0.1, inplace=False)
        (linear2): Linear(in_features=256, out_features=64, bias=True)
        (norm1): BatchNorm1d(64, eps=1e-05, momentum=0.1, affine=True, track_running_stats=True)
        (norm2): BatchNorm1d(64, eps=1e-05, momentum=0.1, affine=True, track_running_stats=True)
        (dropout1): Dropout(p=0.1, inplace=False)
        (dropout2): Dropout(p=0.1, inplace=False)
      )
      (1): TransformerBatchNormEncoderLayer(
        (self_attn): MultiheadAttention(
          (out_proj): NonDynamicallyQuantizableLinear(in_features=64, out_features=64, bias=True)
        )
        (linear1): Linear(in_features=64, out_features=256, bias=True)
        (dropout): Dropout(p=0.1, inplace=False)
        (linear2): Linear(in_features=256, out_features=64, bias=True)
        (norm1): BatchNorm1d(64, eps=1e-05, momentum=0.1, affine=True, track_running_stats=True)
        (norm2): BatchNorm1d(64, eps=1e-05, momentum=0.1, affine=True, track_running_stats=True)
        (dropout1): Dropout(p=0.1, inplace=False)
        (dropout2): Dropout(p=0.1, inplace=False)
      )
      (2): TransformerBatchNormEncoderLayer(
        (self_attn): MultiheadAttention(
          (out_proj): NonDynamicallyQuantizableLinear(in_features=64, out_features=64, bias=True)
        )
        (linear1): Linear(in_features=64, out_features=256, bias=True)
        (dropout): Dropout(p=0.1, inplace=False)
        (linear2): Linear(in_features=256, out_features=64, bias=True)
        (norm1): BatchNorm1d(64, eps=1e-05, momentum=0.1, affine=True, track_running_stats=True)
        (norm2): BatchNorm1d(64, eps=1e-05, momentum=0.1, affine=True, track_running_stats=True)
        (dropout1): Dropout(p=0.1, inplace=False)
        (dropout2): Dropout(p=0.1, inplace=False)
      )
    )
  )
  (dropout1): Dropout(p=0.1, inplace=False)
  (output_layer): Linear(in_features=1536, out_features=1, bias=True)
)
Total number of parameters: 153409
Trainable parameters: 153409
Evaluating on validation set ...
Validation runtime: 0.0 hours, 0.0 minutes, 0.18400025367736816 seconds

Avg val. time: 0.0 hours, 0.0 minutes, 0.18400025367736816 seconds
Avg batch val. time: 0.018400025367736817 seconds
Avg sample val. time: 0.00028976417901947744 seconds
Epoch 0 Validation Summary: epoch: 0.000000 | loss: 492.563493 | 
Starting training...
Epoch 1 Training Summary: epoch: 1.000000 | loss: 313.193695 | 
Epoch runtime: 0.0 hours, 0.0 minutes, 1.9735651016235352 seconds

Avg epoch train. time: 0.0 hours, 0.0 minutes, 1.9735651016235352 seconds
Avg batch train. time: 0.06578550338745118 seconds
Avg sample train. time: 0.0010359921793299397 seconds
Evaluating on validation set ...
Validation runtime: 0.0 hours, 0.0 minutes, 0.24100065231323242 seconds

Avg val. time: 0.0 hours, 0.0 minutes, 0.2125004529953003 seconds
Avg batch val. time: 0.021250045299530028 seconds
Avg sample val. time: 0.0003346463826697642 seconds
Epoch 1 Validation Summary: epoch: 1.000000 | loss: 205.325943 | 
Epoch 2 Training Summary: epoch: 2.000000 | loss: 174.580702 | 
Epoch runtime: 0.0 hours, 0.0 minutes, 2.048609733581543 seconds

Avg epoch train. time: 0.0 hours, 0.0 minutes, 2.011087417602539 seconds
Avg batch train. time: 0.06703624725341797 seconds
Avg sample train. time: 0.0010556889331246925 seconds
Evaluating on validation set ...
Validation runtime: 0.0 hours, 0.0 minutes, 0.22500109672546387 seconds

Avg val. time: 0.0 hours, 0.0 minutes, 0.21666733423868814 seconds
Avg batch val. time: 0.021666733423868816 seconds
Avg sample val. time: 0.0003412084003758868 seconds
Epoch 2 Validation Summary: epoch: 2.000000 | loss: 84.540657 | 
Epoch 3 Training Summary: epoch: 3.000000 | loss: 38.005205 | 
Epoch runtime: 0.0 hours, 0.0 minutes, 2.0410218238830566 seconds

Avg epoch train. time: 0.0 hours, 0.0 minutes, 2.0210655530293784 seconds
Avg batch train. time: 0.06736885176764594 seconds
Avg sample train. time: 0.0010609267994904873 seconds
Epoch 4 Training Summary: epoch: 4.000000 | loss: 2.475175 | 
Epoch runtime: 0.0 hours, 0.0 minutes, 2.274825096130371 seconds

Avg epoch train. time: 0.0 hours, 0.0 minutes, 2.0845054388046265 seconds
Avg batch train. time: 0.06948351462682088 seconds
Avg sample train. time: 0.001094228576800329 seconds
Evaluating on validation set ...
Validation runtime: 0.0 hours, 0.0 minutes, 0.2549877166748047 seconds

Avg val. time: 0.0 hours, 0.0 minutes, 0.22624742984771729 seconds
Avg batch val. time: 0.02262474298477173 seconds
Avg sample val. time: 0.0003562951651145154 seconds
Epoch 4 Validation Summary: epoch: 4.000000 | loss: 1.753742 | 
Epoch 5 Training Summary: epoch: 5.000000 | loss: 1.376468 | 
Epoch runtime: 0.0 hours, 0.0 minutes, 2.3130223751068115 seconds

Avg epoch train. time: 0.0 hours, 0.0 minutes, 2.1302088260650636 seconds
Avg batch train. time: 0.07100696086883546 seconds
Avg sample train. time: 0.001118219856202133 seconds
Epoch 6 Training Summary: epoch: 6.000000 | loss: 1.035925 | 
Epoch runtime: 0.0 hours, 0.0 minutes, 2.113867998123169 seconds

Avg epoch train. time: 0.0 hours, 0.0 minutes, 2.1274853547414145 seconds
Avg batch train. time: 0.07091617849138049 seconds
Avg sample train. time: 0.0011167902124626847 seconds
Evaluating on validation set ...
Validation runtime: 0.0 hours, 0.0 minutes, 0.24100804328918457 seconds

Avg val. time: 0.0 hours, 0.0 minutes, 0.22919955253601074 seconds
Avg batch val. time: 0.022919955253601073 seconds
Avg sample val. time: 0.00036094417722206415 seconds
Epoch 6 Validation Summary: epoch: 6.000000 | loss: 1.173586 | 
Epoch 7 Training Summary: epoch: 7.000000 | loss: 1.040549 | 
Epoch runtime: 0.0 hours, 0.0 minutes, 2.345062255859375 seconds

Avg epoch train. time: 0.0 hours, 0.0 minutes, 2.1585677691868375 seconds
Avg batch train. time: 0.07195225897289458 seconds
Avg sample train. time: 0.0011331064405180249 seconds
Epoch 8 Training Summary: epoch: 8.000000 | loss: 0.771801 | 
Epoch runtime: 0.0 hours, 0.0 minutes, 2.10679030418396 seconds

Avg epoch train. time: 0.0 hours, 0.0 minutes, 2.1520955860614777 seconds
Avg batch train. time: 0.07173651953538258 seconds
Avg sample train. time: 0.001129708969061143 seconds
Evaluating on validation set ...
Validation runtime: 0.0 hours, 0.0 minutes, 0.24212312698364258 seconds

Avg val. time: 0.0 hours, 0.0 minutes, 0.23135348161061606 seconds
Avg batch val. time: 0.023135348161061605 seconds
Avg sample val. time: 0.0003643361915127812 seconds
Epoch 8 Validation Summary: epoch: 8.000000 | loss: 0.745942 | 
Epoch 9 Training Summary: epoch: 9.000000 | loss: 0.807286 | 
Epoch runtime: 0.0 hours, 0.0 minutes, 2.060853958129883 seconds

Avg epoch train. time: 0.0 hours, 0.0 minutes, 2.1419576274024115 seconds
Avg batch train. time: 0.07139858758008039 seconds
Avg sample train. time: 0.0011243872059855178 seconds
Epoch 10 Training Summary: epoch: 10.000000 | loss: 0.663303 | 
Epoch runtime: 0.0 hours, 0.0 minutes, 2.0685157775878906 seconds

Avg epoch train. time: 0.0 hours, 0.0 minutes, 2.1346134424209593 seconds
Avg batch train. time: 0.07115378141403197 seconds
Avg sample train. time: 0.0011205319907721572 seconds
Evaluating on validation set ...
Validation runtime: 0.0 hours, 0.0 minutes, 0.2442774772644043 seconds

Avg val. time: 0.0 hours, 0.0 minutes, 0.23319976670401438 seconds
Avg batch val. time: 0.02331997667040144 seconds
Avg sample val. time: 0.00036724372709293605 seconds
Epoch 10 Validation Summary: epoch: 10.000000 | loss: 0.455463 | 
Epoch 11 Training Summary: epoch: 11.000000 | loss: 0.482965 | 
Epoch runtime: 0.0 hours, 0.0 minutes, 2.1696553230285645 seconds

Avg epoch train. time: 0.0 hours, 0.0 minutes, 2.1377990679307417 seconds
Avg batch train. time: 0.07125996893102472 seconds
Avg sample train. time: 0.0011222042351342477 seconds
Epoch 12 Training Summary: epoch: 12.000000 | loss: 0.728935 | 
Epoch runtime: 0.0 hours, 0.0 minutes, 2.107224464416504 seconds

Avg epoch train. time: 0.0 hours, 0.0 minutes, 2.1352511843045554 seconds
Avg batch train. time: 0.07117503947681851 seconds
Avg sample train. time: 0.0011208667634144648 seconds
Evaluating on validation set ...
Validation runtime: 0.0 hours, 0.0 minutes, 0.2239367961883545 seconds

Avg val. time: 0.0 hours, 0.0 minutes, 0.23204189538955688 seconds
Avg batch val. time: 0.02320418953895569 seconds
Avg sample val. time: 0.00036542030770008956 seconds
Epoch 12 Validation Summary: epoch: 12.000000 | loss: 0.808928 | 
Epoch 13 Training Summary: epoch: 13.000000 | loss: 0.585727 | 
Epoch runtime: 0.0 hours, 0.0 minutes, 1.938997507095337 seconds

Avg epoch train. time: 0.0 hours, 0.0 minutes, 2.1201547475961537 seconds
Avg batch train. time: 0.0706718249198718 seconds
Avg sample train. time: 0.0011129421247223904 seconds
Epoch 14 Training Summary: epoch: 14.000000 | loss: 0.881206 | 
Epoch runtime: 0.0 hours, 0.0 minutes, 1.8882341384887695 seconds

Avg epoch train. time: 0.0 hours, 0.0 minutes, 2.1035889898027693 seconds
Avg batch train. time: 0.07011963299342565 seconds
Avg sample train. time: 0.0011042461888728448 seconds
Evaluating on validation set ...
Validation runtime: 0.0 hours, 0.0 minutes, 0.21599411964416504 seconds

Avg val. time: 0.0 hours, 0.0 minutes, 0.23025880919562447 seconds
Avg batch val. time: 0.023025880919562446 seconds
Avg sample val. time: 0.0003626122979458653 seconds
Epoch 14 Validation Summary: epoch: 14.000000 | loss: 1.740881 | 
Epoch 15 Training Summary: epoch: 15.000000 | loss: 0.776095 | 
Epoch runtime: 0.0 hours, 0.0 minutes, 1.878281593322754 seconds

Avg epoch train. time: 0.0 hours, 0.0 minutes, 2.0885684967041014 seconds
Avg batch train. time: 0.06961894989013671 seconds
Avg sample train. time: 0.001096361415592704 seconds
Epoch 16 Training Summary: epoch: 16.000000 | loss: 0.620080 | 
Epoch runtime: 0.0 hours, 0.0 minutes, 1.8536908626556396 seconds

Avg epoch train. time: 0.0 hours, 0.0 minutes, 2.0738886445760727 seconds
Avg batch train. time: 0.06912962148586908 seconds
Avg sample train. time: 0.0010886554564703793 seconds
Evaluating on validation set ...
Validation runtime: 0.0 hours, 0.0 minutes, 0.22507095336914062 seconds

Avg val. time: 0.0 hours, 0.0 minutes, 0.22974002361297607 seconds
Avg batch val. time: 0.022974002361297607 seconds
Avg sample val. time: 0.0003617953127763403 seconds
Epoch 16 Validation Summary: epoch: 16.000000 | loss: 1.333881 | 
Epoch 17 Training Summary: epoch: 17.000000 | loss: 0.672028 | 
Epoch runtime: 0.0 hours, 0.0 minutes, 1.8555850982666016 seconds

Avg epoch train. time: 0.0 hours, 0.0 minutes, 2.0610472594990448 seconds
Avg batch train. time: 0.06870157531663483 seconds
Avg sample train. time: 0.001081914571915509 seconds
Epoch 18 Training Summary: epoch: 18.000000 | loss: 0.521866 | 
Epoch runtime: 0.0 hours, 0.0 minutes, 1.8215510845184326 seconds

Avg epoch train. time: 0.0 hours, 0.0 minutes, 2.0477419164445667 seconds
Avg batch train. time: 0.06825806388148556 seconds
Avg sample train. time: 0.0010749301398659142 seconds
Evaluating on validation set ...
Validation runtime: 0.0 hours, 0.0 minutes, 0.2081613540649414 seconds

Avg val. time: 0.0 hours, 0.0 minutes, 0.22777832638133655 seconds
Avg batch val. time: 0.022777832638133655 seconds
Avg sample val. time: 0.0003587060257973804 seconds
Epoch 18 Validation Summary: epoch: 18.000000 | loss: 1.100624 | 
Epoch 19 Training Summary: epoch: 19.000000 | loss: 0.649418 | 
Epoch runtime: 0.0 hours, 0.0 minutes, 1.824622392654419 seconds

Avg epoch train. time: 0.0 hours, 0.0 minutes, 2.0359987836135063 seconds
Avg batch train. time: 0.0678666261204502 seconds
Avg sample train. time: 0.0010687657656763812 seconds
Epoch 20 Training Summary: epoch: 20.000000 | loss: 0.772555 | 
Epoch runtime: 0.0 hours, 0.0 minutes, 1.776245355606079 seconds

Avg epoch train. time: 0.0 hours, 0.0 minutes, 2.0230111122131347 seconds
Avg batch train. time: 0.06743370374043782 seconds
Avg sample train. time: 0.0010619480904005957 seconds
Evaluating on validation set ...
Validation runtime: 0.0 hours, 0.0 minutes, 0.21182918548583984 seconds

Avg val. time: 0.0 hours, 0.0 minutes, 0.22644923130671182 seconds
Avg batch val. time: 0.022644923130671183 seconds
Avg sample val. time: 0.00035661296268773516 seconds
Epoch 20 Validation Summary: epoch: 20.000000 | loss: 0.259665 | 
Epoch 21 Training Summary: epoch: 21.000000 | loss: 1.000128 | 
Epoch runtime: 0.0 hours, 0.0 minutes, 1.77730131149292 seconds

Avg epoch train. time: 0.0 hours, 0.0 minutes, 2.011310645512172 seconds
Avg batch train. time: 0.06704368818373907 seconds
Avg sample train. time: 0.0010558061131297491 seconds
Epoch 22 Training Summary: epoch: 22.000000 | loss: 0.646875 | 
Epoch runtime: 0.0 hours, 0.0 minutes, 1.7406203746795654 seconds

Avg epoch train. time: 0.0 hours, 0.0 minutes, 1.9990065422925083 seconds
Avg batch train. time: 0.06663355140975027 seconds
Avg sample train. time: 0.00104934726629528 seconds
Evaluating on validation set ...
Validation runtime: 0.0 hours, 0.0 minutes, 0.20800042152404785 seconds

Avg val. time: 0.0 hours, 0.0 minutes, 0.22503009209266076 seconds
Avg batch val. time: 0.022503009209266074 seconds
Avg sample val. time: 0.00035437809778371773 seconds
Epoch 22 Validation Summary: epoch: 22.000000 | loss: 3.093628 | 
Epoch 23 Training Summary: epoch: 23.000000 | loss: 0.760356 | 
Epoch runtime: 0.0 hours, 0.0 minutes, 1.751112461090088 seconds

Avg epoch train. time: 0.0 hours, 0.0 minutes, 1.9882285387619683 seconds
Avg batch train. time: 0.06627428462539894 seconds
Avg sample train. time: 0.0010436895216598258 seconds
Epoch 24 Training Summary: epoch: 24.000000 | loss: 1.015949 | 
Epoch runtime: 0.0 hours, 0.0 minutes, 1.782113790512085 seconds

Avg epoch train. time: 0.0 hours, 0.0 minutes, 1.9796404242515564 seconds
Avg batch train. time: 0.06598801414171855 seconds
Avg sample train. time: 0.0010391813250664338 seconds
Evaluating on validation set ...
Validation runtime: 0.0 hours, 0.0 minutes, 0.21002912521362305 seconds

Avg val. time: 0.0 hours, 0.0 minutes, 0.22395859445844377 seconds
Avg batch val. time: 0.022395859445844376 seconds
Avg sample val. time: 0.0003526906999345571 seconds
Epoch 24 Validation Summary: epoch: 24.000000 | loss: 3.311137 | 
Epoch 25 Training Summary: epoch: 25.000000 | loss: 0.433268 | 
Epoch runtime: 0.0 hours, 0.0 minutes, 1.7510309219360352 seconds

Avg epoch train. time: 0.0 hours, 0.0 minutes, 1.9704960441589356 seconds
Avg batch train. time: 0.06568320147196452 seconds
Avg sample train. time: 0.0010343811255427483 seconds
Epoch 26 Training Summary: epoch: 26.000000 | loss: 0.995086 | 
Epoch runtime: 0.0 hours, 0.0 minutes, 1.7696008682250977 seconds

Avg epoch train. time: 0.0 hours, 0.0 minutes, 1.9627693066230187 seconds
Avg batch train. time: 0.06542564355410062 seconds
Avg sample train. time: 0.0010303250953401673 seconds
Evaluating on validation set ...
Validation runtime: 0.0 hours, 0.0 minutes, 0.2050642967224121 seconds

Avg val. time: 0.0 hours, 0.0 minutes, 0.222698974609375 seconds
Avg batch val. time: 0.0222698974609375 seconds
Avg sample val. time: 0.000350707046628937 seconds
Epoch 26 Validation Summary: epoch: 26.000000 | loss: 2.355222 | 
Epoch 27 Training Summary: epoch: 27.000000 | loss: 0.847279 | 
Epoch runtime: 0.0 hours, 0.0 minutes, 1.7806761264801025 seconds

Avg epoch train. time: 0.0 hours, 0.0 minutes, 1.9560251147658736 seconds
Avg batch train. time: 0.06520083715886245 seconds
Avg sample train. time: 0.0010267848371474401 seconds
Epoch 28 Training Summary: epoch: 28.000000 | loss: 0.673767 | 
Epoch runtime: 0.0 hours, 0.0 minutes, 1.7612886428833008 seconds

Avg epoch train. time: 0.0 hours, 0.0 minutes, 1.9490702407700675 seconds
Avg batch train. time: 0.06496900802566892 seconds
Avg sample train. time: 0.0010231339846562034 seconds
Evaluating on validation set ...
Validation runtime: 0.0 hours, 0.0 minutes, 0.21399903297424316 seconds

Avg val. time: 0.0 hours, 0.0 minutes, 0.22215522825717926 seconds
Avg batch val. time: 0.022215522825717926 seconds
Avg sample val. time: 0.00034985075316091224 seconds
Epoch 28 Validation Summary: epoch: 28.000000 | loss: 0.914651 | 
Epoch 29 Training Summary: epoch: 29.000000 | loss: 0.660768 | 
Epoch runtime: 0.0 hours, 0.0 minutes, 1.8541302680969238 seconds

Avg epoch train. time: 0.0 hours, 0.0 minutes, 1.9457964486089245 seconds
Avg batch train. time: 0.06485988162029749 seconds
Avg sample train. time: 0.001021415458587362 seconds
Epoch 30 Training Summary: epoch: 30.000000 | loss: 0.899712 | 
Epoch runtime: 0.0 hours, 0.0 minutes, 2.1226284503936768 seconds

Avg epoch train. time: 0.0 hours, 0.0 minutes, 1.9516908486684164 seconds
Avg batch train. time: 0.06505636162228054 seconds
Avg sample train. time: 0.0010245096318469377 seconds
Evaluating on validation set ...
Validation runtime: 0.0 hours, 0.0 minutes, 0.2360084056854248 seconds

Avg val. time: 0.0 hours, 0.0 minutes, 0.22297012104707606 seconds
Avg batch val. time: 0.022297012104707605 seconds
Avg sample val. time: 0.00035113404889303314 seconds
Epoch 30 Validation Summary: epoch: 30.000000 | loss: 2.019980 | 
Epoch 31 Training Summary: epoch: 31.000000 | loss: 0.819577 | 
Epoch runtime: 0.0 hours, 0.0 minutes, 1.9805591106414795 seconds

Avg epoch train. time: 0.0 hours, 0.0 minutes, 1.952622082925612 seconds
Avg batch train. time: 0.06508740276418706 seconds
Avg sample train. time: 0.0010249984687273554 seconds
Epoch 32 Training Summary: epoch: 32.000000 | loss: 0.588954 | 
Epoch runtime: 0.0 hours, 0.0 minutes, 1.9273948669433594 seconds

Avg epoch train. time: 0.0 hours, 0.0 minutes, 1.9518337324261665 seconds
Avg batch train. time: 0.06506112441420556 seconds
Avg sample train. time: 0.001024584636444182 seconds
Evaluating on validation set ...
Validation runtime: 0.0 hours, 0.0 minutes, 0.2200021743774414 seconds

Avg val. time: 0.0 hours, 0.0 minutes, 0.22280523512098524 seconds
Avg batch val. time: 0.022280523512098523 seconds
Avg sample val. time: 0.0003508743860172996 seconds
Epoch 32 Validation Summary: epoch: 32.000000 | loss: 1.114776 | 
Epoch 33 Training Summary: epoch: 33.000000 | loss: 0.465879 | 
Epoch runtime: 0.0 hours, 0.0 minutes, 2.090693473815918 seconds

Avg epoch train. time: 0.0 hours, 0.0 minutes, 1.956041603377371 seconds
Avg batch train. time: 0.06520138677924571 seconds
Avg sample train. time: 0.0010267934925865464 seconds
Epoch 34 Training Summary: epoch: 34.000000 | loss: 0.550043 | 
Epoch runtime: 0.0 hours, 0.0 minutes, 2.027040958404541 seconds

Avg epoch train. time: 0.0 hours, 0.0 minutes, 1.9581298197016996 seconds
Avg batch train. time: 0.06527099399005666 seconds
Avg sample train. time: 0.0010278896691347504 seconds
Evaluating on validation set ...
Validation runtime: 0.0 hours, 0.0 minutes, 0.2570962905883789 seconds

Avg val. time: 0.0 hours, 0.0 minutes, 0.22461002751400597 seconds
Avg batch val. time: 0.022461002751400595 seconds
Avg sample val. time: 0.0003537165787622141 seconds
Epoch 34 Validation Summary: epoch: 34.000000 | loss: 0.570773 | 
Epoch 35 Training Summary: epoch: 35.000000 | loss: 0.938100 | 
Epoch runtime: 0.0 hours, 0.0 minutes, 2.153027057647705 seconds

Avg epoch train. time: 0.0 hours, 0.0 minutes, 1.9636983122144427 seconds
Avg batch train. time: 0.06545661040714809 seconds
Avg sample train. time: 0.0010308127623172927 seconds
Epoch 36 Training Summary: epoch: 36.000000 | loss: 0.980124 | 
Epoch runtime: 0.0 hours, 0.0 minutes, 2.1267521381378174 seconds

Avg epoch train. time: 0.0 hours, 0.0 minutes, 1.9682275851567586 seconds
Avg batch train. time: 0.06560758617189195 seconds
Avg sample train. time: 0.0010331903334156213 seconds
Evaluating on validation set ...
Validation runtime: 0.0 hours, 0.0 minutes, 0.25034046173095703 seconds

Avg val. time: 0.0 hours, 0.0 minutes, 0.22589654922485353 seconds
Avg batch val. time: 0.022589654922485353 seconds
Avg sample val. time: 0.00035574259720449374 seconds
Epoch 36 Validation Summary: epoch: 36.000000 | loss: 2.763571 | 
Epoch 37 Training Summary: epoch: 37.000000 | loss: 0.881504 | 
Epoch runtime: 0.0 hours, 0.0 minutes, 2.026386260986328 seconds

Avg epoch train. time: 0.0 hours, 0.0 minutes, 1.9697994412602604 seconds
Avg batch train. time: 0.06565998137534201 seconds
Avg sample train. time: 0.0010340154547297956 seconds
Epoch 38 Training Summary: epoch: 38.000000 | loss: 1.106406 | 
Epoch runtime: 0.0 hours, 0.0 minutes, 2.0678110122680664 seconds

Avg epoch train. time: 0.0 hours, 0.0 minutes, 1.972378693128887 seconds
Avg batch train. time: 0.06574595643762957 seconds
Avg sample train. time: 0.0010353693927185757 seconds
Evaluating on validation set ...
Validation runtime: 0.0 hours, 0.0 minutes, 0.26600193977355957 seconds

Avg val. time: 0.0 hours, 0.0 minutes, 0.22780632972717285 seconds
Avg batch val. time: 0.022780632972717284 seconds
Avg sample val. time: 0.0003587501255546029 seconds
Epoch 38 Validation Summary: epoch: 38.000000 | loss: 5.066252 | 
Epoch 39 Training Summary: epoch: 39.000000 | loss: 0.875179 | 
Epoch runtime: 0.0 hours, 0.0 minutes, 2.1256322860717773 seconds

Avg epoch train. time: 0.0 hours, 0.0 minutes, 1.9763082724351149 seconds
Avg batch train. time: 0.06587694241450383 seconds
Avg sample train. time: 0.0010374321640079342 seconds
Epoch 40 Training Summary: epoch: 40.000000 | loss: 0.807527 | 
Epoch runtime: 0.0 hours, 0.0 minutes, 2.1473817825317383 seconds

Avg epoch train. time: 0.0 hours, 0.0 minutes, 1.9805851101875305 seconds
Avg batch train. time: 0.06601950367291769 seconds
Avg sample train. time: 0.001039677223195554 seconds
Evaluating on validation set ...
Validation runtime: 0.0 hours, 0.0 minutes, 0.2769460678100586 seconds

Avg val. time: 0.0 hours, 0.0 minutes, 0.23003995418548584 seconds
Avg batch val. time: 0.023003995418548584 seconds
Avg sample val. time: 0.0003622676443865919 seconds
Epoch 40 Validation Summary: epoch: 40.000000 | loss: 3.586927 | 
Epoch 41 Training Summary: epoch: 41.000000 | loss: 0.506994 | 
Epoch runtime: 0.0 hours, 0.0 minutes, 2.257718563079834 seconds

Avg epoch train. time: 0.0 hours, 0.0 minutes, 1.9873444626970989 seconds
Avg batch train. time: 0.06624481542323662 seconds
Avg sample train. time: 0.0010432254397360098 seconds
Epoch 42 Training Summary: epoch: 42.000000 | loss: 0.625577 | 
Epoch runtime: 0.0 hours, 0.0 minutes, 2.179147720336914 seconds

Avg epoch train. time: 0.0 hours, 0.0 minutes, 1.9919112069266183 seconds
Avg batch train. time: 0.06639704023088727 seconds
Avg sample train. time: 0.0010456226808013744 seconds
Evaluating on validation set ...
Validation runtime: 0.0 hours, 0.0 minutes, 0.2612345218658447 seconds

Avg val. time: 0.0 hours, 0.0 minutes, 0.2313962397368058 seconds
Avg batch val. time: 0.02313962397368058 seconds
Avg sample val. time: 0.00036440352714457605 seconds
Epoch 42 Validation Summary: epoch: 42.000000 | loss: 1.842096 | 
Epoch 43 Training Summary: epoch: 43.000000 | loss: 0.989069 | 
Epoch runtime: 0.0 hours, 0.0 minutes, 2.292523145675659 seconds

Avg epoch train. time: 0.0 hours, 0.0 minutes, 1.9989021822463635 seconds
Avg batch train. time: 0.06663007274154545 seconds
Avg sample train. time: 0.001049292484118826 seconds
Epoch 44 Training Summary: epoch: 44.000000 | loss: 0.932718 | 
Epoch runtime: 0.0 hours, 0.0 minutes, 2.333509922027588 seconds

Avg epoch train. time: 0.0 hours, 0.0 minutes, 2.0065069036050276 seconds
Avg batch train. time: 0.06688356345350092 seconds
Avg sample train. time: 0.0010532844638346602 seconds
Evaluating on validation set ...
Validation runtime: 0.0 hours, 0.0 minutes, 0.2530405521392822 seconds

Avg val. time: 0.0 hours, 0.0 minutes, 0.23229808608690897 seconds
Avg batch val. time: 0.023229808608690897 seconds
Avg sample val. time: 0.0003658237576171795 seconds
Epoch 44 Validation Summary: epoch: 44.000000 | loss: 2.770834 | 
Epoch 45 Training Summary: epoch: 45.000000 | loss: 0.797264 | 
Epoch runtime: 0.0 hours, 0.0 minutes, 2.3091793060302734 seconds

Avg epoch train. time: 0.0 hours, 0.0 minutes, 2.013232956992255 seconds
Avg batch train. time: 0.06710776523307517 seconds
Avg sample train. time: 0.0010568152005208688 seconds
Epoch 46 Training Summary: epoch: 46.000000 | loss: 0.817372 | 
Epoch runtime: 0.0 hours, 0.0 minutes, 2.208061695098877 seconds

Avg epoch train. time: 0.0 hours, 0.0 minutes, 2.0174683643423994 seconds
Avg batch train. time: 0.06724894547807998 seconds
Avg sample train. time: 0.0010590385114658265 seconds
Evaluating on validation set ...
Validation runtime: 0.0 hours, 0.0 minutes, 0.25751447677612305 seconds

Avg val. time: 0.0 hours, 0.0 minutes, 0.23330674171447754 seconds
Avg batch val. time: 0.023330674171447754 seconds
Avg sample val. time: 0.0003674121916763426 seconds
Epoch 46 Validation Summary: epoch: 46.000000 | loss: 0.150788 | 
Epoch 47 Training Summary: epoch: 47.000000 | loss: 0.573370 | 
Epoch runtime: 0.0 hours, 0.0 minutes, 2.2711117267608643 seconds

Avg epoch train. time: 0.0 hours, 0.0 minutes, 2.0228650316278984 seconds
Avg batch train. time: 0.06742883438759661 seconds
Avg sample train. time: 0.0010618714076786869 seconds
Epoch 48 Training Summary: epoch: 48.000000 | loss: 0.617306 | 
Epoch runtime: 0.0 hours, 0.0 minutes, 2.2327942848205566 seconds

Avg epoch train. time: 0.0 hours, 0.0 minutes, 2.0272385577360788 seconds
Avg batch train. time: 0.06757461859120263 seconds
Avg sample train. time: 0.0010641672219087028 seconds
Evaluating on validation set ...
Validation runtime: 0.0 hours, 0.0 minutes, 0.2588639259338379 seconds

Avg val. time: 0.0 hours, 0.0 minutes, 0.2342897103382991 seconds
Avg batch val. time: 0.02342897103382991 seconds
Avg sample val. time: 0.00036896017376110093 seconds
Epoch 48 Validation Summary: epoch: 48.000000 | loss: 1.009293 | 
Epoch 49 Training Summary: epoch: 49.000000 | loss: 0.731834 | 
Epoch runtime: 0.0 hours, 0.0 minutes, 2.2487099170684814 seconds

Avg epoch train. time: 0.0 hours, 0.0 minutes, 2.0317583813959237 seconds
Avg batch train. time: 0.06772527937986413 seconds
Avg sample train. time: 0.0010665398327537657 seconds
Epoch 50 Training Summary: epoch: 50.000000 | loss: 0.701474 | 
Epoch runtime: 0.0 hours, 0.0 minutes, 2.3185460567474365 seconds

Avg epoch train. time: 0.0 hours, 0.0 minutes, 2.0374941349029543 seconds
Avg batch train. time: 0.06791647116343182 seconds
Avg sample train. time: 0.0010695507269831781 seconds
Evaluating on validation set ...
Validation runtime: 0.0 hours, 0.0 minutes, 0.24900269508361816 seconds

Avg val. time: 0.0 hours, 0.0 minutes, 0.23483463569923682 seconds
Avg batch val. time: 0.02348346356992368 seconds
Avg sample val. time: 0.000369818323935806 seconds
Epoch 50 Validation Summary: epoch: 50.000000 | loss: 1.295856 | 
Best loss was 0.1507877672751119. Other metrics: OrderedDict([('epoch', 46), ('loss', 0.1507877672751119)])
All Done!
Total runtime: 0.0 hours, 1.0 minutes, 52.6410346031189 seconds

