Running:
main.py --output_dir experiments/salvador_83248/ --comment regression for salvador_83248 --name salvador_83248_Regression --records_file experiments/salvador_83248/salvador_83248_Regression.xls --data_dir datasets/files/salvador_83248/ --data_class wf --pattern TRAIN --val_pattern TEST --epochs 50 --lr 0.0001 --optimizer RAdam --pos_encoding learnable --task regression

Using device: cpu
Loading and preprocessing data ...
1919 samples may be used for training
640 samples will be used for validation
0 samples will be used for testing
Creating model ...
Model:
TSTransformerEncoderClassiregressor(
  (project_inp): Linear(in_features=5, out_features=64, bias=True)
  (pos_enc): LearnablePositionalEncoding(
    (dropout): Dropout(p=0.1, inplace=False)
  )
  (transformer_encoder): TransformerEncoder(
    (layers): ModuleList(
      (0): TransformerBatchNormEncoderLayer(
        (self_attn): MultiheadAttention(
          (out_proj): NonDynamicallyQuantizableLinear(in_features=64, out_features=64, bias=True)
        )
        (linear1): Linear(in_features=64, out_features=256, bias=True)
        (dropout): Dropout(p=0.1, inplace=False)
        (linear2): Linear(in_features=256, out_features=64, bias=True)
        (norm1): BatchNorm1d(64, eps=1e-05, momentum=0.1, affine=True, track_running_stats=True)
        (norm2): BatchNorm1d(64, eps=1e-05, momentum=0.1, affine=True, track_running_stats=True)
        (dropout1): Dropout(p=0.1, inplace=False)
        (dropout2): Dropout(p=0.1, inplace=False)
      )
      (1): TransformerBatchNormEncoderLayer(
        (self_attn): MultiheadAttention(
          (out_proj): NonDynamicallyQuantizableLinear(in_features=64, out_features=64, bias=True)
        )
        (linear1): Linear(in_features=64, out_features=256, bias=True)
        (dropout): Dropout(p=0.1, inplace=False)
        (linear2): Linear(in_features=256, out_features=64, bias=True)
        (norm1): BatchNorm1d(64, eps=1e-05, momentum=0.1, affine=True, track_running_stats=True)
        (norm2): BatchNorm1d(64, eps=1e-05, momentum=0.1, affine=True, track_running_stats=True)
        (dropout1): Dropout(p=0.1, inplace=False)
        (dropout2): Dropout(p=0.1, inplace=False)
      )
      (2): TransformerBatchNormEncoderLayer(
        (self_attn): MultiheadAttention(
          (out_proj): NonDynamicallyQuantizableLinear(in_features=64, out_features=64, bias=True)
        )
        (linear1): Linear(in_features=64, out_features=256, bias=True)
        (dropout): Dropout(p=0.1, inplace=False)
        (linear2): Linear(in_features=256, out_features=64, bias=True)
        (norm1): BatchNorm1d(64, eps=1e-05, momentum=0.1, affine=True, track_running_stats=True)
        (norm2): BatchNorm1d(64, eps=1e-05, momentum=0.1, affine=True, track_running_stats=True)
        (dropout1): Dropout(p=0.1, inplace=False)
        (dropout2): Dropout(p=0.1, inplace=False)
      )
    )
  )
  (dropout1): Dropout(p=0.1, inplace=False)
  (output_layer): Linear(in_features=1536, out_features=1, bias=True)
)
Total number of parameters: 153409
Trainable parameters: 153409
Evaluating on validation set ...
Validation runtime: 0.0 hours, 0.0 minutes, 0.17600250244140625 seconds

Avg val. time: 0.0 hours, 0.0 minutes, 0.17600250244140625 seconds
Avg batch val. time: 0.017600250244140626 seconds
Avg sample val. time: 0.0002750039100646973 seconds
Epoch 0 Validation Summary: epoch: 0.000000 | loss: 943.262421 | 
Starting training...
Epoch 1 Training Summary: epoch: 1.000000 | loss: 722.453793 | 
Epoch runtime: 0.0 hours, 0.0 minutes, 1.669903039932251 seconds

Avg epoch train. time: 0.0 hours, 0.0 minutes, 1.669903039932251 seconds
Avg batch train. time: 0.055663434664408366 seconds
Avg sample train. time: 0.0008701943928776712 seconds
Evaluating on validation set ...
Validation runtime: 0.0 hours, 0.0 minutes, 0.19134306907653809 seconds

Avg val. time: 0.0 hours, 0.0 minutes, 0.18367278575897217 seconds
Avg batch val. time: 0.018367278575897216 seconds
Avg sample val. time: 0.000286988727748394 seconds
Epoch 1 Validation Summary: epoch: 1.000000 | loss: 709.561340 | 
Epoch 2 Training Summary: epoch: 2.000000 | loss: 716.191325 | 
Epoch runtime: 0.0 hours, 0.0 minutes, 1.8340859413146973 seconds

Avg epoch train. time: 0.0 hours, 0.0 minutes, 1.7519944906234741 seconds
Avg batch train. time: 0.058399816354115806 seconds
Avg sample train. time: 0.0009129726371148901 seconds
Evaluating on validation set ...
Validation runtime: 0.0 hours, 0.0 minutes, 0.24151229858398438 seconds

Avg val. time: 0.0 hours, 0.0 minutes, 0.20295262336730957 seconds
Avg batch val. time: 0.020295262336730957 seconds
Avg sample val. time: 0.0003171134740114212 seconds
Epoch 2 Validation Summary: epoch: 2.000000 | loss: 703.567358 | 
Epoch 3 Training Summary: epoch: 3.000000 | loss: 706.802202 | 
Epoch runtime: 0.0 hours, 0.0 minutes, 2.1496505737304688 seconds

Avg epoch train. time: 0.0 hours, 0.0 minutes, 1.8845465183258057 seconds
Avg batch train. time: 0.06281821727752686 seconds
Avg sample train. time: 0.000982046127319336 seconds
Epoch 4 Training Summary: epoch: 4.000000 | loss: 693.702655 | 
Epoch runtime: 0.0 hours, 0.0 minutes, 2.1219606399536133 seconds

Avg epoch train. time: 0.0 hours, 0.0 minutes, 1.9439000487327576 seconds
Avg batch train. time: 0.06479666829109192 seconds
Avg sample train. time: 0.0010129755334719946 seconds
Evaluating on validation set ...
Validation runtime: 0.0 hours, 0.0 minutes, 0.26399827003479004 seconds

Avg val. time: 0.0 hours, 0.0 minutes, 0.2182140350341797 seconds
Avg batch val. time: 0.02182140350341797 seconds
Avg sample val. time: 0.0003409594297409058 seconds
Epoch 4 Validation Summary: epoch: 4.000000 | loss: 683.153894 | 
Epoch 5 Training Summary: epoch: 5.000000 | loss: 679.674719 | 
Epoch runtime: 0.0 hours, 0.0 minutes, 2.2316577434539795 seconds

Avg epoch train. time: 0.0 hours, 0.0 minutes, 2.001451587677002 seconds
Avg batch train. time: 0.06671505292256673 seconds
Avg sample train. time: 0.001042965913328297 seconds
Epoch 6 Training Summary: epoch: 6.000000 | loss: 662.256976 | 
Epoch runtime: 0.0 hours, 0.0 minutes, 2.0998001098632812 seconds

Avg epoch train. time: 0.0 hours, 0.0 minutes, 2.017843008041382 seconds
Avg batch train. time: 0.0672614336013794 seconds
Avg sample train. time: 0.001051507560209162 seconds
Evaluating on validation set ...
Validation runtime: 0.0 hours, 0.0 minutes, 0.2310032844543457 seconds

Avg val. time: 0.0 hours, 0.0 minutes, 0.2207718849182129 seconds
Avg batch val. time: 0.02207718849182129 seconds
Avg sample val. time: 0.00034495607018470765 seconds
Epoch 6 Validation Summary: epoch: 6.000000 | loss: 654.937732 | 
Epoch 7 Training Summary: epoch: 7.000000 | loss: 640.880142 | 
Epoch runtime: 0.0 hours, 0.0 minutes, 2.1180081367492676 seconds

Avg epoch train. time: 0.0 hours, 0.0 minutes, 2.0321523121425082 seconds
Avg batch train. time: 0.06773841040475027 seconds
Avg sample train. time: 0.0010589642064317397 seconds
Epoch 8 Training Summary: epoch: 8.000000 | loss: 618.538944 | 
Epoch runtime: 0.0 hours, 0.0 minutes, 2.0026469230651855 seconds

Avg epoch train. time: 0.0 hours, 0.0 minutes, 2.028464138507843 seconds
Avg batch train. time: 0.06761547128359477 seconds
Avg sample train. time: 0.0010570422816612 seconds
Evaluating on validation set ...
Validation runtime: 0.0 hours, 0.0 minutes, 0.23300433158874512 seconds

Avg val. time: 0.0 hours, 0.0 minutes, 0.22281062602996826 seconds
Avg batch val. time: 0.022281062602996827 seconds
Avg sample val. time: 0.0003481416031718254 seconds
Epoch 8 Validation Summary: epoch: 8.000000 | loss: 613.661499 | 
Epoch 9 Training Summary: epoch: 9.000000 | loss: 590.566156 | 
Epoch runtime: 0.0 hours, 0.0 minutes, 2.005671501159668 seconds

Avg epoch train. time: 0.0 hours, 0.0 minutes, 2.025931623246935 seconds
Avg batch train. time: 0.06753105410823117 seconds
Avg sample train. time: 0.0010557225759494188 seconds
Epoch 10 Training Summary: epoch: 10.000000 | loss: 559.810357 | 
Epoch runtime: 0.0 hours, 0.0 minutes, 2.019660472869873 seconds

Avg epoch train. time: 0.0 hours, 0.0 minutes, 2.0253045082092287 seconds
Avg batch train. time: 0.06751015027364096 seconds
Avg sample train. time: 0.0010553957833294573 seconds
Evaluating on validation set ...
Validation runtime: 0.0 hours, 0.0 minutes, 0.23955559730529785 seconds

Avg val. time: 0.0 hours, 0.0 minutes, 0.22520276478358678 seconds
Avg batch val. time: 0.022520276478358678 seconds
Avg sample val. time: 0.00035187931997435434 seconds
Epoch 10 Validation Summary: epoch: 10.000000 | loss: 553.282382 | 
Epoch 11 Training Summary: epoch: 11.000000 | loss: 526.234054 | 
Epoch runtime: 0.0 hours, 0.0 minutes, 2.056271553039551 seconds

Avg epoch train. time: 0.0 hours, 0.0 minutes, 2.028119694102894 seconds
Avg batch train. time: 0.0676039898034298 seconds
Avg sample train. time: 0.0010568627900484075 seconds
Epoch 12 Training Summary: epoch: 12.000000 | loss: 490.909196 | 
Epoch runtime: 0.0 hours, 0.0 minutes, 2.0262696743011475 seconds

Avg epoch train. time: 0.0 hours, 0.0 minutes, 2.027965525786082 seconds
Avg batch train. time: 0.06759885085953606 seconds
Avg sample train. time: 0.0010567824522074423 seconds
Evaluating on validation set ...
Validation runtime: 0.0 hours, 0.0 minutes, 0.2315199375152588 seconds

Avg val. time: 0.0 hours, 0.0 minutes, 0.22599241137504578 seconds
Avg batch val. time: 0.022599241137504576 seconds
Avg sample val. time: 0.000353113142773509 seconds
Epoch 12 Validation Summary: epoch: 12.000000 | loss: 479.862772 | 
Epoch 13 Training Summary: epoch: 13.000000 | loss: 453.083814 | 
Epoch runtime: 0.0 hours, 0.0 minutes, 2.0197787284851074 seconds

Avg epoch train. time: 0.0 hours, 0.0 minutes, 2.0273357721475453 seconds
Avg batch train. time: 0.06757785907158484 seconds
Avg sample train. time: 0.0010564542846000758 seconds
Epoch 14 Training Summary: epoch: 14.000000 | loss: 414.033528 | 
Epoch runtime: 0.0 hours, 0.0 minutes, 2.036367893218994 seconds

Avg epoch train. time: 0.0 hours, 0.0 minutes, 2.027980923652649 seconds
Avg batch train. time: 0.06759936412175496 seconds
Avg sample train. time: 0.001056790476108728 seconds
Evaluating on validation set ...
Validation runtime: 0.0 hours, 0.0 minutes, 0.23951959609985352 seconds

Avg val. time: 0.0 hours, 0.0 minutes, 0.22749543190002441 seconds
Avg batch val. time: 0.02274954319000244 seconds
Avg sample val. time: 0.00035546161234378815 seconds
Epoch 14 Validation Summary: epoch: 14.000000 | loss: 405.322556 | 
Epoch 15 Training Summary: epoch: 15.000000 | loss: 376.378646 | 
Epoch runtime: 0.0 hours, 0.0 minutes, 1.9927332401275635 seconds

Avg epoch train. time: 0.0 hours, 0.0 minutes, 2.02563107808431 seconds
Avg batch train. time: 0.06752103593614366 seconds
Avg sample train. time: 0.001055565960439974 seconds
Epoch 16 Training Summary: epoch: 16.000000 | loss: 336.845331 | 
Epoch runtime: 0.0 hours, 0.0 minutes, 2.012704610824585 seconds

Avg epoch train. time: 0.0 hours, 0.0 minutes, 2.024823173880577 seconds
Avg batch train. time: 0.06749410579601924 seconds
Avg sample train. time: 0.001055144957728284 seconds
Evaluating on validation set ...
Validation runtime: 0.0 hours, 0.0 minutes, 0.24399924278259277 seconds

Avg val. time: 0.0 hours, 0.0 minutes, 0.22914581298828124 seconds
Avg batch val. time: 0.022914581298828125 seconds
Avg sample val. time: 0.00035804033279418946 seconds
Epoch 16 Validation Summary: epoch: 16.000000 | loss: 331.953659 | 
Epoch 17 Training Summary: epoch: 17.000000 | loss: 297.605427 | 
Epoch runtime: 0.0 hours, 0.0 minutes, 2.034491777420044 seconds

Avg epoch train. time: 0.0 hours, 0.0 minutes, 2.0253919152652515 seconds
Avg batch train. time: 0.06751306384217505 seconds
Avg sample train. time: 0.0010554413315608398 seconds
Epoch 18 Training Summary: epoch: 18.000000 | loss: 258.980293 | 
Epoch runtime: 0.0 hours, 0.0 minutes, 2.0228137969970703 seconds

Avg epoch train. time: 0.0 hours, 0.0 minutes, 2.0252486864725747 seconds
Avg batch train. time: 0.06750828954908582 seconds
Avg sample train. time: 0.0010553666943577773 seconds
Evaluating on validation set ...
Validation runtime: 0.0 hours, 0.0 minutes, 0.23806238174438477 seconds

Avg val. time: 0.0 hours, 0.0 minutes, 0.22995641014792703 seconds
Avg batch val. time: 0.022995641014792702 seconds
Avg sample val. time: 0.000359306890856136 seconds
Epoch 18 Validation Summary: epoch: 18.000000 | loss: 257.767238 | 
Epoch 19 Training Summary: epoch: 19.000000 | loss: 221.754127 | 
Epoch runtime: 0.0 hours, 0.0 minutes, 2.0473451614379883 seconds

Avg epoch train. time: 0.0 hours, 0.0 minutes, 2.0264116588391756 seconds
Avg batch train. time: 0.06754705529463918 seconds
Avg sample train. time: 0.0010559727247728898 seconds
Epoch 20 Training Summary: epoch: 20.000000 | loss: 187.767206 | 
Epoch runtime: 0.0 hours, 0.0 minutes, 2.020467519760132 seconds

Avg epoch train. time: 0.0 hours, 0.0 minutes, 2.026114451885223 seconds
Avg batch train. time: 0.06753714839617411 seconds
Avg sample train. time: 0.001055817848819814 seconds
Evaluating on validation set ...
Validation runtime: 0.0 hours, 0.0 minutes, 0.24492263793945312 seconds

Avg val. time: 0.0 hours, 0.0 minutes, 0.23120359579722086 seconds
Avg batch val. time: 0.023120359579722086 seconds
Avg sample val. time: 0.0003612556184331576 seconds
Epoch 20 Validation Summary: epoch: 20.000000 | loss: 186.015289 | 
Epoch 21 Training Summary: epoch: 21.000000 | loss: 156.424905 | 
Epoch runtime: 0.0 hours, 0.0 minutes, 2.086623430252075 seconds

Avg epoch train. time: 0.0 hours, 0.0 minutes, 2.0289958318074546 seconds
Avg batch train. time: 0.06763319439358181 seconds
Avg sample train. time: 0.0010573193495609457 seconds
Epoch 22 Training Summary: epoch: 22.000000 | loss: 128.316474 | 
Epoch runtime: 0.0 hours, 0.0 minutes, 2.017641067504883 seconds

Avg epoch train. time: 0.0 hours, 0.0 minutes, 2.0284797061573374 seconds
Avg batch train. time: 0.06761599020524459 seconds
Avg sample train. time: 0.0010570503940371743 seconds
Evaluating on validation set ...
Validation runtime: 0.0 hours, 0.0 minutes, 0.20899248123168945 seconds

Avg val. time: 0.0 hours, 0.0 minutes, 0.22949504852294922 seconds
Avg batch val. time: 0.02294950485229492 seconds
Avg sample val. time: 0.00035858601331710814 seconds
Epoch 22 Validation Summary: epoch: 22.000000 | loss: 126.741897 | 
Epoch 23 Training Summary: epoch: 23.000000 | loss: 102.634468 | 
Epoch runtime: 0.0 hours, 0.0 minutes, 2.0194785594940186 seconds

Avg epoch train. time: 0.0 hours, 0.0 minutes, 2.0280883519545845 seconds
Avg batch train. time: 0.06760294506515281 seconds
Avg sample train. time: 0.0010568464575062973 seconds
Epoch 24 Training Summary: epoch: 24.000000 | loss: 80.457058 | 
Epoch runtime: 0.0 hours, 0.0 minutes, 2.000192880630493 seconds

Avg epoch train. time: 0.0 hours, 0.0 minutes, 2.026926040649414 seconds
Avg batch train. time: 0.06756420135498047 seconds
Avg sample train. time: 0.001056240771573431 seconds
Evaluating on validation set ...
Validation runtime: 0.0 hours, 0.0 minutes, 0.22301054000854492 seconds

Avg val. time: 0.0 hours, 0.0 minutes, 0.2290318693433489 seconds
Avg batch val. time: 0.02290318693433489 seconds
Avg sample val. time: 0.00035786229584898265 seconds
Epoch 24 Validation Summary: epoch: 24.000000 | loss: 81.059617 | 
Epoch 25 Training Summary: epoch: 25.000000 | loss: 61.023913 | 
Epoch runtime: 0.0 hours, 0.0 minutes, 2.184206008911133 seconds

Avg epoch train. time: 0.0 hours, 0.0 minutes, 2.0332172393798826 seconds
Avg batch train. time: 0.06777390797932942 seconds
Avg sample train. time: 0.001059519145065077 seconds
Epoch 26 Training Summary: epoch: 26.000000 | loss: 44.680384 | 
Epoch runtime: 0.0 hours, 0.0 minutes, 2.157794952392578 seconds

Avg epoch train. time: 0.0 hours, 0.0 minutes, 2.038008689880371 seconds
Avg batch train. time: 0.06793362299601237 seconds
Avg sample train. time: 0.0010620159926421945 seconds
Evaluating on validation set ...
Validation runtime: 0.0 hours, 0.0 minutes, 0.2620728015899658 seconds

Avg val. time: 0.0 hours, 0.0 minutes, 0.23123459815979003 seconds
Avg batch val. time: 0.023123459815979002 seconds
Avg sample val. time: 0.0003613040596246719 seconds
Epoch 26 Validation Summary: epoch: 26.000000 | loss: 52.489774 | 
Epoch 27 Training Summary: epoch: 27.000000 | loss: 31.806497 | 
Epoch runtime: 0.0 hours, 0.0 minutes, 1.9471461772918701 seconds

Avg epoch train. time: 0.0 hours, 0.0 minutes, 2.0346434116363525 seconds
Avg batch train. time: 0.06782144705454508 seconds
Avg sample train. time: 0.001060262330190908 seconds
Epoch 28 Training Summary: epoch: 28.000000 | loss: 22.395329 | 
Epoch runtime: 0.0 hours, 0.0 minutes, 1.9285085201263428 seconds

Avg epoch train. time: 0.0 hours, 0.0 minutes, 2.030852879796709 seconds
Avg batch train. time: 0.06769509599322364 seconds
Avg sample train. time: 0.0010582870660743665 seconds
Evaluating on validation set ...
Validation runtime: 0.0 hours, 0.0 minutes, 0.22806334495544434 seconds

Avg val. time: 0.0 hours, 0.0 minutes, 0.23103639483451843 seconds
Avg batch val. time: 0.023103639483451843 seconds
Avg sample val. time: 0.00036099436692893505 seconds
Epoch 28 Validation Summary: epoch: 28.000000 | loss: 26.377050 | 
Epoch 29 Training Summary: epoch: 29.000000 | loss: 15.483853 | 
Epoch runtime: 0.0 hours, 0.0 minutes, 2.028237819671631 seconds

Avg epoch train. time: 0.0 hours, 0.0 minutes, 2.0307627053096375 seconds
Avg batch train. time: 0.06769209017698792 seconds
Avg sample train. time: 0.0010582400757215412 seconds
Epoch 30 Training Summary: epoch: 30.000000 | loss: 10.831919 | 
Epoch runtime: 0.0 hours, 0.0 minutes, 2.0164713859558105 seconds

Avg epoch train. time: 0.0 hours, 0.0 minutes, 2.0302863279978434 seconds
Avg batch train. time: 0.06767621093326144 seconds
Avg sample train. time: 0.0010579918332453587 seconds
Evaluating on validation set ...
Validation runtime: 0.0 hours, 0.0 minutes, 0.2180020809173584 seconds

Avg val. time: 0.0 hours, 0.0 minutes, 0.2302696704864502 seconds
Avg batch val. time: 0.02302696704864502 seconds
Avg sample val. time: 0.00035979636013507845 seconds
Epoch 30 Validation Summary: epoch: 30.000000 | loss: 12.421715 | 
Epoch 31 Training Summary: epoch: 31.000000 | loss: 8.973547 | 
Epoch runtime: 0.0 hours, 0.0 minutes, 1.9340004920959473 seconds

Avg epoch train. time: 0.0 hours, 0.0 minutes, 2.0271803332913305 seconds
Avg batch train. time: 0.06757267777637768 seconds
Avg sample train. time: 0.001056373284675003 seconds
Epoch 32 Training Summary: epoch: 32.000000 | loss: 7.139871 | 
Epoch runtime: 0.0 hours, 0.0 minutes, 1.8687982559204102 seconds

Avg epoch train. time: 0.0 hours, 0.0 minutes, 2.0222308933734894 seconds
Avg batch train. time: 0.06740769644578298 seconds
Avg sample train. time: 0.0010537941080633088 seconds
Evaluating on validation set ...
Validation runtime: 0.0 hours, 0.0 minutes, 0.22403740882873535 seconds

Avg val. time: 0.0 hours, 0.0 minutes, 0.22992343372768825 seconds
Avg batch val. time: 0.022992343372768825 seconds
Avg sample val. time: 0.0003592553651995129 seconds
Epoch 32 Validation Summary: epoch: 32.000000 | loss: 8.570794 | 
Epoch 33 Training Summary: epoch: 33.000000 | loss: 5.944514 | 
Epoch runtime: 0.0 hours, 0.0 minutes, 1.9140074253082275 seconds

Avg epoch train. time: 0.0 hours, 0.0 minutes, 2.0189513943412085 seconds
Avg batch train. time: 0.06729837981137361 seconds
Avg sample train. time: 0.0010520851455660283 seconds
Epoch 34 Training Summary: epoch: 34.000000 | loss: 5.558744 | 
Epoch runtime: 0.0 hours, 0.0 minutes, 1.9088399410247803 seconds

Avg epoch train. time: 0.0 hours, 0.0 minutes, 2.015712822184843 seconds
Avg batch train. time: 0.06719042740616143 seconds
Avg sample train. time: 0.001050397510257865 seconds
Evaluating on validation set ...
Validation runtime: 0.0 hours, 0.0 minutes, 0.21599340438842773 seconds

Avg val. time: 0.0 hours, 0.0 minutes, 0.2291902742887798 seconds
Avg batch val. time: 0.02291902742887798 seconds
Avg sample val. time: 0.00035810980357621843 seconds
Epoch 34 Validation Summary: epoch: 34.000000 | loss: 5.258817 | 
Epoch 35 Training Summary: epoch: 35.000000 | loss: 4.149336 | 
Epoch runtime: 0.0 hours, 0.0 minutes, 1.783275842666626 seconds

Avg epoch train. time: 0.0 hours, 0.0 minutes, 2.00907176562718 seconds
Avg batch train. time: 0.06696905885423933 seconds
Avg sample train. time: 0.0010469368241934236 seconds
Epoch 36 Training Summary: epoch: 36.000000 | loss: 3.800830 | 
Epoch runtime: 0.0 hours, 0.0 minutes, 1.7845420837402344 seconds

Avg epoch train. time: 0.0 hours, 0.0 minutes, 2.002834830019209 seconds
Avg batch train. time: 0.06676116100064029 seconds
Avg sample train. time: 0.0010436867274722299 seconds
Evaluating on validation set ...
Validation runtime: 0.0 hours, 0.0 minutes, 0.21499896049499512 seconds

Avg val. time: 0.0 hours, 0.0 minutes, 0.2284807085990906 seconds
Avg batch val. time: 0.02284807085990906 seconds
Avg sample val. time: 0.00035700110718607904 seconds
Epoch 36 Validation Summary: epoch: 36.000000 | loss: 3.801533 | 
Epoch 37 Training Summary: epoch: 37.000000 | loss: 3.060229 | 
Epoch runtime: 0.0 hours, 0.0 minutes, 1.7929010391235352 seconds

Avg epoch train. time: 0.0 hours, 0.0 minutes, 1.9971609437787854 seconds
Avg batch train. time: 0.06657203145929284 seconds
Avg sample train. time: 0.0010407300384464749 seconds
Epoch 38 Training Summary: epoch: 38.000000 | loss: 2.826895 | 
Epoch runtime: 0.0 hours, 0.0 minutes, 1.7216901779174805 seconds

Avg epoch train. time: 0.0 hours, 0.0 minutes, 1.989911713098225 seconds
Avg batch train. time: 0.0663303904366075 seconds
Avg sample train. time: 0.0010369524299625977 seconds
Evaluating on validation set ...
Validation runtime: 0.0 hours, 0.0 minutes, 0.21306347846984863 seconds

Avg val. time: 0.0 hours, 0.0 minutes, 0.22774655478341238 seconds
Avg batch val. time: 0.02277465547834124 seconds
Avg sample val. time: 0.00035585399184908187 seconds
Epoch 38 Validation Summary: epoch: 38.000000 | loss: 3.222643 | 
Epoch 39 Training Summary: epoch: 39.000000 | loss: 2.502225 | 
Epoch runtime: 0.0 hours, 0.0 minutes, 1.7934930324554443 seconds

Avg epoch train. time: 0.0 hours, 0.0 minutes, 1.9848753366714869 seconds
Avg batch train. time: 0.0661625112223829 seconds
Avg sample train. time: 0.0010343279503238598 seconds
Epoch 40 Training Summary: epoch: 40.000000 | loss: 2.174714 | 
Epoch runtime: 0.0 hours, 0.0 minutes, 1.7421479225158691 seconds

Avg epoch train. time: 0.0 hours, 0.0 minutes, 1.9788071513175964 seconds
Avg batch train. time: 0.06596023837725322 seconds
Avg sample train. time: 0.00103116579016029 seconds
Evaluating on validation set ...
Validation runtime: 0.0 hours, 0.0 minutes, 0.20501041412353516 seconds

Avg val. time: 0.0 hours, 0.0 minutes, 0.22671309384432706 seconds
Avg batch val. time: 0.022671309384432705 seconds
Avg sample val. time: 0.000354239209131761 seconds
Epoch 40 Validation Summary: epoch: 40.000000 | loss: 3.099208 | 
Epoch 41 Training Summary: epoch: 41.000000 | loss: 2.119832 | 
Epoch runtime: 0.0 hours, 0.0 minutes, 1.7362000942230225 seconds

Avg epoch train. time: 0.0 hours, 0.0 minutes, 1.9728899060226068 seconds
Avg batch train. time: 0.06576299686742022 seconds
Avg sample train. time: 0.0010280822855771791 seconds
Epoch 42 Training Summary: epoch: 42.000000 | loss: 1.903376 | 
Epoch runtime: 0.0 hours, 0.0 minutes, 1.7346441745758057 seconds

Avg epoch train. time: 0.0 hours, 0.0 minutes, 1.9672173886072069 seconds
Avg batch train. time: 0.06557391295357357 seconds
Avg sample train. time: 0.0010251263098526352 seconds
Evaluating on validation set ...
Validation runtime: 0.0 hours, 0.0 minutes, 0.2229936122894287 seconds

Avg val. time: 0.0 hours, 0.0 minutes, 0.22655137725498364 seconds
Avg batch val. time: 0.022655137725498365 seconds
Avg sample val. time: 0.00035398652696091195 seconds
Epoch 42 Validation Summary: epoch: 42.000000 | loss: 2.253832 | 
Epoch 43 Training Summary: epoch: 43.000000 | loss: 1.694619 | 
Epoch runtime: 0.0 hours, 0.0 minutes, 1.7480242252349854 seconds

Avg epoch train. time: 0.0 hours, 0.0 minutes, 1.9621198731799459 seconds
Avg batch train. time: 0.06540399577266486 seconds
Avg sample train. time: 0.0010224699703908003 seconds
Epoch 44 Training Summary: epoch: 44.000000 | loss: 1.469827 | 
Epoch runtime: 0.0 hours, 0.0 minutes, 1.7537589073181152 seconds

Avg epoch train. time: 0.0 hours, 0.0 minutes, 1.957384396683086 seconds
Avg batch train. time: 0.06524614655610286 seconds
Avg sample train. time: 0.0010200022911324054 seconds
Evaluating on validation set ...
Validation runtime: 0.0 hours, 0.0 minutes, 0.1940920352935791 seconds

Avg val. time: 0.0 hours, 0.0 minutes, 0.22519890467325845 seconds
Avg batch val. time: 0.022519890467325845 seconds
Avg sample val. time: 0.00035187328855196633 seconds
Epoch 44 Validation Summary: epoch: 44.000000 | loss: 1.599877 | 
Epoch 45 Training Summary: epoch: 45.000000 | loss: 1.565372 | 
Epoch runtime: 0.0 hours, 0.0 minutes, 1.7489078044891357 seconds

Avg epoch train. time: 0.0 hours, 0.0 minutes, 1.9527515835232205 seconds
Avg batch train. time: 0.06509171945077402 seconds
Avg sample train. time: 0.0010175881102257533 seconds
Epoch 46 Training Summary: epoch: 46.000000 | loss: 1.312733 | 
Epoch runtime: 0.0 hours, 0.0 minutes, 1.7457952499389648 seconds

Avg epoch train. time: 0.0 hours, 0.0 minutes, 1.948252532793128 seconds
Avg batch train. time: 0.06494175109310427 seconds
Avg sample train. time: 0.0010152436335555642 seconds
Evaluating on validation set ...
Validation runtime: 0.0 hours, 0.0 minutes, 0.1979365348815918 seconds

Avg val. time: 0.0 hours, 0.0 minutes, 0.2241084098815918 seconds
Avg batch val. time: 0.02241084098815918 seconds
Avg sample val. time: 0.0003501693904399872 seconds
Epoch 46 Validation Summary: epoch: 46.000000 | loss: 1.247910 | 
Epoch 47 Training Summary: epoch: 47.000000 | loss: 1.229702 | 
Epoch runtime: 0.0 hours, 0.0 minutes, 1.803736686706543 seconds

Avg epoch train. time: 0.0 hours, 0.0 minutes, 1.9451777275572433 seconds
Avg batch train. time: 0.06483925758524144 seconds
Avg sample train. time: 0.001013641337966255 seconds
Epoch 48 Training Summary: epoch: 48.000000 | loss: 1.267001 | 
Epoch runtime: 0.0 hours, 0.0 minutes, 1.784287452697754 seconds

Avg epoch train. time: 0.0 hours, 0.0 minutes, 1.941825846831004 seconds
Avg batch train. time: 0.06472752822770013 seconds
Avg sample train. time: 0.001011894657025015 seconds
Evaluating on validation set ...
Validation runtime: 0.0 hours, 0.0 minutes, 0.21299219131469727 seconds

Avg val. time: 0.0 hours, 0.0 minutes, 0.22368086301363432 seconds
Avg batch val. time: 0.022368086301363433 seconds
Avg sample val. time: 0.00034950134845880364 seconds
Epoch 48 Validation Summary: epoch: 48.000000 | loss: 1.460874 | 
Epoch 49 Training Summary: epoch: 49.000000 | loss: 1.177507 | 
Epoch runtime: 0.0 hours, 0.0 minutes, 1.8919708728790283 seconds

Avg epoch train. time: 0.0 hours, 0.0 minutes, 1.9408083983830042 seconds
Avg batch train. time: 0.06469361327943347 seconds
Avg sample train. time: 0.0010113644598139678 seconds
Epoch 50 Training Summary: epoch: 50.000000 | loss: 1.120502 | 
Epoch runtime: 0.0 hours, 0.0 minutes, 1.83028244972229 seconds

Avg epoch train. time: 0.0 hours, 0.0 minutes, 1.93859787940979 seconds
Avg batch train. time: 0.06461992931365966 seconds
Avg sample train. time: 0.0010102125478946274 seconds
Evaluating on validation set ...
Validation runtime: 0.0 hours, 0.0 minutes, 0.24834394454956055 seconds

Avg val. time: 0.0 hours, 0.0 minutes, 0.22459431047792788 seconds
Avg batch val. time: 0.02245943104779279 seconds
Avg sample val. time: 0.00035092861012176233 seconds
Epoch 50 Validation Summary: epoch: 50.000000 | loss: 1.310682 | 
Best loss was 1.2479103684425354. Other metrics: OrderedDict([('epoch', 46), ('loss', 1.2479103684425354)])
All Done!
Total runtime: 0.0 hours, 1.0 minutes, 47.55308413505554 seconds

