Running:
main.py --output_dir experiments/curitiba_83842/ --comment regression for curitiba_83842 --name curitiba_83842_Regression --records_file experiments/curitiba_83842/curitiba_83842_Regression.xls --data_dir datasets/files/curitiba_83842/ --data_class wf --pattern TRAIN --val_pattern TEST --epochs 10 --lr 0.001 --optimizer RAdam --pos_encoding learnable --task regression

Using device: cpu
Loading and preprocessing data ...
1905 samples may be used for training
635 samples will be used for validation
0 samples will be used for testing
Creating model ...
Model:
TSTransformerEncoderClassiregressor(
  (project_inp): Linear(in_features=5, out_features=64, bias=True)
  (pos_enc): LearnablePositionalEncoding(
    (dropout): Dropout(p=0.1, inplace=False)
  )
  (transformer_encoder): TransformerEncoder(
    (layers): ModuleList(
      (0): TransformerBatchNormEncoderLayer(
        (self_attn): MultiheadAttention(
          (out_proj): NonDynamicallyQuantizableLinear(in_features=64, out_features=64, bias=True)
        )
        (linear1): Linear(in_features=64, out_features=256, bias=True)
        (dropout): Dropout(p=0.1, inplace=False)
        (linear2): Linear(in_features=256, out_features=64, bias=True)
        (norm1): BatchNorm1d(64, eps=1e-05, momentum=0.1, affine=True, track_running_stats=True)
        (norm2): BatchNorm1d(64, eps=1e-05, momentum=0.1, affine=True, track_running_stats=True)
        (dropout1): Dropout(p=0.1, inplace=False)
        (dropout2): Dropout(p=0.1, inplace=False)
      )
      (1): TransformerBatchNormEncoderLayer(
        (self_attn): MultiheadAttention(
          (out_proj): NonDynamicallyQuantizableLinear(in_features=64, out_features=64, bias=True)
        )
        (linear1): Linear(in_features=64, out_features=256, bias=True)
        (dropout): Dropout(p=0.1, inplace=False)
        (linear2): Linear(in_features=256, out_features=64, bias=True)
        (norm1): BatchNorm1d(64, eps=1e-05, momentum=0.1, affine=True, track_running_stats=True)
        (norm2): BatchNorm1d(64, eps=1e-05, momentum=0.1, affine=True, track_running_stats=True)
        (dropout1): Dropout(p=0.1, inplace=False)
        (dropout2): Dropout(p=0.1, inplace=False)
      )
      (2): TransformerBatchNormEncoderLayer(
        (self_attn): MultiheadAttention(
          (out_proj): NonDynamicallyQuantizableLinear(in_features=64, out_features=64, bias=True)
        )
        (linear1): Linear(in_features=64, out_features=256, bias=True)
        (dropout): Dropout(p=0.1, inplace=False)
        (linear2): Linear(in_features=256, out_features=64, bias=True)
        (norm1): BatchNorm1d(64, eps=1e-05, momentum=0.1, affine=True, track_running_stats=True)
        (norm2): BatchNorm1d(64, eps=1e-05, momentum=0.1, affine=True, track_running_stats=True)
        (dropout1): Dropout(p=0.1, inplace=False)
        (dropout2): Dropout(p=0.1, inplace=False)
      )
    )
  )
  (dropout1): Dropout(p=0.1, inplace=False)
  (output_layer): Linear(in_features=1536, out_features=1, bias=True)
)
Total number of parameters: 153409
Trainable parameters: 153409
Evaluating on validation set ...
Validation runtime: 0.0 hours, 0.0 minutes, 0.1979355812072754 seconds

Avg val. time: 0.0 hours, 0.0 minutes, 0.1979355812072754 seconds
Avg batch val. time: 0.01979355812072754 seconds
Avg sample val. time: 0.0003117095767043707 seconds
Epoch 0 Validation Summary: epoch: 0.000000 | loss: 558.110184 | 
Starting training...
Epoch 1 Training Summary: epoch: 1.000000 | loss: 350.854434 | 
Epoch runtime: 0.0 hours, 0.0 minutes, 2.1706831455230713 seconds

Avg epoch train. time: 0.0 hours, 0.0 minutes, 2.1706831455230713 seconds
Avg batch train. time: 0.07235610485076904 seconds
Avg sample train. time: 0.0011394662181223472 seconds
Evaluating on validation set ...
Validation runtime: 0.0 hours, 0.0 minutes, 0.238999605178833 seconds

Avg val. time: 0.0 hours, 0.0 minutes, 0.2184675931930542 seconds
Avg batch val. time: 0.02184675931930542 seconds
Avg sample val. time: 0.00034404345384732944 seconds
Epoch 1 Validation Summary: epoch: 1.000000 | loss: 276.084266 | 
Epoch 2 Training Summary: epoch: 2.000000 | loss: 287.152850 | 
Epoch runtime: 0.0 hours, 0.0 minutes, 2.2749669551849365 seconds

Avg epoch train. time: 0.0 hours, 0.0 minutes, 2.222825050354004 seconds
Avg batch train. time: 0.07409416834513347 seconds
Avg sample train. time: 0.0011668372967737553 seconds
Evaluating on validation set ...
Validation runtime: 0.0 hours, 0.0 minutes, 0.27899980545043945 seconds

Avg val. time: 0.0 hours, 0.0 minutes, 0.23864499727884927 seconds
Avg batch val. time: 0.023864499727884927 seconds
Avg sample val. time: 0.0003758188933525185 seconds
Epoch 2 Validation Summary: epoch: 2.000000 | loss: 205.230224 | 
Epoch 3 Training Summary: epoch: 3.000000 | loss: 195.972441 | 
Epoch runtime: 0.0 hours, 0.0 minutes, 2.4220011234283447 seconds

Avg epoch train. time: 0.0 hours, 0.0 minutes, 2.2892170747121177 seconds
Avg batch train. time: 0.07630723582373726 seconds
Avg sample train. time: 0.0012016887531297205 seconds
Epoch 4 Training Summary: epoch: 4.000000 | loss: 100.603129 | 
Epoch runtime: 0.0 hours, 0.0 minutes, 2.6374120712280273 seconds

Avg epoch train. time: 0.0 hours, 0.0 minutes, 2.376265823841095 seconds
Avg batch train. time: 0.07920886079470317 seconds
Avg sample train. time: 0.0012473836345622547 seconds
Evaluating on validation set ...
Validation runtime: 0.0 hours, 0.0 minutes, 0.26399922370910645 seconds

Avg val. time: 0.0 hours, 0.0 minutes, 0.24498355388641357 seconds
Avg batch val. time: 0.024498355388641358 seconds
Avg sample val. time: 0.0003858008722620686 seconds
Epoch 4 Validation Summary: epoch: 4.000000 | loss: 45.743584 | 
Epoch 5 Training Summary: epoch: 5.000000 | loss: 30.383738 | 
Epoch runtime: 0.0 hours, 0.0 minutes, 2.3410003185272217 seconds

Avg epoch train. time: 0.0 hours, 0.0 minutes, 2.3692127227783204 seconds
Avg batch train. time: 0.07897375742594401 seconds
Avg sample train. time: 0.0012436812193062049 seconds
Epoch 6 Training Summary: epoch: 6.000000 | loss: 4.089583 | 
Epoch runtime: 0.0 hours, 0.0 minutes, 2.3228514194488525 seconds

Avg epoch train. time: 0.0 hours, 0.0 minutes, 2.3614858388900757 seconds
Avg batch train. time: 0.0787161946296692 seconds
Avg sample train. time: 0.001239625112278255 seconds
Evaluating on validation set ...
Validation runtime: 0.0 hours, 0.0 minutes, 0.25800156593322754 seconds

Avg val. time: 0.0 hours, 0.0 minutes, 0.24758715629577638 seconds
Avg batch val. time: 0.024758715629577637 seconds
Avg sample val. time: 0.0003899010335366557 seconds
Epoch 6 Validation Summary: epoch: 6.000000 | loss: 3.544955 | 
Epoch 7 Training Summary: epoch: 7.000000 | loss: 1.792371 | 
Epoch runtime: 0.0 hours, 0.0 minutes, 2.4380011558532715 seconds

Avg epoch train. time: 0.0 hours, 0.0 minutes, 2.3724165984562466 seconds
Avg batch train. time: 0.07908055328187488 seconds
Avg sample train. time: 0.0012453630438090534 seconds
Epoch 8 Training Summary: epoch: 8.000000 | loss: 1.629127 | 
Epoch runtime: 0.0 hours, 0.0 minutes, 1.933997631072998 seconds

Avg epoch train. time: 0.0 hours, 0.0 minutes, 2.3176142275333405 seconds
Avg batch train. time: 0.07725380758444468 seconds
Avg sample train. time: 0.001216595395030625 seconds
Evaluating on validation set ...
Validation runtime: 0.0 hours, 0.0 minutes, 0.2305142879486084 seconds

Avg val. time: 0.0 hours, 0.0 minutes, 0.24474167823791504 seconds
Avg batch val. time: 0.024474167823791505 seconds
Avg sample val. time: 0.00038541996572900004 seconds
Epoch 8 Validation Summary: epoch: 8.000000 | loss: 2.329953 | 
Epoch 9 Training Summary: epoch: 9.000000 | loss: 0.884107 | 
Epoch runtime: 0.0 hours, 0.0 minutes, 1.9069299697875977 seconds

Avg epoch train. time: 0.0 hours, 0.0 minutes, 2.271982643339369 seconds
Avg batch train. time: 0.07573275477797896 seconds
Avg sample train. time: 0.0011926418075272277 seconds
Epoch 10 Training Summary: epoch: 10.000000 | loss: 0.890999 | 
Epoch runtime: 0.0 hours, 0.0 minutes, 1.7500531673431396 seconds

Avg epoch train. time: 0.0 hours, 0.0 minutes, 2.2197896957397463 seconds
Avg batch train. time: 0.07399298985799155 seconds
Avg sample train. time: 0.0011652439347715204 seconds
Evaluating on validation set ...
Validation runtime: 0.0 hours, 0.0 minutes, 0.20110797882080078 seconds

Avg val. time: 0.0 hours, 0.0 minutes, 0.2385082926068987 seconds
Avg batch val. time: 0.02385082926068987 seconds
Avg sample val. time: 0.0003756036104045649 seconds
Epoch 10 Validation Summary: epoch: 10.000000 | loss: 1.059155 | 
Best loss was 1.0591549610528421. Other metrics: OrderedDict([('epoch', 10), ('loss', 1.0591549610528421)])
All Done!
Total runtime: 0.0 hours, 0.0 minutes, 27.66570544242859 seconds

