Running:
main.py --output_dir experiments/salvador_83248/ --comment regression for salvador_83248 --name salvador_83248_Regression --records_file experiments/salvador_83248/salvador_83248_Regression.xls --data_dir datasets/files/salvador_83248/ --data_class wf --pattern TRAIN --val_pattern TEST --epochs 40 --lr 0.0005 --optimizer RAdam --pos_encoding learnable --task regression

Using device: cpu
Loading and preprocessing data ...
1919 samples may be used for training
640 samples will be used for validation
0 samples will be used for testing
Creating model ...
Model:
TSTransformerEncoderClassiregressor(
  (project_inp): Linear(in_features=5, out_features=64, bias=True)
  (pos_enc): LearnablePositionalEncoding(
    (dropout): Dropout(p=0.1, inplace=False)
  )
  (transformer_encoder): TransformerEncoder(
    (layers): ModuleList(
      (0): TransformerBatchNormEncoderLayer(
        (self_attn): MultiheadAttention(
          (out_proj): NonDynamicallyQuantizableLinear(in_features=64, out_features=64, bias=True)
        )
        (linear1): Linear(in_features=64, out_features=256, bias=True)
        (dropout): Dropout(p=0.1, inplace=False)
        (linear2): Linear(in_features=256, out_features=64, bias=True)
        (norm1): BatchNorm1d(64, eps=1e-05, momentum=0.1, affine=True, track_running_stats=True)
        (norm2): BatchNorm1d(64, eps=1e-05, momentum=0.1, affine=True, track_running_stats=True)
        (dropout1): Dropout(p=0.1, inplace=False)
        (dropout2): Dropout(p=0.1, inplace=False)
      )
      (1): TransformerBatchNormEncoderLayer(
        (self_attn): MultiheadAttention(
          (out_proj): NonDynamicallyQuantizableLinear(in_features=64, out_features=64, bias=True)
        )
        (linear1): Linear(in_features=64, out_features=256, bias=True)
        (dropout): Dropout(p=0.1, inplace=False)
        (linear2): Linear(in_features=256, out_features=64, bias=True)
        (norm1): BatchNorm1d(64, eps=1e-05, momentum=0.1, affine=True, track_running_stats=True)
        (norm2): BatchNorm1d(64, eps=1e-05, momentum=0.1, affine=True, track_running_stats=True)
        (dropout1): Dropout(p=0.1, inplace=False)
        (dropout2): Dropout(p=0.1, inplace=False)
      )
      (2): TransformerBatchNormEncoderLayer(
        (self_attn): MultiheadAttention(
          (out_proj): NonDynamicallyQuantizableLinear(in_features=64, out_features=64, bias=True)
        )
        (linear1): Linear(in_features=64, out_features=256, bias=True)
        (dropout): Dropout(p=0.1, inplace=False)
        (linear2): Linear(in_features=256, out_features=64, bias=True)
        (norm1): BatchNorm1d(64, eps=1e-05, momentum=0.1, affine=True, track_running_stats=True)
        (norm2): BatchNorm1d(64, eps=1e-05, momentum=0.1, affine=True, track_running_stats=True)
        (dropout1): Dropout(p=0.1, inplace=False)
        (dropout2): Dropout(p=0.1, inplace=False)
      )
    )
  )
  (dropout1): Dropout(p=0.1, inplace=False)
  (output_layer): Linear(in_features=1536, out_features=1, bias=True)
)
Total number of parameters: 153409
Trainable parameters: 153409
Evaluating on validation set ...
Validation runtime: 0.0 hours, 0.0 minutes, 0.1950054168701172 seconds

Avg val. time: 0.0 hours, 0.0 minutes, 0.1950054168701172 seconds
Avg batch val. time: 0.019500541687011718 seconds
Avg sample val. time: 0.0003046959638595581 seconds
Epoch 0 Validation Summary: epoch: 0.000000 | loss: 679.093372 | 
Starting training...
Epoch 1 Training Summary: epoch: 1.000000 | loss: 697.968512 | 
Epoch runtime: 0.0 hours, 0.0 minutes, 1.7151055335998535 seconds

Avg epoch train. time: 0.0 hours, 0.0 minutes, 1.7151055335998535 seconds
Avg batch train. time: 0.05717018445332845 seconds
Avg sample train. time: 0.0008937496266804865 seconds
Evaluating on validation set ...
Validation runtime: 0.0 hours, 0.0 minutes, 0.23887348175048828 seconds

Avg val. time: 0.0 hours, 0.0 minutes, 0.21693944931030273 seconds
Avg batch val. time: 0.021693944931030273 seconds
Avg sample val. time: 0.000338967889547348 seconds
Epoch 1 Validation Summary: epoch: 1.000000 | loss: 675.040399 | 
Epoch 2 Training Summary: epoch: 2.000000 | loss: 661.080128 | 
Epoch runtime: 0.0 hours, 0.0 minutes, 2.1236941814422607 seconds

Avg epoch train. time: 0.0 hours, 0.0 minutes, 1.9193998575210571 seconds
Avg batch train. time: 0.0639799952507019 seconds
Avg sample train. time: 0.0010002083676503685 seconds
Evaluating on validation set ...
Validation runtime: 0.0 hours, 0.0 minutes, 0.2420053482055664 seconds

Avg val. time: 0.0 hours, 0.0 minutes, 0.22529474894205728 seconds
Avg batch val. time: 0.022529474894205728 seconds
Avg sample val. time: 0.0003520230452219645 seconds
Epoch 2 Validation Summary: epoch: 2.000000 | loss: 630.759088 | 
Epoch 3 Training Summary: epoch: 3.000000 | loss: 603.750568 | 
Epoch runtime: 0.0 hours, 0.0 minutes, 2.080700397491455 seconds

Avg epoch train. time: 0.0 hours, 0.0 minutes, 1.9731667041778564 seconds
Avg batch train. time: 0.06577222347259522 seconds
Avg sample train. time: 0.0010282265264084712 seconds
Epoch 4 Training Summary: epoch: 4.000000 | loss: 524.496775 | 
Epoch runtime: 0.0 hours, 0.0 minutes, 2.021726131439209 seconds

Avg epoch train. time: 0.0 hours, 0.0 minutes, 1.9853065609931946 seconds
Avg batch train. time: 0.06617688536643981 seconds
Avg sample train. time: 0.0010345526633627903 seconds
Evaluating on validation set ...
Validation runtime: 0.0 hours, 0.0 minutes, 0.2420053482055664 seconds

Avg val. time: 0.0 hours, 0.0 minutes, 0.22947239875793457 seconds
Avg batch val. time: 0.022947239875793456 seconds
Avg sample val. time: 0.00035855062305927276 seconds
Epoch 4 Validation Summary: epoch: 4.000000 | loss: 475.302908 | 
Epoch 5 Training Summary: epoch: 5.000000 | loss: 429.987993 | 
Epoch runtime: 0.0 hours, 0.0 minutes, 2.068153142929077 seconds

Avg epoch train. time: 0.0 hours, 0.0 minutes, 2.001875877380371 seconds
Avg batch train. time: 0.06672919591267903 seconds
Avg sample train. time: 0.001043187012704727 seconds
Epoch 6 Training Summary: epoch: 6.000000 | loss: 325.022583 | 
Epoch runtime: 0.0 hours, 0.0 minutes, 2.019357919692993 seconds

Avg epoch train. time: 0.0 hours, 0.0 minutes, 2.0047895510991416 seconds
Avg batch train. time: 0.06682631836997138 seconds
Avg sample train. time: 0.001044705341896374 seconds
Evaluating on validation set ...
Validation runtime: 0.0 hours, 0.0 minutes, 0.23599600791931152 seconds

Avg val. time: 0.0 hours, 0.0 minutes, 0.23077712059020997 seconds
Avg batch val. time: 0.023077712059020997 seconds
Avg sample val. time: 0.00036058925092220307 seconds
Epoch 6 Validation Summary: epoch: 6.000000 | loss: 276.309030 | 
Epoch 7 Training Summary: epoch: 7.000000 | loss: 219.261308 | 
Epoch runtime: 0.0 hours, 0.0 minutes, 1.9264400005340576 seconds

Avg epoch train. time: 0.0 hours, 0.0 minutes, 1.9935967581612724 seconds
Avg batch train. time: 0.06645322527204241 seconds
Avg sample train. time: 0.0010388727244196312 seconds
Epoch 8 Training Summary: epoch: 8.000000 | loss: 124.337096 | 
Epoch runtime: 0.0 hours, 0.0 minutes, 1.8802480697631836 seconds

Avg epoch train. time: 0.0 hours, 0.0 minutes, 1.9794281721115112 seconds
Avg batch train. time: 0.0659809390703837 seconds
Avg sample train. time: 0.0010314894070409125 seconds
Evaluating on validation set ...
Validation runtime: 0.0 hours, 0.0 minutes, 0.23301434516906738 seconds

Avg val. time: 0.0 hours, 0.0 minutes, 0.23114999135335287 seconds
Avg batch val. time: 0.02311499913533529 seconds
Avg sample val. time: 0.0003611718614896139 seconds
Epoch 8 Validation Summary: epoch: 8.000000 | loss: 85.411438 | 
Epoch 9 Training Summary: epoch: 9.000000 | loss: 55.650245 | 
Epoch runtime: 0.0 hours, 0.0 minutes, 1.9194793701171875 seconds

Avg epoch train. time: 0.0 hours, 0.0 minutes, 1.9727671941121419 seconds
Avg batch train. time: 0.06575890647040473 seconds
Avg sample train. time: 0.0010280183398187295 seconds
Epoch 10 Training Summary: epoch: 10.000000 | loss: 19.635118 | 
Epoch runtime: 0.0 hours, 0.0 minutes, 1.925182819366455 seconds

Avg epoch train. time: 0.0 hours, 0.0 minutes, 1.9680087566375732 seconds
Avg batch train. time: 0.0656002918879191 seconds
Avg sample train. time: 0.0010255386954859684 seconds
Evaluating on validation set ...
Validation runtime: 0.0 hours, 0.0 minutes, 0.2315382957458496 seconds

Avg val. time: 0.0 hours, 0.0 minutes, 0.23120546340942383 seconds
Avg batch val. time: 0.023120546340942384 seconds
Avg sample val. time: 0.00036125853657722475 seconds
Epoch 10 Validation Summary: epoch: 10.000000 | loss: 41.168203 | 
Epoch 11 Training Summary: epoch: 11.000000 | loss: 7.933935 | 
Epoch runtime: 0.0 hours, 0.0 minutes, 1.9640374183654785 seconds

Avg epoch train. time: 0.0 hours, 0.0 minutes, 1.9676477258855647 seconds
Avg batch train. time: 0.06558825752951883 seconds
Avg sample train. time: 0.0010253505606490697 seconds
Epoch 12 Training Summary: epoch: 12.000000 | loss: 4.852579 | 
Epoch runtime: 0.0 hours, 0.0 minutes, 1.9641566276550293 seconds

Avg epoch train. time: 0.0 hours, 0.0 minutes, 1.96735680103302 seconds
Avg batch train. time: 0.065578560034434 seconds
Avg sample train. time: 0.0010251989583288275 seconds
Evaluating on validation set ...
Validation runtime: 0.0 hours, 0.0 minutes, 0.23499798774719238 seconds

Avg val. time: 0.0 hours, 0.0 minutes, 0.2316795289516449 seconds
Avg batch val. time: 0.02316795289516449 seconds
Avg sample val. time: 0.00036199926398694515 seconds
Epoch 12 Validation Summary: epoch: 12.000000 | loss: 10.634841 | 
Epoch 13 Training Summary: epoch: 13.000000 | loss: 2.708390 | 
Epoch runtime: 0.0 hours, 0.0 minutes, 1.9634180068969727 seconds

Avg epoch train. time: 0.0 hours, 0.0 minutes, 1.9670538168687086 seconds
Avg batch train. time: 0.06556846056229029 seconds
Avg sample train. time: 0.0010250410718440379 seconds
Epoch 14 Training Summary: epoch: 14.000000 | loss: 1.972415 | 
Epoch runtime: 0.0 hours, 0.0 minutes, 1.9652810096740723 seconds

Avg epoch train. time: 0.0 hours, 0.0 minutes, 1.9669271877833776 seconds
Avg batch train. time: 0.06556423959277925 seconds
Avg sample train. time: 0.00102497508482719 seconds
Evaluating on validation set ...
Validation runtime: 0.0 hours, 0.0 minutes, 0.22700238227844238 seconds

Avg val. time: 0.0 hours, 0.0 minutes, 0.23115984598795572 seconds
Avg batch val. time: 0.02311598459879557 seconds
Avg sample val. time: 0.0003611872593561808 seconds
Epoch 14 Validation Summary: epoch: 14.000000 | loss: 3.178819 | 
Epoch 15 Training Summary: epoch: 15.000000 | loss: 1.249098 | 
Epoch runtime: 0.0 hours, 0.0 minutes, 2.00578236579895 seconds

Avg epoch train. time: 0.0 hours, 0.0 minutes, 1.9695175329844157 seconds
Avg batch train. time: 0.06565058443281385 seconds
Avg sample train. time: 0.0010263249259950056 seconds
Epoch 16 Training Summary: epoch: 16.000000 | loss: 0.955804 | 
Epoch runtime: 0.0 hours, 0.0 minutes, 1.9752302169799805 seconds

Avg epoch train. time: 0.0 hours, 0.0 minutes, 1.9698745757341385 seconds
Avg batch train. time: 0.06566248585780461 seconds
Avg sample train. time: 0.001026510982665002 seconds
Evaluating on validation set ...
Validation runtime: 0.0 hours, 0.0 minutes, 0.2157590389251709 seconds

Avg val. time: 0.0 hours, 0.0 minutes, 0.22961976528167724 seconds
Avg batch val. time: 0.022961976528167723 seconds
Avg sample val. time: 0.0003587808832526207 seconds
Epoch 16 Validation Summary: epoch: 16.000000 | loss: 2.115313 | 
Epoch 17 Training Summary: epoch: 17.000000 | loss: 0.832997 | 
Epoch runtime: 0.0 hours, 0.0 minutes, 2.0118885040283203 seconds

Avg epoch train. time: 0.0 hours, 0.0 minutes, 1.972345983280855 seconds
Avg batch train. time: 0.06574486610936184 seconds
Avg sample train. time: 0.0010277988448571418 seconds
Epoch 18 Training Summary: epoch: 18.000000 | loss: 0.679256 | 
Epoch runtime: 0.0 hours, 0.0 minutes, 1.9609856605529785 seconds

Avg epoch train. time: 0.0 hours, 0.0 minutes, 1.9717148542404175 seconds
Avg batch train. time: 0.06572382847468058 seconds
Avg sample train. time: 0.0010274699605213222 seconds
Evaluating on validation set ...
Validation runtime: 0.0 hours, 0.0 minutes, 0.21928930282592773 seconds

Avg val. time: 0.0 hours, 0.0 minutes, 0.22868063233115457 seconds
Avg batch val. time: 0.02286806323311546 seconds
Avg sample val. time: 0.00035731348801742904 seconds
Epoch 18 Validation Summary: epoch: 18.000000 | loss: 2.975692 | 
Epoch 19 Training Summary: epoch: 19.000000 | loss: 0.592080 | 
Epoch runtime: 0.0 hours, 0.0 minutes, 1.9360086917877197 seconds

Avg epoch train. time: 0.0 hours, 0.0 minutes, 1.9698355825323808 seconds
Avg batch train. time: 0.0656611860844127 seconds
Avg sample train. time: 0.001026490663122658 seconds
Epoch 20 Training Summary: epoch: 20.000000 | loss: 0.552293 | 
Epoch runtime: 0.0 hours, 0.0 minutes, 1.943694829940796 seconds

Avg epoch train. time: 0.0 hours, 0.0 minutes, 1.9685285449028016 seconds
Avg batch train. time: 0.06561761816342672 seconds
Avg sample train. time: 0.0010258095596158425 seconds
Evaluating on validation set ...
Validation runtime: 0.0 hours, 0.0 minutes, 0.20813393592834473 seconds

Avg val. time: 0.0 hours, 0.0 minutes, 0.2269684076309204 seconds
Avg batch val. time: 0.02269684076309204 seconds
Avg sample val. time: 0.00035463813692331313 seconds
Epoch 20 Validation Summary: epoch: 20.000000 | loss: 2.529414 | 
Epoch 21 Training Summary: epoch: 21.000000 | loss: 0.507549 | 
Epoch runtime: 0.0 hours, 0.0 minutes, 1.9089133739471436 seconds

Avg epoch train. time: 0.0 hours, 0.0 minutes, 1.9656897272382463 seconds
Avg batch train. time: 0.06552299090794154 seconds
Avg sample train. time: 0.0010243302382690184 seconds
Epoch 22 Training Summary: epoch: 22.000000 | loss: 0.491331 | 
Epoch runtime: 0.0 hours, 0.0 minutes, 1.881695032119751 seconds

Avg epoch train. time: 0.0 hours, 0.0 minutes, 1.961871786551042 seconds
Avg batch train. time: 0.06539572621836806 seconds
Avg sample train. time: 0.0010223406912720386 seconds
Evaluating on validation set ...
Validation runtime: 0.0 hours, 0.0 minutes, 0.2220003604888916 seconds

Avg val. time: 0.0 hours, 0.0 minutes, 0.22658625015845665 seconds
Avg batch val. time: 0.022658625015845667 seconds
Avg sample val. time: 0.00035404101587258854 seconds
Epoch 22 Validation Summary: epoch: 22.000000 | loss: 2.869971 | 
Epoch 23 Training Summary: epoch: 23.000000 | loss: 0.416350 | 
Epoch runtime: 0.0 hours, 0.0 minutes, 1.855940818786621 seconds

Avg epoch train. time: 0.0 hours, 0.0 minutes, 1.957266092300415 seconds
Avg batch train. time: 0.06524220307668051 seconds
Avg sample train. time: 0.00101994064215759 seconds
Epoch 24 Training Summary: epoch: 24.000000 | loss: 0.394584 | 
Epoch runtime: 0.0 hours, 0.0 minutes, 1.8450284004211426 seconds

Avg epoch train. time: 0.0 hours, 0.0 minutes, 1.9525895218054454 seconds
Avg batch train. time: 0.06508631739351485 seconds
Avg sample train. time: 0.0010175036590961155 seconds
Evaluating on validation set ...
Validation runtime: 0.0 hours, 0.0 minutes, 0.19900083541870117 seconds

Avg val. time: 0.0 hours, 0.0 minutes, 0.22461586339133127 seconds
Avg batch val. time: 0.022461586339133126 seconds
Avg sample val. time: 0.0003509622865489551 seconds
Epoch 24 Validation Summary: epoch: 24.000000 | loss: 1.323140 | 
Epoch 25 Training Summary: epoch: 25.000000 | loss: 0.397027 | 
Epoch runtime: 0.0 hours, 0.0 minutes, 1.8552196025848389 seconds

Avg epoch train. time: 0.0 hours, 0.0 minutes, 1.9486947250366211 seconds
Avg batch train. time: 0.06495649083455404 seconds
Avg sample train. time: 0.0010154740620305477 seconds
Epoch 26 Training Summary: epoch: 26.000000 | loss: 0.370414 | 
Epoch runtime: 0.0 hours, 0.0 minutes, 1.873845100402832 seconds

Avg epoch train. time: 0.0 hours, 0.0 minutes, 1.945815893319937 seconds
Avg batch train. time: 0.06486052977733123 seconds
Avg sample train. time: 0.0010139738891714106 seconds
Evaluating on validation set ...
Validation runtime: 0.0 hours, 0.0 minutes, 0.21399140357971191 seconds

Avg val. time: 0.0 hours, 0.0 minutes, 0.22390756607055665 seconds
Avg batch val. time: 0.022390756607055664 seconds
Avg sample val. time: 0.00034985557198524475 seconds
Epoch 26 Validation Summary: epoch: 26.000000 | loss: 2.168555 | 
Epoch 27 Training Summary: epoch: 27.000000 | loss: 0.431593 | 
Epoch runtime: 0.0 hours, 0.0 minutes, 1.8507311344146729 seconds

Avg epoch train. time: 0.0 hours, 0.0 minutes, 1.9422942355827049 seconds
Avg batch train. time: 0.06474314118609016 seconds
Avg sample train. time: 0.0010121387366246507 seconds
Epoch 28 Training Summary: epoch: 28.000000 | loss: 0.339685 | 
Epoch runtime: 0.0 hours, 0.0 minutes, 1.8190977573394775 seconds

Avg epoch train. time: 0.0 hours, 0.0 minutes, 1.9378943613597326 seconds
Avg batch train. time: 0.06459647871199109 seconds
Avg sample train. time: 0.0010098459413026225 seconds
Evaluating on validation set ...
Validation runtime: 0.0 hours, 0.0 minutes, 0.20492815971374512 seconds

Avg val. time: 0.0 hours, 0.0 minutes, 0.22272135317325592 seconds
Avg batch val. time: 0.02227213531732559 seconds
Avg sample val. time: 0.00034800211433321236 seconds
Epoch 28 Validation Summary: epoch: 28.000000 | loss: 1.221355 | 
Epoch 29 Training Summary: epoch: 29.000000 | loss: 0.344523 | 
Epoch runtime: 0.0 hours, 0.0 minutes, 1.823697566986084 seconds

Avg epoch train. time: 0.0 hours, 0.0 minutes, 1.9339565408640895 seconds
Avg batch train. time: 0.06446521802880298 seconds
Avg sample train. time: 0.0010077939243689888 seconds
Epoch 30 Training Summary: epoch: 30.000000 | loss: 0.319493 | 
Epoch runtime: 0.0 hours, 0.0 minutes, 1.8355631828308105 seconds

Avg epoch train. time: 0.0 hours, 0.0 minutes, 1.9306767622629801 seconds
Avg batch train. time: 0.06435589207543267 seconds
Avg sample train. time: 0.0010060848161870663 seconds
Evaluating on validation set ...
Validation runtime: 0.0 hours, 0.0 minutes, 0.21299529075622559 seconds

Avg val. time: 0.0 hours, 0.0 minutes, 0.22214923185460708 seconds
Avg batch val. time: 0.022214923185460707 seconds
Avg sample val. time: 0.00034710817477282354 seconds
Epoch 30 Validation Summary: epoch: 30.000000 | loss: 1.207138 | 
Epoch 31 Training Summary: epoch: 31.000000 | loss: 0.413228 | 
Epoch runtime: 0.0 hours, 0.0 minutes, 1.840714454650879 seconds

Avg epoch train. time: 0.0 hours, 0.0 minutes, 1.927774752340009 seconds
Avg batch train. time: 0.06425915841133363 seconds
Avg sample train. time: 0.0010045725650547207 seconds
Epoch 32 Training Summary: epoch: 32.000000 | loss: 0.331233 | 
Epoch runtime: 0.0 hours, 0.0 minutes, 1.8268768787384033 seconds

Avg epoch train. time: 0.0 hours, 0.0 minutes, 1.924621693789959 seconds
Avg batch train. time: 0.06415405645966529 seconds
Avg sample train. time: 0.0010029294912923183 seconds
Evaluating on validation set ...
Validation runtime: 0.0 hours, 0.0 minutes, 0.22300100326538086 seconds

Avg val. time: 0.0 hours, 0.0 minutes, 0.22219655248853895 seconds
Avg batch val. time: 0.022219655248853894 seconds
Avg sample val. time: 0.0003471821132633421 seconds
Epoch 32 Validation Summary: epoch: 32.000000 | loss: 1.370279 | 
Epoch 33 Training Summary: epoch: 33.000000 | loss: 0.287366 | 
Epoch runtime: 0.0 hours, 0.0 minutes, 1.838315486907959 seconds

Avg epoch train. time: 0.0 hours, 0.0 minutes, 1.9220063541874741 seconds
Avg batch train. time: 0.0640668784729158 seconds
Avg sample train. time: 0.001001566625423384 seconds
Epoch 34 Training Summary: epoch: 34.000000 | loss: 0.336016 | 
Epoch runtime: 0.0 hours, 0.0 minutes, 1.923116683959961 seconds

Avg epoch train. time: 0.0 hours, 0.0 minutes, 1.9220390109454883 seconds
Avg batch train. time: 0.06406796703151628 seconds
Avg sample train. time: 0.0010015836430148455 seconds
Evaluating on validation set ...
Validation runtime: 0.0 hours, 0.0 minutes, 0.2130594253540039 seconds

Avg val. time: 0.0 hours, 0.0 minutes, 0.22171565106040553 seconds
Avg batch val. time: 0.022171565106040552 seconds
Avg sample val. time: 0.0003464307047818836 seconds
Epoch 34 Validation Summary: epoch: 34.000000 | loss: 2.089377 | 
Epoch 35 Training Summary: epoch: 35.000000 | loss: 0.309056 | 
Epoch runtime: 0.0 hours, 0.0 minutes, 1.9198358058929443 seconds

Avg epoch train. time: 0.0 hours, 0.0 minutes, 1.9219760622297015 seconds
Avg batch train. time: 0.06406586874099005 seconds
Avg sample train. time: 0.0010015508401405428 seconds
Epoch 36 Training Summary: epoch: 36.000000 | loss: 0.326783 | 
Epoch runtime: 0.0 hours, 0.0 minutes, 1.9037585258483887 seconds

Avg epoch train. time: 0.0 hours, 0.0 minutes, 1.9214700195524428 seconds
Avg batch train. time: 0.0640490006517481 seconds
Avg sample train. time: 0.001001287138901742 seconds
Evaluating on validation set ...
Validation runtime: 0.0 hours, 0.0 minutes, 0.19706344604492188 seconds

Avg val. time: 0.0 hours, 0.0 minutes, 0.22048304080963135 seconds
Avg batch val. time: 0.022048304080963137 seconds
Avg sample val. time: 0.000344504751265049 seconds
Epoch 36 Validation Summary: epoch: 36.000000 | loss: 1.257779 | 
Epoch 37 Training Summary: epoch: 37.000000 | loss: 0.286161 | 
Epoch runtime: 0.0 hours, 0.0 minutes, 1.8820500373840332 seconds

Avg epoch train. time: 0.0 hours, 0.0 minutes, 1.9204046146289722 seconds
Avg batch train. time: 0.06401348715429907 seconds
Avg sample train. time: 0.0010007319513439146 seconds
Epoch 38 Training Summary: epoch: 38.000000 | loss: 0.269803 | 
Epoch runtime: 0.0 hours, 0.0 minutes, 1.9333391189575195 seconds

Avg epoch train. time: 0.0 hours, 0.0 minutes, 1.9207449963218288 seconds
Avg batch train. time: 0.06402483321072763 seconds
Avg sample train. time: 0.0010009093258581702 seconds
Evaluating on validation set ...
Validation runtime: 0.0 hours, 0.0 minutes, 0.21309208869934082 seconds

Avg val. time: 0.0 hours, 0.0 minutes, 0.22013109070914133 seconds
Avg batch val. time: 0.02201310907091413 seconds
Avg sample val. time: 0.0003439548292330333 seconds
Epoch 38 Validation Summary: epoch: 38.000000 | loss: 1.439031 | 
Epoch 39 Training Summary: epoch: 39.000000 | loss: 0.324260 | 
Epoch runtime: 0.0 hours, 0.0 minutes, 1.9270548820495605 seconds

Avg epoch train. time: 0.0 hours, 0.0 minutes, 1.9209067882635655 seconds
Avg batch train. time: 0.06403022627545218 seconds
Avg sample train. time: 0.0010009936364062354 seconds
Epoch 40 Training Summary: epoch: 40.000000 | loss: 0.268009 | 
Epoch runtime: 0.0 hours, 0.0 minutes, 1.9813599586486816 seconds

Avg epoch train. time: 0.0 hours, 0.0 minutes, 1.9224181175231934 seconds
Avg batch train. time: 0.06408060391743978 seconds
Avg sample train. time: 0.001001781197250231 seconds
Evaluating on validation set ...
Validation runtime: 0.0 hours, 0.0 minutes, 0.21399927139282227 seconds

Avg val. time: 0.0 hours, 0.0 minutes, 0.21985237164930863 seconds
Avg batch val. time: 0.021985237164930862 seconds
Avg sample val. time: 0.0003435193307020447 seconds
Epoch 40 Validation Summary: epoch: 40.000000 | loss: 1.778196 | 
Best loss was 1.207137668132782. Other metrics: OrderedDict([('epoch', 30), ('loss', 1.207137668132782)])
All Done!
Total runtime: 0.0 hours, 1.0 minutes, 25.852992296218872 seconds

