Running:
main.py --output_dir experiments/salvador_83248/ --comment regression for salvador_83248 --name salvador_83248_Regression --records_file experiments/salvador_83248/salvador_83248_Regression.xls --data_dir datasets/files/salvador_83248/ --data_class wf --pattern TRAIN --val_pattern TEST --epochs 40 --lr 0.0025 --optimizer RAdam --pos_encoding learnable --task regression

Using device: cpu
Loading and preprocessing data ...
1919 samples may be used for training
640 samples will be used for validation
0 samples will be used for testing
Creating model ...
Model:
TSTransformerEncoderClassiregressor(
  (project_inp): Linear(in_features=5, out_features=64, bias=True)
  (pos_enc): LearnablePositionalEncoding(
    (dropout): Dropout(p=0.1, inplace=False)
  )
  (transformer_encoder): TransformerEncoder(
    (layers): ModuleList(
      (0): TransformerBatchNormEncoderLayer(
        (self_attn): MultiheadAttention(
          (out_proj): NonDynamicallyQuantizableLinear(in_features=64, out_features=64, bias=True)
        )
        (linear1): Linear(in_features=64, out_features=256, bias=True)
        (dropout): Dropout(p=0.1, inplace=False)
        (linear2): Linear(in_features=256, out_features=64, bias=True)
        (norm1): BatchNorm1d(64, eps=1e-05, momentum=0.1, affine=True, track_running_stats=True)
        (norm2): BatchNorm1d(64, eps=1e-05, momentum=0.1, affine=True, track_running_stats=True)
        (dropout1): Dropout(p=0.1, inplace=False)
        (dropout2): Dropout(p=0.1, inplace=False)
      )
      (1): TransformerBatchNormEncoderLayer(
        (self_attn): MultiheadAttention(
          (out_proj): NonDynamicallyQuantizableLinear(in_features=64, out_features=64, bias=True)
        )
        (linear1): Linear(in_features=64, out_features=256, bias=True)
        (dropout): Dropout(p=0.1, inplace=False)
        (linear2): Linear(in_features=256, out_features=64, bias=True)
        (norm1): BatchNorm1d(64, eps=1e-05, momentum=0.1, affine=True, track_running_stats=True)
        (norm2): BatchNorm1d(64, eps=1e-05, momentum=0.1, affine=True, track_running_stats=True)
        (dropout1): Dropout(p=0.1, inplace=False)
        (dropout2): Dropout(p=0.1, inplace=False)
      )
      (2): TransformerBatchNormEncoderLayer(
        (self_attn): MultiheadAttention(
          (out_proj): NonDynamicallyQuantizableLinear(in_features=64, out_features=64, bias=True)
        )
        (linear1): Linear(in_features=64, out_features=256, bias=True)
        (dropout): Dropout(p=0.1, inplace=False)
        (linear2): Linear(in_features=256, out_features=64, bias=True)
        (norm1): BatchNorm1d(64, eps=1e-05, momentum=0.1, affine=True, track_running_stats=True)
        (norm2): BatchNorm1d(64, eps=1e-05, momentum=0.1, affine=True, track_running_stats=True)
        (dropout1): Dropout(p=0.1, inplace=False)
        (dropout2): Dropout(p=0.1, inplace=False)
      )
    )
  )
  (dropout1): Dropout(p=0.1, inplace=False)
  (output_layer): Linear(in_features=1536, out_features=1, bias=True)
)
Total number of parameters: 153409
Trainable parameters: 153409
Evaluating on validation set ...
Validation runtime: 0.0 hours, 0.0 minutes, 0.17600178718566895 seconds

Avg val. time: 0.0 hours, 0.0 minutes, 0.17600178718566895 seconds
Avg batch val. time: 0.017600178718566895 seconds
Avg sample val. time: 0.0002750027924776077 seconds
Epoch 0 Validation Summary: epoch: 0.000000 | loss: 713.151361 | 
Starting training...
Epoch 1 Training Summary: epoch: 1.000000 | loss: 664.294909 | 
Epoch runtime: 0.0 hours, 0.0 minutes, 1.9170231819152832 seconds

Avg epoch train. time: 0.0 hours, 0.0 minutes, 1.9170231819152832 seconds
Avg batch train. time: 0.06390077273050944 seconds
Avg sample train. time: 0.0009989698707218776 seconds
Evaluating on validation set ...
Validation runtime: 0.0 hours, 0.0 minutes, 0.22300124168395996 seconds

Avg val. time: 0.0 hours, 0.0 minutes, 0.19950151443481445 seconds
Avg batch val. time: 0.019950151443481445 seconds
Avg sample val. time: 0.0003117211163043976 seconds
Epoch 1 Validation Summary: epoch: 1.000000 | loss: 595.066443 | 
Epoch 2 Training Summary: epoch: 2.000000 | loss: 476.592223 | 
Epoch runtime: 0.0 hours, 0.0 minutes, 1.98307466506958 seconds

Avg epoch train. time: 0.0 hours, 0.0 minutes, 1.9500489234924316 seconds
Avg batch train. time: 0.06500163078308105 seconds
Avg sample train. time: 0.0010161797412675518 seconds
Evaluating on validation set ...
Validation runtime: 0.0 hours, 0.0 minutes, 0.21999430656433105 seconds

Avg val. time: 0.0 hours, 0.0 minutes, 0.20633244514465332 seconds
Avg batch val. time: 0.020633244514465333 seconds
Avg sample val. time: 0.00032239444553852083 seconds
Epoch 2 Validation Summary: epoch: 2.000000 | loss: 266.935585 | 
Epoch 3 Training Summary: epoch: 3.000000 | loss: 196.295280 | 
Epoch runtime: 0.0 hours, 0.0 minutes, 1.9300973415374756 seconds

Avg epoch train. time: 0.0 hours, 0.0 minutes, 1.943398396174113 seconds
Avg batch train. time: 0.0647799465391371 seconds
Avg sample train. time: 0.0010127141199448217 seconds
Epoch 4 Training Summary: epoch: 4.000000 | loss: 23.442333 | 
Epoch runtime: 0.0 hours, 0.0 minutes, 1.906623125076294 seconds

Avg epoch train. time: 0.0 hours, 0.0 minutes, 1.9342045783996582 seconds
Avg batch train. time: 0.06447348594665528 seconds
Avg sample train. time: 0.0010079231779049809 seconds
Evaluating on validation set ...
Validation runtime: 0.0 hours, 0.0 minutes, 0.23128604888916016 seconds

Avg val. time: 0.0 hours, 0.0 minutes, 0.21257084608078003 seconds
Avg batch val. time: 0.021257084608078004 seconds
Avg sample val. time: 0.0003321419470012188 seconds
Epoch 4 Validation Summary: epoch: 4.000000 | loss: 15.730037 | 
Epoch 5 Training Summary: epoch: 5.000000 | loss: 3.800936 | 
Epoch runtime: 0.0 hours, 0.0 minutes, 2.211077928543091 seconds

Avg epoch train. time: 0.0 hours, 0.0 minutes, 1.9895792484283448 seconds
Avg batch train. time: 0.06631930828094483 seconds
Avg sample train. time: 0.001036779181046558 seconds
Epoch 6 Training Summary: epoch: 6.000000 | loss: 1.483439 | 
Epoch runtime: 0.0 hours, 0.0 minutes, 2.0365729331970215 seconds

Avg epoch train. time: 0.0 hours, 0.0 minutes, 1.9974115292231243 seconds
Avg batch train. time: 0.06658038430743747 seconds
Avg sample train. time: 0.0010408606197098095 seconds
Evaluating on validation set ...
Validation runtime: 0.0 hours, 0.0 minutes, 0.2149944305419922 seconds

Avg val. time: 0.0 hours, 0.0 minutes, 0.21305556297302247 seconds
Avg batch val. time: 0.02130555629730225 seconds
Avg sample val. time: 0.00033289931714534763 seconds
Epoch 6 Validation Summary: epoch: 6.000000 | loss: 3.288732 | 
Epoch 7 Training Summary: epoch: 7.000000 | loss: 0.878003 | 
Epoch runtime: 0.0 hours, 0.0 minutes, 1.9413840770721436 seconds

Avg epoch train. time: 0.0 hours, 0.0 minutes, 1.9894076074872697 seconds
Avg batch train. time: 0.06631358691624233 seconds
Avg sample train. time: 0.0010366897381382334 seconds
Epoch 8 Training Summary: epoch: 8.000000 | loss: 0.658725 | 
Epoch runtime: 0.0 hours, 0.0 minutes, 1.8955495357513428 seconds

Avg epoch train. time: 0.0 hours, 0.0 minutes, 1.977675348520279 seconds
Avg batch train. time: 0.06592251161734262 seconds
Avg sample train. time: 0.0010305760023555388 seconds
Evaluating on validation set ...
Validation runtime: 0.0 hours, 0.0 minutes, 0.20001578330993652 seconds

Avg val. time: 0.0 hours, 0.0 minutes, 0.21088226636250815 seconds
Avg batch val. time: 0.021088226636250814 seconds
Avg sample val. time: 0.00032950354119141897 seconds
Epoch 8 Validation Summary: epoch: 8.000000 | loss: 2.217082 | 
Epoch 9 Training Summary: epoch: 9.000000 | loss: 0.476299 | 
Epoch runtime: 0.0 hours, 0.0 minutes, 1.9145631790161133 seconds

Avg epoch train. time: 0.0 hours, 0.0 minutes, 1.9706628852420383 seconds
Avg batch train. time: 0.06568876284140128 seconds
Avg sample train. time: 0.001026921774487774 seconds
Epoch 10 Training Summary: epoch: 10.000000 | loss: 0.532846 | 
Epoch runtime: 0.0 hours, 0.0 minutes, 1.8751165866851807 seconds

Avg epoch train. time: 0.0 hours, 0.0 minutes, 1.9611082553863526 seconds
Avg batch train. time: 0.06537027517954509 seconds
Avg sample train. time: 0.0010219428115614136 seconds
Evaluating on validation set ...
Validation runtime: 0.0 hours, 0.0 minutes, 0.191056489944458 seconds

Avg val. time: 0.0 hours, 0.0 minutes, 0.20805001258850098 seconds
Avg batch val. time: 0.020805001258850098 seconds
Avg sample val. time: 0.0003250781446695328 seconds
Epoch 10 Validation Summary: epoch: 10.000000 | loss: 1.235340 | 
Epoch 11 Training Summary: epoch: 11.000000 | loss: 0.444212 | 
Epoch runtime: 0.0 hours, 0.0 minutes, 1.8495936393737793 seconds

Avg epoch train. time: 0.0 hours, 0.0 minutes, 1.9509705630215732 seconds
Avg batch train. time: 0.0650323521007191 seconds
Avg sample train. time: 0.001016660011996651 seconds
Epoch 12 Training Summary: epoch: 12.000000 | loss: 0.373713 | 
Epoch runtime: 0.0 hours, 0.0 minutes, 1.8326964378356934 seconds

Avg epoch train. time: 0.0 hours, 0.0 minutes, 1.9411143859227498 seconds
Avg batch train. time: 0.06470381286409166 seconds
Avg sample train. time: 0.0010115239113719385 seconds
Evaluating on validation set ...
Validation runtime: 0.0 hours, 0.0 minutes, 0.1940290927886963 seconds

Avg val. time: 0.0 hours, 0.0 minutes, 0.2062973976135254 seconds
Avg batch val. time: 0.020629739761352538 seconds
Avg sample val. time: 0.0003223396837711334 seconds
Epoch 12 Validation Summary: epoch: 12.000000 | loss: 0.140037 | 
Epoch 13 Training Summary: epoch: 13.000000 | loss: 0.388818 | 
Epoch runtime: 0.0 hours, 0.0 minutes, 1.7170279026031494 seconds

Avg epoch train. time: 0.0 hours, 0.0 minutes, 1.9238769641289344 seconds
Avg batch train. time: 0.06412923213763115 seconds
Avg sample train. time: 0.0010025414091344108 seconds
Epoch 14 Training Summary: epoch: 14.000000 | loss: 0.349119 | 
Epoch runtime: 0.0 hours, 0.0 minutes, 1.7139909267425537 seconds

Avg epoch train. time: 0.0 hours, 0.0 minutes, 1.9088851043156214 seconds
Avg batch train. time: 0.06362950347718738 seconds
Avg sample train. time: 0.0009947290798934974 seconds
Evaluating on validation set ...
Validation runtime: 0.0 hours, 0.0 minutes, 0.19099974632263184 seconds

Avg val. time: 0.0 hours, 0.0 minutes, 0.20459765858120388 seconds
Avg batch val. time: 0.02045976585812039 seconds
Avg sample val. time: 0.00031968384153313107 seconds
Epoch 14 Validation Summary: epoch: 14.000000 | loss: 2.066215 | 
Epoch 15 Training Summary: epoch: 15.000000 | loss: 0.372761 | 
Epoch runtime: 0.0 hours, 0.0 minutes, 1.7315962314605713 seconds

Avg epoch train. time: 0.0 hours, 0.0 minutes, 1.8970658461252847 seconds
Avg batch train. time: 0.06323552820417616 seconds
Avg sample train. time: 0.0009885700084029624 seconds
Epoch 16 Training Summary: epoch: 16.000000 | loss: 0.446754 | 
Epoch runtime: 0.0 hours, 0.0 minutes, 1.7459118366241455 seconds

Avg epoch train. time: 0.0 hours, 0.0 minutes, 1.8876187205314636 seconds
Avg batch train. time: 0.06292062401771545 seconds
Avg sample train. time: 0.0009836470664572505 seconds
Evaluating on validation set ...
Validation runtime: 0.0 hours, 0.0 minutes, 0.18700647354125977 seconds

Avg val. time: 0.0 hours, 0.0 minutes, 0.20283854007720947 seconds
Avg batch val. time: 0.020283854007720946 seconds
Avg sample val. time: 0.0003169352188706398 seconds
Epoch 16 Validation Summary: epoch: 16.000000 | loss: 1.563578 | 
Epoch 17 Training Summary: epoch: 17.000000 | loss: 0.389029 | 
Epoch runtime: 0.0 hours, 0.0 minutes, 1.7436752319335938 seconds

Avg epoch train. time: 0.0 hours, 0.0 minutes, 1.8791514564962948 seconds
Avg batch train. time: 0.06263838188320983 seconds
Avg sample train. time: 0.0009792347350163079 seconds
Epoch 18 Training Summary: epoch: 18.000000 | loss: 0.724796 | 
Epoch runtime: 0.0 hours, 0.0 minutes, 1.7389161586761475 seconds

Avg epoch train. time: 0.0 hours, 0.0 minutes, 1.8713606066173978 seconds
Avg batch train. time: 0.06237868688724659 seconds
Avg sample train. time: 0.0009751748861997904 seconds
Evaluating on validation set ...
Validation runtime: 0.0 hours, 0.0 minutes, 0.20614981651306152 seconds

Avg val. time: 0.0 hours, 0.0 minutes, 0.20313956520774148 seconds
Avg batch val. time: 0.020313956520774147 seconds
Avg sample val. time: 0.00031740557063709605 seconds
Epoch 18 Validation Summary: epoch: 18.000000 | loss: 0.725197 | 
Epoch 19 Training Summary: epoch: 19.000000 | loss: 0.386655 | 
Epoch runtime: 0.0 hours, 0.0 minutes, 1.7305150032043457 seconds

Avg epoch train. time: 0.0 hours, 0.0 minutes, 1.8639476801219739 seconds
Avg batch train. time: 0.06213158933739913 seconds
Avg sample train. time: 0.0009713119750505336 seconds
Epoch 20 Training Summary: epoch: 20.000000 | loss: 0.412941 | 
Epoch runtime: 0.0 hours, 0.0 minutes, 1.7384960651397705 seconds

Avg epoch train. time: 0.0 hours, 0.0 minutes, 1.8576750993728637 seconds
Avg batch train. time: 0.06192250331242879 seconds
Avg sample train. time: 0.0009680433034772609 seconds
Evaluating on validation set ...
Validation runtime: 0.0 hours, 0.0 minutes, 0.20905804634094238 seconds

Avg val. time: 0.0 hours, 0.0 minutes, 0.20363277196884155 seconds
Avg batch val. time: 0.020363277196884154 seconds
Avg sample val. time: 0.0003181762062013149 seconds
Epoch 20 Validation Summary: epoch: 20.000000 | loss: 0.910695 | 
Epoch 21 Training Summary: epoch: 21.000000 | loss: 0.485040 | 
Epoch runtime: 0.0 hours, 0.0 minutes, 1.8229975700378418 seconds

Avg epoch train. time: 0.0 hours, 0.0 minutes, 1.8560237884521484 seconds
Avg batch train. time: 0.06186745961507161 seconds
Avg sample train. time: 0.0009671827975258721 seconds
Epoch 22 Training Summary: epoch: 22.000000 | loss: 0.298711 | 
Epoch runtime: 0.0 hours, 0.0 minutes, 1.7401025295257568 seconds

Avg epoch train. time: 0.0 hours, 0.0 minutes, 1.8507546403191306 seconds
Avg batch train. time: 0.06169182134397102 seconds
Avg sample train. time: 0.0009644370194471759 seconds
Evaluating on validation set ...
Validation runtime: 0.0 hours, 0.0 minutes, 0.19492506980895996 seconds

Avg val. time: 0.0 hours, 0.0 minutes, 0.20296294872577375 seconds
Avg batch val. time: 0.020296294872577374 seconds
Avg sample val. time: 0.0003171296073840215 seconds
Epoch 22 Validation Summary: epoch: 22.000000 | loss: 1.981616 | 
Epoch 23 Training Summary: epoch: 23.000000 | loss: 0.340819 | 
Epoch runtime: 0.0 hours, 0.0 minutes, 1.844386339187622 seconds

Avg epoch train. time: 0.0 hours, 0.0 minutes, 1.850477757661239 seconds
Avg batch train. time: 0.0616825919220413 seconds
Avg sample train. time: 0.0009642927345811564 seconds
Epoch 24 Training Summary: epoch: 24.000000 | loss: 0.291560 | 
Epoch runtime: 0.0 hours, 0.0 minutes, 1.8405776023864746 seconds

Avg epoch train. time: 0.0 hours, 0.0 minutes, 1.850065251191457 seconds
Avg batch train. time: 0.0616688417063819 seconds
Avg sample train. time: 0.0009640777755036253 seconds
Evaluating on validation set ...
Validation runtime: 0.0 hours, 0.0 minutes, 0.20366716384887695 seconds

Avg val. time: 0.0 hours, 0.0 minutes, 0.2030132498059954 seconds
Avg batch val. time: 0.020301324980599538 seconds
Avg sample val. time: 0.0003172082028218678 seconds
Epoch 24 Validation Summary: epoch: 24.000000 | loss: 2.950175 | 
Epoch 25 Training Summary: epoch: 25.000000 | loss: 0.368227 | 
Epoch runtime: 0.0 hours, 0.0 minutes, 1.8596031665802002 seconds

Avg epoch train. time: 0.0 hours, 0.0 minutes, 1.850446767807007 seconds
Avg batch train. time: 0.06168155892690023 seconds
Avg sample train. time: 0.0009642765856211604 seconds
Epoch 26 Training Summary: epoch: 26.000000 | loss: 0.459615 | 
Epoch runtime: 0.0 hours, 0.0 minutes, 1.8456494808197021 seconds

Avg epoch train. time: 0.0 hours, 0.0 minutes, 1.8502622567690337 seconds
Avg batch train. time: 0.06167540855896779 seconds
Avg sample train. time: 0.0009641804360443115 seconds
Evaluating on validation set ...
Validation runtime: 0.0 hours, 0.0 minutes, 0.22143316268920898 seconds

Avg val. time: 0.0 hours, 0.0 minutes, 0.20424124399820964 seconds
Avg batch val. time: 0.020424124399820963 seconds
Avg sample val. time: 0.00031912694374720255 seconds
Epoch 26 Validation Summary: epoch: 26.000000 | loss: 2.925910 | 
Epoch 27 Training Summary: epoch: 27.000000 | loss: 0.370682 | 
Epoch runtime: 0.0 hours, 0.0 minutes, 1.8649423122406006 seconds

Avg epoch train. time: 0.0 hours, 0.0 minutes, 1.8508059625272397 seconds
Avg batch train. time: 0.061693532084241325 seconds
Avg sample train. time: 0.0009644637636931942 seconds
Epoch 28 Training Summary: epoch: 28.000000 | loss: 0.321963 | 
Epoch runtime: 0.0 hours, 0.0 minutes, 1.9127249717712402 seconds

Avg epoch train. time: 0.0 hours, 0.0 minutes, 1.8530173557145255 seconds
Avg batch train. time: 0.06176724519048418 seconds
Avg sample train. time: 0.0009656161311696329 seconds
Evaluating on validation set ...
Validation runtime: 0.0 hours, 0.0 minutes, 0.22299838066101074 seconds

Avg val. time: 0.0 hours, 0.0 minutes, 0.2054135650396347 seconds
Avg batch val. time: 0.020541356503963472 seconds
Avg sample val. time: 0.00032095869537442925 seconds
Epoch 28 Validation Summary: epoch: 28.000000 | loss: 4.002470 | 
Epoch 29 Training Summary: epoch: 29.000000 | loss: 0.568699 | 
Epoch runtime: 0.0 hours, 0.0 minutes, 1.9544100761413574 seconds

Avg epoch train. time: 0.0 hours, 0.0 minutes, 1.856513656418899 seconds
Avg batch train. time: 0.061883788547296634 seconds
Avg sample train. time: 0.0009674380700463258 seconds
Epoch 30 Training Summary: epoch: 30.000000 | loss: 0.486616 | 
Epoch runtime: 0.0 hours, 0.0 minutes, 2.006652593612671 seconds

Avg epoch train. time: 0.0 hours, 0.0 minutes, 1.8615182876586913 seconds
Avg batch train. time: 0.062050609588623046 seconds
Avg sample train. time: 0.0009700460071176088 seconds
Evaluating on validation set ...
Validation runtime: 0.0 hours, 0.0 minutes, 0.20527100563049316 seconds

Avg val. time: 0.0 hours, 0.0 minutes, 0.20540517919203816 seconds
Avg batch val. time: 0.020540517919203815 seconds
Avg sample val. time: 0.0003209455924875596 seconds
Epoch 30 Validation Summary: epoch: 30.000000 | loss: 2.285328 | 
Epoch 31 Training Summary: epoch: 31.000000 | loss: 0.587603 | 
Epoch runtime: 0.0 hours, 0.0 minutes, 1.923290729522705 seconds

Avg epoch train. time: 0.0 hours, 0.0 minutes, 1.8635109470736595 seconds
Avg batch train. time: 0.06211703156912198 seconds
Avg sample train. time: 0.0009710843913880456 seconds
Epoch 32 Training Summary: epoch: 32.000000 | loss: 0.470386 | 
Epoch runtime: 0.0 hours, 0.0 minutes, 2.1037492752075195 seconds

Avg epoch train. time: 0.0 hours, 0.0 minutes, 1.8710183948278427 seconds
Avg batch train. time: 0.062367279827594754 seconds
Avg sample train. time: 0.0009749965580134667 seconds
Evaluating on validation set ...
Validation runtime: 0.0 hours, 0.0 minutes, 0.2672879695892334 seconds

Avg val. time: 0.0 hours, 0.0 minutes, 0.20884311199188232 seconds
Avg batch val. time: 0.02088431119918823 seconds
Avg sample val. time: 0.0003263173624873161 seconds
Epoch 32 Validation Summary: epoch: 32.000000 | loss: 2.073590 | 
Epoch 33 Training Summary: epoch: 33.000000 | loss: 0.333865 | 
Epoch runtime: 0.0 hours, 0.0 minutes, 2.1161558628082275 seconds

Avg epoch train. time: 0.0 hours, 0.0 minutes, 1.8784468029484604 seconds
Avg batch train. time: 0.06261489343161535 seconds
Avg sample train. time: 0.0009788675367110268 seconds
Epoch 34 Training Summary: epoch: 34.000000 | loss: 0.434165 | 
Epoch runtime: 0.0 hours, 0.0 minutes, 1.9260449409484863 seconds

Avg epoch train. time: 0.0 hours, 0.0 minutes, 1.8798467481837553 seconds
Avg batch train. time: 0.06266155827279184 seconds
Avg sample train. time: 0.0009795970548117537 seconds
Evaluating on validation set ...
Validation runtime: 0.0 hours, 0.0 minutes, 0.23500299453735352 seconds

Avg val. time: 0.0 hours, 0.0 minutes, 0.21021994791532816 seconds
Avg batch val. time: 0.021021994791532817 seconds
Avg sample val. time: 0.00032846866861770027 seconds
Epoch 34 Validation Summary: epoch: 34.000000 | loss: 1.183625 | 
Epoch 35 Training Summary: epoch: 35.000000 | loss: 0.312098 | 
Epoch runtime: 0.0 hours, 0.0 minutes, 1.941657304763794 seconds

Avg epoch train. time: 0.0 hours, 0.0 minutes, 1.881612764086042 seconds
Avg batch train. time: 0.06272042546953474 seconds
Avg sample train. time: 0.0009805173340729765 seconds
Epoch 36 Training Summary: epoch: 36.000000 | loss: 0.372301 | 
Epoch runtime: 0.0 hours, 0.0 minutes, 1.937439203262329 seconds

Avg epoch train. time: 0.0 hours, 0.0 minutes, 1.8831634985076056 seconds
Avg batch train. time: 0.06277211661692018 seconds
Avg sample train. time: 0.0009813254291337183 seconds
Evaluating on validation set ...
Validation runtime: 0.0 hours, 0.0 minutes, 0.23800086975097656 seconds

Avg val. time: 0.0 hours, 0.0 minutes, 0.21160899400711058 seconds
Avg batch val. time: 0.02116089940071106 seconds
Avg sample val. time: 0.0003306390531361103 seconds
Epoch 36 Validation Summary: epoch: 36.000000 | loss: 2.050568 | 
Epoch 37 Training Summary: epoch: 37.000000 | loss: 0.313048 | 
Epoch runtime: 0.0 hours, 0.0 minutes, 2.0129435062408447 seconds

Avg epoch train. time: 0.0 hours, 0.0 minutes, 1.8866710662841797 seconds
Avg batch train. time: 0.06288903554280599 seconds
Avg sample train. time: 0.000983153239335164 seconds
Epoch 38 Training Summary: epoch: 38.000000 | loss: 0.355010 | 
Epoch runtime: 0.0 hours, 0.0 minutes, 1.8611078262329102 seconds

Avg epoch train. time: 0.0 hours, 0.0 minutes, 1.8859983494407253 seconds
Avg batch train. time: 0.06286661164802418 seconds
Avg sample train. time: 0.0009828026833979809 seconds
Evaluating on validation set ...
Validation runtime: 0.0 hours, 0.0 minutes, 0.235001802444458 seconds

Avg val. time: 0.0 hours, 0.0 minutes, 0.2127229372660319 seconds
Avg batch val. time: 0.02127229372660319 seconds
Avg sample val. time: 0.0003323795894781748 seconds
Epoch 38 Validation Summary: epoch: 38.000000 | loss: 1.868447 | 
Epoch 39 Training Summary: epoch: 39.000000 | loss: 0.468592 | 
Epoch runtime: 0.0 hours, 0.0 minutes, 1.9349138736724854 seconds

Avg epoch train. time: 0.0 hours, 0.0 minutes, 1.887252593651796 seconds
Avg batch train. time: 0.0629084197883932 seconds
Avg sample train. time: 0.0009834562760040627 seconds
Epoch 40 Training Summary: epoch: 40.000000 | loss: 0.532679 | 
Epoch runtime: 0.0 hours, 0.0 minutes, 2.007885217666626 seconds

Avg epoch train. time: 0.0 hours, 0.0 minutes, 1.8902684092521667 seconds
Avg batch train. time: 0.06300894697507223 seconds
Avg sample train. time: 0.0009850278318145735 seconds
Evaluating on validation set ...
Validation runtime: 0.0 hours, 0.0 minutes, 0.2519998550415039 seconds

Avg val. time: 0.0 hours, 0.0 minutes, 0.21450825171037155 seconds
Avg batch val. time: 0.021450825171037156 seconds
Avg sample val. time: 0.00033516914329745557 seconds
Epoch 40 Validation Summary: epoch: 40.000000 | loss: 1.547921 | 
Best loss was 0.14003668911755085. Other metrics: OrderedDict([('epoch', 12), ('loss', 0.14003668911755085)])
All Done!
Total runtime: 0.0 hours, 1.0 minutes, 24.406420469284058 seconds

