Running:
main.py --output_dir experiments/brasilia_83378/ --comment regression for brasilia_83378 --name brasilia_83378_Regression --records_file experiments/brasilia_83378/brasilia_83378_Regression.xls --data_dir datasets/files/brasilia_83378/ --data_class wf --pattern TRAIN --val_pattern TEST --epochs 40 --lr 0.0025 --optimizer RAdam --pos_encoding learnable --task regression

Using device: cpu
Loading and preprocessing data ...
3611 samples may be used for training
1152 samples will be used for validation
0 samples will be used for testing
Creating model ...
Model:
TSTransformerEncoderClassiregressor(
  (project_inp): Linear(in_features=5, out_features=64, bias=True)
  (pos_enc): LearnablePositionalEncoding(
    (dropout): Dropout(p=0.1, inplace=False)
  )
  (transformer_encoder): TransformerEncoder(
    (layers): ModuleList(
      (0): TransformerBatchNormEncoderLayer(
        (self_attn): MultiheadAttention(
          (out_proj): NonDynamicallyQuantizableLinear(in_features=64, out_features=64, bias=True)
        )
        (linear1): Linear(in_features=64, out_features=256, bias=True)
        (dropout): Dropout(p=0.1, inplace=False)
        (linear2): Linear(in_features=256, out_features=64, bias=True)
        (norm1): BatchNorm1d(64, eps=1e-05, momentum=0.1, affine=True, track_running_stats=True)
        (norm2): BatchNorm1d(64, eps=1e-05, momentum=0.1, affine=True, track_running_stats=True)
        (dropout1): Dropout(p=0.1, inplace=False)
        (dropout2): Dropout(p=0.1, inplace=False)
      )
      (1): TransformerBatchNormEncoderLayer(
        (self_attn): MultiheadAttention(
          (out_proj): NonDynamicallyQuantizableLinear(in_features=64, out_features=64, bias=True)
        )
        (linear1): Linear(in_features=64, out_features=256, bias=True)
        (dropout): Dropout(p=0.1, inplace=False)
        (linear2): Linear(in_features=256, out_features=64, bias=True)
        (norm1): BatchNorm1d(64, eps=1e-05, momentum=0.1, affine=True, track_running_stats=True)
        (norm2): BatchNorm1d(64, eps=1e-05, momentum=0.1, affine=True, track_running_stats=True)
        (dropout1): Dropout(p=0.1, inplace=False)
        (dropout2): Dropout(p=0.1, inplace=False)
      )
      (2): TransformerBatchNormEncoderLayer(
        (self_attn): MultiheadAttention(
          (out_proj): NonDynamicallyQuantizableLinear(in_features=64, out_features=64, bias=True)
        )
        (linear1): Linear(in_features=64, out_features=256, bias=True)
        (dropout): Dropout(p=0.1, inplace=False)
        (linear2): Linear(in_features=256, out_features=64, bias=True)
        (norm1): BatchNorm1d(64, eps=1e-05, momentum=0.1, affine=True, track_running_stats=True)
        (norm2): BatchNorm1d(64, eps=1e-05, momentum=0.1, affine=True, track_running_stats=True)
        (dropout1): Dropout(p=0.1, inplace=False)
        (dropout2): Dropout(p=0.1, inplace=False)
      )
    )
  )
  (dropout1): Dropout(p=0.1, inplace=False)
  (output_layer): Linear(in_features=1536, out_features=1, bias=True)
)
Total number of parameters: 153409
Trainable parameters: 153409
Evaluating on validation set ...
Validation runtime: 0.0 hours, 0.0 minutes, 0.33100366592407227 seconds

Avg val. time: 0.0 hours, 0.0 minutes, 0.33100366592407227 seconds
Avg batch val. time: 0.018389092551337347 seconds
Avg sample val. time: 0.00028732957111464604 seconds
Epoch 0 Validation Summary: epoch: 0.000000 | loss: 478.784817 | 
Starting training...
Epoch 1 Training Summary: epoch: 1.000000 | loss: 369.629556 | 
Epoch runtime: 0.0 hours, 0.0 minutes, 3.0691425800323486 seconds

Avg epoch train. time: 0.0 hours, 0.0 minutes, 3.0691425800323486 seconds
Avg batch train. time: 0.05384460666723419 seconds
Avg sample train. time: 0.0008499425588569229 seconds
Evaluating on validation set ...
Validation runtime: 0.0 hours, 0.0 minutes, 0.325192928314209 seconds

Avg val. time: 0.0 hours, 0.0 minutes, 0.3280982971191406 seconds
Avg batch val. time: 0.01822768317328559 seconds
Avg sample val. time: 0.0002848075495825873 seconds
Epoch 1 Validation Summary: epoch: 1.000000 | loss: 135.878318 | 
Epoch 2 Training Summary: epoch: 2.000000 | loss: 46.684106 | 
Epoch runtime: 0.0 hours, 0.0 minutes, 3.0885305404663086 seconds

Avg epoch train. time: 0.0 hours, 0.0 minutes, 3.0788365602493286 seconds
Avg batch train. time: 0.05401467649560226 seconds
Avg sample train. time: 0.0008526271282883768 seconds
Evaluating on validation set ...
Validation runtime: 0.0 hours, 0.0 minutes, 0.31616711616516113 seconds

Avg val. time: 0.0 hours, 0.0 minutes, 0.32412123680114746 seconds
Avg batch val. time: 0.018006735377841525 seconds
Avg sample val. time: 0.0002813552402787738 seconds
Epoch 2 Validation Summary: epoch: 2.000000 | loss: 4.665516 | 
Epoch 3 Training Summary: epoch: 3.000000 | loss: 3.210402 | 
Epoch runtime: 0.0 hours, 0.0 minutes, 3.243697166442871 seconds

Avg epoch train. time: 0.0 hours, 0.0 minutes, 3.1337900956471763 seconds
Avg batch train. time: 0.0549787736078452 seconds
Avg sample train. time: 0.0008678454986560997 seconds
Epoch 4 Training Summary: epoch: 4.000000 | loss: 2.023206 | 
Epoch runtime: 0.0 hours, 0.0 minutes, 3.257854700088501 seconds

Avg epoch train. time: 0.0 hours, 0.0 minutes, 3.1648062467575073 seconds
Avg batch train. time: 0.05552291660978083 seconds
Avg sample train. time: 0.0008764348509436464 seconds
Evaluating on validation set ...
Validation runtime: 0.0 hours, 0.0 minutes, 0.3281059265136719 seconds

Avg val. time: 0.0 hours, 0.0 minutes, 0.32511740922927856 seconds
Avg batch val. time: 0.018062078290515475 seconds
Avg sample val. time: 0.0002822199732893043 seconds
Epoch 4 Validation Summary: epoch: 4.000000 | loss: 1.993457 | 
Epoch 5 Training Summary: epoch: 5.000000 | loss: 1.590876 | 
Epoch runtime: 0.0 hours, 0.0 minutes, 3.2048888206481934 seconds

Avg epoch train. time: 0.0 hours, 0.0 minutes, 3.1728227615356444 seconds
Avg batch train. time: 0.05566355721992358 seconds
Avg sample train. time: 0.0008786548771907074 seconds
Epoch 6 Training Summary: epoch: 6.000000 | loss: 1.629638 | 
Epoch runtime: 0.0 hours, 0.0 minutes, 3.269207239151001 seconds

Avg epoch train. time: 0.0 hours, 0.0 minutes, 3.188886841138204 seconds
Avg batch train. time: 0.05594538317786323 seconds
Avg sample train. time: 0.0008831035284237619 seconds
Evaluating on validation set ...
Validation runtime: 0.0 hours, 0.0 minutes, 0.34615516662597656 seconds

Avg val. time: 0.0 hours, 0.0 minutes, 0.32932496070861816 seconds
Avg batch val. time: 0.018295831150478788 seconds
Avg sample val. time: 0.00028587236172623106 seconds
Epoch 6 Validation Summary: epoch: 6.000000 | loss: 1.353561 | 
Epoch 7 Training Summary: epoch: 7.000000 | loss: 1.443653 | 
Epoch runtime: 0.0 hours, 0.0 minutes, 3.2200732231140137 seconds

Avg epoch train. time: 0.0 hours, 0.0 minutes, 3.1933420385633196 seconds
Avg batch train. time: 0.05602354453619859 seconds
Avg sample train. time: 0.0008843373133656382 seconds
Epoch 8 Training Summary: epoch: 8.000000 | loss: 1.456959 | 
Epoch runtime: 0.0 hours, 0.0 minutes, 3.072146415710449 seconds

Avg epoch train. time: 0.0 hours, 0.0 minutes, 3.178192585706711 seconds
Avg batch train. time: 0.05575776466152124 seconds
Avg sample train. time: 0.0008801419511788178 seconds
Evaluating on validation set ...
Validation runtime: 0.0 hours, 0.0 minutes, 0.3289632797241211 seconds

Avg val. time: 0.0 hours, 0.0 minutes, 0.32926468054453534 seconds
Avg batch val. time: 0.018292482252474186 seconds
Avg sample val. time: 0.00028582003519490916 seconds
Epoch 8 Validation Summary: epoch: 8.000000 | loss: 1.748098 | 
Epoch 9 Training Summary: epoch: 9.000000 | loss: 1.454987 | 
Epoch runtime: 0.0 hours, 0.0 minutes, 3.111806631088257 seconds

Avg epoch train. time: 0.0 hours, 0.0 minutes, 3.1708163685268826 seconds
Avg batch train. time: 0.05562835734257689 seconds
Avg sample train. time: 0.000878099243568785 seconds
Epoch 10 Training Summary: epoch: 10.000000 | loss: 1.388789 | 
Epoch runtime: 0.0 hours, 0.0 minutes, 2.9880478382110596 seconds

Avg epoch train. time: 0.0 hours, 0.0 minutes, 3.1525395154953 seconds
Avg batch train. time: 0.055307710798163164 seconds
Avg sample train. time: 0.0008730378054542509 seconds
Evaluating on validation set ...
Validation runtime: 0.0 hours, 0.0 minutes, 0.31266069412231445 seconds

Avg val. time: 0.0 hours, 0.0 minutes, 0.32689268248421804 seconds
Avg batch val. time: 0.01816070458245656 seconds
Avg sample val. time: 0.0002837610091008837 seconds
Epoch 10 Validation Summary: epoch: 10.000000 | loss: 0.916024 | 
Epoch 11 Training Summary: epoch: 11.000000 | loss: 1.364723 | 
Epoch runtime: 0.0 hours, 0.0 minutes, 3.056387424468994 seconds

Avg epoch train. time: 0.0 hours, 0.0 minutes, 3.143798416311091 seconds
Avg batch train. time: 0.05515435818089633 seconds
Avg sample train. time: 0.0008706171188898064 seconds
Epoch 12 Training Summary: epoch: 12.000000 | loss: 1.574396 | 
Epoch runtime: 0.0 hours, 0.0 minutes, 2.9130258560180664 seconds

Avg epoch train. time: 0.0 hours, 0.0 minutes, 3.124567369620005 seconds
Avg batch train. time: 0.0548169713968422 seconds
Avg sample train. time: 0.0008652914344004446 seconds
Evaluating on validation set ...
Validation runtime: 0.0 hours, 0.0 minutes, 0.3265981674194336 seconds

Avg val. time: 0.0 hours, 0.0 minutes, 0.32685586810112 seconds
Avg batch val. time: 0.01815865933895111 seconds
Avg sample val. time: 0.0002837290521711111 seconds
Epoch 12 Validation Summary: epoch: 12.000000 | loss: 0.864748 | 
Epoch 13 Training Summary: epoch: 13.000000 | loss: 1.426453 | 
Epoch runtime: 0.0 hours, 0.0 minutes, 3.0214474201202393 seconds

Avg epoch train. time: 0.0 hours, 0.0 minutes, 3.116635065812331 seconds
Avg batch train. time: 0.05467780817214616 seconds
Avg sample train. time: 0.0008630947288319942 seconds
Epoch 14 Training Summary: epoch: 14.000000 | loss: 1.701264 | 
Epoch runtime: 0.0 hours, 0.0 minutes, 3.086503267288208 seconds

Avg epoch train. time: 0.0 hours, 0.0 minutes, 3.1144827944891795 seconds
Avg batch train. time: 0.05464004902612596 seconds
Avg sample train. time: 0.0008624986968953696 seconds
Evaluating on validation set ...
Validation runtime: 0.0 hours, 0.0 minutes, 0.31919288635253906 seconds

Avg val. time: 0.0 hours, 0.0 minutes, 0.326004425684611 seconds
Avg batch val. time: 0.01811135698247839 seconds
Avg sample val. time: 0.0002829899528512248 seconds
Epoch 14 Validation Summary: epoch: 14.000000 | loss: 1.111385 | 
Epoch 15 Training Summary: epoch: 15.000000 | loss: 1.602654 | 
Epoch runtime: 0.0 hours, 0.0 minutes, 3.1776373386383057 seconds

Avg epoch train. time: 0.0 hours, 0.0 minutes, 3.1186930974324545 seconds
Avg batch train. time: 0.054713913990043064 seconds
Avg sample train. time: 0.0008636646628170741 seconds
Epoch 16 Training Summary: epoch: 16.000000 | loss: 1.422292 | 
Epoch runtime: 0.0 hours, 0.0 minutes, 3.1380021572113037 seconds

Avg epoch train. time: 0.0 hours, 0.0 minutes, 3.1198999136686325 seconds
Avg batch train. time: 0.05473508620471285 seconds
Avg sample train. time: 0.0008639988683657249 seconds
Evaluating on validation set ...
Validation runtime: 0.0 hours, 0.0 minutes, 0.3323221206665039 seconds

Avg val. time: 0.0 hours, 0.0 minutes, 0.3266361951828003 seconds
Avg batch val. time: 0.01814645528793335 seconds
Avg sample val. time: 0.0002835383638739586 seconds
Epoch 16 Validation Summary: epoch: 16.000000 | loss: 2.394864 | 
Epoch 17 Training Summary: epoch: 17.000000 | loss: 1.406016 | 
Epoch runtime: 0.0 hours, 0.0 minutes, 3.152066230773926 seconds

Avg epoch train. time: 0.0 hours, 0.0 minutes, 3.1217920499689438 seconds
Avg batch train. time: 0.05476828157840252 seconds
Avg sample train. time: 0.0008645228606948058 seconds
Epoch 18 Training Summary: epoch: 18.000000 | loss: 1.414673 | 
Epoch runtime: 0.0 hours, 0.0 minutes, 3.000459909439087 seconds

Avg epoch train. time: 0.0 hours, 0.0 minutes, 3.115051375495063 seconds
Avg batch train. time: 0.05465002413149233 seconds
Avg sample train. time: 0.0008626561549418618 seconds
Evaluating on validation set ...
Validation runtime: 0.0 hours, 0.0 minutes, 0.3419036865234375 seconds

Avg val. time: 0.0 hours, 0.0 minutes, 0.32802414894104004 seconds
Avg batch val. time: 0.01822356383005778 seconds
Avg sample val. time: 0.00028474318484465283 seconds
Epoch 18 Validation Summary: epoch: 18.000000 | loss: 1.663497 | 
Epoch 19 Training Summary: epoch: 19.000000 | loss: 1.445316 | 
Epoch runtime: 0.0 hours, 0.0 minutes, 2.9416322708129883 seconds

Avg epoch train. time: 0.0 hours, 0.0 minutes, 3.1059240541960063 seconds
Avg batch train. time: 0.05448989568764923 seconds
Avg sample train. time: 0.00086012851127001 seconds
Epoch 20 Training Summary: epoch: 20.000000 | loss: 1.425826 | 
Epoch runtime: 0.0 hours, 0.0 minutes, 2.8867759704589844 seconds

Avg epoch train. time: 0.0 hours, 0.0 minutes, 3.0949666500091553 seconds
Avg batch train. time: 0.05429766052647641 seconds
Avg sample train. time: 0.0008570940598197606 seconds
Evaluating on validation set ...
Validation runtime: 0.0 hours, 0.0 minutes, 0.3367295265197754 seconds

Avg val. time: 0.0 hours, 0.0 minutes, 0.3287495970726013 seconds
Avg batch val. time: 0.018263866504033405 seconds
Avg sample val. time: 0.00028537291412552196 seconds
Epoch 20 Validation Summary: epoch: 20.000000 | loss: 2.402099 | 
Epoch 21 Training Summary: epoch: 21.000000 | loss: 1.356729 | 
Epoch runtime: 0.0 hours, 0.0 minutes, 2.9042325019836426 seconds

Avg epoch train. time: 0.0 hours, 0.0 minutes, 3.08588407153175 seconds
Avg batch train. time: 0.05413831704441666 seconds
Avg sample train. time: 0.000854578806849003 seconds
Epoch 22 Training Summary: epoch: 22.000000 | loss: 1.651697 | 
Epoch runtime: 0.0 hours, 0.0 minutes, 2.9468679428100586 seconds

Avg epoch train. time: 0.0 hours, 0.0 minutes, 3.079565156589855 seconds
Avg batch train. time: 0.05402745888754132 seconds
Avg sample train. time: 0.0008528288996371795 seconds
Evaluating on validation set ...
Validation runtime: 0.0 hours, 0.0 minutes, 0.3362388610839844 seconds

Avg val. time: 0.0 hours, 0.0 minutes, 0.3293256943042462 seconds
Avg batch val. time: 0.018295871905791454 seconds
Avg sample val. time: 0.00028587299852799147 seconds
Epoch 22 Validation Summary: epoch: 22.000000 | loss: 1.127131 | 
Epoch 23 Training Summary: epoch: 23.000000 | loss: 1.416401 | 
Epoch runtime: 0.0 hours, 0.0 minutes, 2.9335222244262695 seconds

Avg epoch train. time: 0.0 hours, 0.0 minutes, 3.0732154638870903 seconds
Avg batch train. time: 0.053916060769948954 seconds
Avg sample train. time: 0.0008510704690908586 seconds
Epoch 24 Training Summary: epoch: 24.000000 | loss: 1.631366 | 
Epoch runtime: 0.0 hours, 0.0 minutes, 2.9585304260253906 seconds

Avg epoch train. time: 0.0 hours, 0.0 minutes, 3.068436920642853 seconds
Avg batch train. time: 0.05383222667794479 seconds
Avg sample train. time: 0.00084974713947462 seconds
Evaluating on validation set ...
Validation runtime: 0.0 hours, 0.0 minutes, 0.3334498405456543 seconds

Avg val. time: 0.0 hours, 0.0 minutes, 0.3296202761786325 seconds
Avg batch val. time: 0.018312237565479582 seconds
Avg sample val. time: 0.00028612871196061847 seconds
Epoch 24 Validation Summary: epoch: 24.000000 | loss: 4.426802 | 
Epoch 25 Training Summary: epoch: 25.000000 | loss: 1.365228 | 
Epoch runtime: 0.0 hours, 0.0 minutes, 2.9175338745117188 seconds

Avg epoch train. time: 0.0 hours, 0.0 minutes, 3.0624007987976074 seconds
Avg batch train. time: 0.053726329803466796 seconds
Avg sample train. time: 0.0008480755466069253 seconds
Epoch 26 Training Summary: epoch: 26.000000 | loss: 1.596742 | 
Epoch runtime: 0.0 hours, 0.0 minutes, 2.9910502433776855 seconds

Avg epoch train. time: 0.0 hours, 0.0 minutes, 3.059656546666072 seconds
Avg batch train. time: 0.05367818502922933 seconds
Avg sample train. time: 0.0008473155764791116 seconds
Evaluating on validation set ...
Validation runtime: 0.0 hours, 0.0 minutes, 0.3251307010650635 seconds

Avg val. time: 0.0 hours, 0.0 minutes, 0.3293209711710612 seconds
Avg batch val. time: 0.0182956095095034 seconds
Avg sample val. time: 0.0002858688985859906 seconds
Epoch 26 Validation Summary: epoch: 26.000000 | loss: 3.099946 | 
Epoch 27 Training Summary: epoch: 27.000000 | loss: 1.345107 | 
Epoch runtime: 0.0 hours, 0.0 minutes, 2.9631636142730713 seconds

Avg epoch train. time: 0.0 hours, 0.0 minutes, 3.05608273435522 seconds
Avg batch train. time: 0.05361548656763544 seconds
Avg sample train. time: 0.0008463258749252894 seconds
Epoch 28 Training Summary: epoch: 28.000000 | loss: 1.411546 | 
Epoch runtime: 0.0 hours, 0.0 minutes, 2.937749147415161 seconds

Avg epoch train. time: 0.0 hours, 0.0 minutes, 3.0518565348216464 seconds
Avg batch train. time: 0.053541342716169234 seconds
Avg sample train. time: 0.0008451555067354324 seconds
Evaluating on validation set ...
Validation runtime: 0.0 hours, 0.0 minutes, 0.3332247734069824 seconds

Avg val. time: 0.0 hours, 0.0 minutes, 0.3295649588108063 seconds
Avg batch val. time: 0.018309164378378127 seconds
Avg sample val. time: 0.00028608069341215823 seconds
Epoch 28 Validation Summary: epoch: 28.000000 | loss: 3.795601 | 
Epoch 29 Training Summary: epoch: 29.000000 | loss: 1.375112 | 
Epoch runtime: 0.0 hours, 0.0 minutes, 2.949191093444824 seconds

Avg epoch train. time: 0.0 hours, 0.0 minutes, 3.048316347187963 seconds
Avg batch train. time: 0.05347923416119234 seconds
Avg sample train. time: 0.0008441751169171873 seconds
Epoch 30 Training Summary: epoch: 30.000000 | loss: 1.393307 | 
Epoch runtime: 0.0 hours, 0.0 minutes, 2.953640937805176 seconds

Avg epoch train. time: 0.0 hours, 0.0 minutes, 3.045160500208537 seconds
Avg batch train. time: 0.053423868424711175 seconds
Avg sample train. time: 0.0008433011631704616 seconds
Evaluating on validation set ...
Validation runtime: 0.0 hours, 0.0 minutes, 0.3373074531555176 seconds

Avg val. time: 0.0 hours, 0.0 minutes, 0.33002039965461283 seconds
Avg batch val. time: 0.01833446664747849 seconds
Avg sample val. time: 0.00028647604136685143 seconds
Epoch 30 Validation Summary: epoch: 30.000000 | loss: 5.068128 | 
Epoch 31 Training Summary: epoch: 31.000000 | loss: 1.444642 | 
Epoch runtime: 0.0 hours, 0.0 minutes, 2.950817584991455 seconds

Avg epoch train. time: 0.0 hours, 0.0 minutes, 3.0421171803628244 seconds
Avg batch train. time: 0.053370476848470606 seconds
Avg sample train. time: 0.0008424583717426819 seconds
Epoch 32 Training Summary: epoch: 32.000000 | loss: 1.408501 | 
Epoch runtime: 0.0 hours, 0.0 minutes, 2.9942715167999268 seconds

Avg epoch train. time: 0.0 hours, 0.0 minutes, 3.040622003376484 seconds
Avg batch train. time: 0.053344245673271645 seconds
Avg sample train. time: 0.0008420443099907183 seconds
Evaluating on validation set ...
Validation runtime: 0.0 hours, 0.0 minutes, 0.33376312255859375 seconds

Avg val. time: 0.0 hours, 0.0 minutes, 0.330228328704834 seconds
Avg batch val. time: 0.018346018261379667 seconds
Avg sample val. time: 0.0002866565353340573 seconds
Epoch 32 Validation Summary: epoch: 32.000000 | loss: 2.817100 | 
Epoch 33 Training Summary: epoch: 33.000000 | loss: 1.417906 | 
Epoch runtime: 0.0 hours, 0.0 minutes, 3.0029642581939697 seconds

Avg epoch train. time: 0.0 hours, 0.0 minutes, 3.0394808595830742 seconds
Avg batch train. time: 0.0533242256067206 seconds
Avg sample train. time: 0.000841728291216581 seconds
Epoch 34 Training Summary: epoch: 34.000000 | loss: 1.622064 | 
Epoch runtime: 0.0 hours, 0.0 minutes, 3.0118730068206787 seconds

Avg epoch train. time: 0.0 hours, 0.0 minutes, 3.038668863913592 seconds
Avg batch train. time: 0.05330998006865951 seconds
Avg sample train. time: 0.0008415034239583473 seconds
Evaluating on validation set ...
Validation runtime: 0.0 hours, 0.0 minutes, 0.3426973819732666 seconds

Avg val. time: 0.0 hours, 0.0 minutes, 0.3308845946663304 seconds
Avg batch val. time: 0.0183824774814628 seconds
Avg sample val. time: 0.00028722621064785627 seconds
Epoch 34 Validation Summary: epoch: 34.000000 | loss: 3.341279 | 
Epoch 35 Training Summary: epoch: 35.000000 | loss: 1.300625 | 
Epoch runtime: 0.0 hours, 0.0 minutes, 3.026118516921997 seconds

Avg epoch train. time: 0.0 hours, 0.0 minutes, 3.038310282570975 seconds
Avg batch train. time: 0.053303689167911845 seconds
Avg sample train. time: 0.0008414041214541609 seconds
Epoch 36 Training Summary: epoch: 36.000000 | loss: 1.339363 | 
Epoch runtime: 0.0 hours, 0.0 minutes, 3.0651490688323975 seconds

Avg epoch train. time: 0.0 hours, 0.0 minutes, 3.03905580441157 seconds
Avg batch train. time: 0.053316768498448595 seconds
Avg sample train. time: 0.0008416105800087428 seconds
Evaluating on validation set ...
Validation runtime: 0.0 hours, 0.0 minutes, 0.3678929805755615 seconds

Avg val. time: 0.0 hours, 0.0 minutes, 0.332735013961792 seconds
Avg batch val. time: 0.01848527855343289 seconds
Avg sample val. time: 0.0002888324773973889 seconds
Epoch 36 Validation Summary: epoch: 36.000000 | loss: 3.235827 | 
Epoch 37 Training Summary: epoch: 37.000000 | loss: 1.354804 | 
Epoch runtime: 0.0 hours, 0.0 minutes, 3.0469093322753906 seconds

Avg epoch train. time: 0.0 hours, 0.0 minutes, 3.0392680619214034 seconds
Avg batch train. time: 0.053320492314410585 seconds
Avg sample train. time: 0.0008416693608201062 seconds
Epoch 38 Training Summary: epoch: 38.000000 | loss: 1.286840 | 
Epoch runtime: 0.0 hours, 0.0 minutes, 3.083803653717041 seconds

Avg epoch train. time: 0.0 hours, 0.0 minutes, 3.0404400511791834 seconds
Avg batch train. time: 0.05334105352945936 seconds
Avg sample train. time: 0.0008419939216779794 seconds
Evaluating on validation set ...
Validation runtime: 0.0 hours, 0.0 minutes, 0.3436853885650635 seconds

Avg val. time: 0.0 hours, 0.0 minutes, 0.3332564603714716 seconds
Avg batch val. time: 0.01851424779841509 seconds
Avg sample val. time: 0.00028928512185023576 seconds
Epoch 38 Validation Summary: epoch: 38.000000 | loss: 3.021946 | 
Epoch 39 Training Summary: epoch: 39.000000 | loss: 1.559753 | 
Epoch runtime: 0.0 hours, 0.0 minutes, 3.0822885036468506 seconds

Avg epoch train. time: 0.0 hours, 0.0 minutes, 3.0415130884219437 seconds
Avg batch train. time: 0.053359878744244624 seconds
Avg sample train. time: 0.0008422910795962182 seconds
Epoch 40 Training Summary: epoch: 40.000000 | loss: 1.340689 | 
Epoch runtime: 0.0 hours, 0.0 minutes, 3.0990219116210938 seconds

Avg epoch train. time: 0.0 hours, 0.0 minutes, 3.0429508090019226 seconds
Avg batch train. time: 0.05338510191231443 seconds
Avg sample train. time: 0.0008426892298537587 seconds
Evaluating on validation set ...
Validation runtime: 0.0 hours, 0.0 minutes, 0.33753466606140137 seconds

Avg val. time: 0.0 hours, 0.0 minutes, 0.3334509242664684 seconds
Avg batch val. time: 0.01852505134813713 seconds
Avg sample val. time: 0.00028945392731464267 seconds
Epoch 40 Validation Summary: epoch: 40.000000 | loss: 6.013890 | 
Best loss was 0.8647479646735721. Other metrics: OrderedDict([('epoch', 12), ('loss', 0.8647479646735721)])
All Done!
Total runtime: 0.0 hours, 2.0 minutes, 15.704889297485352 seconds

