Running:
main.py --output_dir experiments/salvador_83248/ --comment regression for salvador_83248 --name salvador_83248_Regression --records_file experiments/salvador_83248/salvador_83248_Regression.xls --data_dir datasets/files/salvador_83248/ --data_class wf --pattern TRAIN --val_pattern TEST --epochs 20 --lr 0.0005 --optimizer RAdam --pos_encoding learnable --task regression

Using device: cpu
Loading and preprocessing data ...
1919 samples may be used for training
640 samples will be used for validation
0 samples will be used for testing
Creating model ...
Model:
TSTransformerEncoderClassiregressor(
  (project_inp): Linear(in_features=5, out_features=64, bias=True)
  (pos_enc): LearnablePositionalEncoding(
    (dropout): Dropout(p=0.1, inplace=False)
  )
  (transformer_encoder): TransformerEncoder(
    (layers): ModuleList(
      (0): TransformerBatchNormEncoderLayer(
        (self_attn): MultiheadAttention(
          (out_proj): NonDynamicallyQuantizableLinear(in_features=64, out_features=64, bias=True)
        )
        (linear1): Linear(in_features=64, out_features=256, bias=True)
        (dropout): Dropout(p=0.1, inplace=False)
        (linear2): Linear(in_features=256, out_features=64, bias=True)
        (norm1): BatchNorm1d(64, eps=1e-05, momentum=0.1, affine=True, track_running_stats=True)
        (norm2): BatchNorm1d(64, eps=1e-05, momentum=0.1, affine=True, track_running_stats=True)
        (dropout1): Dropout(p=0.1, inplace=False)
        (dropout2): Dropout(p=0.1, inplace=False)
      )
      (1): TransformerBatchNormEncoderLayer(
        (self_attn): MultiheadAttention(
          (out_proj): NonDynamicallyQuantizableLinear(in_features=64, out_features=64, bias=True)
        )
        (linear1): Linear(in_features=64, out_features=256, bias=True)
        (dropout): Dropout(p=0.1, inplace=False)
        (linear2): Linear(in_features=256, out_features=64, bias=True)
        (norm1): BatchNorm1d(64, eps=1e-05, momentum=0.1, affine=True, track_running_stats=True)
        (norm2): BatchNorm1d(64, eps=1e-05, momentum=0.1, affine=True, track_running_stats=True)
        (dropout1): Dropout(p=0.1, inplace=False)
        (dropout2): Dropout(p=0.1, inplace=False)
      )
      (2): TransformerBatchNormEncoderLayer(
        (self_attn): MultiheadAttention(
          (out_proj): NonDynamicallyQuantizableLinear(in_features=64, out_features=64, bias=True)
        )
        (linear1): Linear(in_features=64, out_features=256, bias=True)
        (dropout): Dropout(p=0.1, inplace=False)
        (linear2): Linear(in_features=256, out_features=64, bias=True)
        (norm1): BatchNorm1d(64, eps=1e-05, momentum=0.1, affine=True, track_running_stats=True)
        (norm2): BatchNorm1d(64, eps=1e-05, momentum=0.1, affine=True, track_running_stats=True)
        (dropout1): Dropout(p=0.1, inplace=False)
        (dropout2): Dropout(p=0.1, inplace=False)
      )
    )
  )
  (dropout1): Dropout(p=0.1, inplace=False)
  (output_layer): Linear(in_features=1536, out_features=1, bias=True)
)
Total number of parameters: 153409
Trainable parameters: 153409
Evaluating on validation set ...
Validation runtime: 0.0 hours, 0.0 minutes, 0.17500090599060059 seconds

Avg val. time: 0.0 hours, 0.0 minutes, 0.17500090599060059 seconds
Avg batch val. time: 0.017500090599060058 seconds
Avg sample val. time: 0.0002734389156103134 seconds
Epoch 0 Validation Summary: epoch: 0.000000 | loss: 663.173535 | 
Starting training...
Epoch 1 Training Summary: epoch: 1.000000 | loss: 706.001065 | 
Epoch runtime: 0.0 hours, 0.0 minutes, 1.7859961986541748 seconds

Avg epoch train. time: 0.0 hours, 0.0 minutes, 1.7859961986541748 seconds
Avg batch train. time: 0.05953320662180583 seconds
Avg sample train. time: 0.000930691088407595 seconds
Evaluating on validation set ...
Validation runtime: 0.0 hours, 0.0 minutes, 0.24100279808044434 seconds

Avg val. time: 0.0 hours, 0.0 minutes, 0.20800185203552246 seconds
Avg batch val. time: 0.020800185203552247 seconds
Avg sample val. time: 0.00032500289380550386 seconds
Epoch 1 Validation Summary: epoch: 1.000000 | loss: 686.188965 | 
Epoch 2 Training Summary: epoch: 2.000000 | loss: 674.650058 | 
Epoch runtime: 0.0 hours, 0.0 minutes, 2.0166375637054443 seconds

Avg epoch train. time: 0.0 hours, 0.0 minutes, 1.9013168811798096 seconds
Avg batch train. time: 0.06337722937266031 seconds
Avg sample train. time: 0.0009907852429285094 seconds
Evaluating on validation set ...
Validation runtime: 0.0 hours, 0.0 minutes, 0.2510042190551758 seconds

Avg val. time: 0.0 hours, 0.0 minutes, 0.2223359743754069 seconds
Avg batch val. time: 0.02223359743754069 seconds
Avg sample val. time: 0.00034739995996157326 seconds
Epoch 2 Validation Summary: epoch: 2.000000 | loss: 651.948138 | 
Epoch 3 Training Summary: epoch: 3.000000 | loss: 618.616477 | 
Epoch runtime: 0.0 hours, 0.0 minutes, 2.0208470821380615 seconds

Avg epoch train. time: 0.0 hours, 0.0 minutes, 1.9411602814992268 seconds
Avg batch train. time: 0.0647053427166409 seconds
Avg sample train. time: 0.0010115478277744798 seconds
Epoch 4 Training Summary: epoch: 4.000000 | loss: 543.345807 | 
Epoch runtime: 0.0 hours, 0.0 minutes, 1.9550039768218994 seconds

Avg epoch train. time: 0.0 hours, 0.0 minutes, 1.944621205329895 seconds
Avg batch train. time: 0.06482070684432983 seconds
Avg sample train. time: 0.0010133513315945257 seconds
Evaluating on validation set ...
Validation runtime: 0.0 hours, 0.0 minutes, 0.23599553108215332 seconds

Avg val. time: 0.0 hours, 0.0 minutes, 0.2257508635520935 seconds
Avg batch val. time: 0.02257508635520935 seconds
Avg sample val. time: 0.0003527357243001461 seconds
Epoch 4 Validation Summary: epoch: 4.000000 | loss: 490.225912 | 
Epoch 5 Training Summary: epoch: 5.000000 | loss: 447.976510 | 
Epoch runtime: 0.0 hours, 0.0 minutes, 1.908372163772583 seconds

Avg epoch train. time: 0.0 hours, 0.0 minutes, 1.9373713970184325 seconds
Avg batch train. time: 0.06457904656728108 seconds
Avg sample train. time: 0.0010095734221044464 seconds
Epoch 6 Training Summary: epoch: 6.000000 | loss: 339.913859 | 
Epoch runtime: 0.0 hours, 0.0 minutes, 1.9561405181884766 seconds

Avg epoch train. time: 0.0 hours, 0.0 minutes, 1.9404995838801067 seconds
Avg batch train. time: 0.06468331946267022 seconds
Avg sample train. time: 0.001011203535112093 seconds
Evaluating on validation set ...
Validation runtime: 0.0 hours, 0.0 minutes, 0.21899867057800293 seconds

Avg val. time: 0.0 hours, 0.0 minutes, 0.22440042495727539 seconds
Avg batch val. time: 0.02244004249572754 seconds
Avg sample val. time: 0.0003506256639957428 seconds
Epoch 6 Validation Summary: epoch: 6.000000 | loss: 280.663907 | 
Epoch 7 Training Summary: epoch: 7.000000 | loss: 234.107297 | 
Epoch runtime: 0.0 hours, 0.0 minutes, 1.919158697128296 seconds

Avg epoch train. time: 0.0 hours, 0.0 minutes, 1.937450885772705 seconds
Avg batch train. time: 0.0645816961924235 seconds
Avg sample train. time: 0.0010096148440712376 seconds
Epoch 8 Training Summary: epoch: 8.000000 | loss: 138.218516 | 
Epoch runtime: 0.0 hours, 0.0 minutes, 1.9009315967559814 seconds

Avg epoch train. time: 0.0 hours, 0.0 minutes, 1.9328859746456146 seconds
Avg batch train. time: 0.06442953248818716 seconds
Avg sample train. time: 0.0010072360472358597 seconds
Evaluating on validation set ...
Validation runtime: 0.0 hours, 0.0 minutes, 0.22499895095825195 seconds

Avg val. time: 0.0 hours, 0.0 minutes, 0.22450017929077148 seconds
Avg batch val. time: 0.022450017929077148 seconds
Avg sample val. time: 0.00035078153014183043 seconds
Epoch 8 Validation Summary: epoch: 8.000000 | loss: 97.037602 | 
Epoch 9 Training Summary: epoch: 9.000000 | loss: 63.349597 | 
Epoch runtime: 0.0 hours, 0.0 minutes, 1.947054386138916 seconds

Avg epoch train. time: 0.0 hours, 0.0 minutes, 1.9344602425893147 seconds
Avg batch train. time: 0.0644820080863105 seconds
Avg sample train. time: 0.001008056405726584 seconds
Epoch 10 Training Summary: epoch: 10.000000 | loss: 19.238657 | 
Epoch runtime: 0.0 hours, 0.0 minutes, 1.946800708770752 seconds

Avg epoch train. time: 0.0 hours, 0.0 minutes, 1.9356942892074585 seconds
Avg batch train. time: 0.06452314297358194 seconds
Avg sample train. time: 0.0010086994732712133 seconds
Evaluating on validation set ...
Validation runtime: 0.0 hours, 0.0 minutes, 0.2180190086364746 seconds

Avg val. time: 0.0 hours, 0.0 minutes, 0.22357429776872909 seconds
Avg batch val. time: 0.022357429776872908 seconds
Avg sample val. time: 0.0003493348402636392 seconds
Epoch 10 Validation Summary: epoch: 10.000000 | loss: 12.628124 | 
Epoch 11 Training Summary: epoch: 11.000000 | loss: 5.861928 | 
Epoch runtime: 0.0 hours, 0.0 minutes, 1.9480524063110352 seconds

Avg epoch train. time: 0.0 hours, 0.0 minutes, 1.9368177543986926 seconds
Avg batch train. time: 0.06456059181328976 seconds
Avg sample train. time: 0.0010092849163098971 seconds
Epoch 12 Training Summary: epoch: 12.000000 | loss: 2.975088 | 
Epoch runtime: 0.0 hours, 0.0 minutes, 1.9039638042449951 seconds

Avg epoch train. time: 0.0 hours, 0.0 minutes, 1.934079925219218 seconds
Avg batch train. time: 0.0644693308406406 seconds
Avg sample train. time: 0.0010078582205415413 seconds
Evaluating on validation set ...
Validation runtime: 0.0 hours, 0.0 minutes, 0.23299622535705566 seconds

Avg val. time: 0.0 hours, 0.0 minutes, 0.2247520387172699 seconds
Avg batch val. time: 0.02247520387172699 seconds
Avg sample val. time: 0.0003511750604957342 seconds
Epoch 12 Validation Summary: epoch: 12.000000 | loss: 3.745199 | 
Epoch 13 Training Summary: epoch: 13.000000 | loss: 1.975483 | 
Epoch runtime: 0.0 hours, 0.0 minutes, 1.9211812019348145 seconds

Avg epoch train. time: 0.0 hours, 0.0 minutes, 1.9330877157358022 seconds
Avg batch train. time: 0.0644362571911934 seconds
Avg sample train. time: 0.0010073411754746233 seconds
Epoch 14 Training Summary: epoch: 14.000000 | loss: 1.440366 | 
Epoch runtime: 0.0 hours, 0.0 minutes, 1.9245102405548096 seconds

Avg epoch train. time: 0.0 hours, 0.0 minutes, 1.9324750389371599 seconds
Avg batch train. time: 0.06441583463123866 seconds
Avg sample train. time: 0.0010070219066895048 seconds
Evaluating on validation set ...
Validation runtime: 0.0 hours, 0.0 minutes, 0.20800304412841797 seconds

Avg val. time: 0.0 hours, 0.0 minutes, 0.22289103931850857 seconds
Avg batch val. time: 0.022289103931850858 seconds
Avg sample val. time: 0.00034826724893516966 seconds
Epoch 14 Validation Summary: epoch: 14.000000 | loss: 2.030172 | 
Epoch 15 Training Summary: epoch: 15.000000 | loss: 1.155636 | 
Epoch runtime: 0.0 hours, 0.0 minutes, 1.8606672286987305 seconds

Avg epoch train. time: 0.0 hours, 0.0 minutes, 1.9276878515879312 seconds
Avg batch train. time: 0.06425626171959771 seconds
Avg sample train. time: 0.001004527280660725 seconds
Epoch 16 Training Summary: epoch: 16.000000 | loss: 0.900910 | 
Epoch runtime: 0.0 hours, 0.0 minutes, 1.7827098369598389 seconds

Avg epoch train. time: 0.0 hours, 0.0 minutes, 1.9186267256736755 seconds
Avg batch train. time: 0.06395422418912251 seconds
Avg sample train. time: 0.0009998054849784657 seconds
Evaluating on validation set ...
Validation runtime: 0.0 hours, 0.0 minutes, 0.21100187301635742 seconds

Avg val. time: 0.0 hours, 0.0 minutes, 0.22170212268829345 seconds
Avg batch val. time: 0.022170212268829346 seconds
Avg sample val. time: 0.00034640956670045853 seconds
Epoch 16 Validation Summary: epoch: 16.000000 | loss: 1.710400 | 
Epoch 17 Training Summary: epoch: 17.000000 | loss: 0.833386 | 
Epoch runtime: 0.0 hours, 0.0 minutes, 1.831822395324707 seconds

Avg epoch train. time: 0.0 hours, 0.0 minutes, 1.9135205885943245 seconds
Avg batch train. time: 0.06378401961981081 seconds
Avg sample train. time: 0.0009971446527328423 seconds
Epoch 18 Training Summary: epoch: 18.000000 | loss: 0.696257 | 
Epoch runtime: 0.0 hours, 0.0 minutes, 1.7686429023742676 seconds

Avg epoch train. time: 0.0 hours, 0.0 minutes, 1.9054718282487657 seconds
Avg batch train. time: 0.06351572760829219 seconds
Avg sample train. time: 0.0009929504055491223 seconds
Evaluating on validation set ...
Validation runtime: 0.0 hours, 0.0 minutes, 0.21400094032287598 seconds

Avg val. time: 0.0 hours, 0.0 minutes, 0.22100201520052823 seconds
Avg batch val. time: 0.022100201520052824 seconds
Avg sample val. time: 0.00034531564875082537 seconds
Epoch 18 Validation Summary: epoch: 18.000000 | loss: 1.290690 | 
Epoch 19 Training Summary: epoch: 19.000000 | loss: 0.610835 | 
Epoch runtime: 0.0 hours, 0.0 minutes, 1.7506394386291504 seconds

Avg epoch train. time: 0.0 hours, 0.0 minutes, 1.8973227551108913 seconds
Avg batch train. time: 0.06324409183702971 seconds
Avg sample train. time: 0.000988703884893638 seconds
Epoch 20 Training Summary: epoch: 20.000000 | loss: 0.560574 | 
Epoch runtime: 0.0 hours, 0.0 minutes, 1.7711610794067383 seconds

Avg epoch train. time: 0.0 hours, 0.0 minutes, 1.8910146713256837 seconds
Avg batch train. time: 0.0630338223775228 seconds
Avg sample train. time: 0.0009854167125198977 seconds
Evaluating on validation set ...
Validation runtime: 0.0 hours, 0.0 minutes, 0.22253799438476562 seconds

Avg val. time: 0.0 hours, 0.0 minutes, 0.22113001346588135 seconds
Avg batch val. time: 0.022113001346588133 seconds
Avg sample val. time: 0.0003455156460404396 seconds
Epoch 20 Validation Summary: epoch: 20.000000 | loss: 1.516357 | 
Best loss was 1.2906902432441711. Other metrics: OrderedDict([('epoch', 18), ('loss', 1.2906902432441711)])
All Done!
Total runtime: 0.0 hours, 0.0 minutes, 44.22108268737793 seconds

