Running:
main.py --output_dir experiments/curitiba_83842/ --comment regression for curitiba_83842 --name curitiba_83842_Regression --records_file experiments/curitiba_83842/curitiba_83842_Regression.xls --data_dir datasets/files/curitiba_83842/ --data_class wf --pattern TRAIN --val_pattern TEST --epochs 40 --lr 0.005 --optimizer RAdam --pos_encoding learnable --task regression

Using device: cpu
Loading and preprocessing data ...
1905 samples may be used for training
576 samples will be used for validation
0 samples will be used for testing
Creating model ...
Model:
TSTransformerEncoderClassiregressor(
  (project_inp): Linear(in_features=5, out_features=64, bias=True)
  (pos_enc): LearnablePositionalEncoding(
    (dropout): Dropout(p=0.1, inplace=False)
  )
  (transformer_encoder): TransformerEncoder(
    (layers): ModuleList(
      (0): TransformerBatchNormEncoderLayer(
        (self_attn): MultiheadAttention(
          (out_proj): NonDynamicallyQuantizableLinear(in_features=64, out_features=64, bias=True)
        )
        (linear1): Linear(in_features=64, out_features=256, bias=True)
        (dropout): Dropout(p=0.1, inplace=False)
        (linear2): Linear(in_features=256, out_features=64, bias=True)
        (norm1): BatchNorm1d(64, eps=1e-05, momentum=0.1, affine=True, track_running_stats=True)
        (norm2): BatchNorm1d(64, eps=1e-05, momentum=0.1, affine=True, track_running_stats=True)
        (dropout1): Dropout(p=0.1, inplace=False)
        (dropout2): Dropout(p=0.1, inplace=False)
      )
      (1): TransformerBatchNormEncoderLayer(
        (self_attn): MultiheadAttention(
          (out_proj): NonDynamicallyQuantizableLinear(in_features=64, out_features=64, bias=True)
        )
        (linear1): Linear(in_features=64, out_features=256, bias=True)
        (dropout): Dropout(p=0.1, inplace=False)
        (linear2): Linear(in_features=256, out_features=64, bias=True)
        (norm1): BatchNorm1d(64, eps=1e-05, momentum=0.1, affine=True, track_running_stats=True)
        (norm2): BatchNorm1d(64, eps=1e-05, momentum=0.1, affine=True, track_running_stats=True)
        (dropout1): Dropout(p=0.1, inplace=False)
        (dropout2): Dropout(p=0.1, inplace=False)
      )
      (2): TransformerBatchNormEncoderLayer(
        (self_attn): MultiheadAttention(
          (out_proj): NonDynamicallyQuantizableLinear(in_features=64, out_features=64, bias=True)
        )
        (linear1): Linear(in_features=64, out_features=256, bias=True)
        (dropout): Dropout(p=0.1, inplace=False)
        (linear2): Linear(in_features=256, out_features=64, bias=True)
        (norm1): BatchNorm1d(64, eps=1e-05, momentum=0.1, affine=True, track_running_stats=True)
        (norm2): BatchNorm1d(64, eps=1e-05, momentum=0.1, affine=True, track_running_stats=True)
        (dropout1): Dropout(p=0.1, inplace=False)
        (dropout2): Dropout(p=0.1, inplace=False)
      )
    )
  )
  (dropout1): Dropout(p=0.1, inplace=False)
  (output_layer): Linear(in_features=1536, out_features=1, bias=True)
)
Total number of parameters: 153409
Trainable parameters: 153409
Evaluating on validation set ...
Validation runtime: 0.0 hours, 0.0 minutes, 0.17612361907958984 seconds

Avg val. time: 0.0 hours, 0.0 minutes, 0.17612361907958984 seconds
Avg batch val. time: 0.019569291008843318 seconds
Avg sample val. time: 0.00030577017201317684 seconds
Epoch 0 Validation Summary: epoch: 0.000000 | loss: 327.687366 | 
Starting training...
Epoch 1 Training Summary: epoch: 1.000000 | loss: 277.314338 | 
Epoch runtime: 0.0 hours, 0.0 minutes, 1.6564757823944092 seconds

Avg epoch train. time: 0.0 hours, 0.0 minutes, 1.6564757823944092 seconds
Avg batch train. time: 0.055215859413146974 seconds
Avg sample train. time: 0.0008695410931204247 seconds
Evaluating on validation set ...
Validation runtime: 0.0 hours, 0.0 minutes, 0.17574691772460938 seconds

Avg val. time: 0.0 hours, 0.0 minutes, 0.1759352684020996 seconds
Avg batch val. time: 0.019548363155788846 seconds
Avg sample val. time: 0.0003054431743092007 seconds
Epoch 1 Validation Summary: epoch: 1.000000 | loss: 132.556118 | 
Epoch 2 Training Summary: epoch: 2.000000 | loss: 69.618701 | 
Epoch runtime: 0.0 hours, 0.0 minutes, 1.6512856483459473 seconds

Avg epoch train. time: 0.0 hours, 0.0 minutes, 1.6538807153701782 seconds
Avg batch train. time: 0.05512935717900594 seconds
Avg sample train. time: 0.000868178853212692 seconds
Evaluating on validation set ...
Validation runtime: 0.0 hours, 0.0 minutes, 0.15727591514587402 seconds

Avg val. time: 0.0 hours, 0.0 minutes, 0.16971548398335776 seconds
Avg batch val. time: 0.01885727599815086 seconds
Avg sample val. time: 0.0002946449374711072 seconds
Epoch 2 Validation Summary: epoch: 2.000000 | loss: 6.822384 | 
Epoch 3 Training Summary: epoch: 3.000000 | loss: 2.791839 | 
Epoch runtime: 0.0 hours, 0.0 minutes, 1.6458890438079834 seconds

Avg epoch train. time: 0.0 hours, 0.0 minutes, 1.6512168248494465 seconds
Avg batch train. time: 0.055040560828314884 seconds
Avg sample train. time: 0.0008667804854852738 seconds
Epoch 4 Training Summary: epoch: 4.000000 | loss: 1.137665 | 
Epoch runtime: 0.0 hours, 0.0 minutes, 1.574772834777832 seconds

Avg epoch train. time: 0.0 hours, 0.0 minutes, 1.632105827331543 seconds
Avg batch train. time: 0.054403527577718096 seconds
Avg sample train. time: 0.0008567484657908362 seconds
Evaluating on validation set ...
Validation runtime: 0.0 hours, 0.0 minutes, 0.16292953491210938 seconds

Avg val. time: 0.0 hours, 0.0 minutes, 0.16801899671554565 seconds
Avg batch val. time: 0.018668777412838407 seconds
Avg sample val. time: 0.0002916996470756001 seconds
Epoch 4 Validation Summary: epoch: 4.000000 | loss: 0.375750 | 
Epoch 5 Training Summary: epoch: 5.000000 | loss: 0.890541 | 
Epoch runtime: 0.0 hours, 0.0 minutes, 1.5682473182678223 seconds

Avg epoch train. time: 0.0 hours, 0.0 minutes, 1.6193341255187987 seconds
Avg batch train. time: 0.053977804183959956 seconds
Avg sample train. time: 0.0008500441603773222 seconds
Epoch 6 Training Summary: epoch: 6.000000 | loss: 0.881892 | 
Epoch runtime: 0.0 hours, 0.0 minutes, 1.563478708267212 seconds

Avg epoch train. time: 0.0 hours, 0.0 minutes, 1.610024889310201 seconds
Avg batch train. time: 0.053667496310340033 seconds
Avg sample train. time: 0.0008451574222100792 seconds
Evaluating on validation set ...
Validation runtime: 0.0 hours, 0.0 minutes, 0.1697828769683838 seconds

Avg val. time: 0.0 hours, 0.0 minutes, 0.1683717727661133 seconds
Avg batch val. time: 0.018707974751790365 seconds
Avg sample val. time: 0.00029231210549672445 seconds
Epoch 6 Validation Summary: epoch: 6.000000 | loss: 0.312181 | 
Epoch 7 Training Summary: epoch: 7.000000 | loss: 0.948541 | 
Epoch runtime: 0.0 hours, 0.0 minutes, 1.5704658031463623 seconds

Avg epoch train. time: 0.0 hours, 0.0 minutes, 1.6043735912867956 seconds
Avg batch train. time: 0.053479119709559854 seconds
Avg sample train. time: 0.0008421908615678717 seconds
Epoch 8 Training Summary: epoch: 8.000000 | loss: 0.808764 | 
Epoch runtime: 0.0 hours, 0.0 minutes, 1.5783114433288574 seconds

Avg epoch train. time: 0.0 hours, 0.0 minutes, 1.6011158227920532 seconds
Avg batch train. time: 0.053370527426401776 seconds
Avg sample train. time: 0.0008404807468724689 seconds
Evaluating on validation set ...
Validation runtime: 0.0 hours, 0.0 minutes, 0.17856431007385254 seconds

Avg val. time: 0.0 hours, 0.0 minutes, 0.17007052898406982 seconds
Avg batch val. time: 0.018896725442674425 seconds
Avg sample val. time: 0.0002952613350417879 seconds
Epoch 8 Validation Summary: epoch: 8.000000 | loss: 1.407805 | 
Epoch 9 Training Summary: epoch: 9.000000 | loss: 0.858554 | 
Epoch runtime: 0.0 hours, 0.0 minutes, 1.5552220344543457 seconds

Avg epoch train. time: 0.0 hours, 0.0 minutes, 1.5960165129767523 seconds
Avg batch train. time: 0.05320055043255841 seconds
Avg sample train. time: 0.0008378039438198175 seconds
Epoch 10 Training Summary: epoch: 10.000000 | loss: 0.711895 | 
Epoch runtime: 0.0 hours, 0.0 minutes, 1.5780482292175293 seconds

Avg epoch train. time: 0.0 hours, 0.0 minutes, 1.59421968460083 seconds
Avg batch train. time: 0.053140656153361006 seconds
Avg sample train. time: 0.0008368607268245828 seconds
Evaluating on validation set ...
Validation runtime: 0.0 hours, 0.0 minutes, 0.1870558261871338 seconds

Avg val. time: 0.0 hours, 0.0 minutes, 0.17249700001307897 seconds
Avg batch val. time: 0.019166333334786553 seconds
Avg sample val. time: 0.0002994739583560399 seconds
Epoch 10 Validation Summary: epoch: 10.000000 | loss: 0.718951 | 
Epoch 11 Training Summary: epoch: 11.000000 | loss: 1.044788 | 
Epoch runtime: 0.0 hours, 0.0 minutes, 1.620258092880249 seconds

Avg epoch train. time: 0.0 hours, 0.0 minutes, 1.5965868126262317 seconds
Avg batch train. time: 0.05321956042087439 seconds
Avg sample train. time: 0.0008381033137145574 seconds
Epoch 12 Training Summary: epoch: 12.000000 | loss: 0.798786 | 
Epoch runtime: 0.0 hours, 0.0 minutes, 1.6363356113433838 seconds

Avg epoch train. time: 0.0 hours, 0.0 minutes, 1.5998992125193279 seconds
Avg batch train. time: 0.053329973750644265 seconds
Avg sample train. time: 0.0008398421063093585 seconds
Evaluating on validation set ...
Validation runtime: 0.0 hours, 0.0 minutes, 0.15909361839294434 seconds

Avg val. time: 0.0 hours, 0.0 minutes, 0.17082157731056213 seconds
Avg batch val. time: 0.018980175256729126 seconds
Avg sample val. time: 0.0002965652383863926 seconds
Epoch 12 Validation Summary: epoch: 12.000000 | loss: 0.295444 | 
Epoch 13 Training Summary: epoch: 13.000000 | loss: 0.947264 | 
Epoch runtime: 0.0 hours, 0.0 minutes, 1.6848366260528564 seconds

Avg epoch train. time: 0.0 hours, 0.0 minutes, 1.6064328597142146 seconds
Avg batch train. time: 0.05354776199047382 seconds
Avg sample train. time: 0.0008432718423696665 seconds
Epoch 14 Training Summary: epoch: 14.000000 | loss: 1.044795 | 
Epoch runtime: 0.0 hours, 0.0 minutes, 1.634087324142456 seconds

Avg epoch train. time: 0.0 hours, 0.0 minutes, 1.6084081786019462 seconds
Avg batch train. time: 0.05361360595339821 seconds
Avg sample train. time: 0.0008443087551716253 seconds
Evaluating on validation set ...
Validation runtime: 0.0 hours, 0.0 minutes, 0.15743541717529297 seconds

Avg val. time: 0.0 hours, 0.0 minutes, 0.16933422618442112 seconds
Avg batch val. time: 0.018814914020491236 seconds
Avg sample val. time: 0.00029398303157017556 seconds
Epoch 14 Validation Summary: epoch: 14.000000 | loss: 0.516500 | 
Epoch 15 Training Summary: epoch: 15.000000 | loss: 1.265697 | 
Epoch runtime: 0.0 hours, 0.0 minutes, 1.6443068981170654 seconds

Avg epoch train. time: 0.0 hours, 0.0 minutes, 1.6108014265696207 seconds
Avg batch train. time: 0.05369338088565402 seconds
Avg sample train. time: 0.0008455650533173861 seconds
Epoch 16 Training Summary: epoch: 16.000000 | loss: 1.013500 | 
Epoch runtime: 0.0 hours, 0.0 minutes, 1.6464474201202393 seconds

Avg epoch train. time: 0.0 hours, 0.0 minutes, 1.6130293011665344 seconds
Avg batch train. time: 0.053767643372217816 seconds
Avg sample train. time: 0.0008467345412947687 seconds
Evaluating on validation set ...
Validation runtime: 0.0 hours, 0.0 minutes, 0.1576225757598877 seconds

Avg val. time: 0.0 hours, 0.0 minutes, 0.16816306114196777 seconds
Avg batch val. time: 0.018684784571329754 seconds
Avg sample val. time: 0.0002919497589270274 seconds
Epoch 16 Validation Summary: epoch: 16.000000 | loss: 0.726144 | 
Epoch 17 Training Summary: epoch: 17.000000 | loss: 0.954701 | 
Epoch runtime: 0.0 hours, 0.0 minutes, 1.6883065700531006 seconds

Avg epoch train. time: 0.0 hours, 0.0 minutes, 1.6174573758069206 seconds
Avg batch train. time: 0.053915245860230686 seconds
Avg sample train. time: 0.0008490589899248927 seconds
Epoch 18 Training Summary: epoch: 18.000000 | loss: 0.982638 | 
Epoch runtime: 0.0 hours, 0.0 minutes, 1.6926836967468262 seconds

Avg epoch train. time: 0.0 hours, 0.0 minutes, 1.6216366158591375 seconds
Avg batch train. time: 0.05405455386197125 seconds
Avg sample train. time: 0.0008512528167239567 seconds
Evaluating on validation set ...
Validation runtime: 0.0 hours, 0.0 minutes, 0.15838003158569336 seconds

Avg val. time: 0.0 hours, 0.0 minutes, 0.1672736948186701 seconds
Avg batch val. time: 0.018585966090963343 seconds
Avg sample val. time: 0.00029040572017130224 seconds
Epoch 18 Validation Summary: epoch: 18.000000 | loss: 0.230173 | 
Epoch 19 Training Summary: epoch: 19.000000 | loss: 0.783036 | 
Epoch runtime: 0.0 hours, 0.0 minutes, 1.6853020191192627 seconds

Avg epoch train. time: 0.0 hours, 0.0 minutes, 1.624987426557039 seconds
Avg batch train. time: 0.054166247551901296 seconds
Avg sample train. time: 0.0008530117724708866 seconds
Epoch 20 Training Summary: epoch: 20.000000 | loss: 0.806204 | 
Epoch runtime: 0.0 hours, 0.0 minutes, 1.6933159828186035 seconds

Avg epoch train. time: 0.0 hours, 0.0 minutes, 1.6284038543701171 seconds
Avg batch train. time: 0.0542801284790039 seconds
Avg sample train. time: 0.0008548051728976992 seconds
Evaluating on validation set ...
Validation runtime: 0.0 hours, 0.0 minutes, 0.16021370887756348 seconds

Avg val. time: 0.0 hours, 0.0 minutes, 0.16668536265691122 seconds
Avg batch val. time: 0.018520595850767915 seconds
Avg sample val. time: 0.0002893843101682487 seconds
Epoch 20 Validation Summary: epoch: 20.000000 | loss: 1.564980 | 
Epoch 21 Training Summary: epoch: 21.000000 | loss: 0.683590 | 
Epoch runtime: 0.0 hours, 0.0 minutes, 1.673945426940918 seconds

Avg epoch train. time: 0.0 hours, 0.0 minutes, 1.6305725006830125 seconds
Avg batch train. time: 0.054352416689433754 seconds
Avg sample train. time: 0.0008559435699123425 seconds
Epoch 22 Training Summary: epoch: 22.000000 | loss: 1.066580 | 
Epoch runtime: 0.0 hours, 0.0 minutes, 1.6891944408416748 seconds

Avg epoch train. time: 0.0 hours, 0.0 minutes, 1.6332371343265881 seconds
Avg batch train. time: 0.05444123781088627 seconds
Avg sample train. time: 0.0008573423277304925 seconds
Evaluating on validation set ...
Validation runtime: 0.0 hours, 0.0 minutes, 0.17281031608581543 seconds

Avg val. time: 0.0 hours, 0.0 minutes, 0.16715651292067307 seconds
Avg batch val. time: 0.018572945880074784 seconds
Avg sample val. time: 0.0002902022793761685 seconds
Epoch 22 Validation Summary: epoch: 22.000000 | loss: 0.911194 | 
Epoch 23 Training Summary: epoch: 23.000000 | loss: 1.102009 | 
Epoch runtime: 0.0 hours, 0.0 minutes, 1.6905317306518555 seconds

Avg epoch train. time: 0.0 hours, 0.0 minutes, 1.6357282037320344 seconds
Avg batch train. time: 0.05452427345773448 seconds
Avg sample train. time: 0.0008586499757123541 seconds
Epoch 24 Training Summary: epoch: 24.000000 | loss: 1.548080 | 
Epoch runtime: 0.0 hours, 0.0 minutes, 1.6648526191711426 seconds

Avg epoch train. time: 0.0 hours, 0.0 minutes, 1.6369417210419972 seconds
Avg batch train. time: 0.05456472403473324 seconds
Avg sample train. time: 0.0008592869926729645 seconds
Evaluating on validation set ...
Validation runtime: 0.0 hours, 0.0 minutes, 0.1712024211883545 seconds

Avg val. time: 0.0 hours, 0.0 minutes, 0.1674455063683646 seconds
Avg batch val. time: 0.018605056263151624 seconds
Avg sample val. time: 0.0002907040041117441 seconds
Epoch 24 Validation Summary: epoch: 24.000000 | loss: 1.462886 | 
Epoch 25 Training Summary: epoch: 25.000000 | loss: 1.405384 | 
Epoch runtime: 0.0 hours, 0.0 minutes, 1.7060613632202148 seconds

Avg epoch train. time: 0.0 hours, 0.0 minutes, 1.6397065067291259 seconds
Avg batch train. time: 0.05465688355763753 seconds
Avg sample train. time: 0.0008607383237423233 seconds
Epoch 26 Training Summary: epoch: 26.000000 | loss: 0.942885 | 
Epoch runtime: 0.0 hours, 0.0 minutes, 1.6573235988616943 seconds

Avg epoch train. time: 0.0 hours, 0.0 minutes, 1.6403840871957631 seconds
Avg batch train. time: 0.054679469573192106 seconds
Avg sample train. time: 0.0008610940090266473 seconds
Evaluating on validation set ...
Validation runtime: 0.0 hours, 0.0 minutes, 0.1840066909790039 seconds

Avg val. time: 0.0 hours, 0.0 minutes, 0.16854958534240722 seconds
Avg batch val. time: 0.01872773170471191 seconds
Avg sample val. time: 0.0002926208078861236 seconds
Epoch 26 Validation Summary: epoch: 26.000000 | loss: 1.993950 | 
Epoch 27 Training Summary: epoch: 27.000000 | loss: 0.849683 | 
Epoch runtime: 0.0 hours, 0.0 minutes, 1.6783761978149414 seconds

Avg epoch train. time: 0.0 hours, 0.0 minutes, 1.641791202403881 seconds
Avg batch train. time: 0.054726373413462696 seconds
Avg sample train. time: 0.000861832652180515 seconds
Epoch 28 Training Summary: epoch: 28.000000 | loss: 0.659341 | 
Epoch runtime: 0.0 hours, 0.0 minutes, 1.6807568073272705 seconds

Avg epoch train. time: 0.0 hours, 0.0 minutes, 1.643182831151145 seconds
Avg batch train. time: 0.0547727610383715 seconds
Avg sample train. time: 0.0008625631659586062 seconds
Evaluating on validation set ...
Validation runtime: 0.0 hours, 0.0 minutes, 0.17880678176879883 seconds

Avg val. time: 0.0 hours, 0.0 minutes, 0.1691906601190567 seconds
Avg batch val. time: 0.018798962235450745 seconds
Avg sample val. time: 0.0002937337849289179 seconds
Epoch 28 Validation Summary: epoch: 28.000000 | loss: 3.389474 | 
Epoch 29 Training Summary: epoch: 29.000000 | loss: 1.337648 | 
Epoch runtime: 0.0 hours, 0.0 minutes, 1.6417958736419678 seconds

Avg epoch train. time: 0.0 hours, 0.0 minutes, 1.6431350050301388 seconds
Avg batch train. time: 0.054771166834337956 seconds
Avg sample train. time: 0.0008625380603832749 seconds
Epoch 30 Training Summary: epoch: 30.000000 | loss: 1.408118 | 
Epoch runtime: 0.0 hours, 0.0 minutes, 1.6810827255249023 seconds

Avg epoch train. time: 0.0 hours, 0.0 minutes, 1.644399929046631 seconds
Avg batch train. time: 0.05481333096822103 seconds
Avg sample train. time: 0.0008632020624916698 seconds
Evaluating on validation set ...
Validation runtime: 0.0 hours, 0.0 minutes, 0.18529176712036133 seconds

Avg val. time: 0.0 hours, 0.0 minutes, 0.1701377840603099 seconds
Avg batch val. time: 0.018904198228923322 seconds
Avg sample val. time: 0.0002953780973269269 seconds
Epoch 30 Validation Summary: epoch: 30.000000 | loss: 8.100444 | 
Epoch 31 Training Summary: epoch: 31.000000 | loss: 1.220672 | 
Epoch runtime: 0.0 hours, 0.0 minutes, 1.666703224182129 seconds

Avg epoch train. time: 0.0 hours, 0.0 minutes, 1.645119390180034 seconds
Avg batch train. time: 0.054837313006001136 seconds
Avg sample train. time: 0.0008635797323779706 seconds
Epoch 32 Training Summary: epoch: 32.000000 | loss: 1.040264 | 
Epoch runtime: 0.0 hours, 0.0 minutes, 1.821793794631958 seconds

Avg epoch train. time: 0.0 hours, 0.0 minutes, 1.6506404653191566 seconds
Avg batch train. time: 0.05502134884397189 seconds
Avg sample train. time: 0.0008664779345507384 seconds
Evaluating on validation set ...
Validation runtime: 0.0 hours, 0.0 minutes, 0.17399311065673828 seconds

Avg val. time: 0.0 hours, 0.0 minutes, 0.17035196887122261 seconds
Avg batch val. time: 0.018927996541246956 seconds
Avg sample val. time: 0.0002957499459569837 seconds
Epoch 32 Validation Summary: epoch: 32.000000 | loss: 0.711139 | 
Epoch 33 Training Summary: epoch: 33.000000 | loss: 1.300540 | 
Epoch runtime: 0.0 hours, 0.0 minutes, 1.7596206665039062 seconds

Avg epoch train. time: 0.0 hours, 0.0 minutes, 1.6539428956580884 seconds
Avg batch train. time: 0.055131429855269615 seconds
Avg sample train. time: 0.0008682114937837734 seconds
Epoch 34 Training Summary: epoch: 34.000000 | loss: 1.660108 | 
Epoch runtime: 0.0 hours, 0.0 minutes, 1.792508840560913 seconds

Avg epoch train. time: 0.0 hours, 0.0 minutes, 1.6580183646258186 seconds
Avg batch train. time: 0.05526727882086062 seconds
Avg sample train. time: 0.0008703508475726082 seconds
Evaluating on validation set ...
Validation runtime: 0.0 hours, 0.0 minutes, 0.19861721992492676 seconds

Avg val. time: 0.0 hours, 0.0 minutes, 0.17183961366352282 seconds
Avg batch val. time: 0.01909329040705809 seconds
Avg sample val. time: 0.00029833266261028267 seconds
Epoch 34 Validation Summary: epoch: 34.000000 | loss: 1.105983 | 
Epoch 35 Training Summary: epoch: 35.000000 | loss: 1.545654 | 
Epoch runtime: 0.0 hours, 0.0 minutes, 1.775409460067749 seconds

Avg epoch train. time: 0.0 hours, 0.0 minutes, 1.6613723959241595 seconds
Avg batch train. time: 0.055379079864138654 seconds
Avg sample train. time: 0.0008721114939234433 seconds
Epoch 36 Training Summary: epoch: 36.000000 | loss: 0.941951 | 
Epoch runtime: 0.0 hours, 0.0 minutes, 1.7255160808563232 seconds

Avg epoch train. time: 0.0 hours, 0.0 minutes, 1.663154164950053 seconds
Avg batch train. time: 0.055438472165001765 seconds
Avg sample train. time: 0.0008730468057480594 seconds
Evaluating on validation set ...
Validation runtime: 0.0 hours, 0.0 minutes, 0.20888996124267578 seconds

Avg val. time: 0.0 hours, 0.0 minutes, 0.17369213104248046 seconds
Avg batch val. time: 0.019299125671386717 seconds
Avg sample val. time: 0.00030154883861541746 seconds
Epoch 36 Validation Summary: epoch: 36.000000 | loss: 1.546587 | 
Epoch 37 Training Summary: epoch: 37.000000 | loss: 1.997976 | 
Epoch runtime: 0.0 hours, 0.0 minutes, 1.7788221836090088 seconds

Avg epoch train. time: 0.0 hours, 0.0 minutes, 1.6662803276165112 seconds
Avg batch train. time: 0.055542677587217044 seconds
Avg sample train. time: 0.000874687836019166 seconds
Epoch 38 Training Summary: epoch: 38.000000 | loss: 1.066529 | 
Epoch runtime: 0.0 hours, 0.0 minutes, 1.8780083656311035 seconds

Avg epoch train. time: 0.0 hours, 0.0 minutes, 1.6718521180905794 seconds
Avg batch train. time: 0.05572840393635265 seconds
Avg sample train. time: 0.0008776126604150024 seconds
Evaluating on validation set ...
Validation runtime: 0.0 hours, 0.0 minutes, 0.21262359619140625 seconds

Avg val. time: 0.0 hours, 0.0 minutes, 0.17554601033528647 seconds
Avg batch val. time: 0.019505112259476275 seconds
Avg sample val. time: 0.0003047673790543168 seconds
Epoch 38 Validation Summary: epoch: 38.000000 | loss: 1.472805 | 
Epoch 39 Training Summary: epoch: 39.000000 | loss: 1.173845 | 
Epoch runtime: 0.0 hours, 0.0 minutes, 1.9519665241241455 seconds

Avg epoch train. time: 0.0 hours, 0.0 minutes, 1.6790345387581067 seconds
Avg batch train. time: 0.055967817958603554 seconds
Avg sample train. time: 0.0008813829599780088 seconds
Epoch 40 Training Summary: epoch: 40.000000 | loss: 0.693226 | 
Epoch runtime: 0.0 hours, 0.0 minutes, 1.9606139659881592 seconds

Avg epoch train. time: 0.0 hours, 0.0 minutes, 1.6860740244388581 seconds
Avg batch train. time: 0.056202467481295273 seconds
Avg sample train. time: 0.0008850782280518941 seconds
Evaluating on validation set ...
Validation runtime: 0.0 hours, 0.0 minutes, 0.20383572578430176 seconds

Avg val. time: 0.0 hours, 0.0 minutes, 0.17683190649205988 seconds
Avg batch val. time: 0.019647989610228875 seconds
Avg sample val. time: 0.0003069998376598262 seconds
Epoch 40 Validation Summary: epoch: 40.000000 | loss: 2.485320 | 
Best loss was 0.23017305466863844. Other metrics: OrderedDict([('epoch', 18), ('loss', 0.23017305466863844)])
All Done!
Total runtime: 0.0 hours, 1.0 minutes, 15.356391191482544 seconds

