Running:
main.py --output_dir experiments/belo_horizonte_83587/ --comment regression for belo_horizonte_83587 --name belo_horizonte_83587_Regression --records_file experiments/belo_horizonte_83587/belo_horizonte_83587_Regression.xls --data_dir datasets/files/belo_horizonte_83587/ --data_class wf --pattern TRAIN --val_pattern TEST --epochs 10 --lr 0.005 --optimizer RAdam --pos_encoding learnable --task regression

Using device: cpu
Loading and preprocessing data ...
1919 samples may be used for training
639 samples will be used for validation
0 samples will be used for testing
Creating model ...
Model:
TSTransformerEncoderClassiregressor(
  (project_inp): Linear(in_features=5, out_features=64, bias=True)
  (pos_enc): LearnablePositionalEncoding(
    (dropout): Dropout(p=0.1, inplace=False)
  )
  (transformer_encoder): TransformerEncoder(
    (layers): ModuleList(
      (0): TransformerBatchNormEncoderLayer(
        (self_attn): MultiheadAttention(
          (out_proj): NonDynamicallyQuantizableLinear(in_features=64, out_features=64, bias=True)
        )
        (linear1): Linear(in_features=64, out_features=256, bias=True)
        (dropout): Dropout(p=0.1, inplace=False)
        (linear2): Linear(in_features=256, out_features=64, bias=True)
        (norm1): BatchNorm1d(64, eps=1e-05, momentum=0.1, affine=True, track_running_stats=True)
        (norm2): BatchNorm1d(64, eps=1e-05, momentum=0.1, affine=True, track_running_stats=True)
        (dropout1): Dropout(p=0.1, inplace=False)
        (dropout2): Dropout(p=0.1, inplace=False)
      )
      (1): TransformerBatchNormEncoderLayer(
        (self_attn): MultiheadAttention(
          (out_proj): NonDynamicallyQuantizableLinear(in_features=64, out_features=64, bias=True)
        )
        (linear1): Linear(in_features=64, out_features=256, bias=True)
        (dropout): Dropout(p=0.1, inplace=False)
        (linear2): Linear(in_features=256, out_features=64, bias=True)
        (norm1): BatchNorm1d(64, eps=1e-05, momentum=0.1, affine=True, track_running_stats=True)
        (norm2): BatchNorm1d(64, eps=1e-05, momentum=0.1, affine=True, track_running_stats=True)
        (dropout1): Dropout(p=0.1, inplace=False)
        (dropout2): Dropout(p=0.1, inplace=False)
      )
      (2): TransformerBatchNormEncoderLayer(
        (self_attn): MultiheadAttention(
          (out_proj): NonDynamicallyQuantizableLinear(in_features=64, out_features=64, bias=True)
        )
        (linear1): Linear(in_features=64, out_features=256, bias=True)
        (dropout): Dropout(p=0.1, inplace=False)
        (linear2): Linear(in_features=256, out_features=64, bias=True)
        (norm1): BatchNorm1d(64, eps=1e-05, momentum=0.1, affine=True, track_running_stats=True)
        (norm2): BatchNorm1d(64, eps=1e-05, momentum=0.1, affine=True, track_running_stats=True)
        (dropout1): Dropout(p=0.1, inplace=False)
        (dropout2): Dropout(p=0.1, inplace=False)
      )
    )
  )
  (dropout1): Dropout(p=0.1, inplace=False)
  (output_layer): Linear(in_features=1536, out_features=1, bias=True)
)
Total number of parameters: 153409
Trainable parameters: 153409
Evaluating on validation set ...
Validation runtime: 0.0 hours, 0.0 minutes, 0.1960008144378662 seconds

Avg val. time: 0.0 hours, 0.0 minutes, 0.1960008144378662 seconds
Avg batch val. time: 0.01960008144378662 seconds
Avg sample val. time: 0.0003067305390263947 seconds
Epoch 0 Validation Summary: epoch: 0.000000 | loss: 460.627173 | 
Starting training...
Epoch 1 Training Summary: epoch: 1.000000 | loss: 375.097778 | 
Epoch runtime: 0.0 hours, 0.0 minutes, 1.9675884246826172 seconds

Avg epoch train. time: 0.0 hours, 0.0 minutes, 1.9675884246826172 seconds
Avg batch train. time: 0.0655862808227539 seconds
Avg sample train. time: 0.0010253196585110042 seconds
Evaluating on validation set ...
Validation runtime: 0.0 hours, 0.0 minutes, 0.22100448608398438 seconds

Avg val. time: 0.0 hours, 0.0 minutes, 0.2085026502609253 seconds
Avg batch val. time: 0.02085026502609253 seconds
Avg sample val. time: 0.0003262952273253917 seconds
Epoch 1 Validation Summary: epoch: 1.000000 | loss: 215.703415 | 
Epoch 2 Training Summary: epoch: 2.000000 | loss: 102.053000 | 
Epoch runtime: 0.0 hours, 0.0 minutes, 1.6311650276184082 seconds

Avg epoch train. time: 0.0 hours, 0.0 minutes, 1.7993767261505127 seconds
Avg batch train. time: 0.05997922420501709 seconds
Avg sample train. time: 0.0009376637447371093 seconds
Evaluating on validation set ...
Validation runtime: 0.0 hours, 0.0 minutes, 0.24600505828857422 seconds

Avg val. time: 0.0 hours, 0.0 minutes, 0.22100345293680826 seconds
Avg batch val. time: 0.022100345293680827 seconds
Avg sample val. time: 0.0003458582988056467 seconds
Epoch 2 Validation Summary: epoch: 2.000000 | loss: 5.839818 | 
Epoch 3 Training Summary: epoch: 3.000000 | loss: 2.911411 | 
Epoch runtime: 0.0 hours, 0.0 minutes, 1.9135351181030273 seconds

Avg epoch train. time: 0.0 hours, 0.0 minutes, 1.8374295234680176 seconds
Avg batch train. time: 0.06124765078226725 seconds
Avg sample train. time: 0.0009574932378676486 seconds
Epoch 4 Training Summary: epoch: 4.000000 | loss: 1.372940 | 
Epoch runtime: 0.0 hours, 0.0 minutes, 1.9080867767333984 seconds

Avg epoch train. time: 0.0 hours, 0.0 minutes, 1.8550938367843628 seconds
Avg batch train. time: 0.061836461226145424 seconds
Avg sample train. time: 0.0009666981953019088 seconds
Evaluating on validation set ...
Validation runtime: 0.0 hours, 0.0 minutes, 0.2315196990966797 seconds

Avg val. time: 0.0 hours, 0.0 minutes, 0.22363251447677612 seconds
Avg batch val. time: 0.02236325144767761 seconds
Avg sample val. time: 0.00034997263611389066 seconds
Epoch 4 Validation Summary: epoch: 4.000000 | loss: 0.754942 | 
Epoch 5 Training Summary: epoch: 5.000000 | loss: 0.719968 | 
Epoch runtime: 0.0 hours, 0.0 minutes, 1.9061927795410156 seconds

Avg epoch train. time: 0.0 hours, 0.0 minutes, 1.8653136253356934 seconds
Avg batch train. time: 0.062177120844523114 seconds
Avg sample train. time: 0.0009720237755787876 seconds
Epoch 6 Training Summary: epoch: 6.000000 | loss: 0.900719 | 
Epoch runtime: 0.0 hours, 0.0 minutes, 1.9073429107666016 seconds

Avg epoch train. time: 0.0 hours, 0.0 minutes, 1.8723185062408447 seconds
Avg batch train. time: 0.062410616874694826 seconds
Avg sample train. time: 0.0009756740522359795 seconds
Evaluating on validation set ...
Validation runtime: 0.0 hours, 0.0 minutes, 0.22639846801757812 seconds

Avg val. time: 0.0 hours, 0.0 minutes, 0.22418570518493652 seconds
Avg batch val. time: 0.022418570518493653 seconds
Avg sample val. time: 0.00035083834927220113 seconds
Epoch 6 Validation Summary: epoch: 6.000000 | loss: 3.434952 | 
Epoch 7 Training Summary: epoch: 7.000000 | loss: 0.714933 | 
Epoch runtime: 0.0 hours, 0.0 minutes, 2.0466670989990234 seconds

Avg epoch train. time: 0.0 hours, 0.0 minutes, 1.8972254480634416 seconds
Avg batch train. time: 0.06324084826878139 seconds
Avg sample train. time: 0.0009886531777297768 seconds
Epoch 8 Training Summary: epoch: 8.000000 | loss: 0.617766 | 
Epoch runtime: 0.0 hours, 0.0 minutes, 1.9537291526794434 seconds

Avg epoch train. time: 0.0 hours, 0.0 minutes, 1.904288411140442 seconds
Avg batch train. time: 0.06347628037134806 seconds
Avg sample train. time: 0.000992333721282148 seconds
Evaluating on validation set ...
Validation runtime: 0.0 hours, 0.0 minutes, 0.2380063533782959 seconds

Avg val. time: 0.0 hours, 0.0 minutes, 0.22648914655049643 seconds
Avg batch val. time: 0.022648914655049642 seconds
Avg sample val. time: 0.0003544431088427174 seconds
Epoch 8 Validation Summary: epoch: 8.000000 | loss: 0.291134 | 
Epoch 9 Training Summary: epoch: 9.000000 | loss: 0.709653 | 
Epoch runtime: 0.0 hours, 0.0 minutes, 2.073972702026367 seconds

Avg epoch train. time: 0.0 hours, 0.0 minutes, 1.923142221238878 seconds
Avg batch train. time: 0.0641047407079626 seconds
Avg sample train. time: 0.0010021585311302127 seconds
Epoch 10 Training Summary: epoch: 10.000000 | loss: 0.672665 | 
Epoch runtime: 0.0 hours, 0.0 minutes, 1.9676034450531006 seconds

Avg epoch train. time: 0.0 hours, 0.0 minutes, 1.9275883436203003 seconds
Avg batch train. time: 0.06425294478734335 seconds
Avg sample train. time: 0.0010044754265869204 seconds
Evaluating on validation set ...
Validation runtime: 0.0 hours, 0.0 minutes, 0.22900152206420898 seconds

Avg val. time: 0.0 hours, 0.0 minutes, 0.22684805733816965 seconds
Avg batch val. time: 0.022684805733816964 seconds
Avg sample val. time: 0.00035500478456677566 seconds
Epoch 10 Validation Summary: epoch: 10.000000 | loss: 1.350532 | 
Best loss was 0.2911340395609538. Other metrics: OrderedDict([('epoch', 8), ('loss', 0.2911340395609538)])
All Done!
Total runtime: 0.0 hours, 0.0 minutes, 24.402243852615356 seconds

