Running:
main.py --output_dir experiments/belo_horizonte_83587/ --comment regression for belo_horizonte_83587 --name belo_horizonte_83587_Regression --records_file experiments/belo_horizonte_83587/belo_horizonte_83587_Regression.xls --data_dir datasets/files/belo_horizonte_83587/ --data_class wf --pattern TRAIN --val_pattern TEST --epochs 50 --lr 0.0001 --optimizer RAdam --pos_encoding learnable --task regression

Using device: cpu
Loading and preprocessing data ...
1919 samples may be used for training
639 samples will be used for validation
0 samples will be used for testing
Creating model ...
Model:
TSTransformerEncoderClassiregressor(
  (project_inp): Linear(in_features=5, out_features=64, bias=True)
  (pos_enc): LearnablePositionalEncoding(
    (dropout): Dropout(p=0.1, inplace=False)
  )
  (transformer_encoder): TransformerEncoder(
    (layers): ModuleList(
      (0): TransformerBatchNormEncoderLayer(
        (self_attn): MultiheadAttention(
          (out_proj): NonDynamicallyQuantizableLinear(in_features=64, out_features=64, bias=True)
        )
        (linear1): Linear(in_features=64, out_features=256, bias=True)
        (dropout): Dropout(p=0.1, inplace=False)
        (linear2): Linear(in_features=256, out_features=64, bias=True)
        (norm1): BatchNorm1d(64, eps=1e-05, momentum=0.1, affine=True, track_running_stats=True)
        (norm2): BatchNorm1d(64, eps=1e-05, momentum=0.1, affine=True, track_running_stats=True)
        (dropout1): Dropout(p=0.1, inplace=False)
        (dropout2): Dropout(p=0.1, inplace=False)
      )
      (1): TransformerBatchNormEncoderLayer(
        (self_attn): MultiheadAttention(
          (out_proj): NonDynamicallyQuantizableLinear(in_features=64, out_features=64, bias=True)
        )
        (linear1): Linear(in_features=64, out_features=256, bias=True)
        (dropout): Dropout(p=0.1, inplace=False)
        (linear2): Linear(in_features=256, out_features=64, bias=True)
        (norm1): BatchNorm1d(64, eps=1e-05, momentum=0.1, affine=True, track_running_stats=True)
        (norm2): BatchNorm1d(64, eps=1e-05, momentum=0.1, affine=True, track_running_stats=True)
        (dropout1): Dropout(p=0.1, inplace=False)
        (dropout2): Dropout(p=0.1, inplace=False)
      )
      (2): TransformerBatchNormEncoderLayer(
        (self_attn): MultiheadAttention(
          (out_proj): NonDynamicallyQuantizableLinear(in_features=64, out_features=64, bias=True)
        )
        (linear1): Linear(in_features=64, out_features=256, bias=True)
        (dropout): Dropout(p=0.1, inplace=False)
        (linear2): Linear(in_features=256, out_features=64, bias=True)
        (norm1): BatchNorm1d(64, eps=1e-05, momentum=0.1, affine=True, track_running_stats=True)
        (norm2): BatchNorm1d(64, eps=1e-05, momentum=0.1, affine=True, track_running_stats=True)
        (dropout1): Dropout(p=0.1, inplace=False)
        (dropout2): Dropout(p=0.1, inplace=False)
      )
    )
  )
  (dropout1): Dropout(p=0.1, inplace=False)
  (output_layer): Linear(in_features=1536, out_features=1, bias=True)
)
Total number of parameters: 153409
Trainable parameters: 153409
Evaluating on validation set ...
Validation runtime: 0.0 hours, 0.0 minutes, 0.20801043510437012 seconds

Avg val. time: 0.0 hours, 0.0 minutes, 0.20801043510437012 seconds
Avg batch val. time: 0.02080104351043701 seconds
Avg sample val. time: 0.00032552493756552445 seconds
Epoch 0 Validation Summary: epoch: 0.000000 | loss: 659.207820 | 
Starting training...
Epoch 1 Training Summary: epoch: 1.000000 | loss: 476.677826 | 
Epoch runtime: 0.0 hours, 0.0 minutes, 1.7640588283538818 seconds

Avg epoch train. time: 0.0 hours, 0.0 minutes, 1.7640588283538818 seconds
Avg batch train. time: 0.05880196094512939 seconds
Avg sample train. time: 0.0009192594207159363 seconds
Evaluating on validation set ...
Validation runtime: 0.0 hours, 0.0 minutes, 0.1920008659362793 seconds

Avg val. time: 0.0 hours, 0.0 minutes, 0.2000056505203247 seconds
Avg batch val. time: 0.02000056505203247 seconds
Avg sample val. time: 0.0003129978881382233 seconds
Epoch 1 Validation Summary: epoch: 1.000000 | loss: 470.413097 | 
Epoch 2 Training Summary: epoch: 2.000000 | loss: 470.370911 | 
Epoch runtime: 0.0 hours, 0.0 minutes, 1.6940031051635742 seconds

Avg epoch train. time: 0.0 hours, 0.0 minutes, 1.729030966758728 seconds
Avg batch train. time: 0.057634365558624265 seconds
Avg sample train. time: 0.0009010062359347202 seconds
Evaluating on validation set ...
Validation runtime: 0.0 hours, 0.0 minutes, 0.18098783493041992 seconds

Avg val. time: 0.0 hours, 0.0 minutes, 0.1936663786570231 seconds
Avg batch val. time: 0.01936663786570231 seconds
Avg sample val. time: 0.00030307727489361987 seconds
Epoch 2 Validation Summary: epoch: 2.000000 | loss: 463.408448 | 
Epoch 3 Training Summary: epoch: 3.000000 | loss: 460.948576 | 
Epoch runtime: 0.0 hours, 0.0 minutes, 1.7605748176574707 seconds

Avg epoch train. time: 0.0 hours, 0.0 minutes, 1.7395455837249756 seconds
Avg batch train. time: 0.05798485279083252 seconds
Avg sample train. time: 0.0009064854526967043 seconds
Epoch 4 Training Summary: epoch: 4.000000 | loss: 449.468489 | 
Epoch runtime: 0.0 hours, 0.0 minutes, 1.8071141242980957 seconds

Avg epoch train. time: 0.0 hours, 0.0 minutes, 1.7564377188682556 seconds
Avg batch train. time: 0.058547923962275185 seconds
Avg sample train. time: 0.0009152880244232703 seconds
Evaluating on validation set ...
Validation runtime: 0.0 hours, 0.0 minutes, 0.19651365280151367 seconds

Avg val. time: 0.0 hours, 0.0 minutes, 0.19437819719314575 seconds
Avg batch val. time: 0.019437819719314575 seconds
Avg sample val. time: 0.0003041912319141561 seconds
Epoch 4 Validation Summary: epoch: 4.000000 | loss: 445.190239 | 
Epoch 5 Training Summary: epoch: 5.000000 | loss: 436.381510 | 
Epoch runtime: 0.0 hours, 0.0 minutes, 1.910334587097168 seconds

Avg epoch train. time: 0.0 hours, 0.0 minutes, 1.787217092514038 seconds
Avg batch train. time: 0.05957390308380127 seconds
Avg sample train. time: 0.0009313273019875134 seconds
Epoch 6 Training Summary: epoch: 6.000000 | loss: 420.690365 | 
Epoch runtime: 0.0 hours, 0.0 minutes, 1.8431224822998047 seconds

Avg epoch train. time: 0.0 hours, 0.0 minutes, 1.7965346574783325 seconds
Avg batch train. time: 0.059884488582611084 seconds
Avg sample train. time: 0.0009361827292747955 seconds
Evaluating on validation set ...
Validation runtime: 0.0 hours, 0.0 minutes, 0.24701333045959473 seconds

Avg val. time: 0.0 hours, 0.0 minutes, 0.20490522384643556 seconds
Avg batch val. time: 0.020490522384643557 seconds
Avg sample val. time: 0.00032066545202885064 seconds
Epoch 6 Validation Summary: epoch: 6.000000 | loss: 420.026522 | 
Epoch 7 Training Summary: epoch: 7.000000 | loss: 401.347523 | 
Epoch runtime: 0.0 hours, 0.0 minutes, 2.4600768089294434 seconds

Avg epoch train. time: 0.0 hours, 0.0 minutes, 1.8913263933999198 seconds
Avg batch train. time: 0.06304421311333067 seconds
Avg sample train. time: 0.0009855791523709849 seconds
Epoch 8 Training Summary: epoch: 8.000000 | loss: 380.428315 | 
Epoch runtime: 0.0 hours, 0.0 minutes, 1.7880046367645264 seconds

Avg epoch train. time: 0.0 hours, 0.0 minutes, 1.8784111738204956 seconds
Avg batch train. time: 0.06261370579401652 seconds
Avg sample train. time: 0.0009788489702034892 seconds
Evaluating on validation set ...
Validation runtime: 0.0 hours, 0.0 minutes, 0.24900603294372559 seconds

Avg val. time: 0.0 hours, 0.0 minutes, 0.2122553586959839 seconds
Avg batch val. time: 0.02122553586959839 seconds
Avg sample val. time: 0.000332168010478848 seconds
Epoch 8 Validation Summary: epoch: 8.000000 | loss: 376.306307 | 
Epoch 9 Training Summary: epoch: 9.000000 | loss: 355.967028 | 
Epoch runtime: 0.0 hours, 0.0 minutes, 1.76997971534729 seconds

Avg epoch train. time: 0.0 hours, 0.0 minutes, 1.8663632339901395 seconds
Avg batch train. time: 0.06221210779967132 seconds
Avg sample train. time: 0.0009725707316259194 seconds
Epoch 10 Training Summary: epoch: 10.000000 | loss: 328.736316 | 
Epoch runtime: 0.0 hours, 0.0 minutes, 1.767448902130127 seconds

Avg epoch train. time: 0.0 hours, 0.0 minutes, 1.856471800804138 seconds
Avg batch train. time: 0.061882393360137934 seconds
Avg sample train. time: 0.0009674162588869923 seconds
Evaluating on validation set ...
Validation runtime: 0.0 hours, 0.0 minutes, 0.19853639602661133 seconds

Avg val. time: 0.0 hours, 0.0 minutes, 0.2102955068860735 seconds
Avg batch val. time: 0.021029550688607353 seconds
Avg sample val. time: 0.000329100949743464 seconds
Epoch 10 Validation Summary: epoch: 10.000000 | loss: 320.107926 | 
Epoch 11 Training Summary: epoch: 11.000000 | loss: 299.632208 | 
Epoch runtime: 0.0 hours, 0.0 minutes, 1.6296463012695312 seconds

Avg epoch train. time: 0.0 hours, 0.0 minutes, 1.8358513008464465 seconds
Avg batch train. time: 0.06119504336154822 seconds
Avg sample train. time: 0.0009566708185755323 seconds
Epoch 12 Training Summary: epoch: 12.000000 | loss: 267.642626 | 
Epoch runtime: 0.0 hours, 0.0 minutes, 1.678499460220337 seconds

Avg epoch train. time: 0.0 hours, 0.0 minutes, 1.8227386474609375 seconds
Avg batch train. time: 0.060757954915364586 seconds
Avg sample train. time: 0.0009498377527154443 seconds
Evaluating on validation set ...
Validation runtime: 0.0 hours, 0.0 minutes, 0.18600010871887207 seconds

Avg val. time: 0.0 hours, 0.0 minutes, 0.20725858211517334 seconds
Avg batch val. time: 0.020725858211517335 seconds
Avg sample val. time: 0.0003243483288187376 seconds
Epoch 12 Validation Summary: epoch: 12.000000 | loss: 255.942232 | 
Epoch 13 Training Summary: epoch: 13.000000 | loss: 236.420090 | 
Epoch runtime: 0.0 hours, 0.0 minutes, 1.7204780578613281 seconds

Avg epoch train. time: 0.0 hours, 0.0 minutes, 1.8148724482609675 seconds
Avg batch train. time: 0.060495748275365586 seconds
Avg sample train. time: 0.0009457386390104051 seconds
Epoch 14 Training Summary: epoch: 14.000000 | loss: 204.838875 | 
Epoch runtime: 0.0 hours, 0.0 minutes, 1.722836971282959 seconds

Avg epoch train. time: 0.0 hours, 0.0 minutes, 1.8082984856196813 seconds
Avg batch train. time: 0.06027661618732271 seconds
Avg sample train. time: 0.0009423129159039506 seconds
Evaluating on validation set ...
Validation runtime: 0.0 hours, 0.0 minutes, 0.20393037796020508 seconds

Avg val. time: 0.0 hours, 0.0 minutes, 0.2068887816535102 seconds
Avg batch val. time: 0.020688878165351022 seconds
Avg sample val. time: 0.0003237696113513462 seconds
Epoch 14 Validation Summary: epoch: 14.000000 | loss: 187.355594 | 
Epoch 15 Training Summary: epoch: 15.000000 | loss: 174.889325 | 
Epoch runtime: 0.0 hours, 0.0 minutes, 1.862872838973999 seconds

Avg epoch train. time: 0.0 hours, 0.0 minutes, 1.8119367758433025 seconds
Avg batch train. time: 0.060397892528110085 seconds
Avg sample train. time: 0.0009442088461924453 seconds
Epoch 16 Training Summary: epoch: 16.000000 | loss: 146.150172 | 
Epoch runtime: 0.0 hours, 0.0 minutes, 1.8976807594299316 seconds

Avg epoch train. time: 0.0 hours, 0.0 minutes, 1.8172957748174667 seconds
Avg batch train. time: 0.060576525827248894 seconds
Avg sample train. time: 0.0009470014459705403 seconds
Evaluating on validation set ...
Validation runtime: 0.0 hours, 0.0 minutes, 0.2169942855834961 seconds

Avg val. time: 0.0 hours, 0.0 minutes, 0.2078993320465088 seconds
Avg batch val. time: 0.02078993320465088 seconds
Avg sample val. time: 0.0003253510673654285 seconds
Epoch 16 Validation Summary: epoch: 16.000000 | loss: 132.671575 | 
Epoch 17 Training Summary: epoch: 17.000000 | loss: 120.461378 | 
Epoch runtime: 0.0 hours, 0.0 minutes, 1.8413305282592773 seconds

Avg epoch train. time: 0.0 hours, 0.0 minutes, 1.8187095838434555 seconds
Avg batch train. time: 0.06062365279478185 seconds
Avg sample train. time: 0.0009477381885583405 seconds
Epoch 18 Training Summary: epoch: 18.000000 | loss: 96.426541 | 
Epoch runtime: 0.0 hours, 0.0 minutes, 1.975724697113037 seconds

Avg epoch train. time: 0.0 hours, 0.0 minutes, 1.8274326456917658 seconds
Avg batch train. time: 0.060914421523058856 seconds
Avg sample train. time: 0.000952283817452718 seconds
Evaluating on validation set ...
Validation runtime: 0.0 hours, 0.0 minutes, 0.19100069999694824 seconds

Avg val. time: 0.0 hours, 0.0 minutes, 0.206363092769276 seconds
Avg batch val. time: 0.0206363092769276 seconds
Avg sample val. time: 0.0003229469370411205 seconds
Epoch 18 Validation Summary: epoch: 18.000000 | loss: 87.267083 | 
Epoch 19 Training Summary: epoch: 19.000000 | loss: 74.406074 | 
Epoch runtime: 0.0 hours, 0.0 minutes, 1.8591976165771484 seconds

Avg epoch train. time: 0.0 hours, 0.0 minutes, 1.8291044862646806 seconds
Avg batch train. time: 0.06097014954215602 seconds
Avg sample train. time: 0.0009531550215032208 seconds
Epoch 20 Training Summary: epoch: 20.000000 | loss: 55.233763 | 
Epoch runtime: 0.0 hours, 0.0 minutes, 2.1666128635406494 seconds

Avg epoch train. time: 0.0 hours, 0.0 minutes, 1.845979905128479 seconds
Avg batch train. time: 0.06153266350428264 seconds
Avg sample train. time: 0.0009619488822972794 seconds
Evaluating on validation set ...
Validation runtime: 0.0 hours, 0.0 minutes, 0.24308395385742188 seconds

Avg val. time: 0.0 hours, 0.0 minutes, 0.2094231645266215 seconds
Avg batch val. time: 0.02094231645266215 seconds
Avg sample val. time: 0.000327735781731802 seconds
Epoch 20 Validation Summary: epoch: 20.000000 | loss: 50.691435 | 
Epoch 21 Training Summary: epoch: 21.000000 | loss: 38.352908 | 
Epoch runtime: 0.0 hours, 0.0 minutes, 2.1734132766723633 seconds

Avg epoch train. time: 0.0 hours, 0.0 minutes, 1.8615719704400926 seconds
Avg batch train. time: 0.06205239901466975 seconds
Avg sample train. time: 0.0009700739814695636 seconds
Epoch 22 Training Summary: epoch: 22.000000 | loss: 25.257962 | 
Epoch runtime: 0.0 hours, 0.0 minutes, 2.2243502140045166 seconds

Avg epoch train. time: 0.0 hours, 0.0 minutes, 1.8780618906021118 seconds
Avg batch train. time: 0.06260206302007039 seconds
Avg sample train. time: 0.0009786669570620698 seconds
Evaluating on validation set ...
Validation runtime: 0.0 hours, 0.0 minutes, 0.317122220993042 seconds

Avg val. time: 0.0 hours, 0.0 minutes, 0.21770770733173078 seconds
Avg batch val. time: 0.02177077073317308 seconds
Avg sample val. time: 0.00034070063745184786 seconds
Epoch 22 Validation Summary: epoch: 22.000000 | loss: 20.996038 | 
Epoch 23 Training Summary: epoch: 23.000000 | loss: 15.579204 | 
Epoch runtime: 0.0 hours, 0.0 minutes, 2.674651861190796 seconds

Avg epoch train. time: 0.0 hours, 0.0 minutes, 1.9126962371494458 seconds
Avg batch train. time: 0.06375654123831485 seconds
Avg sample train. time: 0.0009967150792857978 seconds
Epoch 24 Training Summary: epoch: 24.000000 | loss: 9.165331 | 
Epoch runtime: 0.0 hours, 0.0 minutes, 2.3383328914642334 seconds

Avg epoch train. time: 0.0 hours, 0.0 minutes, 1.9304310977458954 seconds
Avg batch train. time: 0.06434770325819651 seconds
Avg sample train. time: 0.001005956799242259 seconds
Evaluating on validation set ...
Validation runtime: 0.0 hours, 0.0 minutes, 0.23399949073791504 seconds

Avg val. time: 0.0 hours, 0.0 minutes, 0.21887140614645823 seconds
Avg batch val. time: 0.021887140614645823 seconds
Avg sample val. time: 0.0003425217623575246 seconds
Epoch 24 Validation Summary: epoch: 24.000000 | loss: 6.546695 | 
Epoch 25 Training Summary: epoch: 25.000000 | loss: 5.556037 | 
Epoch runtime: 0.0 hours, 0.0 minutes, 2.1606545448303223 seconds

Avg epoch train. time: 0.0 hours, 0.0 minutes, 1.9396400356292725 seconds
Avg batch train. time: 0.06465466785430908 seconds
Avg sample train. time: 0.0010107556204425599 seconds
Epoch 26 Training Summary: epoch: 26.000000 | loss: 4.233869 | 
Epoch runtime: 0.0 hours, 0.0 minutes, 2.0685336589813232 seconds

Avg epoch train. time: 0.0 hours, 0.0 minutes, 1.9445974826812744 seconds
Avg batch train. time: 0.06481991608937582 seconds
Avg sample train. time: 0.0010133389696098355 seconds
Evaluating on validation set ...
Validation runtime: 0.0 hours, 0.0 minutes, 0.25300097465515137 seconds

Avg val. time: 0.0 hours, 0.0 minutes, 0.22114671071370443 seconds
Avg batch val. time: 0.022114671071370443 seconds
Avg sample val. time: 0.0003460824893798191 seconds
Epoch 26 Validation Summary: epoch: 26.000000 | loss: 2.761097 | 
Epoch 27 Training Summary: epoch: 27.000000 | loss: 3.678156 | 
Epoch runtime: 0.0 hours, 0.0 minutes, 1.9631783962249756 seconds

Avg epoch train. time: 0.0 hours, 0.0 minutes, 1.9452856646643744 seconds
Avg batch train. time: 0.06484285548881248 seconds
Avg sample train. time: 0.0010136975845046244 seconds
Epoch 28 Training Summary: epoch: 28.000000 | loss: 3.045521 | 
Epoch runtime: 0.0 hours, 0.0 minutes, 1.969804286956787 seconds

Avg epoch train. time: 0.0 hours, 0.0 minutes, 1.9461613297462463 seconds
Avg batch train. time: 0.06487204432487488 seconds
Avg sample train. time: 0.0010141538977312384 seconds
Evaluating on validation set ...
Validation runtime: 0.0 hours, 0.0 minutes, 0.23900103569030762 seconds

Avg val. time: 0.0 hours, 0.0 minutes, 0.22226260602474213 seconds
Avg batch val. time: 0.022226260602474214 seconds
Avg sample val. time: 0.00034782880442056673 seconds
Epoch 28 Validation Summary: epoch: 28.000000 | loss: 2.370618 | 
Epoch 29 Training Summary: epoch: 29.000000 | loss: 3.093533 | 
Epoch runtime: 0.0 hours, 0.0 minutes, 1.9957988262176514 seconds

Avg epoch train. time: 0.0 hours, 0.0 minutes, 1.9478729675556052 seconds
Avg batch train. time: 0.06492909891852018 seconds
Avg sample train. time: 0.0010150458403103727 seconds
Epoch 30 Training Summary: epoch: 30.000000 | loss: 2.538470 | 
Epoch runtime: 0.0 hours, 0.0 minutes, 1.972032070159912 seconds

Avg epoch train. time: 0.0 hours, 0.0 minutes, 1.9486782709757486 seconds
Avg batch train. time: 0.06495594236585829 seconds
Avg sample train. time: 0.001015465487741401 seconds
Evaluating on validation set ...
Validation runtime: 0.0 hours, 0.0 minutes, 0.22900056838989258 seconds

Avg val. time: 0.0 hours, 0.0 minutes, 0.22265895675210393 seconds
Avg batch val. time: 0.022265895675210392 seconds
Avg sample val. time: 0.00034844907159953665 seconds
Epoch 30 Validation Summary: epoch: 30.000000 | loss: 1.288020 | 
Epoch 31 Training Summary: epoch: 31.000000 | loss: 2.167439 | 
Epoch runtime: 0.0 hours, 0.0 minutes, 1.9777896404266357 seconds

Avg epoch train. time: 0.0 hours, 0.0 minutes, 1.9496173474096483 seconds
Avg batch train. time: 0.06498724491365494 seconds
Avg sample train. time: 0.0010159548449242565 seconds
Epoch 32 Training Summary: epoch: 32.000000 | loss: 2.082144 | 
Epoch runtime: 0.0 hours, 0.0 minutes, 1.9882097244262695 seconds

Avg epoch train. time: 0.0 hours, 0.0 minutes, 1.9508233591914177 seconds
Avg batch train. time: 0.06502744530638059 seconds
Avg sample train. time: 0.0010165833033827084 seconds
Evaluating on validation set ...
Validation runtime: 0.0 hours, 0.0 minutes, 0.24850964546203613 seconds

Avg val. time: 0.0 hours, 0.0 minutes, 0.22409510612487793 seconds
Avg batch val. time: 0.022409510612487794 seconds
Avg sample val. time: 0.0003506965667055993 seconds
Epoch 32 Validation Summary: epoch: 32.000000 | loss: 1.671873 | 
Epoch 33 Training Summary: epoch: 33.000000 | loss: 1.891237 | 
Epoch runtime: 0.0 hours, 0.0 minutes, 1.9576377868652344 seconds

Avg epoch train. time: 0.0 hours, 0.0 minutes, 1.951029856999715 seconds
Avg batch train. time: 0.06503432856665717 seconds
Avg sample train. time: 0.001016690910369836 seconds
Epoch 34 Training Summary: epoch: 34.000000 | loss: 1.727378 | 
Epoch runtime: 0.0 hours, 0.0 minutes, 2.0596559047698975 seconds

Avg epoch train. time: 0.0 hours, 0.0 minutes, 1.9542247407576616 seconds
Avg batch train. time: 0.06514082469192205 seconds
Avg sample train. time: 0.0010183557794464105 seconds
Evaluating on validation set ...
Validation runtime: 0.0 hours, 0.0 minutes, 0.23000073432922363 seconds

Avg val. time: 0.0 hours, 0.0 minutes, 0.22440592866194875 seconds
Avg batch val. time: 0.022440592866194875 seconds
Avg sample val. time: 0.0003511829869514065 seconds
Epoch 34 Validation Summary: epoch: 34.000000 | loss: 1.105447 | 
Epoch 35 Training Summary: epoch: 35.000000 | loss: 1.556621 | 
Epoch runtime: 0.0 hours, 0.0 minutes, 2.256164073944092 seconds

Avg epoch train. time: 0.0 hours, 0.0 minutes, 1.9628515788487026 seconds
Avg batch train. time: 0.06542838596162343 seconds
Avg sample train. time: 0.0010228512656845767 seconds
Epoch 36 Training Summary: epoch: 36.000000 | loss: 1.369176 | 
Epoch runtime: 0.0 hours, 0.0 minutes, 1.9086723327636719 seconds

Avg epoch train. time: 0.0 hours, 0.0 minutes, 1.961346599790785 seconds
Avg batch train. time: 0.06537821999302616 seconds
Avg sample train. time: 0.0010220670139608052 seconds
Evaluating on validation set ...
Validation runtime: 0.0 hours, 0.0 minutes, 0.21100115776062012 seconds

Avg val. time: 0.0 hours, 0.0 minutes, 0.22373569011688232 seconds
Avg batch val. time: 0.022373569011688233 seconds
Avg sample val. time: 0.000350134100339409 seconds
Epoch 36 Validation Summary: epoch: 36.000000 | loss: 0.884335 | 
Epoch 37 Training Summary: epoch: 37.000000 | loss: 1.399560 | 
Epoch runtime: 0.0 hours, 0.0 minutes, 1.8595924377441406 seconds

Avg epoch train. time: 0.0 hours, 0.0 minutes, 1.958596487303038 seconds
Avg batch train. time: 0.06528654957676792 seconds
Avg sample train. time: 0.0010206339173022606 seconds
Epoch 38 Training Summary: epoch: 38.000000 | loss: 1.267736 | 
Epoch runtime: 0.0 hours, 0.0 minutes, 1.8659350872039795 seconds

Avg epoch train. time: 0.0 hours, 0.0 minutes, 1.9561580294056942 seconds
Avg batch train. time: 0.06520526764685647 seconds
Avg sample train. time: 0.0010193632253286578 seconds
Evaluating on validation set ...
Validation runtime: 0.0 hours, 0.0 minutes, 0.2239990234375 seconds

Avg val. time: 0.0 hours, 0.0 minutes, 0.2237482297988165 seconds
Avg batch val. time: 0.02237482297988165 seconds
Avg sample val. time: 0.0003501537242547989 seconds
Epoch 38 Validation Summary: epoch: 38.000000 | loss: 0.761196 | 
Epoch 39 Training Summary: epoch: 39.000000 | loss: 1.096506 | 
Epoch runtime: 0.0 hours, 0.0 minutes, 1.994666337966919 seconds

Avg epoch train. time: 0.0 hours, 0.0 minutes, 1.9571454219329052 seconds
Avg batch train. time: 0.06523818073109684 seconds
Avg sample train. time: 0.0010198777602568553 seconds
Epoch 40 Training Summary: epoch: 40.000000 | loss: 1.002688 | 
Epoch runtime: 0.0 hours, 0.0 minutes, 2.0336225032806396 seconds

Avg epoch train. time: 0.0 hours, 0.0 minutes, 1.9590573489665986 seconds
Avg batch train. time: 0.06530191163221995 seconds
Avg sample train. time: 0.0010208740745005726 seconds
Evaluating on validation set ...
Validation runtime: 0.0 hours, 0.0 minutes, 0.21708321571350098 seconds

Avg val. time: 0.0 hours, 0.0 minutes, 0.22344527461312033 seconds
Avg batch val. time: 0.022344527461312033 seconds
Avg sample val. time: 0.0003496796159829739 seconds
Epoch 40 Validation Summary: epoch: 40.000000 | loss: 0.812517 | 
Epoch 41 Training Summary: epoch: 41.000000 | loss: 0.994526 | 
Epoch runtime: 0.0 hours, 0.0 minutes, 2.040132522583008 seconds

Avg epoch train. time: 0.0 hours, 0.0 minutes, 1.9610347922255353 seconds
Avg batch train. time: 0.06536782640751784 seconds
Avg sample train. time: 0.0010219045295599455 seconds
Epoch 42 Training Summary: epoch: 42.000000 | loss: 0.967651 | 
Epoch runtime: 0.0 hours, 0.0 minutes, 2.360854148864746 seconds

Avg epoch train. time: 0.0 hours, 0.0 minutes, 1.970554300716945 seconds
Avg batch train. time: 0.0656851433572315 seconds
Avg sample train. time: 0.0010268651905768343 seconds
Evaluating on validation set ...
Validation runtime: 0.0 hours, 0.0 minutes, 0.23122859001159668 seconds

Avg val. time: 0.0 hours, 0.0 minutes, 0.2237836796304454 seconds
Avg batch val. time: 0.02237836796304454 seconds
Avg sample val. time: 0.0003502092012996016 seconds
Epoch 42 Validation Summary: epoch: 42.000000 | loss: 0.379039 | 
Epoch 43 Training Summary: epoch: 43.000000 | loss: 0.993107 | 
Epoch runtime: 0.0 hours, 0.0 minutes, 1.9062719345092773 seconds

Avg epoch train. time: 0.0 hours, 0.0 minutes, 1.9690593619679295 seconds
Avg batch train. time: 0.06563531206559765 seconds
Avg sample train. time: 0.0010260861709056432 seconds
Epoch 44 Training Summary: epoch: 44.000000 | loss: 0.881037 | 
Epoch runtime: 0.0 hours, 0.0 minutes, 1.8919641971588135 seconds

Avg epoch train. time: 0.0 hours, 0.0 minutes, 1.9673071991313587 seconds
Avg batch train. time: 0.06557690663771196 seconds
Avg sample train. time: 0.001025173110542657 seconds
Evaluating on validation set ...
Validation runtime: 0.0 hours, 0.0 minutes, 0.21000957489013672 seconds

Avg val. time: 0.0 hours, 0.0 minutes, 0.2232097585995992 seconds
Avg batch val. time: 0.022320975859959923 seconds
Avg sample val. time: 0.0003493110463217515 seconds
Epoch 44 Validation Summary: epoch: 44.000000 | loss: 0.555489 | 
Epoch 45 Training Summary: epoch: 45.000000 | loss: 0.819827 | 
Epoch runtime: 0.0 hours, 0.0 minutes, 1.883544921875 seconds

Avg epoch train. time: 0.0 hours, 0.0 minutes, 1.9654458151923286 seconds
Avg batch train. time: 0.06551486050641095 seconds
Avg sample train. time: 0.001024203134545247 seconds
Epoch 46 Training Summary: epoch: 46.000000 | loss: 0.789098 | 
Epoch runtime: 0.0 hours, 0.0 minutes, 2.2355499267578125 seconds

Avg epoch train. time: 0.0 hours, 0.0 minutes, 1.9713176437046216 seconds
Avg batch train. time: 0.06571058812348739 seconds
Avg sample train. time: 0.0010272629722275256 seconds
Evaluating on validation set ...
Validation runtime: 0.0 hours, 0.0 minutes, 0.3149995803833008 seconds

Avg val. time: 0.0 hours, 0.0 minutes, 0.22688135147094726 seconds
Avg batch val. time: 0.022688135147094727 seconds
Avg sample val. time: 0.0003550568880609503 seconds
Epoch 46 Validation Summary: epoch: 46.000000 | loss: 1.052214 | 
Epoch 47 Training Summary: epoch: 47.000000 | loss: 0.729004 | 
Epoch runtime: 0.0 hours, 0.0 minutes, 2.4516305923461914 seconds

Avg epoch train. time: 0.0 hours, 0.0 minutes, 1.981537068143804 seconds
Avg batch train. time: 0.06605123560479347 seconds
Avg sample train. time: 0.0010325883627638375 seconds
Epoch 48 Training Summary: epoch: 48.000000 | loss: 0.710082 | 
Epoch runtime: 0.0 hours, 0.0 minutes, 2.0849502086639404 seconds

Avg epoch train. time: 0.0 hours, 0.0 minutes, 1.983691508571307 seconds
Avg batch train. time: 0.06612305028571024 seconds
Avg sample train. time: 0.0010337110518870802 seconds
Evaluating on validation set ...
Validation runtime: 0.0 hours, 0.0 minutes, 0.1932973861694336 seconds

Avg val. time: 0.0 hours, 0.0 minutes, 0.22558966049781212 seconds
Avg batch val. time: 0.022558966049781214 seconds
Avg sample val. time: 0.00035303546243789063 seconds
Epoch 48 Validation Summary: epoch: 48.000000 | loss: 0.631976 | 
Epoch 49 Training Summary: epoch: 49.000000 | loss: 0.682103 | 
Epoch runtime: 0.0 hours, 0.0 minutes, 2.0033791065216064 seconds

Avg epoch train. time: 0.0 hours, 0.0 minutes, 1.9840932962845783 seconds
Avg batch train. time: 0.06613644320948595 seconds
Avg sample train. time: 0.0010339204253697646 seconds
Epoch 50 Training Summary: epoch: 50.000000 | loss: 0.663984 | 
Epoch runtime: 0.0 hours, 0.0 minutes, 1.984337329864502 seconds

Avg epoch train. time: 0.0 hours, 0.0 minutes, 1.9840981769561767 seconds
Avg batch train. time: 0.06613660589853923 seconds
Avg sample train. time: 0.001033922968710879 seconds
Evaluating on validation set ...
Validation runtime: 0.0 hours, 0.0 minutes, 0.192000150680542 seconds

Avg val. time: 0.0 hours, 0.0 minutes, 0.22434560457865396 seconds
Avg batch val. time: 0.022434560457865398 seconds
Avg sample val. time: 0.0003510885830651862 seconds
Epoch 50 Validation Summary: epoch: 50.000000 | loss: 0.408334 | 
Best loss was 0.3790389898237488. Other metrics: OrderedDict([('epoch', 42), ('loss', 0.3790389898237488)])
All Done!
Total runtime: 0.0 hours, 1.0 minutes, 49.74917125701904 seconds

