Running:
main.py --output_dir experiments/brasilia_83378/ --comment regression for brasilia_83378 --name brasilia_83378_Regression --records_file experiments/brasilia_83378/brasilia_83378_Regression.xls --data_dir datasets/files/brasilia_83378/ --data_class wf --pattern TRAIN --val_pattern TEST --epochs 50 --lr 0.01 --optimizer RAdam --pos_encoding learnable --task regression

Using device: cpu
Loading and preprocessing data ...
1919 samples may be used for training
640 samples will be used for validation
0 samples will be used for testing
Creating model ...
Model:
TSTransformerEncoderClassiregressor(
  (project_inp): Linear(in_features=5, out_features=64, bias=True)
  (pos_enc): LearnablePositionalEncoding(
    (dropout): Dropout(p=0.1, inplace=False)
  )
  (transformer_encoder): TransformerEncoder(
    (layers): ModuleList(
      (0): TransformerBatchNormEncoderLayer(
        (self_attn): MultiheadAttention(
          (out_proj): NonDynamicallyQuantizableLinear(in_features=64, out_features=64, bias=True)
        )
        (linear1): Linear(in_features=64, out_features=256, bias=True)
        (dropout): Dropout(p=0.1, inplace=False)
        (linear2): Linear(in_features=256, out_features=64, bias=True)
        (norm1): BatchNorm1d(64, eps=1e-05, momentum=0.1, affine=True, track_running_stats=True)
        (norm2): BatchNorm1d(64, eps=1e-05, momentum=0.1, affine=True, track_running_stats=True)
        (dropout1): Dropout(p=0.1, inplace=False)
        (dropout2): Dropout(p=0.1, inplace=False)
      )
      (1): TransformerBatchNormEncoderLayer(
        (self_attn): MultiheadAttention(
          (out_proj): NonDynamicallyQuantizableLinear(in_features=64, out_features=64, bias=True)
        )
        (linear1): Linear(in_features=64, out_features=256, bias=True)
        (dropout): Dropout(p=0.1, inplace=False)
        (linear2): Linear(in_features=256, out_features=64, bias=True)
        (norm1): BatchNorm1d(64, eps=1e-05, momentum=0.1, affine=True, track_running_stats=True)
        (norm2): BatchNorm1d(64, eps=1e-05, momentum=0.1, affine=True, track_running_stats=True)
        (dropout1): Dropout(p=0.1, inplace=False)
        (dropout2): Dropout(p=0.1, inplace=False)
      )
      (2): TransformerBatchNormEncoderLayer(
        (self_attn): MultiheadAttention(
          (out_proj): NonDynamicallyQuantizableLinear(in_features=64, out_features=64, bias=True)
        )
        (linear1): Linear(in_features=64, out_features=256, bias=True)
        (dropout): Dropout(p=0.1, inplace=False)
        (linear2): Linear(in_features=256, out_features=64, bias=True)
        (norm1): BatchNorm1d(64, eps=1e-05, momentum=0.1, affine=True, track_running_stats=True)
        (norm2): BatchNorm1d(64, eps=1e-05, momentum=0.1, affine=True, track_running_stats=True)
        (dropout1): Dropout(p=0.1, inplace=False)
        (dropout2): Dropout(p=0.1, inplace=False)
      )
    )
  )
  (dropout1): Dropout(p=0.1, inplace=False)
  (output_layer): Linear(in_features=1536, out_features=1, bias=True)
)
Total number of parameters: 153409
Trainable parameters: 153409
Evaluating on validation set ...
Validation runtime: 0.0 hours, 0.0 minutes, 0.1730644702911377 seconds

Avg val. time: 0.0 hours, 0.0 minutes, 0.1730644702911377 seconds
Avg batch val. time: 0.01730644702911377 seconds
Avg sample val. time: 0.00027041323482990265 seconds
Epoch 0 Validation Summary: epoch: 0.000000 | loss: 420.092209 | 
Starting training...
Epoch 1 Training Summary: epoch: 1.000000 | loss: 307.125271 | 
Epoch runtime: 0.0 hours, 0.0 minutes, 1.5853354930877686 seconds

Avg epoch train. time: 0.0 hours, 0.0 minutes, 1.5853354930877686 seconds
Avg batch train. time: 0.052844516436258954 seconds
Avg sample train. time: 0.0008261258431932093 seconds
Evaluating on validation set ...
Validation runtime: 0.0 hours, 0.0 minutes, 0.16499948501586914 seconds

Avg val. time: 0.0 hours, 0.0 minutes, 0.16903197765350342 seconds
Avg batch val. time: 0.01690319776535034 seconds
Avg sample val. time: 0.00026411246508359907 seconds
Epoch 1 Validation Summary: epoch: 1.000000 | loss: 28.239683 | 
Epoch 2 Training Summary: epoch: 2.000000 | loss: 16.441694 | 
Epoch runtime: 0.0 hours, 0.0 minutes, 1.5845787525177002 seconds

Avg epoch train. time: 0.0 hours, 0.0 minutes, 1.5849571228027344 seconds
Avg batch train. time: 0.05283190409342448 seconds
Avg sample train. time: 0.000825928672643426 seconds
Evaluating on validation set ...
Validation runtime: 0.0 hours, 0.0 minutes, 0.2069871425628662 seconds

Avg val. time: 0.0 hours, 0.0 minutes, 0.18168369928995767 seconds
Avg batch val. time: 0.018168369928995766 seconds
Avg sample val. time: 0.00028388078014055884 seconds
Epoch 2 Validation Summary: epoch: 2.000000 | loss: 8.318783 | 
Epoch 3 Training Summary: epoch: 3.000000 | loss: 1.756048 | 
Epoch runtime: 0.0 hours, 0.0 minutes, 1.7768123149871826 seconds

Avg epoch train. time: 0.0 hours, 0.0 minutes, 1.6489088535308838 seconds
Avg batch train. time: 0.05496362845102946 seconds
Avg sample train. time: 0.0008592542227883709 seconds
Epoch 4 Training Summary: epoch: 4.000000 | loss: 1.043202 | 
Epoch runtime: 0.0 hours, 0.0 minutes, 1.736330270767212 seconds

Avg epoch train. time: 0.0 hours, 0.0 minutes, 1.6707642078399658 seconds
Avg batch train. time: 0.05569214026133219 seconds
Avg sample train. time: 0.0008706431515580854 seconds
Evaluating on validation set ...
Validation runtime: 0.0 hours, 0.0 minutes, 0.2109997272491455 seconds

Avg val. time: 0.0 hours, 0.0 minutes, 0.18901270627975464 seconds
Avg batch val. time: 0.018901270627975465 seconds
Avg sample val. time: 0.00029533235356211663 seconds
Epoch 4 Validation Summary: epoch: 4.000000 | loss: 0.646635 | 
Epoch 5 Training Summary: epoch: 5.000000 | loss: 0.939040 | 
Epoch runtime: 0.0 hours, 0.0 minutes, 1.7866339683532715 seconds

Avg epoch train. time: 0.0 hours, 0.0 minutes, 1.6939381599426269 seconds
Avg batch train. time: 0.0564646053314209 seconds
Avg sample train. time: 0.0008827192078908946 seconds
Epoch 6 Training Summary: epoch: 6.000000 | loss: 0.724745 | 
Epoch runtime: 0.0 hours, 0.0 minutes, 1.825685739517212 seconds

Avg epoch train. time: 0.0 hours, 0.0 minutes, 1.7158960898717244 seconds
Avg batch train. time: 0.05719653632905748 seconds
Avg sample train. time: 0.0008941615893026182 seconds
Evaluating on validation set ...
Validation runtime: 0.0 hours, 0.0 minutes, 0.2130270004272461 seconds

Avg val. time: 0.0 hours, 0.0 minutes, 0.19381556510925294 seconds
Avg batch val. time: 0.019381556510925293 seconds
Avg sample val. time: 0.0003028368204832077 seconds
Epoch 6 Validation Summary: epoch: 6.000000 | loss: 0.898137 | 
Epoch 7 Training Summary: epoch: 7.000000 | loss: 1.480739 | 
Epoch runtime: 0.0 hours, 0.0 minutes, 1.7444369792938232 seconds

Avg epoch train. time: 0.0 hours, 0.0 minutes, 1.719973359789167 seconds
Avg batch train. time: 0.05733244532630557 seconds
Avg sample train. time: 0.0008962862739912283 seconds
Epoch 8 Training Summary: epoch: 8.000000 | loss: 1.072383 | 
Epoch runtime: 0.0 hours, 0.0 minutes, 1.6717445850372314 seconds

Avg epoch train. time: 0.0 hours, 0.0 minutes, 1.7139447629451752 seconds
Avg batch train. time: 0.057131492098172504 seconds
Avg sample train. time: 0.0008931447435878974 seconds
Evaluating on validation set ...
Validation runtime: 0.0 hours, 0.0 minutes, 0.21000361442565918 seconds

Avg val. time: 0.0 hours, 0.0 minutes, 0.19651357332865396 seconds
Avg batch val. time: 0.019651357332865396 seconds
Avg sample val. time: 0.0003070524583260218 seconds
Epoch 8 Validation Summary: epoch: 8.000000 | loss: 3.587242 | 
Epoch 9 Training Summary: epoch: 9.000000 | loss: 0.949867 | 
Epoch runtime: 0.0 hours, 0.0 minutes, 1.7285866737365723 seconds

Avg epoch train. time: 0.0 hours, 0.0 minutes, 1.715571641921997 seconds
Avg batch train. time: 0.0571857213973999 seconds
Avg sample train. time: 0.000893992517937466 seconds
Epoch 10 Training Summary: epoch: 10.000000 | loss: 1.075471 | 
Epoch runtime: 0.0 hours, 0.0 minutes, 1.660752296447754 seconds

Avg epoch train. time: 0.0 hours, 0.0 minutes, 1.7100897073745727 seconds
Avg batch train. time: 0.05700299024581909 seconds
Avg sample train. time: 0.000891135855849178 seconds
Evaluating on validation set ...
Validation runtime: 0.0 hours, 0.0 minutes, 0.1950068473815918 seconds

Avg val. time: 0.0 hours, 0.0 minutes, 0.19629832676478795 seconds
Avg batch val. time: 0.019629832676478796 seconds
Avg sample val. time: 0.0003067161355699812 seconds
Epoch 10 Validation Summary: epoch: 10.000000 | loss: 2.933910 | 
Epoch 11 Training Summary: epoch: 11.000000 | loss: 1.628867 | 
Epoch runtime: 0.0 hours, 0.0 minutes, 1.6702470779418945 seconds

Avg epoch train. time: 0.0 hours, 0.0 minutes, 1.7064676501534202 seconds
Avg batch train. time: 0.056882255005114006 seconds
Avg sample train. time: 0.0008892483846552476 seconds
Epoch 12 Training Summary: epoch: 12.000000 | loss: 1.354965 | 
Epoch runtime: 0.0 hours, 0.0 minutes, 1.653834581375122 seconds

Avg epoch train. time: 0.0 hours, 0.0 minutes, 1.702081561088562 seconds
Avg batch train. time: 0.0567360520362854 seconds
Avg sample train. time: 0.0008869627728444826 seconds
Evaluating on validation set ...
Validation runtime: 0.0 hours, 0.0 minutes, 0.19869470596313477 seconds

Avg val. time: 0.0 hours, 0.0 minutes, 0.1965978741645813 seconds
Avg batch val. time: 0.01965978741645813 seconds
Avg sample val. time: 0.0003071841783821583 seconds
Epoch 12 Validation Summary: epoch: 12.000000 | loss: 0.429975 | 
Epoch 13 Training Summary: epoch: 13.000000 | loss: 1.362424 | 
Epoch runtime: 0.0 hours, 0.0 minutes, 1.7029318809509277 seconds

Avg epoch train. time: 0.0 hours, 0.0 minutes, 1.702146970308744 seconds
Avg batch train. time: 0.0567382323436248 seconds
Avg sample train. time: 0.0008869968578992934 seconds
Epoch 14 Training Summary: epoch: 14.000000 | loss: 1.129952 | 
Epoch runtime: 0.0 hours, 0.0 minutes, 1.6684236526489258 seconds

Avg epoch train. time: 0.0 hours, 0.0 minutes, 1.6997381619044714 seconds
Avg batch train. time: 0.05665793873014904 seconds
Avg sample train. time: 0.0008857416164171295 seconds
Evaluating on validation set ...
Validation runtime: 0.0 hours, 0.0 minutes, 0.208420991897583 seconds

Avg val. time: 0.0 hours, 0.0 minutes, 0.1979115539126926 seconds
Avg batch val. time: 0.01979115539126926 seconds
Avg sample val. time: 0.0003092368029885822 seconds
Epoch 14 Validation Summary: epoch: 14.000000 | loss: 5.571644 | 
Epoch 15 Training Summary: epoch: 15.000000 | loss: 1.209300 | 
Epoch runtime: 0.0 hours, 0.0 minutes, 1.7050578594207764 seconds

Avg epoch train. time: 0.0 hours, 0.0 minutes, 1.7000928084055582 seconds
Avg batch train. time: 0.05666976028018527 seconds
Avg sample train. time: 0.0008859264243905984 seconds
Epoch 16 Training Summary: epoch: 16.000000 | loss: 0.961542 | 
Epoch runtime: 0.0 hours, 0.0 minutes, 1.6996054649353027 seconds

Avg epoch train. time: 0.0 hours, 0.0 minutes, 1.7000623494386673 seconds
Avg batch train. time: 0.05666874498128891 seconds
Avg sample train. time: 0.0008859105520785134 seconds
Evaluating on validation set ...
Validation runtime: 0.0 hours, 0.0 minutes, 0.1970682144165039 seconds

Avg val. time: 0.0 hours, 0.0 minutes, 0.19782721996307373 seconds
Avg batch val. time: 0.019782721996307373 seconds
Avg sample val. time: 0.0003091050311923027 seconds
Epoch 16 Validation Summary: epoch: 16.000000 | loss: 1.760309 | 
Epoch 17 Training Summary: epoch: 17.000000 | loss: 0.993631 | 
Epoch runtime: 0.0 hours, 0.0 minutes, 1.7383761405944824 seconds

Avg epoch train. time: 0.0 hours, 0.0 minutes, 1.7023161018595976 seconds
Avg batch train. time: 0.056743870061986584 seconds
Avg sample train. time: 0.000887084993152474 seconds
Epoch 18 Training Summary: epoch: 18.000000 | loss: 0.977313 | 
Epoch runtime: 0.0 hours, 0.0 minutes, 1.720376968383789 seconds

Avg epoch train. time: 0.0 hours, 0.0 minutes, 1.7033194833331637 seconds
Avg batch train. time: 0.05677731611110546 seconds
Avg sample train. time: 0.0008876078599964376 seconds
Evaluating on validation set ...
Validation runtime: 0.0 hours, 0.0 minutes, 0.2239987850189209 seconds

Avg val. time: 0.0 hours, 0.0 minutes, 0.20020645314996893 seconds
Avg batch val. time: 0.020020645314996893 seconds
Avg sample val. time: 0.00031282258304682646 seconds
Epoch 18 Validation Summary: epoch: 18.000000 | loss: 8.847095 | 
Epoch 19 Training Summary: epoch: 19.000000 | loss: 1.467366 | 
Epoch runtime: 0.0 hours, 0.0 minutes, 1.77252197265625 seconds

Avg epoch train. time: 0.0 hours, 0.0 minutes, 1.7069617196133262 seconds
Avg batch train. time: 0.05689872398711087 seconds
Avg sample train. time: 0.0008895058465937083 seconds
Epoch 20 Training Summary: epoch: 20.000000 | loss: 2.177175 | 
Epoch runtime: 0.0 hours, 0.0 minutes, 1.8337280750274658 seconds

Avg epoch train. time: 0.0 hours, 0.0 minutes, 1.7133000373840332 seconds
Avg batch train. time: 0.05711000124613444 seconds
Avg sample train. time: 0.0008928087740406635 seconds
Evaluating on validation set ...
Validation runtime: 0.0 hours, 0.0 minutes, 0.23302316665649414 seconds

Avg val. time: 0.0 hours, 0.0 minutes, 0.2029411792755127 seconds
Avg batch val. time: 0.02029411792755127 seconds
Avg sample val. time: 0.0003170955926179886 seconds
Epoch 20 Validation Summary: epoch: 20.000000 | loss: 4.792534 | 
Epoch 21 Training Summary: epoch: 21.000000 | loss: 1.863918 | 
Epoch runtime: 0.0 hours, 0.0 minutes, 1.8241603374481201 seconds

Avg epoch train. time: 0.0 hours, 0.0 minutes, 1.7185790992918468 seconds
Avg batch train. time: 0.057285969976394895 seconds
Avg sample train. time: 0.0008955597182344173 seconds
Epoch 22 Training Summary: epoch: 22.000000 | loss: 1.738357 | 
Epoch runtime: 0.0 hours, 0.0 minutes, 1.8557336330413818 seconds

Avg epoch train. time: 0.0 hours, 0.0 minutes, 1.7248133962804622 seconds
Avg batch train. time: 0.05749377987601541 seconds
Avg sample train. time: 0.0008988084399585524 seconds
Evaluating on validation set ...
Validation runtime: 0.0 hours, 0.0 minutes, 0.2180016040802002 seconds

Avg val. time: 0.0 hours, 0.0 minutes, 0.20409967349125788 seconds
Avg batch val. time: 0.02040996734912579 seconds
Avg sample val. time: 0.00031890573983009044 seconds
Epoch 22 Validation Summary: epoch: 22.000000 | loss: 15.059567 | 
Epoch 23 Training Summary: epoch: 23.000000 | loss: 2.642807 | 
Epoch runtime: 0.0 hours, 0.0 minutes, 1.7948706150054932 seconds

Avg epoch train. time: 0.0 hours, 0.0 minutes, 1.7278593623119851 seconds
Avg batch train. time: 0.05759531207706617 seconds
Avg sample train. time: 0.0009003957073017119 seconds
Epoch 24 Training Summary: epoch: 24.000000 | loss: 1.591799 | 
Epoch runtime: 0.0 hours, 0.0 minutes, 1.8122951984405518 seconds

Avg epoch train. time: 0.0 hours, 0.0 minutes, 1.7313775221506755 seconds
Avg batch train. time: 0.05771258407168919 seconds
Avg sample train. time: 0.0009022290370769544 seconds
Evaluating on validation set ...
Validation runtime: 0.0 hours, 0.0 minutes, 0.22301578521728516 seconds

Avg val. time: 0.0 hours, 0.0 minutes, 0.20545082432883127 seconds
Avg batch val. time: 0.020545082432883128 seconds
Avg sample val. time: 0.0003210169130137989 seconds
Epoch 24 Validation Summary: epoch: 24.000000 | loss: 4.659948 | 
Epoch 25 Training Summary: epoch: 25.000000 | loss: 1.904423 | 
Epoch runtime: 0.0 hours, 0.0 minutes, 1.8674836158752441 seconds

Avg epoch train. time: 0.0 hours, 0.0 minutes, 1.7368217658996583 seconds
Avg batch train. time: 0.05789405886332195 seconds
Avg sample train. time: 0.0009050660583114425 seconds
Epoch 26 Training Summary: epoch: 26.000000 | loss: 2.101441 | 
Epoch runtime: 0.0 hours, 0.0 minutes, 1.836533784866333 seconds

Avg epoch train. time: 0.0 hours, 0.0 minutes, 1.7406568435522227 seconds
Avg batch train. time: 0.058021894785074093 seconds
Avg sample train. time: 0.000907064535462336 seconds
Evaluating on validation set ...
Validation runtime: 0.0 hours, 0.0 minutes, 0.22100210189819336 seconds

Avg val. time: 0.0 hours, 0.0 minutes, 0.20648757616678873 seconds
Avg batch val. time: 0.02064875761667887 seconds
Avg sample val. time: 0.00032263683776060737 seconds
Epoch 26 Validation Summary: epoch: 26.000000 | loss: 4.589473 | 
Epoch 27 Training Summary: epoch: 27.000000 | loss: 2.854247 | 
Epoch runtime: 0.0 hours, 0.0 minutes, 1.865044116973877 seconds

Avg epoch train. time: 0.0 hours, 0.0 minutes, 1.7452637796048764 seconds
Avg batch train. time: 0.05817545932016255 seconds
Avg sample train. time: 0.0009094652316857095 seconds
Epoch 28 Training Summary: epoch: 28.000000 | loss: 3.551403 | 
Epoch runtime: 0.0 hours, 0.0 minutes, 2.026801347732544 seconds

Avg epoch train. time: 0.0 hours, 0.0 minutes, 1.7553186927522932 seconds
Avg batch train. time: 0.05851062309174311 seconds
Avg sample train. time: 0.0009147048946077609 seconds
Evaluating on validation set ...
Validation runtime: 0.0 hours, 0.0 minutes, 0.22043609619140625 seconds

Avg val. time: 0.0 hours, 0.0 minutes, 0.20735935866832733 seconds
Avg batch val. time: 0.020735935866832735 seconds
Avg sample val. time: 0.0003239989979192615 seconds
Epoch 28 Validation Summary: epoch: 28.000000 | loss: 3.359124 | 
Epoch 29 Training Summary: epoch: 29.000000 | loss: 3.211843 | 
Epoch runtime: 0.0 hours, 0.0 minutes, 2.003065824508667 seconds

Avg epoch train. time: 0.0 hours, 0.0 minutes, 1.7638616972956165 seconds
Avg batch train. time: 0.05879538990985388 seconds
Avg sample train. time: 0.0009191566947866683 seconds
Epoch 30 Training Summary: epoch: 30.000000 | loss: 4.062772 | 
Epoch runtime: 0.0 hours, 0.0 minutes, 2.029822826385498 seconds

Avg epoch train. time: 0.0 hours, 0.0 minutes, 1.7727270682652791 seconds
Avg batch train. time: 0.059090902275509304 seconds
Avg sample train. time: 0.0009237764816390199 seconds
Evaluating on validation set ...
Validation runtime: 0.0 hours, 0.0 minutes, 0.2279982566833496 seconds

Avg val. time: 0.0 hours, 0.0 minutes, 0.20857341149274042 seconds
Avg batch val. time: 0.020857341149274043 seconds
Avg sample val. time: 0.0003258959554574069 seconds
Epoch 30 Validation Summary: epoch: 30.000000 | loss: 4.081333 | 
Epoch 31 Training Summary: epoch: 31.000000 | loss: 3.509425 | 
Epoch runtime: 0.0 hours, 0.0 minutes, 2.2054145336151123 seconds

Avg epoch train. time: 0.0 hours, 0.0 minutes, 1.7866847284378544 seconds
Avg batch train. time: 0.059556157614595144 seconds
Avg sample train. time: 0.0009310498845429152 seconds
Epoch 32 Training Summary: epoch: 32.000000 | loss: 3.832958 | 
Epoch runtime: 0.0 hours, 0.0 minutes, 2.33673095703125 seconds

Avg epoch train. time: 0.0 hours, 0.0 minutes, 1.803873673081398 seconds
Avg batch train. time: 0.0601291224360466 seconds
Avg sample train. time: 0.0009400071251075549 seconds
Evaluating on validation set ...
Validation runtime: 0.0 hours, 0.0 minutes, 0.2992727756500244 seconds

Avg val. time: 0.0 hours, 0.0 minutes, 0.21361226505703396 seconds
Avg batch val. time: 0.021361226505703396 seconds
Avg sample val. time: 0.00033376916415161557 seconds
Epoch 32 Validation Summary: epoch: 32.000000 | loss: 3.236708 | 
Epoch 33 Training Summary: epoch: 33.000000 | loss: 5.030109 | 
Epoch runtime: 0.0 hours, 0.0 minutes, 2.339879035949707 seconds

Avg epoch train. time: 0.0 hours, 0.0 minutes, 1.8201162598349832 seconds
Avg batch train. time: 0.060670541994499436 seconds
Avg sample train. time: 0.0009484712140880579 seconds
Epoch 34 Training Summary: epoch: 34.000000 | loss: 4.996497 | 
Epoch runtime: 0.0 hours, 0.0 minutes, 2.2674152851104736 seconds

Avg epoch train. time: 0.0 hours, 0.0 minutes, 1.8332721135195564 seconds
Avg batch train. time: 0.06110907045065188 seconds
Avg sample train. time: 0.0009553267918288465 seconds
Evaluating on validation set ...
Validation runtime: 0.0 hours, 0.0 minutes, 0.32071352005004883 seconds

Avg val. time: 0.0 hours, 0.0 minutes, 0.21924917321456106 seconds
Avg batch val. time: 0.021924917321456107 seconds
Avg sample val. time: 0.00034257683314775167 seconds
Epoch 34 Validation Summary: epoch: 34.000000 | loss: 2.779050 | 
Epoch 35 Training Summary: epoch: 35.000000 | loss: 4.149811 | 
Epoch runtime: 0.0 hours, 0.0 minutes, 2.2959983348846436 seconds

Avg epoch train. time: 0.0 hours, 0.0 minutes, 1.846492862701416 seconds
Avg batch train. time: 0.06154976209004721 seconds
Avg sample train. time: 0.000962216186921009 seconds
Epoch 36 Training Summary: epoch: 36.000000 | loss: 4.028331 | 
Epoch runtime: 0.0 hours, 0.0 minutes, 2.4056262969970703 seconds

Avg epoch train. time: 0.0 hours, 0.0 minutes, 1.8620243469874065 seconds
Avg batch train. time: 0.06206747823291355 seconds
Avg sample train. time: 0.0009703097170335626 seconds
Evaluating on validation set ...
Validation runtime: 0.0 hours, 0.0 minutes, 0.31258392333984375 seconds

Avg val. time: 0.0 hours, 0.0 minutes, 0.2239159107208252 seconds
Avg batch val. time: 0.02239159107208252 seconds
Avg sample val. time: 0.00034986861050128937 seconds
Epoch 36 Validation Summary: epoch: 36.000000 | loss: 2.877222 | 
Epoch 37 Training Summary: epoch: 37.000000 | loss: 3.551704 | 
Epoch runtime: 0.0 hours, 0.0 minutes, 2.6305880546569824 seconds

Avg epoch train. time: 0.0 hours, 0.0 minutes, 1.882796339086584 seconds
Avg batch train. time: 0.0627598779695528 seconds
Avg sample train. time: 0.0009811341006183347 seconds
Epoch 38 Training Summary: epoch: 38.000000 | loss: 5.505975 | 
Epoch runtime: 0.0 hours, 0.0 minutes, 2.6268980503082275 seconds

Avg epoch train. time: 0.0 hours, 0.0 minutes, 1.902377963066101 seconds
Avg batch train. time: 0.06341259876887004 seconds
Avg sample train. time: 0.0009913381777311627 seconds
Evaluating on validation set ...
Validation runtime: 0.0 hours, 0.0 minutes, 0.3260023593902588 seconds

Avg val. time: 0.0 hours, 0.0 minutes, 0.22877717018127441 seconds
Avg batch val. time: 0.022877717018127443 seconds
Avg sample val. time: 0.0003574643284082413 seconds
Epoch 38 Validation Summary: epoch: 38.000000 | loss: 14.529354 | 
Epoch 39 Training Summary: epoch: 39.000000 | loss: 3.970574 | 
Epoch runtime: 0.0 hours, 0.0 minutes, 2.4730141162872314 seconds

Avg epoch train. time: 0.0 hours, 0.0 minutes, 1.9170096593025403 seconds
Avg batch train. time: 0.06390032197675134 seconds
Avg sample train. time: 0.0009989628240242524 seconds
Epoch 40 Training Summary: epoch: 40.000000 | loss: 3.187081 | 
Epoch runtime: 0.0 hours, 0.0 minutes, 2.5399563312530518 seconds

Avg epoch train. time: 0.0 hours, 0.0 minutes, 1.932583326101303 seconds
Avg batch train. time: 0.06441944420337677 seconds
Avg sample train. time: 0.0010070783356442433 seconds
Evaluating on validation set ...
Validation runtime: 0.0 hours, 0.0 minutes, 0.3079957962036133 seconds

Avg val. time: 0.0 hours, 0.0 minutes, 0.23237801681865344 seconds
Avg batch val. time: 0.023237801681865344 seconds
Avg sample val. time: 0.000363090651279146 seconds
Epoch 40 Validation Summary: epoch: 40.000000 | loss: 3.594486 | 
Epoch 41 Training Summary: epoch: 41.000000 | loss: 3.029892 | 
Epoch runtime: 0.0 hours, 0.0 minutes, 2.15710711479187 seconds

Avg epoch train. time: 0.0 hours, 0.0 minutes, 1.9380595160693657 seconds
Avg batch train. time: 0.06460198386897885 seconds
Avg sample train. time: 0.0010099320042049847 seconds
Epoch 42 Training Summary: epoch: 42.000000 | loss: 3.611014 | 
Epoch runtime: 0.0 hours, 0.0 minutes, 2.1341826915740967 seconds

Avg epoch train. time: 0.0 hours, 0.0 minutes, 1.942729115486145 seconds
Avg batch train. time: 0.0647576371828715 seconds
Avg sample train. time: 0.001012365354604557 seconds
Evaluating on validation set ...
Validation runtime: 0.0 hours, 0.0 minutes, 0.28205370903015137 seconds

Avg val. time: 0.0 hours, 0.0 minutes, 0.2345378295235012 seconds
Avg batch val. time: 0.02345378295235012 seconds
Avg sample val. time: 0.0003664653586304706 seconds
Epoch 42 Validation Summary: epoch: 42.000000 | loss: 5.167136 | 
Epoch 43 Training Summary: epoch: 43.000000 | loss: 3.311605 | 
Epoch runtime: 0.0 hours, 0.0 minutes, 2.209552049636841 seconds

Avg epoch train. time: 0.0 hours, 0.0 minutes, 1.9489343000012775 seconds
Avg batch train. time: 0.06496447666670925 seconds
Avg sample train. time: 0.0010155989056807074 seconds
Epoch 44 Training Summary: epoch: 44.000000 | loss: 5.249346 | 
Epoch runtime: 0.0 hours, 0.0 minutes, 2.1633195877075195 seconds

Avg epoch train. time: 0.0 hours, 0.0 minutes, 1.9538066929036921 seconds
Avg batch train. time: 0.0651268897634564 seconds
Avg sample train. time: 0.0010181379327273018 seconds
Evaluating on validation set ...
Validation runtime: 0.0 hours, 0.0 minutes, 0.2572493553161621 seconds

Avg val. time: 0.0 hours, 0.0 minutes, 0.2354841430981954 seconds
Avg batch val. time: 0.02354841430981954 seconds
Avg sample val. time: 0.00036794397359093034 seconds
Epoch 44 Validation Summary: epoch: 44.000000 | loss: 7.274507 | 
Epoch 45 Training Summary: epoch: 45.000000 | loss: 6.307681 | 
Epoch runtime: 0.0 hours, 0.0 minutes, 2.1972761154174805 seconds

Avg epoch train. time: 0.0 hours, 0.0 minutes, 1.9592171245151095 seconds
Avg batch train. time: 0.06530723748383699 seconds
Avg sample train. time: 0.0010209573342965658 seconds
Epoch 46 Training Summary: epoch: 46.000000 | loss: 3.848143 | 
Epoch runtime: 0.0 hours, 0.0 minutes, 2.1432249546051025 seconds

Avg epoch train. time: 0.0 hours, 0.0 minutes, 1.9632172947344573 seconds
Avg batch train. time: 0.06544057649114858 seconds
Avg sample train. time: 0.0010230418419668876 seconds
Evaluating on validation set ...
Validation runtime: 0.0 hours, 0.0 minutes, 0.24698829650878906 seconds

Avg val. time: 0.0 hours, 0.0 minutes, 0.23594430923461915 seconds
Avg batch val. time: 0.023594430923461914 seconds
Avg sample val. time: 0.0003686629831790924 seconds
Epoch 46 Validation Summary: epoch: 46.000000 | loss: 10.981964 | 
Epoch 47 Training Summary: epoch: 47.000000 | loss: 4.003447 | 
Epoch runtime: 0.0 hours, 0.0 minutes, 2.0503952503204346 seconds

Avg epoch train. time: 0.0 hours, 0.0 minutes, 1.965072144853308 seconds
Avg batch train. time: 0.06550240482844359 seconds
Avg sample train. time: 0.0010240084131596186 seconds
Epoch 48 Training Summary: epoch: 48.000000 | loss: 3.637933 | 
Epoch runtime: 0.0 hours, 0.0 minutes, 2.148538589477539 seconds

Avg epoch train. time: 0.0 hours, 0.0 minutes, 1.968894362449646 seconds
Avg batch train. time: 0.06562981208165487 seconds
Avg sample train. time: 0.0010260001888742292 seconds
Evaluating on validation set ...
Validation runtime: 0.0 hours, 0.0 minutes, 0.2350757122039795 seconds

Avg val. time: 0.0 hours, 0.0 minutes, 0.23591090165651762 seconds
Avg batch val. time: 0.02359109016565176 seconds
Avg sample val. time: 0.0003686107838383088 seconds
Epoch 48 Validation Summary: epoch: 48.000000 | loss: 7.276903 | 
Epoch 49 Training Summary: epoch: 49.000000 | loss: 4.126219 | 
Epoch runtime: 0.0 hours, 0.0 minutes, 2.0331978797912598 seconds

Avg epoch train. time: 0.0 hours, 0.0 minutes, 1.9702066791300872 seconds
Avg batch train. time: 0.06567355597100291 seconds
Avg sample train. time: 0.0010266840433194827 seconds
Epoch 50 Training Summary: epoch: 50.000000 | loss: 4.121660 | 
Epoch runtime: 0.0 hours, 0.0 minutes, 2.0234410762786865 seconds

Avg epoch train. time: 0.0 hours, 0.0 minutes, 1.971271367073059 seconds
Avg batch train. time: 0.06570904556910197 seconds
Avg sample train. time: 0.0010272388572553721 seconds
Evaluating on validation set ...
Validation runtime: 0.0 hours, 0.0 minutes, 0.24753236770629883 seconds

Avg val. time: 0.0 hours, 0.0 minutes, 0.23634132632502802 seconds
Avg batch val. time: 0.023634132632502802 seconds
Avg sample val. time: 0.0003692833223828563 seconds
Epoch 50 Validation Summary: epoch: 50.000000 | loss: 10.285020 | 
Best loss was 0.42997505217790605. Other metrics: OrderedDict([('epoch', 12), ('loss', 0.42997505217790605)])
All Done!
Total runtime: 0.0 hours, 1.0 minutes, 49.184908866882324 seconds

