Running:
main.py --output_dir experiments/manaus_82332/ --comment regression for manaus_82332 --name manaus_82332_Regression --records_file experiments/manaus_82332/manaus_82332_Regression.xls --data_dir datasets/files/manaus_82332/ --data_class wf --pattern TRAIN --val_pattern TEST --epochs 10 --lr 0.01 --optimizer RAdam --pos_encoding learnable --task regression

Using device: cpu
Loading and preprocessing data ...
1917 samples may be used for training
638 samples will be used for validation
0 samples will be used for testing
Creating model ...
Model:
TSTransformerEncoderClassiregressor(
  (project_inp): Linear(in_features=5, out_features=64, bias=True)
  (pos_enc): LearnablePositionalEncoding(
    (dropout): Dropout(p=0.1, inplace=False)
  )
  (transformer_encoder): TransformerEncoder(
    (layers): ModuleList(
      (0): TransformerBatchNormEncoderLayer(
        (self_attn): MultiheadAttention(
          (out_proj): NonDynamicallyQuantizableLinear(in_features=64, out_features=64, bias=True)
        )
        (linear1): Linear(in_features=64, out_features=256, bias=True)
        (dropout): Dropout(p=0.1, inplace=False)
        (linear2): Linear(in_features=256, out_features=64, bias=True)
        (norm1): BatchNorm1d(64, eps=1e-05, momentum=0.1, affine=True, track_running_stats=True)
        (norm2): BatchNorm1d(64, eps=1e-05, momentum=0.1, affine=True, track_running_stats=True)
        (dropout1): Dropout(p=0.1, inplace=False)
        (dropout2): Dropout(p=0.1, inplace=False)
      )
      (1): TransformerBatchNormEncoderLayer(
        (self_attn): MultiheadAttention(
          (out_proj): NonDynamicallyQuantizableLinear(in_features=64, out_features=64, bias=True)
        )
        (linear1): Linear(in_features=64, out_features=256, bias=True)
        (dropout): Dropout(p=0.1, inplace=False)
        (linear2): Linear(in_features=256, out_features=64, bias=True)
        (norm1): BatchNorm1d(64, eps=1e-05, momentum=0.1, affine=True, track_running_stats=True)
        (norm2): BatchNorm1d(64, eps=1e-05, momentum=0.1, affine=True, track_running_stats=True)
        (dropout1): Dropout(p=0.1, inplace=False)
        (dropout2): Dropout(p=0.1, inplace=False)
      )
      (2): TransformerBatchNormEncoderLayer(
        (self_attn): MultiheadAttention(
          (out_proj): NonDynamicallyQuantizableLinear(in_features=64, out_features=64, bias=True)
        )
        (linear1): Linear(in_features=64, out_features=256, bias=True)
        (dropout): Dropout(p=0.1, inplace=False)
        (linear2): Linear(in_features=256, out_features=64, bias=True)
        (norm1): BatchNorm1d(64, eps=1e-05, momentum=0.1, affine=True, track_running_stats=True)
        (norm2): BatchNorm1d(64, eps=1e-05, momentum=0.1, affine=True, track_running_stats=True)
        (dropout1): Dropout(p=0.1, inplace=False)
        (dropout2): Dropout(p=0.1, inplace=False)
      )
    )
  )
  (dropout1): Dropout(p=0.1, inplace=False)
  (output_layer): Linear(in_features=1536, out_features=1, bias=True)
)
Total number of parameters: 153409
Trainable parameters: 153409
Evaluating on validation set ...
Validation runtime: 0.0 hours, 0.0 minutes, 0.17406558990478516 seconds

Avg val. time: 0.0 hours, 0.0 minutes, 0.17406558990478516 seconds
Avg batch val. time: 0.017406558990478514 seconds
Avg sample val. time: 0.0002728300782206664 seconds
Epoch 0 Validation Summary: epoch: 0.000000 | loss: 829.537030 | 
Starting training...
Epoch 1 Training Summary: epoch: 1.000000 | loss: 551.845296 | 
Epoch runtime: 0.0 hours, 0.0 minutes, 1.5760149955749512 seconds

Avg epoch train. time: 0.0 hours, 0.0 minutes, 1.5760149955749512 seconds
Avg batch train. time: 0.052533833185831706 seconds
Avg sample train. time: 0.0008221257149582426 seconds
Evaluating on validation set ...
Validation runtime: 0.0 hours, 0.0 minutes, 0.19551491737365723 seconds

Avg val. time: 0.0 hours, 0.0 minutes, 0.1847902536392212 seconds
Avg batch val. time: 0.018479025363922118 seconds
Avg sample val. time: 0.0002896398959862401 seconds
Epoch 1 Validation Summary: epoch: 1.000000 | loss: 137.666901 | 
Epoch 2 Training Summary: epoch: 2.000000 | loss: 72.213584 | 
Epoch runtime: 0.0 hours, 0.0 minutes, 1.6469995975494385 seconds

Avg epoch train. time: 0.0 hours, 0.0 minutes, 1.6115072965621948 seconds
Avg batch train. time: 0.05371690988540649 seconds
Avg sample train. time: 0.0008406402172990062 seconds
Evaluating on validation set ...
Validation runtime: 0.0 hours, 0.0 minutes, 0.18093490600585938 seconds

Avg val. time: 0.0 hours, 0.0 minutes, 0.18350513776143393 seconds
Avg batch val. time: 0.01835051377614339 seconds
Avg sample val. time: 0.0002876256077765422 seconds
Epoch 2 Validation Summary: epoch: 2.000000 | loss: 11.841292 | 
Epoch 3 Training Summary: epoch: 3.000000 | loss: 2.693183 | 
Epoch runtime: 0.0 hours, 0.0 minutes, 1.6615288257598877 seconds

Avg epoch train. time: 0.0 hours, 0.0 minutes, 1.6281811396280925 seconds
Avg batch train. time: 0.05427270465426975 seconds
Avg sample train. time: 0.0008493381010057864 seconds
Epoch 4 Training Summary: epoch: 4.000000 | loss: 1.159355 | 
Epoch runtime: 0.0 hours, 0.0 minutes, 1.6220195293426514 seconds

Avg epoch train. time: 0.0 hours, 0.0 minutes, 1.6266407370567322 seconds
Avg batch train. time: 0.054221357901891074 seconds
Avg sample train. time: 0.0008485345524552593 seconds
Evaluating on validation set ...
Validation runtime: 0.0 hours, 0.0 minutes, 0.18200159072875977 seconds

Avg val. time: 0.0 hours, 0.0 minutes, 0.18312925100326538 seconds
Avg batch val. time: 0.01831292510032654 seconds
Avg sample val. time: 0.00028703644357878585 seconds
Epoch 4 Validation Summary: epoch: 4.000000 | loss: 9.024472 | 
Epoch 5 Training Summary: epoch: 5.000000 | loss: 0.874456 | 
Epoch runtime: 0.0 hours, 0.0 minutes, 1.6558985710144043 seconds

Avg epoch train. time: 0.0 hours, 0.0 minutes, 1.6324923038482666 seconds
Avg batch train. time: 0.054416410128275555 seconds
Avg sample train. time: 0.0008515870129620587 seconds
Epoch 6 Training Summary: epoch: 6.000000 | loss: 0.682857 | 
Epoch runtime: 0.0 hours, 0.0 minutes, 1.649141550064087 seconds

Avg epoch train. time: 0.0 hours, 0.0 minutes, 1.63526717821757 seconds
Avg batch train. time: 0.05450890594058567 seconds
Avg sample train. time: 0.0008530345217619041 seconds
Evaluating on validation set ...
Validation runtime: 0.0 hours, 0.0 minutes, 0.19266414642333984 seconds

Avg val. time: 0.0 hours, 0.0 minutes, 0.18503623008728026 seconds
Avg batch val. time: 0.018503623008728026 seconds
Avg sample val. time: 0.00029002543900827625 seconds
Epoch 6 Validation Summary: epoch: 6.000000 | loss: 0.716618 | 
Epoch 7 Training Summary: epoch: 7.000000 | loss: 0.747046 | 
Epoch runtime: 0.0 hours, 0.0 minutes, 1.6581335067749023 seconds

Avg epoch train. time: 0.0 hours, 0.0 minutes, 1.6385337965829032 seconds
Avg batch train. time: 0.054617793219430104 seconds
Avg sample train. time: 0.0008547385480349 seconds
Epoch 8 Training Summary: epoch: 8.000000 | loss: 0.938620 | 
Epoch runtime: 0.0 hours, 0.0 minutes, 3.336848735809326 seconds

Avg epoch train. time: 0.0 hours, 0.0 minutes, 1.850823163986206 seconds
Avg batch train. time: 0.06169410546620687 seconds
Avg sample train. time: 0.0009654789587825801 seconds
Evaluating on validation set ...
Validation runtime: 0.0 hours, 0.0 minutes, 0.2359905242919922 seconds

Avg val. time: 0.0 hours, 0.0 minutes, 0.19352861245473227 seconds
Avg batch val. time: 0.019352861245473228 seconds
Avg sample val. time: 0.00030333638315788755 seconds
Epoch 8 Validation Summary: epoch: 8.000000 | loss: 0.617022 | 
Epoch 9 Training Summary: epoch: 9.000000 | loss: 0.692750 | 
Epoch runtime: 0.0 hours, 0.0 minutes, 1.9571971893310547 seconds

Avg epoch train. time: 0.0 hours, 0.0 minutes, 1.8626425001356337 seconds
Avg batch train. time: 0.062088083337854455 seconds
Avg sample train. time: 0.0009716444966800385 seconds
Epoch 10 Training Summary: epoch: 10.000000 | loss: 0.928802 | 
Epoch runtime: 0.0 hours, 0.0 minutes, 2.0114448070526123 seconds

Avg epoch train. time: 0.0 hours, 0.0 minutes, 1.8775227308273315 seconds
Avg batch train. time: 0.06258409102757771 seconds
Avg sample train. time: 0.0009794067453455042 seconds
Evaluating on validation set ...
Validation runtime: 0.0 hours, 0.0 minutes, 0.21100306510925293 seconds

Avg val. time: 0.0 hours, 0.0 minutes, 0.1960249628339495 seconds
Avg batch val. time: 0.01960249628339495 seconds
Avg sample val. time: 0.0003072491580469428 seconds
Epoch 10 Validation Summary: epoch: 10.000000 | loss: 3.546078 | 
Best loss was 0.6170215218044748. Other metrics: OrderedDict([('epoch', 8), ('loss', 0.6170215218044748)])
All Done!
Total runtime: 0.0 hours, 0.0 minutes, 23.52055263519287 seconds

