Running:
main.py --output_dir experiments/curitiba_83842/ --comment regression for curitiba_83842 --name curitiba_83842_Regression --records_file experiments/curitiba_83842/curitiba_83842_Regression.xls --data_dir datasets/files/curitiba_83842/ --data_class wf --pattern TRAIN --val_pattern TEST --epochs 20 --lr 0.0025 --optimizer RAdam --pos_encoding learnable --task regression

Using device: cpu
Loading and preprocessing data ...
1905 samples may be used for training
635 samples will be used for validation
0 samples will be used for testing
Creating model ...
Model:
TSTransformerEncoderClassiregressor(
  (project_inp): Linear(in_features=5, out_features=64, bias=True)
  (pos_enc): LearnablePositionalEncoding(
    (dropout): Dropout(p=0.1, inplace=False)
  )
  (transformer_encoder): TransformerEncoder(
    (layers): ModuleList(
      (0): TransformerBatchNormEncoderLayer(
        (self_attn): MultiheadAttention(
          (out_proj): NonDynamicallyQuantizableLinear(in_features=64, out_features=64, bias=True)
        )
        (linear1): Linear(in_features=64, out_features=256, bias=True)
        (dropout): Dropout(p=0.1, inplace=False)
        (linear2): Linear(in_features=256, out_features=64, bias=True)
        (norm1): BatchNorm1d(64, eps=1e-05, momentum=0.1, affine=True, track_running_stats=True)
        (norm2): BatchNorm1d(64, eps=1e-05, momentum=0.1, affine=True, track_running_stats=True)
        (dropout1): Dropout(p=0.1, inplace=False)
        (dropout2): Dropout(p=0.1, inplace=False)
      )
      (1): TransformerBatchNormEncoderLayer(
        (self_attn): MultiheadAttention(
          (out_proj): NonDynamicallyQuantizableLinear(in_features=64, out_features=64, bias=True)
        )
        (linear1): Linear(in_features=64, out_features=256, bias=True)
        (dropout): Dropout(p=0.1, inplace=False)
        (linear2): Linear(in_features=256, out_features=64, bias=True)
        (norm1): BatchNorm1d(64, eps=1e-05, momentum=0.1, affine=True, track_running_stats=True)
        (norm2): BatchNorm1d(64, eps=1e-05, momentum=0.1, affine=True, track_running_stats=True)
        (dropout1): Dropout(p=0.1, inplace=False)
        (dropout2): Dropout(p=0.1, inplace=False)
      )
      (2): TransformerBatchNormEncoderLayer(
        (self_attn): MultiheadAttention(
          (out_proj): NonDynamicallyQuantizableLinear(in_features=64, out_features=64, bias=True)
        )
        (linear1): Linear(in_features=64, out_features=256, bias=True)
        (dropout): Dropout(p=0.1, inplace=False)
        (linear2): Linear(in_features=256, out_features=64, bias=True)
        (norm1): BatchNorm1d(64, eps=1e-05, momentum=0.1, affine=True, track_running_stats=True)
        (norm2): BatchNorm1d(64, eps=1e-05, momentum=0.1, affine=True, track_running_stats=True)
        (dropout1): Dropout(p=0.1, inplace=False)
        (dropout2): Dropout(p=0.1, inplace=False)
      )
    )
  )
  (dropout1): Dropout(p=0.1, inplace=False)
  (output_layer): Linear(in_features=1536, out_features=1, bias=True)
)
Total number of parameters: 153409
Trainable parameters: 153409
Evaluating on validation set ...
Validation runtime: 0.0 hours, 0.0 minutes, 0.18799972534179688 seconds

Avg val. time: 0.0 hours, 0.0 minutes, 0.18799972534179688 seconds
Avg batch val. time: 0.018799972534179688 seconds
Avg sample val. time: 0.0002960625595933809 seconds
Epoch 0 Validation Summary: epoch: 0.000000 | loss: 353.286390 | 
Starting training...
Epoch 1 Training Summary: epoch: 1.000000 | loss: 317.581077 | 
Epoch runtime: 0.0 hours, 0.0 minutes, 1.8172721862792969 seconds

Avg epoch train. time: 0.0 hours, 0.0 minutes, 1.8172721862792969 seconds
Avg batch train. time: 0.06057573954264323 seconds
Avg sample train. time: 0.000953948654214854 seconds
Evaluating on validation set ...
Validation runtime: 0.0 hours, 0.0 minutes, 0.19900107383728027 seconds

Avg val. time: 0.0 hours, 0.0 minutes, 0.19350039958953857 seconds
Avg batch val. time: 0.019350039958953857 seconds
Avg sample val. time: 0.0003047250387236828 seconds
Epoch 1 Validation Summary: epoch: 1.000000 | loss: 208.297389 | 
Epoch 2 Training Summary: epoch: 2.000000 | loss: 176.228864 | 
Epoch runtime: 0.0 hours, 0.0 minutes, 1.9735698699951172 seconds

Avg epoch train. time: 0.0 hours, 0.0 minutes, 1.895421028137207 seconds
Avg batch train. time: 0.0631807009379069 seconds
Avg sample train. time: 0.0009949716683134945 seconds
Evaluating on validation set ...
Validation runtime: 0.0 hours, 0.0 minutes, 0.21165752410888672 seconds

Avg val. time: 0.0 hours, 0.0 minutes, 0.1995527744293213 seconds
Avg batch val. time: 0.01995527744293213 seconds
Avg sample val. time: 0.00031425633768397053 seconds
Epoch 2 Validation Summary: epoch: 2.000000 | loss: 88.099202 | 
Epoch 3 Training Summary: epoch: 3.000000 | loss: 38.218581 | 
Epoch runtime: 0.0 hours, 0.0 minutes, 1.8895573616027832 seconds

Avg epoch train. time: 0.0 hours, 0.0 minutes, 1.8934664726257324 seconds
Avg batch train. time: 0.06311554908752441 seconds
Avg sample train. time: 0.0009939456549216442 seconds
Epoch 4 Training Summary: epoch: 4.000000 | loss: 2.458654 | 
Epoch runtime: 0.0 hours, 0.0 minutes, 1.8939170837402344 seconds

Avg epoch train. time: 0.0 hours, 0.0 minutes, 1.893579125404358 seconds
Avg batch train. time: 0.06311930418014526 seconds
Avg sample train. time: 0.000994004790238508 seconds
Evaluating on validation set ...
Validation runtime: 0.0 hours, 0.0 minutes, 0.23500728607177734 seconds

Avg val. time: 0.0 hours, 0.0 minutes, 0.2084164023399353 seconds
Avg batch val. time: 0.02084164023399353 seconds
Avg sample val. time: 0.0003282148068345438 seconds
Epoch 4 Validation Summary: epoch: 4.000000 | loss: 1.158180 | 
Epoch 5 Training Summary: epoch: 5.000000 | loss: 1.189484 | 
Epoch runtime: 0.0 hours, 0.0 minutes, 1.8992187976837158 seconds

Avg epoch train. time: 0.0 hours, 0.0 minutes, 1.8947070598602296 seconds
Avg batch train. time: 0.06315690199534099 seconds
Avg sample train. time: 0.0009945968818163935 seconds
Epoch 6 Training Summary: epoch: 6.000000 | loss: 1.156200 | 
Epoch runtime: 0.0 hours, 0.0 minutes, 1.9249215126037598 seconds

Avg epoch train. time: 0.0 hours, 0.0 minutes, 1.8997428019841511 seconds
Avg batch train. time: 0.06332476006613837 seconds
Avg sample train. time: 0.000997240316002179 seconds
Evaluating on validation set ...
Validation runtime: 0.0 hours, 0.0 minutes, 0.2050013542175293 seconds

Avg val. time: 0.0 hours, 0.0 minutes, 0.2077333927154541 seconds
Avg batch val. time: 0.02077333927154541 seconds
Avg sample val. time: 0.0003271392011266994 seconds
Epoch 6 Validation Summary: epoch: 6.000000 | loss: 1.148400 | 
Epoch 7 Training Summary: epoch: 7.000000 | loss: 0.975763 | 
Epoch runtime: 0.0 hours, 0.0 minutes, 1.940310001373291 seconds

Avg epoch train. time: 0.0 hours, 0.0 minutes, 1.9055381161825997 seconds
Avg batch train. time: 0.06351793720608666 seconds
Avg sample train. time: 0.001000282475686404 seconds
Epoch 8 Training Summary: epoch: 8.000000 | loss: 0.875967 | 
Epoch runtime: 0.0 hours, 0.0 minutes, 1.970418930053711 seconds

Avg epoch train. time: 0.0 hours, 0.0 minutes, 1.9136482179164886 seconds
Avg batch train. time: 0.06378827393054962 seconds
Avg sample train. time: 0.0010045397469377892 seconds
Evaluating on validation set ...
Validation runtime: 0.0 hours, 0.0 minutes, 0.19735169410705566 seconds

Avg val. time: 0.0 hours, 0.0 minutes, 0.20600310961405435 seconds
Avg batch val. time: 0.020600310961405435 seconds
Avg sample val. time: 0.0003244143458489045 seconds
Epoch 8 Validation Summary: epoch: 8.000000 | loss: 0.263593 | 
Epoch 9 Training Summary: epoch: 9.000000 | loss: 0.745182 | 
Epoch runtime: 0.0 hours, 0.0 minutes, 1.7970306873321533 seconds

Avg epoch train. time: 0.0 hours, 0.0 minutes, 1.9006907145182292 seconds
Avg batch train. time: 0.06335635715060764 seconds
Avg sample train. time: 0.000997737907883585 seconds
Epoch 10 Training Summary: epoch: 10.000000 | loss: 0.871500 | 
Epoch runtime: 0.0 hours, 0.0 minutes, 1.8720924854278564 seconds

Avg epoch train. time: 0.0 hours, 0.0 minutes, 1.897830891609192 seconds
Avg batch train. time: 0.0632610297203064 seconds
Avg sample train. time: 0.0009962366885087621 seconds
Evaluating on validation set ...
Validation runtime: 0.0 hours, 0.0 minutes, 0.1929924488067627 seconds

Avg val. time: 0.0 hours, 0.0 minutes, 0.20414444378444127 seconds
Avg batch val. time: 0.020414444378444127 seconds
Avg sample val. time: 0.0003214873130463642 seconds
Epoch 10 Validation Summary: epoch: 10.000000 | loss: 0.866719 | 
Epoch 11 Training Summary: epoch: 11.000000 | loss: 0.687446 | 
Epoch runtime: 0.0 hours, 0.0 minutes, 1.8484787940979004 seconds

Avg epoch train. time: 0.0 hours, 0.0 minutes, 1.8933443372899836 seconds
Avg batch train. time: 0.06311147790966612 seconds
Avg sample train. time: 0.0009938815418845059 seconds
Epoch 12 Training Summary: epoch: 12.000000 | loss: 0.861651 | 
Epoch runtime: 0.0 hours, 0.0 minutes, 2.060232400894165 seconds

Avg epoch train. time: 0.0 hours, 0.0 minutes, 1.9072516759236653 seconds
Avg batch train. time: 0.06357505586412218 seconds
Avg sample train. time: 0.0010011819821121603 seconds
Evaluating on validation set ...
Validation runtime: 0.0 hours, 0.0 minutes, 0.22000408172607422 seconds

Avg val. time: 0.0 hours, 0.0 minutes, 0.20612689852714539 seconds
Avg batch val. time: 0.020612689852714538 seconds
Avg sample val. time: 0.00032460928901912657 seconds
Epoch 12 Validation Summary: epoch: 12.000000 | loss: 0.272460 | 
Epoch 13 Training Summary: epoch: 13.000000 | loss: 0.860616 | 
Epoch runtime: 0.0 hours, 0.0 minutes, 2.0244076251983643 seconds

Avg epoch train. time: 0.0 hours, 0.0 minutes, 1.9162636720217192 seconds
Avg batch train. time: 0.06387545573405731 seconds
Avg sample train. time: 0.0010059126887253119 seconds
Epoch 14 Training Summary: epoch: 14.000000 | loss: 0.988977 | 
Epoch runtime: 0.0 hours, 0.0 minutes, 2.107111930847168 seconds

Avg epoch train. time: 0.0 hours, 0.0 minutes, 1.9298956905092512 seconds
Avg batch train. time: 0.06432985635030837 seconds
Avg sample train. time: 0.0010130686039418642 seconds
Evaluating on validation set ...
Validation runtime: 0.0 hours, 0.0 minutes, 0.24499940872192383 seconds

Avg val. time: 0.0 hours, 0.0 minutes, 0.2104460663265652 seconds
Avg batch val. time: 0.02104460663265652 seconds
Avg sample val. time: 0.000331411128073331 seconds
Epoch 14 Validation Summary: epoch: 14.000000 | loss: 0.998510 | 
Epoch 15 Training Summary: epoch: 15.000000 | loss: 0.707008 | 
Epoch runtime: 0.0 hours, 0.0 minutes, 2.016141414642334 seconds

Avg epoch train. time: 0.0 hours, 0.0 minutes, 1.9356454054514567 seconds
Avg batch train. time: 0.06452151351504856 seconds
Avg sample train. time: 0.0010160868270086387 seconds
Epoch 16 Training Summary: epoch: 16.000000 | loss: 0.737615 | 
Epoch runtime: 0.0 hours, 0.0 minutes, 1.6552820205688477 seconds

Avg epoch train. time: 0.0 hours, 0.0 minutes, 1.9181226938962936 seconds
Avg batch train. time: 0.06393742312987645 seconds
Avg sample train. time: 0.001006888553226401 seconds
Evaluating on validation set ...
Validation runtime: 0.0 hours, 0.0 minutes, 0.17299962043762207 seconds

Avg val. time: 0.0 hours, 0.0 minutes, 0.2067014217376709 seconds
Avg batch val. time: 0.02067014217376709 seconds
Avg sample val. time: 0.00032551404998058407 seconds
Epoch 16 Validation Summary: epoch: 16.000000 | loss: 0.307686 | 
Epoch 17 Training Summary: epoch: 17.000000 | loss: 0.582564 | 
Epoch runtime: 0.0 hours, 0.0 minutes, 1.7856764793395996 seconds

Avg epoch train. time: 0.0 hours, 0.0 minutes, 1.910331740098841 seconds
Avg batch train. time: 0.06367772466996137 seconds
Avg sample train. time: 0.0010027988137001791 seconds
Epoch 18 Training Summary: epoch: 18.000000 | loss: 0.834313 | 
Epoch runtime: 0.0 hours, 0.0 minutes, 1.665740728378296 seconds

Avg epoch train. time: 0.0 hours, 0.0 minutes, 1.8967433505588107 seconds
Avg batch train. time: 0.06322477835196036 seconds
Avg sample train. time: 0.0009956658008182734 seconds
Evaluating on validation set ...
Validation runtime: 0.0 hours, 0.0 minutes, 0.19399738311767578 seconds

Avg val. time: 0.0 hours, 0.0 minutes, 0.20554650913585315 seconds
Avg batch val. time: 0.020554650913585316 seconds
Avg sample val. time: 0.0003236952899777215 seconds
Epoch 18 Validation Summary: epoch: 18.000000 | loss: 0.087296 | 
Epoch 19 Training Summary: epoch: 19.000000 | loss: 0.820675 | 
Epoch runtime: 0.0 hours, 0.0 minutes, 2.521651268005371 seconds

Avg epoch train. time: 0.0 hours, 0.0 minutes, 1.929633240950735 seconds
Avg batch train. time: 0.06432110803169117 seconds
Avg sample train. time: 0.0010129308351447429 seconds
Epoch 20 Training Summary: epoch: 20.000000 | loss: 0.618499 | 
Epoch runtime: 0.0 hours, 0.0 minutes, 1.7089126110076904 seconds

Avg epoch train. time: 0.0 hours, 0.0 minutes, 1.9185972094535828 seconds
Avg batch train. time: 0.06395324031511943 seconds
Avg sample train. time: 0.0010071376427577862 seconds
Evaluating on validation set ...
Validation runtime: 0.0 hours, 0.0 minutes, 0.18699312210083008 seconds

Avg val. time: 0.0 hours, 0.0 minutes, 0.20400039354960123 seconds
Avg batch val. time: 0.020400039354960122 seconds
Avg sample val. time: 0.0003212604622828366 seconds
Epoch 20 Validation Summary: epoch: 20.000000 | loss: 1.034922 | 
Best loss was 0.08729610705938864. Other metrics: OrderedDict([('epoch', 18), ('loss', 0.08729610705938864)])
All Done!
Total runtime: 0.0 hours, 0.0 minutes, 44.43795108795166 seconds

