Running:
main.py --output_dir experiments/brasilia_83378/ --comment regression for brasilia_83378 --name brasilia_83378_Regression --records_file experiments/brasilia_83378/brasilia_83378_Regression.xls --data_dir datasets/files/brasilia_83378/ --data_class wf --pattern TRAIN --val_pattern TEST --epochs 40 --lr 0.0005 --optimizer RAdam --pos_encoding learnable --task regression

Using device: cpu
Loading and preprocessing data ...
1919 samples may be used for training
640 samples will be used for validation
0 samples will be used for testing
Creating model ...
Model:
TSTransformerEncoderClassiregressor(
  (project_inp): Linear(in_features=5, out_features=64, bias=True)
  (pos_enc): LearnablePositionalEncoding(
    (dropout): Dropout(p=0.1, inplace=False)
  )
  (transformer_encoder): TransformerEncoder(
    (layers): ModuleList(
      (0): TransformerBatchNormEncoderLayer(
        (self_attn): MultiheadAttention(
          (out_proj): NonDynamicallyQuantizableLinear(in_features=64, out_features=64, bias=True)
        )
        (linear1): Linear(in_features=64, out_features=256, bias=True)
        (dropout): Dropout(p=0.1, inplace=False)
        (linear2): Linear(in_features=256, out_features=64, bias=True)
        (norm1): BatchNorm1d(64, eps=1e-05, momentum=0.1, affine=True, track_running_stats=True)
        (norm2): BatchNorm1d(64, eps=1e-05, momentum=0.1, affine=True, track_running_stats=True)
        (dropout1): Dropout(p=0.1, inplace=False)
        (dropout2): Dropout(p=0.1, inplace=False)
      )
      (1): TransformerBatchNormEncoderLayer(
        (self_attn): MultiheadAttention(
          (out_proj): NonDynamicallyQuantizableLinear(in_features=64, out_features=64, bias=True)
        )
        (linear1): Linear(in_features=64, out_features=256, bias=True)
        (dropout): Dropout(p=0.1, inplace=False)
        (linear2): Linear(in_features=256, out_features=64, bias=True)
        (norm1): BatchNorm1d(64, eps=1e-05, momentum=0.1, affine=True, track_running_stats=True)
        (norm2): BatchNorm1d(64, eps=1e-05, momentum=0.1, affine=True, track_running_stats=True)
        (dropout1): Dropout(p=0.1, inplace=False)
        (dropout2): Dropout(p=0.1, inplace=False)
      )
      (2): TransformerBatchNormEncoderLayer(
        (self_attn): MultiheadAttention(
          (out_proj): NonDynamicallyQuantizableLinear(in_features=64, out_features=64, bias=True)
        )
        (linear1): Linear(in_features=64, out_features=256, bias=True)
        (dropout): Dropout(p=0.1, inplace=False)
        (linear2): Linear(in_features=256, out_features=64, bias=True)
        (norm1): BatchNorm1d(64, eps=1e-05, momentum=0.1, affine=True, track_running_stats=True)
        (norm2): BatchNorm1d(64, eps=1e-05, momentum=0.1, affine=True, track_running_stats=True)
        (dropout1): Dropout(p=0.1, inplace=False)
        (dropout2): Dropout(p=0.1, inplace=False)
      )
    )
  )
  (dropout1): Dropout(p=0.1, inplace=False)
  (output_layer): Linear(in_features=1536, out_features=1, bias=True)
)
Total number of parameters: 153409
Trainable parameters: 153409
Evaluating on validation set ...
Validation runtime: 0.0 hours, 0.0 minutes, 0.182997465133667 seconds

Avg val. time: 0.0 hours, 0.0 minutes, 0.182997465133667 seconds
Avg batch val. time: 0.0182997465133667 seconds
Avg sample val. time: 0.00028593353927135466 seconds
Epoch 0 Validation Summary: epoch: 0.000000 | loss: 546.644742 | 
Starting training...
Epoch 1 Training Summary: epoch: 1.000000 | loss: 497.305547 | 
Epoch runtime: 0.0 hours, 0.0 minutes, 1.8115332126617432 seconds

Avg epoch train. time: 0.0 hours, 0.0 minutes, 1.8115332126617432 seconds
Avg batch train. time: 0.06038444042205811 seconds
Avg sample train. time: 0.0009439985475048167 seconds
Evaluating on validation set ...
Validation runtime: 0.0 hours, 0.0 minutes, 0.23099899291992188 seconds

Avg val. time: 0.0 hours, 0.0 minutes, 0.20699822902679443 seconds
Avg batch val. time: 0.020699822902679445 seconds
Avg sample val. time: 0.0003234347328543663 seconds
Epoch 1 Validation Summary: epoch: 1.000000 | loss: 475.200632 | 
Epoch 2 Training Summary: epoch: 2.000000 | loss: 470.980187 | 
Epoch runtime: 0.0 hours, 0.0 minutes, 2.0351452827453613 seconds

Avg epoch train. time: 0.0 hours, 0.0 minutes, 1.9233392477035522 seconds
Avg batch train. time: 0.06411130825678507 seconds
Avg sample train. time: 0.0010022612025552644 seconds
Evaluating on validation set ...
Validation runtime: 0.0 hours, 0.0 minutes, 0.21700024604797363 seconds

Avg val. time: 0.0 hours, 0.0 minutes, 0.21033223470052084 seconds
Avg batch val. time: 0.021033223470052084 seconds
Avg sample val. time: 0.0003286441167195638 seconds
Epoch 2 Validation Summary: epoch: 2.000000 | loss: 449.820151 | 
Epoch 3 Training Summary: epoch: 3.000000 | loss: 424.940296 | 
Epoch runtime: 0.0 hours, 0.0 minutes, 1.9605152606964111 seconds

Avg epoch train. time: 0.0 hours, 0.0 minutes, 1.9357312520345051 seconds
Avg batch train. time: 0.06452437506781684 seconds
Avg sample train. time: 0.001008718734775667 seconds
Epoch 4 Training Summary: epoch: 4.000000 | loss: 357.444616 | 
Epoch runtime: 0.0 hours, 0.0 minutes, 1.8930749893188477 seconds

Avg epoch train. time: 0.0 hours, 0.0 minutes, 1.9250671863555908 seconds
Avg batch train. time: 0.06416890621185303 seconds
Avg sample train. time: 0.0010031616395808185 seconds
Evaluating on validation set ...
Validation runtime: 0.0 hours, 0.0 minutes, 0.22450923919677734 seconds

Avg val. time: 0.0 hours, 0.0 minutes, 0.21387648582458496 seconds
Avg batch val. time: 0.021387648582458497 seconds
Avg sample val. time: 0.000334182009100914 seconds
Epoch 4 Validation Summary: epoch: 4.000000 | loss: 315.449619 | 
Epoch 5 Training Summary: epoch: 5.000000 | loss: 269.911776 | 
Epoch runtime: 0.0 hours, 0.0 minutes, 1.9166228771209717 seconds

Avg epoch train. time: 0.0 hours, 0.0 minutes, 1.923378324508667 seconds
Avg batch train. time: 0.06411261081695557 seconds
Avg sample train. time: 0.001002281565663714 seconds
Epoch 6 Training Summary: epoch: 6.000000 | loss: 178.450082 | 
Epoch runtime: 0.0 hours, 0.0 minutes, 1.8700909614562988 seconds

Avg epoch train. time: 0.0 hours, 0.0 minutes, 1.9144970973332722 seconds
Avg batch train. time: 0.06381656991110908 seconds
Avg sample train. time: 0.0009976535160673644 seconds
Evaluating on validation set ...
Validation runtime: 0.0 hours, 0.0 minutes, 0.21400117874145508 seconds

Avg val. time: 0.0 hours, 0.0 minutes, 0.21390142440795898 seconds
Avg batch val. time: 0.021390142440795897 seconds
Avg sample val. time: 0.0003342209756374359 seconds
Epoch 6 Validation Summary: epoch: 6.000000 | loss: 139.598830 | 
Epoch 7 Training Summary: epoch: 7.000000 | loss: 98.179010 | 
Epoch runtime: 0.0 hours, 0.0 minutes, 1.8706457614898682 seconds

Avg epoch train. time: 0.0 hours, 0.0 minutes, 1.9082326207842146 seconds
Avg batch train. time: 0.06360775402614048 seconds
Avg sample train. time: 0.0009943890676311696 seconds
Epoch 8 Training Summary: epoch: 8.000000 | loss: 36.571755 | 
Epoch runtime: 0.0 hours, 0.0 minutes, 1.826514720916748 seconds

Avg epoch train. time: 0.0 hours, 0.0 minutes, 1.8980178833007812 seconds
Avg batch train. time: 0.06326726277669271 seconds
Avg sample train. time: 0.0009890661194897246 seconds
Evaluating on validation set ...
Validation runtime: 0.0 hours, 0.0 minutes, 0.19500017166137695 seconds

Avg val. time: 0.0 hours, 0.0 minutes, 0.21075121561686197 seconds
Avg batch val. time: 0.021075121561686196 seconds
Avg sample val. time: 0.0003292987744013468 seconds
Epoch 8 Validation Summary: epoch: 8.000000 | loss: 14.631472 | 
Epoch 9 Training Summary: epoch: 9.000000 | loss: 7.767923 | 
Epoch runtime: 0.0 hours, 0.0 minutes, 1.82918381690979 seconds

Avg epoch train. time: 0.0 hours, 0.0 minutes, 1.8903696537017822 seconds
Avg batch train. time: 0.0630123217900594 seconds
Avg sample train. time: 0.0009850805907773749 seconds
Epoch 10 Training Summary: epoch: 10.000000 | loss: 3.264859 | 
Epoch runtime: 0.0 hours, 0.0 minutes, 1.835172176361084 seconds

Avg epoch train. time: 0.0 hours, 0.0 minutes, 1.8848499059677124 seconds
Avg batch train. time: 0.06282833019892374 seconds
Avg sample train. time: 0.0009822042240582138 seconds
Evaluating on validation set ...
Validation runtime: 0.0 hours, 0.0 minutes, 0.20900225639343262 seconds

Avg val. time: 0.0 hours, 0.0 minutes, 0.21050136429922922 seconds
Avg batch val. time: 0.02105013642992292 seconds
Avg sample val. time: 0.00032890838171754564 seconds
Epoch 10 Validation Summary: epoch: 10.000000 | loss: 1.875569 | 
Epoch 11 Training Summary: epoch: 11.000000 | loss: 2.162806 | 
Epoch runtime: 0.0 hours, 0.0 minutes, 1.8335840702056885 seconds

Avg epoch train. time: 0.0 hours, 0.0 minutes, 1.880189375443892 seconds
Avg batch train. time: 0.06267297918146307 seconds
Avg sample train. time: 0.0009797755995017677 seconds
Epoch 12 Training Summary: epoch: 12.000000 | loss: 1.558791 | 
Epoch runtime: 0.0 hours, 0.0 minutes, 1.845672845840454 seconds

Avg epoch train. time: 0.0 hours, 0.0 minutes, 1.877312997976939 seconds
Avg batch train. time: 0.06257709993256463 seconds
Avg sample train. time: 0.0009782767055638035 seconds
Evaluating on validation set ...
Validation runtime: 0.0 hours, 0.0 minutes, 0.20600080490112305 seconds

Avg val. time: 0.0 hours, 0.0 minutes, 0.20993879437446594 seconds
Avg batch val. time: 0.020993879437446593 seconds
Avg sample val. time: 0.000328029366210103 seconds
Epoch 12 Validation Summary: epoch: 12.000000 | loss: 0.943448 | 
Epoch 13 Training Summary: epoch: 13.000000 | loss: 1.284860 | 
Epoch runtime: 0.0 hours, 0.0 minutes, 1.8011140823364258 seconds

Avg epoch train. time: 0.0 hours, 0.0 minutes, 1.8714515429276686 seconds
Avg batch train. time: 0.062381718097588953 seconds
Avg sample train. time: 0.0009752222735422973 seconds
Epoch 14 Training Summary: epoch: 14.000000 | loss: 1.179454 | 
Epoch runtime: 0.0 hours, 0.0 minutes, 1.8211545944213867 seconds

Avg epoch train. time: 0.0 hours, 0.0 minutes, 1.8678589037486486 seconds
Avg batch train. time: 0.062261963458288286 seconds
Avg sample train. time: 0.0009733501322296241 seconds
Evaluating on validation set ...
Validation runtime: 0.0 hours, 0.0 minutes, 0.20399832725524902 seconds

Avg val. time: 0.0 hours, 0.0 minutes, 0.20927874247233072 seconds
Avg batch val. time: 0.020927874247233073 seconds
Avg sample val. time: 0.00032699803511301677 seconds
Epoch 14 Validation Summary: epoch: 14.000000 | loss: 0.634982 | 
Epoch 15 Training Summary: epoch: 15.000000 | loss: 0.879420 | 
Epoch runtime: 0.0 hours, 0.0 minutes, 1.843276023864746 seconds

Avg epoch train. time: 0.0 hours, 0.0 minutes, 1.8662200450897217 seconds
Avg batch train. time: 0.062207334836324055 seconds
Avg sample train. time: 0.0009724961152109024 seconds
Epoch 16 Training Summary: epoch: 16.000000 | loss: 0.966154 | 
Epoch runtime: 0.0 hours, 0.0 minutes, 1.7460603713989258 seconds

Avg epoch train. time: 0.0 hours, 0.0 minutes, 1.858710065484047 seconds
Avg batch train. time: 0.06195700218280156 seconds
Avg sample train. time: 0.0009685826292256628 seconds
Evaluating on validation set ...
Validation runtime: 0.0 hours, 0.0 minutes, 0.19099187850952148 seconds

Avg val. time: 0.0 hours, 0.0 minutes, 0.2074500560760498 seconds
Avg batch val. time: 0.02074500560760498 seconds
Avg sample val. time: 0.0003241407126188278 seconds
Epoch 16 Validation Summary: epoch: 16.000000 | loss: 0.875491 | 
Epoch 17 Training Summary: epoch: 17.000000 | loss: 0.886505 | 
Epoch runtime: 0.0 hours, 0.0 minutes, 1.8330473899841309 seconds

Avg epoch train. time: 0.0 hours, 0.0 minutes, 1.857200496336993 seconds
Avg batch train. time: 0.0619066832112331 seconds
Avg sample train. time: 0.0009677959855846759 seconds
Epoch 18 Training Summary: epoch: 18.000000 | loss: 0.683575 | 
Epoch runtime: 0.0 hours, 0.0 minutes, 1.757042407989502 seconds

Avg epoch train. time: 0.0 hours, 0.0 minutes, 1.8516361580954657 seconds
Avg batch train. time: 0.06172120526984885 seconds
Avg sample train. time: 0.0009648963825406283 seconds
Evaluating on validation set ...
Validation runtime: 0.0 hours, 0.0 minutes, 0.21204495429992676 seconds

Avg val. time: 0.0 hours, 0.0 minutes, 0.20786777409640225 seconds
Avg batch val. time: 0.020786777409640224 seconds
Avg sample val. time: 0.0003247933970256285 seconds
Epoch 18 Validation Summary: epoch: 18.000000 | loss: 1.405916 | 
Epoch 19 Training Summary: epoch: 19.000000 | loss: 0.598229 | 
Epoch runtime: 0.0 hours, 0.0 minutes, 1.8190014362335205 seconds

Avg epoch train. time: 0.0 hours, 0.0 minutes, 1.8499185411553634 seconds
Avg batch train. time: 0.061663951371845445 seconds
Avg sample train. time: 0.0009640013242081101 seconds
Epoch 20 Training Summary: epoch: 20.000000 | loss: 0.683062 | 
Epoch runtime: 0.0 hours, 0.0 minutes, 1.7543845176696777 seconds

Avg epoch train. time: 0.0 hours, 0.0 minutes, 1.845141839981079 seconds
Avg batch train. time: 0.061504727999369305 seconds
Avg sample train. time: 0.0009615121625748197 seconds
Evaluating on validation set ...
Validation runtime: 0.0 hours, 0.0 minutes, 0.20599937438964844 seconds

Avg val. time: 0.0 hours, 0.0 minutes, 0.20771207412083945 seconds
Avg batch val. time: 0.020771207412083943 seconds
Avg sample val. time: 0.0003245501158138116 seconds
Epoch 20 Validation Summary: epoch: 20.000000 | loss: 0.569591 | 
Epoch 21 Training Summary: epoch: 21.000000 | loss: 0.563403 | 
Epoch runtime: 0.0 hours, 0.0 minutes, 1.7465662956237793 seconds

Avg epoch train. time: 0.0 hours, 0.0 minutes, 1.8404477664402552 seconds
Avg batch train. time: 0.06134825888134184 seconds
Avg sample train. time: 0.0009590660585931501 seconds
Epoch 22 Training Summary: epoch: 22.000000 | loss: 0.485575 | 
Epoch runtime: 0.0 hours, 0.0 minutes, 1.7175617218017578 seconds

Avg epoch train. time: 0.0 hours, 0.0 minutes, 1.8348620371385054 seconds
Avg batch train. time: 0.06116206790461685 seconds
Avg sample train. time: 0.0009561553085661831 seconds
Evaluating on validation set ...
Validation runtime: 0.0 hours, 0.0 minutes, 0.20000886917114258 seconds

Avg val. time: 0.0 hours, 0.0 minutes, 0.20711951989393967 seconds
Avg batch val. time: 0.02071195198939397 seconds
Avg sample val. time: 0.00032362424983428076 seconds
Epoch 22 Validation Summary: epoch: 22.000000 | loss: 0.317602 | 
Epoch 23 Training Summary: epoch: 23.000000 | loss: 0.451287 | 
Epoch runtime: 0.0 hours, 0.0 minutes, 1.772207498550415 seconds

Avg epoch train. time: 0.0 hours, 0.0 minutes, 1.8321379267651101 seconds
Avg batch train. time: 0.06107126422550367 seconds
Avg sample train. time: 0.0009547357617327307 seconds
Epoch 24 Training Summary: epoch: 24.000000 | loss: 0.499758 | 
Epoch runtime: 0.0 hours, 0.0 minutes, 1.7135705947875977 seconds

Avg epoch train. time: 0.0 hours, 0.0 minutes, 1.8271976212660472 seconds
Avg batch train. time: 0.06090658737553491 seconds
Avg sample train. time: 0.0009521613451099777 seconds
Evaluating on validation set ...
Validation runtime: 0.0 hours, 0.0 minutes, 0.19499921798706055 seconds

Avg val. time: 0.0 hours, 0.0 minutes, 0.20625378404344832 seconds
Avg batch val. time: 0.02062537840434483 seconds
Avg sample val. time: 0.000322271537567888 seconds
Epoch 24 Validation Summary: epoch: 24.000000 | loss: 0.417156 | 
Epoch 25 Training Summary: epoch: 25.000000 | loss: 0.523463 | 
Epoch runtime: 0.0 hours, 0.0 minutes, 1.728531837463379 seconds

Avg epoch train. time: 0.0 hours, 0.0 minutes, 1.8232509899139404 seconds
Avg batch train. time: 0.06077503299713135 seconds
Avg sample train. time: 0.0009501047367972592 seconds
Epoch 26 Training Summary: epoch: 26.000000 | loss: 0.381854 | 
Epoch runtime: 0.0 hours, 0.0 minutes, 1.757350206375122 seconds

Avg epoch train. time: 0.0 hours, 0.0 minutes, 1.8207163443932166 seconds
Avg batch train. time: 0.06069054481310722 seconds
Avg sample train. time: 0.0009487839209969863 seconds
Evaluating on validation set ...
Validation runtime: 0.0 hours, 0.0 minutes, 0.21053576469421387 seconds

Avg val. time: 0.0 hours, 0.0 minutes, 0.20653924942016602 seconds
Avg batch val. time: 0.0206539249420166 seconds
Avg sample val. time: 0.0003227175772190094 seconds
Epoch 26 Validation Summary: epoch: 26.000000 | loss: 0.419889 | 
Epoch 27 Training Summary: epoch: 27.000000 | loss: 0.558996 | 
Epoch runtime: 0.0 hours, 0.0 minutes, 1.7735819816589355 seconds

Avg epoch train. time: 0.0 hours, 0.0 minutes, 1.81897062725491 seconds
Avg batch train. time: 0.06063235424183033 seconds
Avg sample train. time: 0.0009478742195179312 seconds
Epoch 28 Training Summary: epoch: 28.000000 | loss: 0.461459 | 
Epoch runtime: 0.0 hours, 0.0 minutes, 1.7387430667877197 seconds

Avg epoch train. time: 0.0 hours, 0.0 minutes, 1.8161053572382246 seconds
Avg batch train. time: 0.06053684524127415 seconds
Avg sample train. time: 0.0009463811137249737 seconds
Evaluating on validation set ...
Validation runtime: 0.0 hours, 0.0 minutes, 0.21900200843811035 seconds

Avg val. time: 0.0 hours, 0.0 minutes, 0.20731817185878754 seconds
Avg batch val. time: 0.020731817185878753 seconds
Avg sample val. time: 0.0003239346435293555 seconds
Epoch 28 Validation Summary: epoch: 28.000000 | loss: 0.210212 | 
Epoch 29 Training Summary: epoch: 29.000000 | loss: 0.436779 | 
Epoch runtime: 0.0 hours, 0.0 minutes, 1.769524097442627 seconds

Avg epoch train. time: 0.0 hours, 0.0 minutes, 1.8144991069004452 seconds
Avg batch train. time: 0.060483303563348176 seconds
Avg sample train. time: 0.0009455440890570325 seconds
Epoch 30 Training Summary: epoch: 30.000000 | loss: 0.389501 | 
Epoch runtime: 0.0 hours, 0.0 minutes, 1.7970750331878662 seconds

Avg epoch train. time: 0.0 hours, 0.0 minutes, 1.8139183044433593 seconds
Avg batch train. time: 0.06046394348144531 seconds
Avg sample train. time: 0.0009452414301424489 seconds
Evaluating on validation set ...
Validation runtime: 0.0 hours, 0.0 minutes, 0.20551776885986328 seconds

Avg val. time: 0.0 hours, 0.0 minutes, 0.20721226580002727 seconds
Avg batch val. time: 0.02072122658000273 seconds
Avg sample val. time: 0.00032376916531254264 seconds
Epoch 30 Validation Summary: epoch: 30.000000 | loss: 0.451912 | 
Epoch 31 Training Summary: epoch: 31.000000 | loss: 0.389367 | 
Epoch runtime: 0.0 hours, 0.0 minutes, 1.7933032512664795 seconds

Avg epoch train. time: 0.0 hours, 0.0 minutes, 1.8132533027279762 seconds
Avg batch train. time: 0.06044177675759921 seconds
Avg sample train. time: 0.0009448948945950892 seconds
Epoch 32 Training Summary: epoch: 32.000000 | loss: 0.436207 | 
Epoch runtime: 0.0 hours, 0.0 minutes, 1.768099308013916 seconds

Avg epoch train. time: 0.0 hours, 0.0 minutes, 1.8118422403931618 seconds
Avg batch train. time: 0.06039474134643873 seconds
Avg sample train. time: 0.0009441595833210849 seconds
Evaluating on validation set ...
Validation runtime: 0.0 hours, 0.0 minutes, 0.2129969596862793 seconds

Avg val. time: 0.0 hours, 0.0 minutes, 0.20753363768259683 seconds
Avg batch val. time: 0.020753363768259682 seconds
Avg sample val. time: 0.00032427130887905753 seconds
Epoch 32 Validation Summary: epoch: 32.000000 | loss: 0.367256 | 
Epoch 33 Training Summary: epoch: 33.000000 | loss: 0.400279 | 
Epoch runtime: 0.0 hours, 0.0 minutes, 1.8420116901397705 seconds

Avg epoch train. time: 0.0 hours, 0.0 minutes, 1.812756466143059 seconds
Avg batch train. time: 0.06042521553810197 seconds
Avg sample train. time: 0.0009446359906946634 seconds
Epoch 34 Training Summary: epoch: 34.000000 | loss: 0.420633 | 
Epoch runtime: 0.0 hours, 0.0 minutes, 1.7900145053863525 seconds

Avg epoch train. time: 0.0 hours, 0.0 minutes, 1.8120875849443323 seconds
Avg batch train. time: 0.06040291949814441 seconds
Avg sample train. time: 0.0009442874335301367 seconds
Evaluating on validation set ...
Validation runtime: 0.0 hours, 0.0 minutes, 0.21100282669067383 seconds

Avg val. time: 0.0 hours, 0.0 minutes, 0.2077162265777588 seconds
Avg batch val. time: 0.02077162265777588 seconds
Avg sample val. time: 0.0003245566040277481 seconds
Epoch 34 Validation Summary: epoch: 34.000000 | loss: 0.739755 | 
Epoch 35 Training Summary: epoch: 35.000000 | loss: 0.425851 | 
Epoch runtime: 0.0 hours, 0.0 minutes, 1.8301801681518555 seconds

Avg epoch train. time: 0.0 hours, 0.0 minutes, 1.8126045158931188 seconds
Avg batch train. time: 0.06042015052977063 seconds
Avg sample train. time: 0.0009445568086988633 seconds
Epoch 36 Training Summary: epoch: 36.000000 | loss: 0.401305 | 
Epoch runtime: 0.0 hours, 0.0 minutes, 1.8703224658966064 seconds

Avg epoch train. time: 0.0 hours, 0.0 minutes, 1.8142077922821045 seconds
Avg batch train. time: 0.06047359307607015 seconds
Avg sample train. time: 0.0009453922836279857 seconds
Evaluating on validation set ...
Validation runtime: 0.0 hours, 0.0 minutes, 0.2090001106262207 seconds

Avg val. time: 0.0 hours, 0.0 minutes, 0.20778042078018188 seconds
Avg batch val. time: 0.02077804207801819 seconds
Avg sample val. time: 0.0003246569074690342 seconds
Epoch 36 Validation Summary: epoch: 36.000000 | loss: 0.641022 | 
Epoch 37 Training Summary: epoch: 37.000000 | loss: 0.405512 | 
Epoch runtime: 0.0 hours, 0.0 minutes, 1.8560400009155273 seconds

Avg epoch train. time: 0.0 hours, 0.0 minutes, 1.8153383925154403 seconds
Avg batch train. time: 0.06051127975051467 seconds
Avg sample train. time: 0.0009459814447709433 seconds
Epoch 38 Training Summary: epoch: 38.000000 | loss: 0.323071 | 
Epoch runtime: 0.0 hours, 0.0 minutes, 1.8688631057739258 seconds

Avg epoch train. time: 0.0 hours, 0.0 minutes, 1.8167469376011898 seconds
Avg batch train. time: 0.06055823125337299 seconds
Avg sample train. time: 0.000946715444294523 seconds
Evaluating on validation set ...
Validation runtime: 0.0 hours, 0.0 minutes, 0.22481489181518555 seconds

Avg val. time: 0.0 hours, 0.0 minutes, 0.208591586067563 seconds
Avg batch val. time: 0.0208591586067563 seconds
Avg sample val. time: 0.0003259243532305672 seconds
Epoch 38 Validation Summary: epoch: 38.000000 | loss: 0.073203 | 
Epoch 39 Training Summary: epoch: 39.000000 | loss: 0.326226 | 
Epoch runtime: 0.0 hours, 0.0 minutes, 1.856001853942871 seconds

Avg epoch train. time: 0.0 hours, 0.0 minutes, 1.8177534739176433 seconds
Avg batch train. time: 0.06059178246392145 seconds
Avg sample train. time: 0.0009472399551420757 seconds
Epoch 40 Training Summary: epoch: 40.000000 | loss: 0.398594 | 
Epoch runtime: 0.0 hours, 0.0 minutes, 1.8640785217285156 seconds

Avg epoch train. time: 0.0 hours, 0.0 minutes, 1.818911600112915 seconds
Avg batch train. time: 0.060630386670430504 seconds
Avg sample train. time: 0.0009478434601943278 seconds
Evaluating on validation set ...
Validation runtime: 0.0 hours, 0.0 minutes, 0.2290019989013672 seconds

Avg val. time: 0.0 hours, 0.0 minutes, 0.2095193321054632 seconds
Avg batch val. time: 0.02095193321054632 seconds
Avg sample val. time: 0.00032737395641478623 seconds
Epoch 40 Validation Summary: epoch: 40.000000 | loss: 0.432310 | 
Best loss was 0.07320267800241709. Other metrics: OrderedDict([('epoch', 38), ('loss', 0.07320267800241709)])
All Done!
Total runtime: 0.0 hours, 1.0 minutes, 21.39729881286621 seconds

