Running:
main.py --output_dir experiments/salvador_83248/ --comment regression for salvador_83248 --name salvador_83248_Regression --records_file experiments/salvador_83248/salvador_83248_Regression.xls --data_dir datasets/files/salvador_83248/ --data_class wf --pattern TRAIN --val_pattern TEST --epochs 50 --lr 0.0025 --optimizer RAdam --pos_encoding learnable --task regression

Using device: cpu
Loading and preprocessing data ...
1919 samples may be used for training
640 samples will be used for validation
0 samples will be used for testing
Creating model ...
Model:
TSTransformerEncoderClassiregressor(
  (project_inp): Linear(in_features=5, out_features=64, bias=True)
  (pos_enc): LearnablePositionalEncoding(
    (dropout): Dropout(p=0.1, inplace=False)
  )
  (transformer_encoder): TransformerEncoder(
    (layers): ModuleList(
      (0): TransformerBatchNormEncoderLayer(
        (self_attn): MultiheadAttention(
          (out_proj): NonDynamicallyQuantizableLinear(in_features=64, out_features=64, bias=True)
        )
        (linear1): Linear(in_features=64, out_features=256, bias=True)
        (dropout): Dropout(p=0.1, inplace=False)
        (linear2): Linear(in_features=256, out_features=64, bias=True)
        (norm1): BatchNorm1d(64, eps=1e-05, momentum=0.1, affine=True, track_running_stats=True)
        (norm2): BatchNorm1d(64, eps=1e-05, momentum=0.1, affine=True, track_running_stats=True)
        (dropout1): Dropout(p=0.1, inplace=False)
        (dropout2): Dropout(p=0.1, inplace=False)
      )
      (1): TransformerBatchNormEncoderLayer(
        (self_attn): MultiheadAttention(
          (out_proj): NonDynamicallyQuantizableLinear(in_features=64, out_features=64, bias=True)
        )
        (linear1): Linear(in_features=64, out_features=256, bias=True)
        (dropout): Dropout(p=0.1, inplace=False)
        (linear2): Linear(in_features=256, out_features=64, bias=True)
        (norm1): BatchNorm1d(64, eps=1e-05, momentum=0.1, affine=True, track_running_stats=True)
        (norm2): BatchNorm1d(64, eps=1e-05, momentum=0.1, affine=True, track_running_stats=True)
        (dropout1): Dropout(p=0.1, inplace=False)
        (dropout2): Dropout(p=0.1, inplace=False)
      )
      (2): TransformerBatchNormEncoderLayer(
        (self_attn): MultiheadAttention(
          (out_proj): NonDynamicallyQuantizableLinear(in_features=64, out_features=64, bias=True)
        )
        (linear1): Linear(in_features=64, out_features=256, bias=True)
        (dropout): Dropout(p=0.1, inplace=False)
        (linear2): Linear(in_features=256, out_features=64, bias=True)
        (norm1): BatchNorm1d(64, eps=1e-05, momentum=0.1, affine=True, track_running_stats=True)
        (norm2): BatchNorm1d(64, eps=1e-05, momentum=0.1, affine=True, track_running_stats=True)
        (dropout1): Dropout(p=0.1, inplace=False)
        (dropout2): Dropout(p=0.1, inplace=False)
      )
    )
  )
  (dropout1): Dropout(p=0.1, inplace=False)
  (output_layer): Linear(in_features=1536, out_features=1, bias=True)
)
Total number of parameters: 153409
Trainable parameters: 153409
Evaluating on validation set ...
Validation runtime: 0.0 hours, 0.0 minutes, 0.1758744716644287 seconds

Avg val. time: 0.0 hours, 0.0 minutes, 0.1758744716644287 seconds
Avg batch val. time: 0.017587447166442872 seconds
Avg sample val. time: 0.0002748038619756699 seconds
Epoch 0 Validation Summary: epoch: 0.000000 | loss: 663.703076 | 
Starting training...
Epoch 1 Training Summary: epoch: 1.000000 | loss: 664.384036 | 
Epoch runtime: 0.0 hours, 0.0 minutes, 1.9645133018493652 seconds

Avg epoch train. time: 0.0 hours, 0.0 minutes, 1.9645133018493652 seconds
Avg batch train. time: 0.06548377672831217 seconds
Avg sample train. time: 0.0010237171974202008 seconds
Evaluating on validation set ...
Validation runtime: 0.0 hours, 0.0 minutes, 0.24799132347106934 seconds

Avg val. time: 0.0 hours, 0.0 minutes, 0.21193289756774902 seconds
Avg batch val. time: 0.021193289756774904 seconds
Avg sample val. time: 0.00033114515244960787 seconds
Epoch 1 Validation Summary: epoch: 1.000000 | loss: 580.532916 | 
Epoch 2 Training Summary: epoch: 2.000000 | loss: 472.246606 | 
Epoch runtime: 0.0 hours, 0.0 minutes, 1.9630630016326904 seconds

Avg epoch train. time: 0.0 hours, 0.0 minutes, 1.9637881517410278 seconds
Avg batch train. time: 0.06545960505803426 seconds
Avg sample train. time: 0.0010233393182600458 seconds
Evaluating on validation set ...
Validation runtime: 0.0 hours, 0.0 minutes, 0.2200629711151123 seconds

Avg val. time: 0.0 hours, 0.0 minutes, 0.21464292208353677 seconds
Avg batch val. time: 0.021464292208353677 seconds
Avg sample val. time: 0.0003353795657555262 seconds
Epoch 2 Validation Summary: epoch: 2.000000 | loss: 269.165274 | 
Epoch 3 Training Summary: epoch: 3.000000 | loss: 198.219596 | 
Epoch runtime: 0.0 hours, 0.0 minutes, 2.0116488933563232 seconds

Avg epoch train. time: 0.0 hours, 0.0 minutes, 1.9797417322794597 seconds
Avg batch train. time: 0.065991391075982 seconds
Avg sample train. time: 0.0010316528047313496 seconds
Epoch 4 Training Summary: epoch: 4.000000 | loss: 25.470024 | 
Epoch runtime: 0.0 hours, 0.0 minutes, 1.9588251113891602 seconds

Avg epoch train. time: 0.0 hours, 0.0 minutes, 1.9745125770568848 seconds
Avg batch train. time: 0.06581708590189615 seconds
Avg sample train. time: 0.0010289278671479338 seconds
Evaluating on validation set ...
Validation runtime: 0.0 hours, 0.0 minutes, 0.23799848556518555 seconds

Avg val. time: 0.0 hours, 0.0 minutes, 0.22048181295394897 seconds
Avg batch val. time: 0.022048181295394896 seconds
Avg sample val. time: 0.00034450283274054525 seconds
Epoch 4 Validation Summary: epoch: 4.000000 | loss: 9.626119 | 
Epoch 5 Training Summary: epoch: 5.000000 | loss: 4.166159 | 
Epoch runtime: 0.0 hours, 0.0 minutes, 1.9348621368408203 seconds

Avg epoch train. time: 0.0 hours, 0.0 minutes, 1.9665824890136718 seconds
Avg batch train. time: 0.06555274963378906 seconds
Avg sample train. time: 0.0010247954606637164 seconds
Epoch 6 Training Summary: epoch: 6.000000 | loss: 1.620656 | 
Epoch runtime: 0.0 hours, 0.0 minutes, 1.982994556427002 seconds

Avg epoch train. time: 0.0 hours, 0.0 minutes, 1.9693178335825603 seconds
Avg batch train. time: 0.06564392778608534 seconds
Avg sample train. time: 0.0010262208616897135 seconds
Evaluating on validation set ...
Validation runtime: 0.0 hours, 0.0 minutes, 0.2350003719329834 seconds

Avg val. time: 0.0 hours, 0.0 minutes, 0.22338552474975587 seconds
Avg batch val. time: 0.022338552474975588 seconds
Avg sample val. time: 0.00034903988242149356 seconds
Epoch 6 Validation Summary: epoch: 6.000000 | loss: 5.965543 | 
Epoch 7 Training Summary: epoch: 7.000000 | loss: 0.961247 | 
Epoch runtime: 0.0 hours, 0.0 minutes, 1.9495596885681152 seconds

Avg epoch train. time: 0.0 hours, 0.0 minutes, 1.9664952414376395 seconds
Avg batch train. time: 0.06554984138125465 seconds
Avg sample train. time: 0.0010247499955381135 seconds
Epoch 8 Training Summary: epoch: 8.000000 | loss: 0.663149 | 
Epoch runtime: 0.0 hours, 0.0 minutes, 1.9598357677459717 seconds

Avg epoch train. time: 0.0 hours, 0.0 minutes, 1.965662807226181 seconds
Avg batch train. time: 0.06552209357420603 seconds
Avg sample train. time: 0.0010243162101230751 seconds
Evaluating on validation set ...
Validation runtime: 0.0 hours, 0.0 minutes, 0.24100327491760254 seconds

Avg val. time: 0.0 hours, 0.0 minutes, 0.22632181644439697 seconds
Avg batch val. time: 0.022632181644439697 seconds
Avg sample val. time: 0.00035362783819437027 seconds
Epoch 8 Validation Summary: epoch: 8.000000 | loss: 2.643640 | 
Epoch 9 Training Summary: epoch: 9.000000 | loss: 0.504385 | 
Epoch runtime: 0.0 hours, 0.0 minutes, 1.9945271015167236 seconds

Avg epoch train. time: 0.0 hours, 0.0 minutes, 1.9688699510362413 seconds
Avg batch train. time: 0.06562899836787471 seconds
Avg sample train. time: 0.0010259874679709438 seconds
Epoch 10 Training Summary: epoch: 10.000000 | loss: 0.444696 | 
Epoch runtime: 0.0 hours, 0.0 minutes, 1.999723196029663 seconds

Avg epoch train. time: 0.0 hours, 0.0 minutes, 1.9719552755355836 seconds
Avg batch train. time: 0.06573184251785279 seconds
Avg sample train. time: 0.001027595245198324 seconds
Evaluating on validation set ...
Validation runtime: 0.0 hours, 0.0 minutes, 0.2552800178527832 seconds

Avg val. time: 0.0 hours, 0.0 minutes, 0.23045870235988072 seconds
Avg batch val. time: 0.023045870235988072 seconds
Avg sample val. time: 0.00036009172243731363 seconds
Epoch 10 Validation Summary: epoch: 10.000000 | loss: 3.063078 | 
Epoch 11 Training Summary: epoch: 11.000000 | loss: 0.604706 | 
Epoch runtime: 0.0 hours, 0.0 minutes, 1.961592674255371 seconds

Avg epoch train. time: 0.0 hours, 0.0 minutes, 1.971013220873746 seconds
Avg batch train. time: 0.06570044069579153 seconds
Avg sample train. time: 0.001027104336046767 seconds
Epoch 12 Training Summary: epoch: 12.000000 | loss: 0.874665 | 
Epoch runtime: 0.0 hours, 0.0 minutes, 1.923598051071167 seconds

Avg epoch train. time: 0.0 hours, 0.0 minutes, 1.967061956723531 seconds
Avg batch train. time: 0.06556873189078437 seconds
Avg sample train. time: 0.0010250453135609854 seconds
Evaluating on validation set ...
Validation runtime: 0.0 hours, 0.0 minutes, 0.2390131950378418 seconds

Avg val. time: 0.0 hours, 0.0 minutes, 0.23152801394462585 seconds
Avg batch val. time: 0.023152801394462585 seconds
Avg sample val. time: 0.0003617625217884779 seconds
Epoch 12 Validation Summary: epoch: 12.000000 | loss: 0.207475 | 
Epoch 13 Training Summary: epoch: 13.000000 | loss: 0.488943 | 
Epoch runtime: 0.0 hours, 0.0 minutes, 1.9771904945373535 seconds

Avg epoch train. time: 0.0 hours, 0.0 minutes, 1.967841075016902 seconds
Avg batch train. time: 0.0655947025005634 seconds
Avg sample train. time: 0.0010254513157982813 seconds
Epoch 14 Training Summary: epoch: 14.000000 | loss: 0.445145 | 
Epoch runtime: 0.0 hours, 0.0 minutes, 1.92521333694458 seconds

Avg epoch train. time: 0.0 hours, 0.0 minutes, 1.9647962365831648 seconds
Avg batch train. time: 0.06549320788610549 seconds
Avg sample train. time: 0.0010238646360516753 seconds
Evaluating on validation set ...
Validation runtime: 0.0 hours, 0.0 minutes, 0.23506450653076172 seconds

Avg val. time: 0.0 hours, 0.0 minutes, 0.23192095756530762 seconds
Avg batch val. time: 0.02319209575653076 seconds
Avg sample val. time: 0.00036237649619579314 seconds
Epoch 14 Validation Summary: epoch: 14.000000 | loss: 2.344849 | 
Epoch 15 Training Summary: epoch: 15.000000 | loss: 0.350637 | 
Epoch runtime: 0.0 hours, 0.0 minutes, 1.9673433303833008 seconds

Avg epoch train. time: 0.0 hours, 0.0 minutes, 1.9649660428365072 seconds
Avg batch train. time: 0.06549886809455024 seconds
Avg sample train. time: 0.0010239531228955223 seconds
Epoch 16 Training Summary: epoch: 16.000000 | loss: 0.350678 | 
Epoch runtime: 0.0 hours, 0.0 minutes, 1.9295234680175781 seconds

Avg epoch train. time: 0.0 hours, 0.0 minutes, 1.962750881910324 seconds
Avg batch train. time: 0.06542502939701081 seconds
Avg sample train. time: 0.0010227987920324775 seconds
Evaluating on validation set ...
Validation runtime: 0.0 hours, 0.0 minutes, 0.20899391174316406 seconds

Avg val. time: 0.0 hours, 0.0 minutes, 0.22962825298309325 seconds
Avg batch val. time: 0.022962825298309324 seconds
Avg sample val. time: 0.0003587941452860832 seconds
Epoch 16 Validation Summary: epoch: 16.000000 | loss: 3.179417 | 
Epoch 17 Training Summary: epoch: 17.000000 | loss: 0.391298 | 
Epoch runtime: 0.0 hours, 0.0 minutes, 1.8674817085266113 seconds

Avg epoch train. time: 0.0 hours, 0.0 minutes, 1.9571468128877527 seconds
Avg batch train. time: 0.06523822709625843 seconds
Avg sample train. time: 0.0010198784850900223 seconds
Epoch 18 Training Summary: epoch: 18.000000 | loss: 0.359511 | 
Epoch runtime: 0.0 hours, 0.0 minutes, 1.8603801727294922 seconds

Avg epoch train. time: 0.0 hours, 0.0 minutes, 1.951770888434516 seconds
Avg batch train. time: 0.06505902961448387 seconds
Avg sample train. time: 0.001017077065364521 seconds
Evaluating on validation set ...
Validation runtime: 0.0 hours, 0.0 minutes, 0.20900917053222656 seconds

Avg val. time: 0.0 hours, 0.0 minutes, 0.22775379094210538 seconds
Avg batch val. time: 0.022775379094210537 seconds
Avg sample val. time: 0.00035586529834703964 seconds
Epoch 18 Validation Summary: epoch: 18.000000 | loss: 2.938027 | 
Epoch 19 Training Summary: epoch: 19.000000 | loss: 0.469250 | 
Epoch runtime: 0.0 hours, 0.0 minutes, 1.836268663406372 seconds

Avg epoch train. time: 0.0 hours, 0.0 minutes, 1.9456918239593506 seconds
Avg batch train. time: 0.06485639413197836 seconds
Avg sample train. time: 0.0010139092360392655 seconds
Epoch 20 Training Summary: epoch: 20.000000 | loss: 0.426156 | 
Epoch runtime: 0.0 hours, 0.0 minutes, 1.828118085861206 seconds

Avg epoch train. time: 0.0 hours, 0.0 minutes, 1.9398131370544434 seconds
Avg batch train. time: 0.06466043790181478 seconds
Avg sample train. time: 0.0010108458244160725 seconds
Evaluating on validation set ...
Validation runtime: 0.0 hours, 0.0 minutes, 0.205000638961792 seconds

Avg val. time: 0.0 hours, 0.0 minutes, 0.22585769494374594 seconds
Avg batch val. time: 0.022585769494374595 seconds
Avg sample val. time: 0.00035290264834960305 seconds
Epoch 20 Validation Summary: epoch: 20.000000 | loss: 5.751441 | 
Epoch 21 Training Summary: epoch: 21.000000 | loss: 0.306476 | 
Epoch runtime: 0.0 hours, 0.0 minutes, 1.7765274047851562 seconds

Avg epoch train. time: 0.0 hours, 0.0 minutes, 1.932037625994001 seconds
Avg batch train. time: 0.06440125419980004 seconds
Avg sample train. time: 0.0010067939687305894 seconds
Epoch 22 Training Summary: epoch: 22.000000 | loss: 0.377034 | 
Epoch runtime: 0.0 hours, 0.0 minutes, 1.846003532409668 seconds

Avg epoch train. time: 0.0 hours, 0.0 minutes, 1.9281269853765315 seconds
Avg batch train. time: 0.06427089951255105 seconds
Avg sample train. time: 0.0010047561153603602 seconds
Evaluating on validation set ...
Validation runtime: 0.0 hours, 0.0 minutes, 0.18900752067565918 seconds

Avg val. time: 0.0 hours, 0.0 minutes, 0.2230230661538931 seconds
Avg batch val. time: 0.02230230661538931 seconds
Avg sample val. time: 0.00034847354086545797 seconds
Epoch 22 Validation Summary: epoch: 22.000000 | loss: 4.145836 | 
Epoch 23 Training Summary: epoch: 23.000000 | loss: 0.468583 | 
Epoch runtime: 0.0 hours, 0.0 minutes, 1.7734770774841309 seconds

Avg epoch train. time: 0.0 hours, 0.0 minutes, 1.9214030763377314 seconds
Avg batch train. time: 0.06404676921125771 seconds
Avg sample train. time: 0.0010012522544751077 seconds
Epoch 24 Training Summary: epoch: 24.000000 | loss: 0.427586 | 
Epoch runtime: 0.0 hours, 0.0 minutes, 1.753561019897461 seconds

Avg epoch train. time: 0.0 hours, 0.0 minutes, 1.9144096573193867 seconds
Avg batch train. time: 0.06381365524397956 seconds
Avg sample train. time: 0.0009976079506614835 seconds
Evaluating on validation set ...
Validation runtime: 0.0 hours, 0.0 minutes, 0.21900224685668945 seconds

Avg val. time: 0.0 hours, 0.0 minutes, 0.2227358647755214 seconds
Avg batch val. time: 0.02227358647755214 seconds
Avg sample val. time: 0.0003480247887117522 seconds
Epoch 24 Validation Summary: epoch: 24.000000 | loss: 2.874264 | 
Epoch 25 Training Summary: epoch: 25.000000 | loss: 0.603884 | 
Epoch runtime: 0.0 hours, 0.0 minutes, 1.7813053131103516 seconds

Avg epoch train. time: 0.0 hours, 0.0 minutes, 1.9090854835510254 seconds
Avg batch train. time: 0.06363618278503418 seconds
Avg sample train. time: 0.0009948334984632753 seconds
Epoch 26 Training Summary: epoch: 26.000000 | loss: 0.486033 | 
Epoch runtime: 0.0 hours, 0.0 minutes, 1.746880292892456 seconds

Avg epoch train. time: 0.0 hours, 0.0 minutes, 1.9028468223718495 seconds
Avg batch train. time: 0.06342822741239498 seconds
Avg sample train. time: 0.0009915825025387439 seconds
Evaluating on validation set ...
Validation runtime: 0.0 hours, 0.0 minutes, 0.20652556419372559 seconds

Avg val. time: 0.0 hours, 0.0 minutes, 0.22165517807006835 seconds
Avg batch val. time: 0.022165517807006836 seconds
Avg sample val. time: 0.0003463362157344818 seconds
Epoch 26 Validation Summary: epoch: 26.000000 | loss: 2.405281 | 
Epoch 27 Training Summary: epoch: 27.000000 | loss: 0.381244 | 
Epoch runtime: 0.0 hours, 0.0 minutes, 1.7631213665008545 seconds

Avg epoch train. time: 0.0 hours, 0.0 minutes, 1.8976718054877386 seconds
Avg batch train. time: 0.06325572684959128 seconds
Avg sample train. time: 0.0009888857767002285 seconds
Epoch 28 Training Summary: epoch: 28.000000 | loss: 0.295229 | 
Epoch runtime: 0.0 hours, 0.0 minutes, 1.7378044128417969 seconds

Avg epoch train. time: 0.0 hours, 0.0 minutes, 1.8919622557503837 seconds
Avg batch train. time: 0.06306540852501279 seconds
Avg sample train. time: 0.0009859105032571046 seconds
Evaluating on validation set ...
Validation runtime: 0.0 hours, 0.0 minutes, 0.18100786209106445 seconds

Avg val. time: 0.0 hours, 0.0 minutes, 0.21911472082138062 seconds
Avg batch val. time: 0.02191147208213806 seconds
Avg sample val. time: 0.0003423667512834072 seconds
Epoch 28 Validation Summary: epoch: 28.000000 | loss: 3.043674 | 
Epoch 29 Training Summary: epoch: 29.000000 | loss: 0.415451 | 
Epoch runtime: 0.0 hours, 0.0 minutes, 1.7510340213775635 seconds

Avg epoch train. time: 0.0 hours, 0.0 minutes, 1.8871026614616657 seconds
Avg batch train. time: 0.0629034220487222 seconds
Avg sample train. time: 0.0009833781456287992 seconds
Epoch 30 Training Summary: epoch: 30.000000 | loss: 0.343885 | 
Epoch runtime: 0.0 hours, 0.0 minutes, 1.7726993560791016 seconds

Avg epoch train. time: 0.0 hours, 0.0 minutes, 1.8832892179489136 seconds
Avg batch train. time: 0.06277630726496379 seconds
Avg sample train. time: 0.0009813909421307523 seconds
Evaluating on validation set ...
Validation runtime: 0.0 hours, 0.0 minutes, 0.20800042152404785 seconds

Avg val. time: 0.0 hours, 0.0 minutes, 0.2184609385097728 seconds
Avg batch val. time: 0.02184609385097728 seconds
Avg sample val. time: 0.00034134521642152 seconds
Epoch 30 Validation Summary: epoch: 30.000000 | loss: 0.119250 | 
Epoch 31 Training Summary: epoch: 31.000000 | loss: 0.455965 | 
Epoch runtime: 0.0 hours, 0.0 minutes, 1.8099896907806396 seconds

Avg epoch train. time: 0.0 hours, 0.0 minutes, 1.8809247170725176 seconds
Avg batch train. time: 0.06269749056908393 seconds
Avg sample train. time: 0.0009801587895114734 seconds
Epoch 32 Training Summary: epoch: 32.000000 | loss: 0.419253 | 
Epoch runtime: 0.0 hours, 0.0 minutes, 1.8240258693695068 seconds

Avg epoch train. time: 0.0 hours, 0.0 minutes, 1.8791466280817986 seconds
Avg batch train. time: 0.06263822093605995 seconds
Avg sample train. time: 0.0009792322189066172 seconds
Evaluating on validation set ...
Validation runtime: 0.0 hours, 0.0 minutes, 0.20699429512023926 seconds

Avg val. time: 0.0 hours, 0.0 minutes, 0.21782390276590982 seconds
Avg batch val. time: 0.02178239027659098 seconds
Avg sample val. time: 0.0003403498480717341 seconds
Epoch 32 Validation Summary: epoch: 32.000000 | loss: 2.829184 | 
Epoch 33 Training Summary: epoch: 33.000000 | loss: 0.535801 | 
Epoch runtime: 0.0 hours, 0.0 minutes, 1.8261983394622803 seconds

Avg epoch train. time: 0.0 hours, 0.0 minutes, 1.8775421344872676 seconds
Avg batch train. time: 0.06258473781624226 seconds
Avg sample train. time: 0.0009783961096859132 seconds
Epoch 34 Training Summary: epoch: 34.000000 | loss: 0.411475 | 
Epoch runtime: 0.0 hours, 0.0 minutes, 1.7961857318878174 seconds

Avg epoch train. time: 0.0 hours, 0.0 minutes, 1.8751492991166956 seconds
Avg batch train. time: 0.06250497663722318 seconds
Avg sample train. time: 0.0009771491918273557 seconds
Evaluating on validation set ...
Validation runtime: 0.0 hours, 0.0 minutes, 0.2250077724456787 seconds

Avg val. time: 0.0 hours, 0.0 minutes, 0.21820200117010818 seconds
Avg batch val. time: 0.02182020011701082 seconds
Avg sample val. time: 0.00034094062682829405 seconds
Epoch 34 Validation Summary: epoch: 34.000000 | loss: 4.635191 | 
Epoch 35 Training Summary: epoch: 35.000000 | loss: 0.597035 | 
Epoch runtime: 0.0 hours, 0.0 minutes, 1.8454704284667969 seconds

Avg epoch train. time: 0.0 hours, 0.0 minutes, 1.8743013313838415 seconds
Avg batch train. time: 0.06247671104612805 seconds
Avg sample train. time: 0.0009767073118206575 seconds
Epoch 36 Training Summary: epoch: 36.000000 | loss: 0.466287 | 
Epoch runtime: 0.0 hours, 0.0 minutes, 1.8253026008605957 seconds

Avg epoch train. time: 0.0 hours, 0.0 minutes, 1.8729402555359735 seconds
Avg batch train. time: 0.06243134185119912 seconds
Avg sample train. time: 0.0009759980487420393 seconds
Evaluating on validation set ...
Validation runtime: 0.0 hours, 0.0 minutes, 0.22839808464050293 seconds

Avg val. time: 0.0 hours, 0.0 minutes, 0.21871180534362794 seconds
Avg batch val. time: 0.021871180534362794 seconds
Avg sample val. time: 0.00034173719584941866 seconds
Epoch 36 Validation Summary: epoch: 36.000000 | loss: 1.259461 | 
Epoch 37 Training Summary: epoch: 37.000000 | loss: 0.366269 | 
Epoch runtime: 0.0 hours, 0.0 minutes, 1.949927806854248 seconds

Avg epoch train. time: 0.0 hours, 0.0 minutes, 1.875021000166197 seconds
Avg batch train. time: 0.06250070000553991 seconds
Avg sample train. time: 0.0009770823346358505 seconds
Epoch 38 Training Summary: epoch: 38.000000 | loss: 0.478411 | 
Epoch runtime: 0.0 hours, 0.0 minutes, 2.1221795082092285 seconds

Avg epoch train. time: 0.0 hours, 0.0 minutes, 1.8815251714304875 seconds
Avg batch train. time: 0.06271750571434959 seconds
Avg sample train. time: 0.0009804716891247981 seconds
Evaluating on validation set ...
Validation runtime: 0.0 hours, 0.0 minutes, 0.23952245712280273 seconds

Avg val. time: 0.0 hours, 0.0 minutes, 0.21970278876168386 seconds
Avg batch val. time: 0.021970278876168387 seconds
Avg sample val. time: 0.00034328560744013105 seconds
Epoch 38 Validation Summary: epoch: 38.000000 | loss: 1.231691 | 
Epoch 39 Training Summary: epoch: 39.000000 | loss: 0.801106 | 
Epoch runtime: 0.0 hours, 0.0 minutes, 2.2245523929595947 seconds

Avg epoch train. time: 0.0 hours, 0.0 minutes, 1.890320741213285 seconds
Avg batch train. time: 0.06301069137377617 seconds
Avg sample train. time: 0.0009850551022476733 seconds
Epoch 40 Training Summary: epoch: 40.000000 | loss: 0.491201 | 
Epoch runtime: 0.0 hours, 0.0 minutes, 2.4920456409454346 seconds

Avg epoch train. time: 0.0 hours, 0.0 minutes, 1.9053638637065888 seconds
Avg batch train. time: 0.06351212879021963 seconds
Avg sample train. time: 0.0009928941447142202 seconds
Evaluating on validation set ...
Validation runtime: 0.0 hours, 0.0 minutes, 0.3532407283782959 seconds

Avg val. time: 0.0 hours, 0.0 minutes, 0.22577269510789352 seconds
Avg batch val. time: 0.022577269510789352 seconds
Avg sample val. time: 0.00035276983610608363 seconds
Epoch 40 Validation Summary: epoch: 40.000000 | loss: 4.417012 | 
Epoch 41 Training Summary: epoch: 41.000000 | loss: 0.423625 | 
Epoch runtime: 0.0 hours, 0.0 minutes, 2.6744370460510254 seconds

Avg epoch train. time: 0.0 hours, 0.0 minutes, 1.9241217462027944 seconds
Avg batch train. time: 0.06413739154009315 seconds
Avg sample train. time: 0.001002668966233869 seconds
Epoch 42 Training Summary: epoch: 42.000000 | loss: 0.560798 | 
Epoch runtime: 0.0 hours, 0.0 minutes, 2.650926351547241 seconds

Avg epoch train. time: 0.0 hours, 0.0 minutes, 1.9414266177586146 seconds
Avg batch train. time: 0.06471422059195382 seconds
Avg sample train. time: 0.0010116866168622275 seconds
Evaluating on validation set ...
Validation runtime: 0.0 hours, 0.0 minutes, 0.3299992084503174 seconds

Avg val. time: 0.0 hours, 0.0 minutes, 0.23030428264452063 seconds
Avg batch val. time: 0.023030428264452063 seconds
Avg sample val. time: 0.0003598504416320635 seconds
Epoch 42 Validation Summary: epoch: 42.000000 | loss: 0.651645 | 
Epoch 43 Training Summary: epoch: 43.000000 | loss: 0.358688 | 
Epoch runtime: 0.0 hours, 0.0 minutes, 2.9742591381073 seconds

Avg epoch train. time: 0.0 hours, 0.0 minutes, 1.9654459786969563 seconds
Avg batch train. time: 0.06551486595656521 seconds
Avg sample train. time: 0.0010242032197482836 seconds
Epoch 44 Training Summary: epoch: 44.000000 | loss: 0.306874 | 
Epoch runtime: 0.0 hours, 0.0 minutes, 3.1646499633789062 seconds

Avg epoch train. time: 0.0 hours, 0.0 minutes, 1.992700614712455 seconds
Avg batch train. time: 0.0664233538237485 seconds
Avg sample train. time: 0.0010384057398188926 seconds
Evaluating on validation set ...
Validation runtime: 0.0 hours, 0.0 minutes, 0.3360004425048828 seconds

Avg val. time: 0.0 hours, 0.0 minutes, 0.23470828930536905 seconds
Avg batch val. time: 0.023470828930536904 seconds
Avg sample val. time: 0.0003667317020396391 seconds
Epoch 44 Validation Summary: epoch: 44.000000 | loss: 1.700348 | 
Epoch 45 Training Summary: epoch: 45.000000 | loss: 0.474265 | 
Epoch runtime: 0.0 hours, 0.0 minutes, 2.7435853481292725 seconds

Avg epoch train. time: 0.0 hours, 0.0 minutes, 2.0093869421217176 seconds
Avg batch train. time: 0.06697956473739058 seconds
Avg sample train. time: 0.0010471010641593108 seconds
Epoch 46 Training Summary: epoch: 46.000000 | loss: 0.331480 | 
Epoch runtime: 0.0 hours, 0.0 minutes, 3.0337107181549072 seconds

Avg epoch train. time: 0.0 hours, 0.0 minutes, 2.031654850296352 seconds
Avg batch train. time: 0.06772182834321173 seconds
Avg sample train. time: 0.001058704976704717 seconds
Evaluating on validation set ...
Validation runtime: 0.0 hours, 0.0 minutes, 0.3307018280029297 seconds

Avg val. time: 0.0 hours, 0.0 minutes, 0.23854803085327148 seconds
Avg batch val. time: 0.02385480308532715 seconds
Avg sample val. time: 0.0003727312982082367 seconds
Epoch 46 Validation Summary: epoch: 46.000000 | loss: 2.494713 | 
Epoch 47 Training Summary: epoch: 47.000000 | loss: 0.416340 | 
Epoch runtime: 0.0 hours, 0.0 minutes, 2.5731499195098877 seconds

Avg epoch train. time: 0.0 hours, 0.0 minutes, 2.0431760219817465 seconds
Avg batch train. time: 0.06810586739939155 seconds
Avg sample train. time: 0.0010647087139039847 seconds
Epoch 48 Training Summary: epoch: 48.000000 | loss: 0.408158 | 
Epoch runtime: 0.0 hours, 0.0 minutes, 2.3171026706695557 seconds

Avg epoch train. time: 0.0 hours, 0.0 minutes, 2.0488828271627426 seconds
Avg batch train. time: 0.06829609423875808 seconds
Avg sample train. time: 0.0010676825571457752 seconds
Evaluating on validation set ...
Validation runtime: 0.0 hours, 0.0 minutes, 0.33099794387817383 seconds

Avg val. time: 0.0 hours, 0.0 minutes, 0.24210379673884466 seconds
Avg batch val. time: 0.024210379673884466 seconds
Avg sample val. time: 0.0003782871824044448 seconds
Epoch 48 Validation Summary: epoch: 48.000000 | loss: 4.863172 | 
Epoch 49 Training Summary: epoch: 49.000000 | loss: 0.420340 | 
Epoch runtime: 0.0 hours, 0.0 minutes, 2.4431262016296387 seconds

Avg epoch train. time: 0.0 hours, 0.0 minutes, 2.0569286103151283 seconds
Avg batch train. time: 0.06856428701050428 seconds
Avg sample train. time: 0.0010718752529000146 seconds
Epoch 50 Training Summary: epoch: 50.000000 | loss: 0.641394 | 
Epoch runtime: 0.0 hours, 0.0 minutes, 2.2968077659606934 seconds

Avg epoch train. time: 0.0 hours, 0.0 minutes, 2.0617261934280395 seconds
Avg batch train. time: 0.06872420644760131 seconds
Avg sample train. time: 0.001074375296210547 seconds
Evaluating on validation set ...
Validation runtime: 0.0 hours, 0.0 minutes, 0.2613704204559326 seconds

Avg val. time: 0.0 hours, 0.0 minutes, 0.2428173753950331 seconds
Avg batch val. time: 0.024281737539503308 seconds
Avg sample val. time: 0.0003794021490547392 seconds
Epoch 50 Validation Summary: epoch: 50.000000 | loss: 1.424764 | 
Best loss was 0.11924985237419605. Other metrics: OrderedDict([('epoch', 30), ('loss', 0.11924985237419605)])
All Done!
Total runtime: 0.0 hours, 1.0 minutes, 53.998400926589966 seconds

