Running:
main.py --output_dir experiments/salvador_83248/ --comment regression for salvador_83248 --name salvador_83248_Regression --records_file experiments/salvador_83248/salvador_83248_Regression.xls --data_dir datasets/files/salvador_83248/ --data_class wf --pattern TRAIN --val_pattern TEST --epochs 50 --lr 0.005 --optimizer RAdam --pos_encoding learnable --task regression

Using device: cpu
Loading and preprocessing data ...
1919 samples may be used for training
640 samples will be used for validation
0 samples will be used for testing
Creating model ...
Model:
TSTransformerEncoderClassiregressor(
  (project_inp): Linear(in_features=5, out_features=64, bias=True)
  (pos_enc): LearnablePositionalEncoding(
    (dropout): Dropout(p=0.1, inplace=False)
  )
  (transformer_encoder): TransformerEncoder(
    (layers): ModuleList(
      (0): TransformerBatchNormEncoderLayer(
        (self_attn): MultiheadAttention(
          (out_proj): NonDynamicallyQuantizableLinear(in_features=64, out_features=64, bias=True)
        )
        (linear1): Linear(in_features=64, out_features=256, bias=True)
        (dropout): Dropout(p=0.1, inplace=False)
        (linear2): Linear(in_features=256, out_features=64, bias=True)
        (norm1): BatchNorm1d(64, eps=1e-05, momentum=0.1, affine=True, track_running_stats=True)
        (norm2): BatchNorm1d(64, eps=1e-05, momentum=0.1, affine=True, track_running_stats=True)
        (dropout1): Dropout(p=0.1, inplace=False)
        (dropout2): Dropout(p=0.1, inplace=False)
      )
      (1): TransformerBatchNormEncoderLayer(
        (self_attn): MultiheadAttention(
          (out_proj): NonDynamicallyQuantizableLinear(in_features=64, out_features=64, bias=True)
        )
        (linear1): Linear(in_features=64, out_features=256, bias=True)
        (dropout): Dropout(p=0.1, inplace=False)
        (linear2): Linear(in_features=256, out_features=64, bias=True)
        (norm1): BatchNorm1d(64, eps=1e-05, momentum=0.1, affine=True, track_running_stats=True)
        (norm2): BatchNorm1d(64, eps=1e-05, momentum=0.1, affine=True, track_running_stats=True)
        (dropout1): Dropout(p=0.1, inplace=False)
        (dropout2): Dropout(p=0.1, inplace=False)
      )
      (2): TransformerBatchNormEncoderLayer(
        (self_attn): MultiheadAttention(
          (out_proj): NonDynamicallyQuantizableLinear(in_features=64, out_features=64, bias=True)
        )
        (linear1): Linear(in_features=64, out_features=256, bias=True)
        (dropout): Dropout(p=0.1, inplace=False)
        (linear2): Linear(in_features=256, out_features=64, bias=True)
        (norm1): BatchNorm1d(64, eps=1e-05, momentum=0.1, affine=True, track_running_stats=True)
        (norm2): BatchNorm1d(64, eps=1e-05, momentum=0.1, affine=True, track_running_stats=True)
        (dropout1): Dropout(p=0.1, inplace=False)
        (dropout2): Dropout(p=0.1, inplace=False)
      )
    )
  )
  (dropout1): Dropout(p=0.1, inplace=False)
  (output_layer): Linear(in_features=1536, out_features=1, bias=True)
)
Total number of parameters: 153409
Trainable parameters: 153409
Evaluating on validation set ...
Validation runtime: 0.0 hours, 0.0 minutes, 0.18099331855773926 seconds

Avg val. time: 0.0 hours, 0.0 minutes, 0.18099331855773926 seconds
Avg batch val. time: 0.018099331855773927 seconds
Avg sample val. time: 0.0002828020602464676 seconds
Epoch 0 Validation Summary: epoch: 0.000000 | loss: 629.603464 | 
Starting training...
Epoch 1 Training Summary: epoch: 1.000000 | loss: 611.222971 | 
Epoch runtime: 0.0 hours, 0.0 minutes, 1.9186813831329346 seconds

Avg epoch train. time: 0.0 hours, 0.0 minutes, 1.9186813831329346 seconds
Avg batch train. time: 0.06395604610443115 seconds
Avg sample train. time: 0.000999833967239674 seconds
Evaluating on validation set ...
Validation runtime: 0.0 hours, 0.0 minutes, 0.21399927139282227 seconds

Avg val. time: 0.0 hours, 0.0 minutes, 0.19749629497528076 seconds
Avg batch val. time: 0.019749629497528075 seconds
Avg sample val. time: 0.0003085879608988762 seconds
Epoch 1 Validation Summary: epoch: 1.000000 | loss: 401.934451 | 
Epoch 2 Training Summary: epoch: 2.000000 | loss: 265.559931 | 
Epoch runtime: 0.0 hours, 0.0 minutes, 1.9561715126037598 seconds

Avg epoch train. time: 0.0 hours, 0.0 minutes, 1.9374264478683472 seconds
Avg batch train. time: 0.06458088159561157 seconds
Avg sample train. time: 0.0010096021093633908 seconds
Evaluating on validation set ...
Validation runtime: 0.0 hours, 0.0 minutes, 0.2245779037475586 seconds

Avg val. time: 0.0 hours, 0.0 minutes, 0.20652349789937338 seconds
Avg batch val. time: 0.020652349789937338 seconds
Avg sample val. time: 0.0003226929654677709 seconds
Epoch 2 Validation Summary: epoch: 2.000000 | loss: 57.198266 | 
Epoch 3 Training Summary: epoch: 3.000000 | loss: 17.029218 | 
Epoch runtime: 0.0 hours, 0.0 minutes, 1.9075546264648438 seconds

Avg epoch train. time: 0.0 hours, 0.0 minutes, 1.9274691740671794 seconds
Avg batch train. time: 0.06424897246890598 seconds
Avg sample train. time: 0.0010044133267676808 seconds
Epoch 4 Training Summary: epoch: 4.000000 | loss: 1.732730 | 
Epoch runtime: 0.0 hours, 0.0 minutes, 1.9113614559173584 seconds

Avg epoch train. time: 0.0 hours, 0.0 minutes, 1.9234422445297241 seconds
Avg batch train. time: 0.06411474148432414 seconds
Avg sample train. time: 0.001002314874689799 seconds
Evaluating on validation set ...
Validation runtime: 0.0 hours, 0.0 minutes, 0.20999789237976074 seconds

Avg val. time: 0.0 hours, 0.0 minutes, 0.20739209651947021 seconds
Avg batch val. time: 0.020739209651947022 seconds
Avg sample val. time: 0.0003240501508116722 seconds
Epoch 4 Validation Summary: epoch: 4.000000 | loss: 2.563041 | 
Epoch 5 Training Summary: epoch: 5.000000 | loss: 0.953790 | 
Epoch runtime: 0.0 hours, 0.0 minutes, 1.8864524364471436 seconds

Avg epoch train. time: 0.0 hours, 0.0 minutes, 1.916044282913208 seconds
Avg batch train. time: 0.0638681427637736 seconds
Avg sample train. time: 0.0009984597618099052 seconds
Epoch 6 Training Summary: epoch: 6.000000 | loss: 0.806325 | 
Epoch runtime: 0.0 hours, 0.0 minutes, 1.8144111633300781 seconds

Avg epoch train. time: 0.0 hours, 0.0 minutes, 1.899105429649353 seconds
Avg batch train. time: 0.0633035143216451 seconds
Avg sample train. time: 0.0009896328450491678 seconds
Evaluating on validation set ...
Validation runtime: 0.0 hours, 0.0 minutes, 0.21492695808410645 seconds

Avg val. time: 0.0 hours, 0.0 minutes, 0.20889906883239745 seconds
Avg batch val. time: 0.020889906883239745 seconds
Avg sample val. time: 0.000326404795050621 seconds
Epoch 6 Validation Summary: epoch: 6.000000 | loss: 3.656176 | 
Epoch 7 Training Summary: epoch: 7.000000 | loss: 0.515154 | 
Epoch runtime: 0.0 hours, 0.0 minutes, 1.8043181896209717 seconds

Avg epoch train. time: 0.0 hours, 0.0 minutes, 1.8855643953595842 seconds
Avg batch train. time: 0.06285214651198615 seconds
Avg sample train. time: 0.000982576547868465 seconds
Epoch 8 Training Summary: epoch: 8.000000 | loss: 0.462562 | 
Epoch runtime: 0.0 hours, 0.0 minutes, 1.8285551071166992 seconds

Avg epoch train. time: 0.0 hours, 0.0 minutes, 1.8784382343292236 seconds
Avg batch train. time: 0.06261460781097412 seconds
Avg sample train. time: 0.0009788630715629096 seconds
Evaluating on validation set ...
Validation runtime: 0.0 hours, 0.0 minutes, 0.20700383186340332 seconds

Avg val. time: 0.0 hours, 0.0 minutes, 0.20858319600423178 seconds
Avg batch val. time: 0.020858319600423177 seconds
Avg sample val. time: 0.00032591124375661213 seconds
Epoch 8 Validation Summary: epoch: 8.000000 | loss: 4.404720 | 
Epoch 9 Training Summary: epoch: 9.000000 | loss: 0.612434 | 
Epoch runtime: 0.0 hours, 0.0 minutes, 1.7453587055206299 seconds

Avg epoch train. time: 0.0 hours, 0.0 minutes, 1.8636516200171576 seconds
Avg batch train. time: 0.06212172066723858 seconds
Avg sample train. time: 0.000971157696725981 seconds
Epoch 10 Training Summary: epoch: 10.000000 | loss: 0.468125 | 
Epoch runtime: 0.0 hours, 0.0 minutes, 1.8332090377807617 seconds

Avg epoch train. time: 0.0 hours, 0.0 minutes, 1.8606073617935182 seconds
Avg batch train. time: 0.06202024539311727 seconds
Avg sample train. time: 0.0009695713193296082 seconds
Evaluating on validation set ...
Validation runtime: 0.0 hours, 0.0 minutes, 0.21231532096862793 seconds

Avg val. time: 0.0 hours, 0.0 minutes, 0.20911635671343123 seconds
Avg batch val. time: 0.020911635671343125 seconds
Avg sample val. time: 0.0003267443073647363 seconds
Epoch 10 Validation Summary: epoch: 10.000000 | loss: 0.731713 | 
Epoch 11 Training Summary: epoch: 11.000000 | loss: 0.539717 | 
Epoch runtime: 0.0 hours, 0.0 minutes, 1.799511194229126 seconds

Avg epoch train. time: 0.0 hours, 0.0 minutes, 1.8550531647422097 seconds
Avg batch train. time: 0.06183510549140699 seconds
Avg sample train. time: 0.0009666770009078737 seconds
Epoch 12 Training Summary: epoch: 12.000000 | loss: 0.386526 | 
Epoch runtime: 0.0 hours, 0.0 minutes, 1.8015103340148926 seconds

Avg epoch train. time: 0.0 hours, 0.0 minutes, 1.8505912621815999 seconds
Avg batch train. time: 0.06168637540605333 seconds
Avg sample train. time: 0.0009643518823249608 seconds
Evaluating on validation set ...
Validation runtime: 0.0 hours, 0.0 minutes, 0.2047100067138672 seconds

Avg val. time: 0.0 hours, 0.0 minutes, 0.20856556296348572 seconds
Avg batch val. time: 0.020856556296348572 seconds
Avg sample val. time: 0.00032588369213044644 seconds
Epoch 12 Validation Summary: epoch: 12.000000 | loss: 2.990811 | 
Epoch 13 Training Summary: epoch: 13.000000 | loss: 0.477667 | 
Epoch runtime: 0.0 hours, 0.0 minutes, 1.7740590572357178 seconds

Avg epoch train. time: 0.0 hours, 0.0 minutes, 1.8447041694934552 seconds
Avg batch train. time: 0.06149013898311517 seconds
Avg sample train. time: 0.0009612840904082622 seconds
Epoch 14 Training Summary: epoch: 14.000000 | loss: 0.846845 | 
Epoch runtime: 0.0 hours, 0.0 minutes, 1.7705094814300537 seconds

Avg epoch train. time: 0.0 hours, 0.0 minutes, 1.839404548917498 seconds
Avg batch train. time: 0.0613134849639166 seconds
Avg sample train. time: 0.0009585224329950484 seconds
Evaluating on validation set ...
Validation runtime: 0.0 hours, 0.0 minutes, 0.2039952278137207 seconds

Avg val. time: 0.0 hours, 0.0 minutes, 0.20805774794684517 seconds
Avg batch val. time: 0.02080577479468452 seconds
Avg sample val. time: 0.0003250902311669456 seconds
Epoch 14 Validation Summary: epoch: 14.000000 | loss: 3.223978 | 
Epoch 15 Training Summary: epoch: 15.000000 | loss: 0.381255 | 
Epoch runtime: 0.0 hours, 0.0 minutes, 1.768571138381958 seconds

Avg epoch train. time: 0.0 hours, 0.0 minutes, 1.834682321548462 seconds
Avg batch train. time: 0.061156077384948736 seconds
Avg sample train. time: 0.0009560616579199906 seconds
Epoch 16 Training Summary: epoch: 16.000000 | loss: 0.536020 | 
Epoch runtime: 0.0 hours, 0.0 minutes, 1.8236565589904785 seconds

Avg epoch train. time: 0.0 hours, 0.0 minutes, 1.833993211388588 seconds
Avg batch train. time: 0.061133107046286266 seconds
Avg sample train. time: 0.0009557025593478832 seconds
Evaluating on validation set ...
Validation runtime: 0.0 hours, 0.0 minutes, 0.21951627731323242 seconds

Avg val. time: 0.0 hours, 0.0 minutes, 0.2092036008834839 seconds
Avg batch val. time: 0.02092036008834839 seconds
Avg sample val. time: 0.0003268806263804436 seconds
Epoch 16 Validation Summary: epoch: 16.000000 | loss: 4.488019 | 
Epoch 17 Training Summary: epoch: 17.000000 | loss: 0.405146 | 
Epoch runtime: 0.0 hours, 0.0 minutes, 1.8331999778747559 seconds

Avg epoch train. time: 0.0 hours, 0.0 minutes, 1.8339465505936567 seconds
Avg batch train. time: 0.061131551686455225 seconds
Avg sample train. time: 0.0009556782441863766 seconds
Epoch 18 Training Summary: epoch: 18.000000 | loss: 0.445026 | 
Epoch runtime: 0.0 hours, 0.0 minutes, 1.849724531173706 seconds

Avg epoch train. time: 0.0 hours, 0.0 minutes, 1.834823105070326 seconds
Avg batch train. time: 0.06116077016901087 seconds
Avg sample train. time: 0.000956135020880837 seconds
Evaluating on validation set ...
Validation runtime: 0.0 hours, 0.0 minutes, 0.2060246467590332 seconds

Avg val. time: 0.0 hours, 0.0 minutes, 0.20891460505398837 seconds
Avg batch val. time: 0.020891460505398838 seconds
Avg sample val. time: 0.00032642907039685684 seconds
Epoch 18 Validation Summary: epoch: 18.000000 | loss: 3.000196 | 
Epoch 19 Training Summary: epoch: 19.000000 | loss: 0.619903 | 
Epoch runtime: 0.0 hours, 0.0 minutes, 1.8645119667053223 seconds

Avg epoch train. time: 0.0 hours, 0.0 minutes, 1.836385676735326 seconds
Avg batch train. time: 0.06121285589117753 seconds
Avg sample train. time: 0.0009569492843852662 seconds
Epoch 20 Training Summary: epoch: 20.000000 | loss: 0.425312 | 
Epoch runtime: 0.0 hours, 0.0 minutes, 1.875627040863037 seconds

Avg epoch train. time: 0.0 hours, 0.0 minutes, 1.8383477449417114 seconds
Avg batch train. time: 0.061278258164723716 seconds
Avg sample train. time: 0.0009579717274318454 seconds
Evaluating on validation set ...
Validation runtime: 0.0 hours, 0.0 minutes, 0.2320094108581543 seconds

Avg val. time: 0.0 hours, 0.0 minutes, 0.21083917220433554 seconds
Avg batch val. time: 0.021083917220433554 seconds
Avg sample val. time: 0.0003294362065692743 seconds
Epoch 20 Validation Summary: epoch: 20.000000 | loss: 2.416878 | 
Epoch 21 Training Summary: epoch: 21.000000 | loss: 0.419776 | 
Epoch runtime: 0.0 hours, 0.0 minutes, 1.917654275894165 seconds

Avg epoch train. time: 0.0 hours, 0.0 minutes, 1.8421242464156378 seconds
Avg batch train. time: 0.06140414154718792 seconds
Avg sample train. time: 0.0009599396802582792 seconds
Epoch 22 Training Summary: epoch: 22.000000 | loss: 0.711570 | 
Epoch runtime: 0.0 hours, 0.0 minutes, 1.9236276149749756 seconds

Avg epoch train. time: 0.0 hours, 0.0 minutes, 1.8458289449865168 seconds
Avg batch train. time: 0.06152763149955056 seconds
Avg sample train. time: 0.0009618702162514419 seconds
Evaluating on validation set ...
Validation runtime: 0.0 hours, 0.0 minutes, 0.22099852561950684 seconds

Avg val. time: 0.0 hours, 0.0 minutes, 0.21162066092857948 seconds
Avg batch val. time: 0.021162066092857947 seconds
Avg sample val. time: 0.0003306572827009054 seconds
Epoch 22 Validation Summary: epoch: 22.000000 | loss: 2.693972 | 
Epoch 23 Training Summary: epoch: 23.000000 | loss: 0.583767 | 
Epoch runtime: 0.0 hours, 0.0 minutes, 1.943861484527588 seconds

Avg epoch train. time: 0.0 hours, 0.0 minutes, 1.8500912293143894 seconds
Avg batch train. time: 0.06166970764381298 seconds
Avg sample train. time: 0.0009640913128266751 seconds
Epoch 24 Training Summary: epoch: 24.000000 | loss: 0.570441 | 
Epoch runtime: 0.0 hours, 0.0 minutes, 1.9671247005462646 seconds

Avg epoch train. time: 0.0 hours, 0.0 minutes, 1.854967623949051 seconds
Avg batch train. time: 0.06183225413163503 seconds
Avg sample train. time: 0.0009666324251949197 seconds
Evaluating on validation set ...
Validation runtime: 0.0 hours, 0.0 minutes, 0.23298907279968262 seconds

Avg val. time: 0.0 hours, 0.0 minutes, 0.2131469760622297 seconds
Avg batch val. time: 0.02131469760622297 seconds
Avg sample val. time: 0.00033304215009723393 seconds
Epoch 24 Validation Summary: epoch: 24.000000 | loss: 1.834274 | 
Epoch 25 Training Summary: epoch: 25.000000 | loss: 0.485373 | 
Epoch runtime: 0.0 hours, 0.0 minutes, 1.9470117092132568 seconds

Avg epoch train. time: 0.0 hours, 0.0 minutes, 1.858649387359619 seconds
Avg batch train. time: 0.061954979578653965 seconds
Avg sample train. time: 0.0009685510095672846 seconds
Epoch 26 Training Summary: epoch: 26.000000 | loss: 0.531663 | 
Epoch runtime: 0.0 hours, 0.0 minutes, 1.977217197418213 seconds

Avg epoch train. time: 0.0 hours, 0.0 minutes, 1.863209687746488 seconds
Avg batch train. time: 0.0621069895915496 seconds
Avg sample train. time: 0.0009709274037240688 seconds
Evaluating on validation set ...
Validation runtime: 0.0 hours, 0.0 minutes, 0.23600125312805176 seconds

Avg val. time: 0.0 hours, 0.0 minutes, 0.2146705945332845 seconds
Avg batch val. time: 0.021467059453328448 seconds
Avg sample val. time: 0.000335422803958257 seconds
Epoch 26 Validation Summary: epoch: 26.000000 | loss: 0.932771 | 
Epoch 27 Training Summary: epoch: 27.000000 | loss: 0.646396 | 
Epoch runtime: 0.0 hours, 0.0 minutes, 1.9893240928649902 seconds

Avg epoch train. time: 0.0 hours, 0.0 minutes, 1.867880591639766 seconds
Avg batch train. time: 0.0622626863879922 seconds
Avg sample train. time: 0.0009733614338925305 seconds
Epoch 28 Training Summary: epoch: 28.000000 | loss: 0.520488 | 
Epoch runtime: 0.0 hours, 0.0 minutes, 1.9918997287750244 seconds

Avg epoch train. time: 0.0 hours, 0.0 minutes, 1.8723098465374537 seconds
Avg batch train. time: 0.062410328217915124 seconds
Avg sample train. time: 0.0009756695396234777 seconds
Evaluating on validation set ...
Validation runtime: 0.0 hours, 0.0 minutes, 0.25250673294067383 seconds

Avg val. time: 0.0 hours, 0.0 minutes, 0.21703535318374634 seconds
Avg batch val. time: 0.021703535318374635 seconds
Avg sample val. time: 0.0003391177393496037 seconds
Epoch 28 Validation Summary: epoch: 28.000000 | loss: 0.518713 | 
Epoch 29 Training Summary: epoch: 29.000000 | loss: 0.650249 | 
Epoch runtime: 0.0 hours, 0.0 minutes, 2.122131824493408 seconds

Avg epoch train. time: 0.0 hours, 0.0 minutes, 1.8809243975014522 seconds
Avg batch train. time: 0.06269747991671508 seconds
Avg sample train. time: 0.000980158622981476 seconds
Epoch 30 Training Summary: epoch: 30.000000 | loss: 0.475193 | 
Epoch runtime: 0.0 hours, 0.0 minutes, 1.9672930240631104 seconds

Avg epoch train. time: 0.0 hours, 0.0 minutes, 1.8838033517201742 seconds
Avg batch train. time: 0.06279344505733914 seconds
Avg sample train. time: 0.0009816588596770059 seconds
Evaluating on validation set ...
Validation runtime: 0.0 hours, 0.0 minutes, 0.22853374481201172 seconds

Avg val. time: 0.0 hours, 0.0 minutes, 0.21771172916187959 seconds
Avg batch val. time: 0.021771172916187957 seconds
Avg sample val. time: 0.00034017457681543683 seconds
Epoch 30 Validation Summary: epoch: 30.000000 | loss: 2.407893 | 
Epoch 31 Training Summary: epoch: 31.000000 | loss: 0.488492 | 
Epoch runtime: 0.0 hours, 0.0 minutes, 1.989081859588623 seconds

Avg epoch train. time: 0.0 hours, 0.0 minutes, 1.8871994326191563 seconds
Avg batch train. time: 0.06290664775397188 seconds
Avg sample train. time: 0.0009834285735378615 seconds
Epoch 32 Training Summary: epoch: 32.000000 | loss: 0.556341 | 
Epoch runtime: 0.0 hours, 0.0 minutes, 2.024144172668457 seconds

Avg epoch train. time: 0.0 hours, 0.0 minutes, 1.891478955745697 seconds
Avg batch train. time: 0.06304929852485656 seconds
Avg sample train. time: 0.000985658653332828 seconds
Evaluating on validation set ...
Validation runtime: 0.0 hours, 0.0 minutes, 0.2247178554534912 seconds

Avg val. time: 0.0 hours, 0.0 minutes, 0.21810095840030247 seconds
Avg batch val. time: 0.02181009584003025 seconds
Avg sample val. time: 0.00034078274750047263 seconds
Epoch 32 Validation Summary: epoch: 32.000000 | loss: 1.211538 | 
Epoch 33 Training Summary: epoch: 33.000000 | loss: 0.562779 | 
Epoch runtime: 0.0 hours, 0.0 minutes, 2.0008981227874756 seconds

Avg epoch train. time: 0.0 hours, 0.0 minutes, 1.8947946880802964 seconds
Avg batch train. time: 0.06315982293600989 seconds
Avg sample train. time: 0.0009873864971757667 seconds
Epoch 34 Training Summary: epoch: 34.000000 | loss: 0.739443 | 
Epoch runtime: 0.0 hours, 0.0 minutes, 2.047572135925293 seconds

Avg epoch train. time: 0.0 hours, 0.0 minutes, 1.8992881424286787 seconds
Avg batch train. time: 0.06330960474762262 seconds
Avg sample train. time: 0.0009897280575449081 seconds
Evaluating on validation set ...
Validation runtime: 0.0 hours, 0.0 minutes, 0.24460434913635254 seconds

Avg val. time: 0.0 hours, 0.0 minutes, 0.21949587370219983 seconds
Avg batch val. time: 0.021949587370219983 seconds
Avg sample val. time: 0.00034296230265968723 seconds
Epoch 34 Validation Summary: epoch: 34.000000 | loss: 1.457109 | 
Epoch 35 Training Summary: epoch: 35.000000 | loss: 0.670950 | 
Epoch runtime: 0.0 hours, 0.0 minutes, 2.1080236434936523 seconds

Avg epoch train. time: 0.0 hours, 0.0 minutes, 1.9052520138876778 seconds
Avg batch train. time: 0.0635084004629226 seconds
Avg sample train. time: 0.000992835859243188 seconds
Epoch 36 Training Summary: epoch: 36.000000 | loss: 0.511706 | 
Epoch runtime: 0.0 hours, 0.0 minutes, 2.095005989074707 seconds

Avg epoch train. time: 0.0 hours, 0.0 minutes, 1.910522957642873 seconds
Avg batch train. time: 0.06368409858809577 seconds
Avg sample train. time: 0.0009955825730291158 seconds
Evaluating on validation set ...
Validation runtime: 0.0 hours, 0.0 minutes, 0.23399066925048828 seconds

Avg val. time: 0.0 hours, 0.0 minutes, 0.22022061347961425 seconds
Avg batch val. time: 0.022022061347961426 seconds
Avg sample val. time: 0.0003440947085618973 seconds
Epoch 36 Validation Summary: epoch: 36.000000 | loss: 1.397382 | 
Epoch 37 Training Summary: epoch: 37.000000 | loss: 0.484064 | 
Epoch runtime: 0.0 hours, 0.0 minutes, 2.0793819427490234 seconds

Avg epoch train. time: 0.0 hours, 0.0 minutes, 1.9150867139970935 seconds
Avg batch train. time: 0.06383622379990311 seconds
Avg sample train. time: 0.0009979607681068752 seconds
Epoch 38 Training Summary: epoch: 38.000000 | loss: 0.601279 | 
Epoch runtime: 0.0 hours, 0.0 minutes, 1.980574369430542 seconds

Avg epoch train. time: 0.0 hours, 0.0 minutes, 1.9168100733506053 seconds
Avg batch train. time: 0.06389366911168684 seconds
Avg sample train. time: 0.0009988588188382518 seconds
Evaluating on validation set ...
Validation runtime: 0.0 hours, 0.0 minutes, 0.24111080169677734 seconds

Avg val. time: 0.0 hours, 0.0 minutes, 0.22121538434709823 seconds
Avg batch val. time: 0.022121538434709823 seconds
Avg sample val. time: 0.000345649038042341 seconds
Epoch 38 Validation Summary: epoch: 38.000000 | loss: 0.922965 | 
Epoch 39 Training Summary: epoch: 39.000000 | loss: 0.870654 | 
Epoch runtime: 0.0 hours, 0.0 minutes, 2.017101287841797 seconds

Avg epoch train. time: 0.0 hours, 0.0 minutes, 1.9193816429529436 seconds
Avg batch train. time: 0.06397938809843146 seconds
Avg sample train. time: 0.00100019887595255 seconds
Epoch 40 Training Summary: epoch: 40.000000 | loss: 0.967424 | 
Epoch runtime: 0.0 hours, 0.0 minutes, 2.003068685531616 seconds

Avg epoch train. time: 0.0 hours, 0.0 minutes, 1.9214738190174103 seconds
Avg batch train. time: 0.06404912730058035 seconds
Avg sample train. time: 0.0010012891188209538 seconds
Evaluating on validation set ...
Validation runtime: 0.0 hours, 0.0 minutes, 0.23653364181518555 seconds

Avg val. time: 0.0 hours, 0.0 minutes, 0.22191166877746582 seconds
Avg batch val. time: 0.022191166877746582 seconds
Avg sample val. time: 0.00034673698246479034 seconds
Epoch 40 Validation Summary: epoch: 40.000000 | loss: 6.590235 | 
Epoch 41 Training Summary: epoch: 41.000000 | loss: 0.646670 | 
Epoch runtime: 0.0 hours, 0.0 minutes, 2.0290145874023438 seconds

Avg epoch train. time: 0.0 hours, 0.0 minutes, 1.9240967645877745 seconds
Avg batch train. time: 0.06413655881959249 seconds
Avg sample train. time: 0.001002655948195818 seconds
Epoch 42 Training Summary: epoch: 42.000000 | loss: 0.528278 | 
Epoch runtime: 0.0 hours, 0.0 minutes, 1.9901020526885986 seconds

Avg epoch train. time: 0.0 hours, 0.0 minutes, 1.9256683190663655 seconds
Avg batch train. time: 0.06418894396887885 seconds
Avg sample train. time: 0.0010034748926870064 seconds
Evaluating on validation set ...
Validation runtime: 0.0 hours, 0.0 minutes, 0.2345411777496338 seconds

Avg val. time: 0.0 hours, 0.0 minutes, 0.22246077786321225 seconds
Avg batch val. time: 0.022246077786321226 seconds
Avg sample val. time: 0.00034759496541126916 seconds
Epoch 42 Validation Summary: epoch: 42.000000 | loss: 2.838513 | 
Epoch 43 Training Summary: epoch: 43.000000 | loss: 0.424500 | 
Epoch runtime: 0.0 hours, 0.0 minutes, 2.0261900424957275 seconds

Avg epoch train. time: 0.0 hours, 0.0 minutes, 1.9280060335647229 seconds
Avg batch train. time: 0.06426686778549076 seconds
Avg sample train. time: 0.001004693086797667 seconds
Epoch 44 Training Summary: epoch: 44.000000 | loss: 0.556892 | 
Epoch runtime: 0.0 hours, 0.0 minutes, 1.971299648284912 seconds

Avg epoch train. time: 0.0 hours, 0.0 minutes, 1.928989979353818 seconds
Avg batch train. time: 0.06429966597846061 seconds
Avg sample train. time: 0.0010052058256142878 seconds
Evaluating on validation set ...
Validation runtime: 0.0 hours, 0.0 minutes, 0.23605990409851074 seconds

Avg val. time: 0.0 hours, 0.0 minutes, 0.22302740812301636 seconds
Avg batch val. time: 0.022302740812301637 seconds
Avg sample val. time: 0.0003484803251922131 seconds
Epoch 44 Validation Summary: epoch: 44.000000 | loss: 4.319127 | 
Epoch 45 Training Summary: epoch: 45.000000 | loss: 0.608922 | 
Epoch runtime: 0.0 hours, 0.0 minutes, 2.0707929134368896 seconds

Avg epoch train. time: 0.0 hours, 0.0 minutes, 1.9321411556667751 seconds
Avg batch train. time: 0.0644047051888925 seconds
Avg sample train. time: 0.001006847918534015 seconds
Epoch 46 Training Summary: epoch: 46.000000 | loss: 0.776787 | 
Epoch runtime: 0.0 hours, 0.0 minutes, 2.0189006328582764 seconds

Avg epoch train. time: 0.0 hours, 0.0 minutes, 1.9340272312578948 seconds
Avg batch train. time: 0.06446757437526315 seconds
Avg sample train. time: 0.0010078307614684184 seconds
Evaluating on validation set ...
Validation runtime: 0.0 hours, 0.0 minutes, 0.25253939628601074 seconds

Avg val. time: 0.0 hours, 0.0 minutes, 0.22420788764953614 seconds
Avg batch val. time: 0.022420788764953615 seconds
Avg sample val. time: 0.00035032482445240023 seconds
Epoch 46 Validation Summary: epoch: 46.000000 | loss: 5.404063 | 
Epoch 47 Training Summary: epoch: 47.000000 | loss: 0.674710 | 
Epoch runtime: 0.0 hours, 0.0 minutes, 2.008416175842285 seconds

Avg epoch train. time: 0.0 hours, 0.0 minutes, 1.9356099747596902 seconds
Avg batch train. time: 0.06452033249198967 seconds
Avg sample train. time: 0.0010086555366126577 seconds
Epoch 48 Training Summary: epoch: 48.000000 | loss: 0.762466 | 
Epoch runtime: 0.0 hours, 0.0 minutes, 2.013869524002075 seconds

Avg epoch train. time: 0.0 hours, 0.0 minutes, 1.9372403820355732 seconds
Avg batch train. time: 0.06457467940118577 seconds
Avg sample train. time: 0.0010095051495755984 seconds
Evaluating on validation set ...
Validation runtime: 0.0 hours, 0.0 minutes, 0.2434384822845459 seconds

Avg val. time: 0.0 hours, 0.0 minutes, 0.22494752590472883 seconds
Avg batch val. time: 0.022494752590472882 seconds
Avg sample val. time: 0.0003514805092261388 seconds
Epoch 48 Validation Summary: epoch: 48.000000 | loss: 1.476471 | 
Epoch 49 Training Summary: epoch: 49.000000 | loss: 0.666333 | 
Epoch runtime: 0.0 hours, 0.0 minutes, 1.9787323474884033 seconds

Avg epoch train. time: 0.0 hours, 0.0 minutes, 1.9380871568407332 seconds
Avg batch train. time: 0.06460290522802443 seconds
Avg sample train. time: 0.0010099464079420183 seconds
Epoch 50 Training Summary: epoch: 50.000000 | loss: 0.558051 | 
Epoch runtime: 0.0 hours, 0.0 minutes, 2.157515048980713 seconds

Avg epoch train. time: 0.0 hours, 0.0 minutes, 1.9424757146835328 seconds
Avg batch train. time: 0.06474919048945109 seconds
Avg sample train. time: 0.0010122333062446756 seconds
Evaluating on validation set ...
Validation runtime: 0.0 hours, 0.0 minutes, 0.2447211742401123 seconds

Avg val. time: 0.0 hours, 0.0 minutes, 0.22567988325048377 seconds
Avg batch val. time: 0.022567988325048378 seconds
Avg sample val. time: 0.0003526248175788809 seconds
Epoch 50 Validation Summary: epoch: 50.000000 | loss: 0.595267 | 
Best loss was 0.5187125921249389. Other metrics: OrderedDict([('epoch', 28), ('loss', 0.5187125921249389)])
All Done!
Total runtime: 0.0 hours, 1.0 minutes, 47.566396713256836 seconds

