Running:
main.py --output_dir experiments/curitiba_83842/ --comment regression for curitiba_83842 --name curitiba_83842_Regression --records_file experiments/curitiba_83842/curitiba_83842_Regression.xls --data_dir datasets/files/curitiba_83842/ --data_class wf --pattern TRAIN --val_pattern TEST --epochs 50 --lr 0.0005 --optimizer RAdam --pos_encoding learnable --task regression

Using device: cpu
Loading and preprocessing data ...
1905 samples may be used for training
635 samples will be used for validation
0 samples will be used for testing
Creating model ...
Model:
TSTransformerEncoderClassiregressor(
  (project_inp): Linear(in_features=5, out_features=64, bias=True)
  (pos_enc): LearnablePositionalEncoding(
    (dropout): Dropout(p=0.1, inplace=False)
  )
  (transformer_encoder): TransformerEncoder(
    (layers): ModuleList(
      (0): TransformerBatchNormEncoderLayer(
        (self_attn): MultiheadAttention(
          (out_proj): NonDynamicallyQuantizableLinear(in_features=64, out_features=64, bias=True)
        )
        (linear1): Linear(in_features=64, out_features=256, bias=True)
        (dropout): Dropout(p=0.1, inplace=False)
        (linear2): Linear(in_features=256, out_features=64, bias=True)
        (norm1): BatchNorm1d(64, eps=1e-05, momentum=0.1, affine=True, track_running_stats=True)
        (norm2): BatchNorm1d(64, eps=1e-05, momentum=0.1, affine=True, track_running_stats=True)
        (dropout1): Dropout(p=0.1, inplace=False)
        (dropout2): Dropout(p=0.1, inplace=False)
      )
      (1): TransformerBatchNormEncoderLayer(
        (self_attn): MultiheadAttention(
          (out_proj): NonDynamicallyQuantizableLinear(in_features=64, out_features=64, bias=True)
        )
        (linear1): Linear(in_features=64, out_features=256, bias=True)
        (dropout): Dropout(p=0.1, inplace=False)
        (linear2): Linear(in_features=256, out_features=64, bias=True)
        (norm1): BatchNorm1d(64, eps=1e-05, momentum=0.1, affine=True, track_running_stats=True)
        (norm2): BatchNorm1d(64, eps=1e-05, momentum=0.1, affine=True, track_running_stats=True)
        (dropout1): Dropout(p=0.1, inplace=False)
        (dropout2): Dropout(p=0.1, inplace=False)
      )
      (2): TransformerBatchNormEncoderLayer(
        (self_attn): MultiheadAttention(
          (out_proj): NonDynamicallyQuantizableLinear(in_features=64, out_features=64, bias=True)
        )
        (linear1): Linear(in_features=64, out_features=256, bias=True)
        (dropout): Dropout(p=0.1, inplace=False)
        (linear2): Linear(in_features=256, out_features=64, bias=True)
        (norm1): BatchNorm1d(64, eps=1e-05, momentum=0.1, affine=True, track_running_stats=True)
        (norm2): BatchNorm1d(64, eps=1e-05, momentum=0.1, affine=True, track_running_stats=True)
        (dropout1): Dropout(p=0.1, inplace=False)
        (dropout2): Dropout(p=0.1, inplace=False)
      )
    )
  )
  (dropout1): Dropout(p=0.1, inplace=False)
  (output_layer): Linear(in_features=1536, out_features=1, bias=True)
)
Total number of parameters: 153409
Trainable parameters: 153409
Evaluating on validation set ...
Validation runtime: 0.0 hours, 0.0 minutes, 0.20447111129760742 seconds

Avg val. time: 0.0 hours, 0.0 minutes, 0.20447111129760742 seconds
Avg batch val. time: 0.02044711112976074 seconds
Avg sample val. time: 0.00032200175007497233 seconds
Epoch 0 Validation Summary: epoch: 0.000000 | loss: 324.936485 | 
Starting training...
Epoch 1 Training Summary: epoch: 1.000000 | loss: 348.663255 | 
Epoch runtime: 0.0 hours, 0.0 minutes, 1.6627380847930908 seconds

Avg epoch train. time: 0.0 hours, 0.0 minutes, 1.6627380847930908 seconds
Avg batch train. time: 0.05542460282643636 seconds
Avg sample train. time: 0.0008728283909675017 seconds
Evaluating on validation set ...
Validation runtime: 0.0 hours, 0.0 minutes, 0.18599295616149902 seconds

Avg val. time: 0.0 hours, 0.0 minutes, 0.19523203372955322 seconds
Avg batch val. time: 0.019523203372955322 seconds
Avg sample val. time: 0.00030745202162134366 seconds
Epoch 1 Validation Summary: epoch: 1.000000 | loss: 284.601925 | 
Epoch 2 Training Summary: epoch: 2.000000 | loss: 317.967341 | 
Epoch runtime: 0.0 hours, 0.0 minutes, 1.7296123504638672 seconds

Avg epoch train. time: 0.0 hours, 0.0 minutes, 1.696175217628479 seconds
Avg batch train. time: 0.0565391739209493 seconds
Avg sample train. time: 0.000890380691668493 seconds
Evaluating on validation set ...
Validation runtime: 0.0 hours, 0.0 minutes, 0.2000412940979004 seconds

Avg val. time: 0.0 hours, 0.0 minutes, 0.1968351205190023 seconds
Avg batch val. time: 0.019683512051900227 seconds
Avg sample val. time: 0.0003099765677464603 seconds
Epoch 2 Validation Summary: epoch: 2.000000 | loss: 251.663094 | 
Epoch 3 Training Summary: epoch: 3.000000 | loss: 271.659731 | 
Epoch runtime: 0.0 hours, 0.0 minutes, 1.9438567161560059 seconds

Avg epoch train. time: 0.0 hours, 0.0 minutes, 1.7787357171376545 seconds
Avg batch train. time: 0.059291190571255155 seconds
Avg sample train. time: 0.0009337195365551992 seconds
Epoch 4 Training Summary: epoch: 4.000000 | loss: 214.220823 | 
Epoch runtime: 0.0 hours, 0.0 minutes, 1.85654878616333 seconds

Avg epoch train. time: 0.0 hours, 0.0 minutes, 1.7981889843940735 seconds
Avg batch train. time: 0.05993963281313578 seconds
Avg sample train. time: 0.0009439312254037131 seconds
Evaluating on validation set ...
Validation runtime: 0.0 hours, 0.0 minutes, 0.2129967212677002 seconds

Avg val. time: 0.0 hours, 0.0 minutes, 0.20087552070617676 seconds
Avg batch val. time: 0.020087552070617676 seconds
Avg sample val. time: 0.0003163394026868925 seconds
Epoch 4 Validation Summary: epoch: 4.000000 | loss: 156.249791 | 
Epoch 5 Training Summary: epoch: 5.000000 | loss: 154.091092 | 
Epoch runtime: 0.0 hours, 0.0 minutes, 1.7881152629852295 seconds

Avg epoch train. time: 0.0 hours, 0.0 minutes, 1.7961742401123046 seconds
Avg batch train. time: 0.05987247467041015 seconds
Avg sample train. time: 0.0009428736168568528 seconds
Epoch 6 Training Summary: epoch: 6.000000 | loss: 97.558313 | 
Epoch runtime: 0.0 hours, 0.0 minutes, 1.8144731521606445 seconds

Avg epoch train. time: 0.0 hours, 0.0 minutes, 1.799224058787028 seconds
Avg batch train. time: 0.05997413529290094 seconds
Avg sample train. time: 0.000944474571541747 seconds
Evaluating on validation set ...
Validation runtime: 0.0 hours, 0.0 minutes, 0.21900272369384766 seconds

Avg val. time: 0.0 hours, 0.0 minutes, 0.20450096130371093 seconds
Avg batch val. time: 0.020450096130371093 seconds
Avg sample val. time: 0.00032204875795859987 seconds
Epoch 6 Validation Summary: epoch: 6.000000 | loss: 59.283804 | 
Epoch 7 Training Summary: epoch: 7.000000 | loss: 48.711782 | 
Epoch runtime: 0.0 hours, 0.0 minutes, 1.8292648792266846 seconds

Avg epoch train. time: 0.0 hours, 0.0 minutes, 1.8035156045641219 seconds
Avg batch train. time: 0.06011718681880406 seconds
Avg sample train. time: 0.0009467273514772293 seconds
Epoch 8 Training Summary: epoch: 8.000000 | loss: 15.373426 | 
Epoch runtime: 0.0 hours, 0.0 minutes, 1.798060417175293 seconds

Avg epoch train. time: 0.0 hours, 0.0 minutes, 1.8028337061405182 seconds
Avg batch train. time: 0.06009445687135061 seconds
Avg sample train. time: 0.0009463693995488284 seconds
Evaluating on validation set ...
Validation runtime: 0.0 hours, 0.0 minutes, 0.22300219535827637 seconds

Avg val. time: 0.0 hours, 0.0 minutes, 0.20758450031280518 seconds
Avg batch val. time: 0.020758450031280518 seconds
Avg sample val. time: 0.0003269047249020554 seconds
Epoch 8 Validation Summary: epoch: 8.000000 | loss: 4.544764 | 
Epoch 9 Training Summary: epoch: 9.000000 | loss: 3.522309 | 
Epoch runtime: 0.0 hours, 0.0 minutes, 1.8175365924835205 seconds

Avg epoch train. time: 0.0 hours, 0.0 minutes, 1.8044673601786296 seconds
Avg batch train. time: 0.06014891200595432 seconds
Avg sample train. time: 0.0009472269607236901 seconds
Epoch 10 Training Summary: epoch: 10.000000 | loss: 2.030520 | 
Epoch runtime: 0.0 hours, 0.0 minutes, 1.7335574626922607 seconds

Avg epoch train. time: 0.0 hours, 0.0 minutes, 1.7973763704299928 seconds
Avg batch train. time: 0.05991254568099976 seconds
Avg sample train. time: 0.000943504656393697 seconds
Evaluating on validation set ...
Validation runtime: 0.0 hours, 0.0 minutes, 0.1959998607635498 seconds

Avg val. time: 0.0 hours, 0.0 minutes, 0.2059295518057687 seconds
Avg batch val. time: 0.02059295518057687 seconds
Avg sample val. time: 0.0003242985067807381 seconds
Epoch 10 Validation Summary: epoch: 10.000000 | loss: 2.607016 | 
Epoch 11 Training Summary: epoch: 11.000000 | loss: 1.334665 | 
Epoch runtime: 0.0 hours, 0.0 minutes, 1.7997543811798096 seconds

Avg epoch train. time: 0.0 hours, 0.0 minutes, 1.7975925532254307 seconds
Avg batch train. time: 0.059919751774181025 seconds
Avg sample train. time: 0.0009436181381760791 seconds
Epoch 12 Training Summary: epoch: 12.000000 | loss: 1.239093 | 
Epoch runtime: 0.0 hours, 0.0 minutes, 1.789560079574585 seconds

Avg epoch train. time: 0.0 hours, 0.0 minutes, 1.7969231804211934 seconds
Avg batch train. time: 0.05989743934737311 seconds
Avg sample train. time: 0.0009432667613759545 seconds
Evaluating on validation set ...
Validation runtime: 0.0 hours, 0.0 minutes, 0.19700026512145996 seconds

Avg val. time: 0.0 hours, 0.0 minutes, 0.2048133909702301 seconds
Avg batch val. time: 0.02048133909702301 seconds
Avg sample val. time: 0.0003225407731814647 seconds
Epoch 12 Validation Summary: epoch: 12.000000 | loss: 0.763855 | 
Epoch 13 Training Summary: epoch: 13.000000 | loss: 0.969865 | 
Epoch runtime: 0.0 hours, 0.0 minutes, 1.7649767398834229 seconds

Avg epoch train. time: 0.0 hours, 0.0 minutes, 1.794465761918288 seconds
Avg batch train. time: 0.05981552539727627 seconds
Avg sample train. time: 0.0009419767779098625 seconds
Epoch 14 Training Summary: epoch: 14.000000 | loss: 0.945338 | 
Epoch runtime: 0.0 hours, 0.0 minutes, 1.766371250152588 seconds

Avg epoch train. time: 0.0 hours, 0.0 minutes, 1.7924590110778809 seconds
Avg batch train. time: 0.059748633702596025 seconds
Avg sample train. time: 0.0009409233653952131 seconds
Evaluating on validation set ...
Validation runtime: 0.0 hours, 0.0 minutes, 0.19800281524658203 seconds

Avg val. time: 0.0 hours, 0.0 minutes, 0.2040566603342692 seconds
Avg batch val. time: 0.02040566603342692 seconds
Avg sample val. time: 0.00032134907139254993 seconds
Epoch 14 Validation Summary: epoch: 14.000000 | loss: 0.599464 | 
Epoch 15 Training Summary: epoch: 15.000000 | loss: 0.747334 | 
Epoch runtime: 0.0 hours, 0.0 minutes, 1.7449355125427246 seconds

Avg epoch train. time: 0.0 hours, 0.0 minutes, 1.7892907778422038 seconds
Avg batch train. time: 0.05964302592807346 seconds
Avg sample train. time: 0.0009392602508358026 seconds
Epoch 16 Training Summary: epoch: 16.000000 | loss: 0.725423 | 
Epoch runtime: 0.0 hours, 0.0 minutes, 1.730818510055542 seconds

Avg epoch train. time: 0.0 hours, 0.0 minutes, 1.7856362611055374 seconds
Avg batch train. time: 0.05952120870351792 seconds
Avg sample train. time: 0.0009373418693467388 seconds
Evaluating on validation set ...
Validation runtime: 0.0 hours, 0.0 minutes, 0.21100139617919922 seconds

Avg val. time: 0.0 hours, 0.0 minutes, 0.2047511339187622 seconds
Avg batch val. time: 0.020475113391876222 seconds
Avg sample val. time: 0.0003224427305807279 seconds
Epoch 16 Validation Summary: epoch: 16.000000 | loss: 0.361027 | 
Epoch 17 Training Summary: epoch: 17.000000 | loss: 0.644853 | 
Epoch runtime: 0.0 hours, 0.0 minutes, 1.7760505676269531 seconds

Avg epoch train. time: 0.0 hours, 0.0 minutes, 1.7850723967832678 seconds
Avg batch train. time: 0.05950241322610893 seconds
Avg sample train. time: 0.0009370458775765186 seconds
Epoch 18 Training Summary: epoch: 18.000000 | loss: 0.709874 | 
Epoch runtime: 0.0 hours, 0.0 minutes, 1.7358250617980957 seconds

Avg epoch train. time: 0.0 hours, 0.0 minutes, 1.782336433728536 seconds
Avg batch train. time: 0.059411214457617864 seconds
Avg sample train. time: 0.0009356096764979191 seconds
Evaluating on validation set ...
Validation runtime: 0.0 hours, 0.0 minutes, 0.1979999542236328 seconds

Avg val. time: 0.0 hours, 0.0 minutes, 0.20413739031011408 seconds
Avg batch val. time: 0.02041373903101141 seconds
Avg sample val. time: 0.0003214762052127781 seconds
Epoch 18 Validation Summary: epoch: 18.000000 | loss: 0.263809 | 
Epoch 19 Training Summary: epoch: 19.000000 | loss: 0.651964 | 
Epoch runtime: 0.0 hours, 0.0 minutes, 1.7517011165618896 seconds

Avg epoch train. time: 0.0 hours, 0.0 minutes, 1.780724048614502 seconds
Avg batch train. time: 0.059357468287150064 seconds
Avg sample train. time: 0.0009347632801125995 seconds
Epoch 20 Training Summary: epoch: 20.000000 | loss: 0.643176 | 
Epoch runtime: 0.0 hours, 0.0 minutes, 1.7766335010528564 seconds

Avg epoch train. time: 0.0 hours, 0.0 minutes, 1.7805195212364198 seconds
Avg batch train. time: 0.05935065070788066 seconds
Avg sample train. time: 0.0009346559166595379 seconds
Evaluating on validation set ...
Validation runtime: 0.0 hours, 0.0 minutes, 0.21202516555786133 seconds

Avg val. time: 0.0 hours, 0.0 minutes, 0.20479470491409302 seconds
Avg batch val. time: 0.020479470491409302 seconds
Avg sample val. time: 0.00032251134632140633 seconds
Epoch 20 Validation Summary: epoch: 20.000000 | loss: 0.570791 | 
Epoch 21 Training Summary: epoch: 21.000000 | loss: 0.601340 | 
Epoch runtime: 0.0 hours, 0.0 minutes, 1.784808874130249 seconds

Avg epoch train. time: 0.0 hours, 0.0 minutes, 1.7807237761361259 seconds
Avg batch train. time: 0.05935745920453753 seconds
Avg sample train. time: 0.0009347631370793312 seconds
Epoch 22 Training Summary: epoch: 22.000000 | loss: 0.658763 | 
Epoch runtime: 0.0 hours, 0.0 minutes, 1.7681598663330078 seconds

Avg epoch train. time: 0.0 hours, 0.0 minutes, 1.7801526893268933 seconds
Avg batch train. time: 0.05933842297756311 seconds
Avg sample train. time: 0.0009344633539773718 seconds
Evaluating on validation set ...
Validation runtime: 0.0 hours, 0.0 minutes, 0.19102883338928223 seconds

Avg val. time: 0.0 hours, 0.0 minutes, 0.2037357917198768 seconds
Avg batch val. time: 0.02037357917198768 seconds
Avg sample val. time: 0.00032084376648799495 seconds
Epoch 22 Validation Summary: epoch: 22.000000 | loss: 0.431218 | 
Epoch 23 Training Summary: epoch: 23.000000 | loss: 0.563077 | 
Epoch runtime: 0.0 hours, 0.0 minutes, 1.7521891593933105 seconds

Avg epoch train. time: 0.0 hours, 0.0 minutes, 1.778936883677607 seconds
Avg batch train. time: 0.059297896122586895 seconds
Avg sample train. time: 0.0009338251357887701 seconds
Epoch 24 Training Summary: epoch: 24.000000 | loss: 0.558568 | 
Epoch runtime: 0.0 hours, 0.0 minutes, 1.709742784500122 seconds

Avg epoch train. time: 0.0 hours, 0.0 minutes, 1.7760537962118785 seconds
Avg batch train. time: 0.05920179320706262 seconds
Avg sample train. time: 0.0009323117040482302 seconds
Evaluating on validation set ...
Validation runtime: 0.0 hours, 0.0 minutes, 0.20101547241210938 seconds

Avg val. time: 0.0 hours, 0.0 minutes, 0.20354148319789342 seconds
Avg batch val. time: 0.020354148319789343 seconds
Avg sample val. time: 0.0003205377688155802 seconds
Epoch 24 Validation Summary: epoch: 24.000000 | loss: 0.243797 | 
Epoch 25 Training Summary: epoch: 25.000000 | loss: 0.543291 | 
Epoch runtime: 0.0 hours, 0.0 minutes, 1.7595157623291016 seconds

Avg epoch train. time: 0.0 hours, 0.0 minutes, 1.7753922748565674 seconds
Avg batch train. time: 0.059179742495218915 seconds
Avg sample train. time: 0.000931964448743605 seconds
Epoch 26 Training Summary: epoch: 26.000000 | loss: 0.598803 | 
Epoch runtime: 0.0 hours, 0.0 minutes, 1.7156336307525635 seconds

Avg epoch train. time: 0.0 hours, 0.0 minutes, 1.7730938654679518 seconds
Avg batch train. time: 0.05910312884893173 seconds
Avg sample train. time: 0.000930757934628846 seconds
Evaluating on validation set ...
Validation runtime: 0.0 hours, 0.0 minutes, 0.1880025863647461 seconds

Avg val. time: 0.0 hours, 0.0 minutes, 0.20250555674235027 seconds
Avg batch val. time: 0.020250555674235025 seconds
Avg sample val. time: 0.00031890638857063036 seconds
Epoch 26 Validation Summary: epoch: 26.000000 | loss: 0.740010 | 
Epoch 27 Training Summary: epoch: 27.000000 | loss: 0.569012 | 
Epoch runtime: 0.0 hours, 0.0 minutes, 1.7481722831726074 seconds

Avg epoch train. time: 0.0 hours, 0.0 minutes, 1.7721708439014576 seconds
Avg batch train. time: 0.05907236146338192 seconds
Avg sample train. time: 0.0009302734088721562 seconds
Epoch 28 Training Summary: epoch: 28.000000 | loss: 0.584735 | 
Epoch runtime: 0.0 hours, 0.0 minutes, 1.8851304054260254 seconds

Avg epoch train. time: 0.0 hours, 0.0 minutes, 1.7762051139559065 seconds
Avg batch train. time: 0.05920683713186355 seconds
Avg sample train. time: 0.000932391135934859 seconds
Evaluating on validation set ...
Validation runtime: 0.0 hours, 0.0 minutes, 0.21400165557861328 seconds

Avg val. time: 0.0 hours, 0.0 minutes, 0.2032240629196167 seconds
Avg batch val. time: 0.02032240629196167 seconds
Avg sample val. time: 0.0003200378943616011 seconds
Epoch 28 Validation Summary: epoch: 28.000000 | loss: 0.509929 | 
Epoch 29 Training Summary: epoch: 29.000000 | loss: 0.540413 | 
Epoch runtime: 0.0 hours, 0.0 minutes, 1.8121473789215088 seconds

Avg epoch train. time: 0.0 hours, 0.0 minutes, 1.7774445024029961 seconds
Avg batch train. time: 0.05924815008009987 seconds
Avg sample train. time: 0.0009330417335448798 seconds
Epoch 30 Training Summary: epoch: 30.000000 | loss: 0.489520 | 
Epoch runtime: 0.0 hours, 0.0 minutes, 1.8000924587249756 seconds

Avg epoch train. time: 0.0 hours, 0.0 minutes, 1.7781994342803955 seconds
Avg batch train. time: 0.05927331447601318 seconds
Avg sample train. time: 0.0009334380232443021 seconds
Evaluating on validation set ...
Validation runtime: 0.0 hours, 0.0 minutes, 0.21303701400756836 seconds

Avg val. time: 0.0 hours, 0.0 minutes, 0.20380129533655503 seconds
Avg batch val. time: 0.020380129533655502 seconds
Avg sample val. time: 0.00032094692178985046 seconds
Epoch 30 Validation Summary: epoch: 30.000000 | loss: 0.402646 | 
Epoch 31 Training Summary: epoch: 31.000000 | loss: 0.551346 | 
Epoch runtime: 0.0 hours, 0.0 minutes, 1.9065563678741455 seconds

Avg epoch train. time: 0.0 hours, 0.0 minutes, 1.7823399805253552 seconds
Avg batch train. time: 0.05941133268417851 seconds
Avg sample train. time: 0.0009356115383335198 seconds
Epoch 32 Training Summary: epoch: 32.000000 | loss: 0.444784 | 
Epoch runtime: 0.0 hours, 0.0 minutes, 1.8488562107086182 seconds

Avg epoch train. time: 0.0 hours, 0.0 minutes, 1.7844186127185822 seconds
Avg batch train. time: 0.05948062042395274 seconds
Avg sample train. time: 0.0009367026838417754 seconds
Evaluating on validation set ...
Validation runtime: 0.0 hours, 0.0 minutes, 0.2090001106262207 seconds

Avg val. time: 0.0 hours, 0.0 minutes, 0.20409011840820312 seconds
Avg batch val. time: 0.020409011840820314 seconds
Avg sample val. time: 0.00032140176127276083 seconds
Epoch 32 Validation Summary: epoch: 32.000000 | loss: 0.485028 | 
Epoch 33 Training Summary: epoch: 33.000000 | loss: 0.473411 | 
Epoch runtime: 0.0 hours, 0.0 minutes, 1.840050220489502 seconds

Avg epoch train. time: 0.0 hours, 0.0 minutes, 1.7861044190146707 seconds
Avg batch train. time: 0.05953681396715569 seconds
Avg sample train. time: 0.0009375876215300109 seconds
Epoch 34 Training Summary: epoch: 34.000000 | loss: 0.689341 | 
Epoch runtime: 0.0 hours, 0.0 minutes, 1.991668462753296 seconds

Avg epoch train. time: 0.0 hours, 0.0 minutes, 1.7921504203011007 seconds
Avg batch train. time: 0.059738347343370024 seconds
Avg sample train. time: 0.0009407613754861421 seconds
Evaluating on validation set ...
Validation runtime: 0.0 hours, 0.0 minutes, 0.22822213172912598 seconds

Avg val. time: 0.0 hours, 0.0 minutes, 0.20536022437246224 seconds
Avg batch val. time: 0.020536022437246223 seconds
Avg sample val. time: 0.0003234019281456098 seconds
Epoch 34 Validation Summary: epoch: 34.000000 | loss: 0.603653 | 
Epoch 35 Training Summary: epoch: 35.000000 | loss: 0.551503 | 
Epoch runtime: 0.0 hours, 0.0 minutes, 2.13749361038208 seconds

Avg epoch train. time: 0.0 hours, 0.0 minutes, 1.8020173685891288 seconds
Avg batch train. time: 0.060067245619637624 seconds
Avg sample train. time: 0.0009459408758998051 seconds
Epoch 36 Training Summary: epoch: 36.000000 | loss: 0.547712 | 
Epoch runtime: 0.0 hours, 0.0 minutes, 2.1240780353546143 seconds

Avg epoch train. time: 0.0 hours, 0.0 minutes, 1.8109634982215033 seconds
Avg batch train. time: 0.06036544994071678 seconds
Avg sample train. time: 0.0009506370069404217 seconds
Evaluating on validation set ...
Validation runtime: 0.0 hours, 0.0 minutes, 0.2230367660522461 seconds

Avg val. time: 0.0 hours, 0.0 minutes, 0.20624405145645142 seconds
Avg batch val. time: 0.02062440514564514 seconds
Avg sample val. time: 0.00032479378182118335 seconds
Epoch 36 Validation Summary: epoch: 36.000000 | loss: 0.826861 | 
Epoch 37 Training Summary: epoch: 37.000000 | loss: 0.522447 | 
Epoch runtime: 0.0 hours, 0.0 minutes, 2.0122838020324707 seconds

Avg epoch train. time: 0.0 hours, 0.0 minutes, 1.8164045875136916 seconds
Avg batch train. time: 0.06054681958378972 seconds
Avg sample train. time: 0.000953493221791964 seconds
Epoch 38 Training Summary: epoch: 38.000000 | loss: 0.416046 | 
Epoch runtime: 0.0 hours, 0.0 minutes, 2.2652199268341064 seconds

Avg epoch train. time: 0.0 hours, 0.0 minutes, 1.828215517495808 seconds
Avg batch train. time: 0.060940517249860264 seconds
Avg sample train. time: 0.0009596931850371695 seconds
Evaluating on validation set ...
Validation runtime: 0.0 hours, 0.0 minutes, 0.2760028839111328 seconds

Avg val. time: 0.0 hours, 0.0 minutes, 0.20956590062096006 seconds
Avg batch val. time: 0.020956590062096006 seconds
Avg sample val. time: 0.0003300250403479686 seconds
Epoch 38 Validation Summary: epoch: 38.000000 | loss: 0.635969 | 
Epoch 39 Training Summary: epoch: 39.000000 | loss: 0.471340 | 
Epoch runtime: 0.0 hours, 0.0 minutes, 2.198093891143799 seconds

Avg epoch train. time: 0.0 hours, 0.0 minutes, 1.8376995783585768 seconds
Avg batch train. time: 0.06125665261195256 seconds
Avg sample train. time: 0.0009646716946764182 seconds
Epoch 40 Training Summary: epoch: 40.000000 | loss: 0.471517 | 
Epoch runtime: 0.0 hours, 0.0 minutes, 2.146162986755371 seconds

Avg epoch train. time: 0.0 hours, 0.0 minutes, 1.8454111635684967 seconds
Avg batch train. time: 0.06151370545228322 seconds
Avg sample train. time: 0.000968719770902098 seconds
Evaluating on validation set ...
Validation runtime: 0.0 hours, 0.0 minutes, 0.24000239372253418 seconds

Avg val. time: 0.0 hours, 0.0 minutes, 0.21094937758012253 seconds
Avg batch val. time: 0.02109493775801225 seconds
Avg sample val. time: 0.0003322037442206654 seconds
Epoch 40 Validation Summary: epoch: 40.000000 | loss: 0.401154 | 
Epoch 41 Training Summary: epoch: 41.000000 | loss: 0.638391 | 
Epoch runtime: 0.0 hours, 0.0 minutes, 2.2079226970672607 seconds

Avg epoch train. time: 0.0 hours, 0.0 minutes, 1.8542529082879788 seconds
Avg batch train. time: 0.06180843027626596 seconds
Avg sample train. time: 0.0009733611067128498 seconds
Epoch 42 Training Summary: epoch: 42.000000 | loss: 0.496563 | 
Epoch runtime: 0.0 hours, 0.0 minutes, 2.3060450553894043 seconds

Avg epoch train. time: 0.0 hours, 0.0 minutes, 1.865009864171346 seconds
Avg batch train. time: 0.0621669954723782 seconds
Avg sample train. time: 0.0009790078027146173 seconds
Evaluating on validation set ...
Validation runtime: 0.0 hours, 0.0 minutes, 0.25156164169311523 seconds

Avg val. time: 0.0 hours, 0.0 minutes, 0.2127151281937309 seconds
Avg batch val. time: 0.02127151281937309 seconds
Avg sample val. time: 0.0003349844538483951 seconds
Epoch 42 Validation Summary: epoch: 42.000000 | loss: 0.231900 | 
Epoch 43 Training Summary: epoch: 43.000000 | loss: 0.576580 | 
Epoch runtime: 0.0 hours, 0.0 minutes, 2.2692480087280273 seconds

Avg epoch train. time: 0.0 hours, 0.0 minutes, 1.8744107512540595 seconds
Avg batch train. time: 0.06248035837513532 seconds
Avg sample train. time: 0.0009839426515769341 seconds
Epoch 44 Training Summary: epoch: 44.000000 | loss: 0.587170 | 
Epoch runtime: 0.0 hours, 0.0 minutes, 2.129516124725342 seconds

Avg epoch train. time: 0.0 hours, 0.0 minutes, 1.880208600651134 seconds
Avg batch train. time: 0.06267362002170447 seconds
Avg sample train. time: 0.000986986142074086 seconds
Evaluating on validation set ...
Validation runtime: 0.0 hours, 0.0 minutes, 0.2720015048980713 seconds

Avg val. time: 0.0 hours, 0.0 minutes, 0.21518539388974509 seconds
Avg batch val. time: 0.02151853938897451 seconds
Avg sample val. time: 0.00033887463604684266 seconds
Epoch 44 Validation Summary: epoch: 44.000000 | loss: 0.359802 | 
Epoch 45 Training Summary: epoch: 45.000000 | loss: 0.499710 | 
Epoch runtime: 0.0 hours, 0.0 minutes, 2.2428998947143555 seconds

Avg epoch train. time: 0.0 hours, 0.0 minutes, 1.8882684071858724 seconds
Avg batch train. time: 0.06294228023952908 seconds
Avg sample train. time: 0.0009912170116461272 seconds
Epoch 46 Training Summary: epoch: 46.000000 | loss: 0.477643 | 
Epoch runtime: 0.0 hours, 0.0 minutes, 2.258148193359375 seconds

Avg epoch train. time: 0.0 hours, 0.0 minutes, 1.8963092721026877 seconds
Avg batch train. time: 0.0632103090700896 seconds
Avg sample train. time: 0.000995437938111647 seconds
Evaluating on validation set ...
Validation runtime: 0.0 hours, 0.0 minutes, 0.2460007667541504 seconds

Avg val. time: 0.0 hours, 0.0 minutes, 0.2164180088043213 seconds
Avg batch val. time: 0.02164180088043213 seconds
Avg sample val. time: 0.00034081576189656896 seconds
Epoch 46 Validation Summary: epoch: 46.000000 | loss: 0.728648 | 
Epoch 47 Training Summary: epoch: 47.000000 | loss: 0.429795 | 
Epoch runtime: 0.0 hours, 0.0 minutes, 2.2800300121307373 seconds

Avg epoch train. time: 0.0 hours, 0.0 minutes, 1.9044735431671143 seconds
Avg batch train. time: 0.06348245143890381 seconds
Avg sample train. time: 0.0009997236447071465 seconds
Epoch 48 Training Summary: epoch: 48.000000 | loss: 0.367145 | 
Epoch runtime: 0.0 hours, 0.0 minutes, 2.168550968170166 seconds

Avg epoch train. time: 0.0 hours, 0.0 minutes, 1.9099751561880112 seconds
Avg batch train. time: 0.06366583853960037 seconds
Avg sample train. time: 0.0010026116305448878 seconds
Evaluating on validation set ...
Validation runtime: 0.0 hours, 0.0 minutes, 0.2440016269683838 seconds

Avg val. time: 0.0 hours, 0.0 minutes, 0.21747891719524676 seconds
Avg batch val. time: 0.021747891719524674 seconds
Avg sample val. time: 0.00034248648377204215 seconds
Epoch 48 Validation Summary: epoch: 48.000000 | loss: 0.475156 | 
Epoch 49 Training Summary: epoch: 49.000000 | loss: 0.426982 | 
Epoch runtime: 0.0 hours, 0.0 minutes, 2.1614303588867188 seconds

Avg epoch train. time: 0.0 hours, 0.0 minutes, 1.915106895018597 seconds
Avg batch train. time: 0.0638368965006199 seconds
Avg sample train. time: 0.0010053054567026756 seconds
Epoch 50 Training Summary: epoch: 50.000000 | loss: 0.581348 | 
Epoch runtime: 0.0 hours, 0.0 minutes, 2.194638252258301 seconds

Avg epoch train. time: 0.0 hours, 0.0 minutes, 1.920697522163391 seconds
Avg batch train. time: 0.06402325073877971 seconds
Avg sample train. time: 0.001008240169114641 seconds
Evaluating on validation set ...
Validation runtime: 0.0 hours, 0.0 minutes, 0.24699974060058594 seconds

Avg val. time: 0.0 hours, 0.0 minutes, 0.21857228102507414 seconds
Avg batch val. time: 0.021857228102507415 seconds
Avg sample val. time: 0.0003442083165749199 seconds
Epoch 50 Validation Summary: epoch: 50.000000 | loss: 0.226188 | 
Best loss was 0.22618783965824157. Other metrics: OrderedDict([('epoch', 50), ('loss', 0.22618783965824157)])
All Done!
Total runtime: 0.0 hours, 1.0 minutes, 46.30100655555725 seconds

