Running:
main.py --output_dir experiments/salvador_83248/ --comment regression for salvador_83248 --name salvador_83248_Regression --records_file experiments/salvador_83248/salvador_83248_Regression.xls --data_dir datasets/files/salvador_83248/ --data_class wf --pattern TRAIN --val_pattern TEST --epochs 10 --lr 0.0005 --optimizer RAdam --pos_encoding learnable --task regression

Using device: cpu
Loading and preprocessing data ...
1919 samples may be used for training
640 samples will be used for validation
0 samples will be used for testing
Creating model ...
Model:
TSTransformerEncoderClassiregressor(
  (project_inp): Linear(in_features=5, out_features=64, bias=True)
  (pos_enc): LearnablePositionalEncoding(
    (dropout): Dropout(p=0.1, inplace=False)
  )
  (transformer_encoder): TransformerEncoder(
    (layers): ModuleList(
      (0): TransformerBatchNormEncoderLayer(
        (self_attn): MultiheadAttention(
          (out_proj): NonDynamicallyQuantizableLinear(in_features=64, out_features=64, bias=True)
        )
        (linear1): Linear(in_features=64, out_features=256, bias=True)
        (dropout): Dropout(p=0.1, inplace=False)
        (linear2): Linear(in_features=256, out_features=64, bias=True)
        (norm1): BatchNorm1d(64, eps=1e-05, momentum=0.1, affine=True, track_running_stats=True)
        (norm2): BatchNorm1d(64, eps=1e-05, momentum=0.1, affine=True, track_running_stats=True)
        (dropout1): Dropout(p=0.1, inplace=False)
        (dropout2): Dropout(p=0.1, inplace=False)
      )
      (1): TransformerBatchNormEncoderLayer(
        (self_attn): MultiheadAttention(
          (out_proj): NonDynamicallyQuantizableLinear(in_features=64, out_features=64, bias=True)
        )
        (linear1): Linear(in_features=64, out_features=256, bias=True)
        (dropout): Dropout(p=0.1, inplace=False)
        (linear2): Linear(in_features=256, out_features=64, bias=True)
        (norm1): BatchNorm1d(64, eps=1e-05, momentum=0.1, affine=True, track_running_stats=True)
        (norm2): BatchNorm1d(64, eps=1e-05, momentum=0.1, affine=True, track_running_stats=True)
        (dropout1): Dropout(p=0.1, inplace=False)
        (dropout2): Dropout(p=0.1, inplace=False)
      )
      (2): TransformerBatchNormEncoderLayer(
        (self_attn): MultiheadAttention(
          (out_proj): NonDynamicallyQuantizableLinear(in_features=64, out_features=64, bias=True)
        )
        (linear1): Linear(in_features=64, out_features=256, bias=True)
        (dropout): Dropout(p=0.1, inplace=False)
        (linear2): Linear(in_features=256, out_features=64, bias=True)
        (norm1): BatchNorm1d(64, eps=1e-05, momentum=0.1, affine=True, track_running_stats=True)
        (norm2): BatchNorm1d(64, eps=1e-05, momentum=0.1, affine=True, track_running_stats=True)
        (dropout1): Dropout(p=0.1, inplace=False)
        (dropout2): Dropout(p=0.1, inplace=False)
      )
    )
  )
  (dropout1): Dropout(p=0.1, inplace=False)
  (output_layer): Linear(in_features=1536, out_features=1, bias=True)
)
Total number of parameters: 153409
Trainable parameters: 153409
Evaluating on validation set ...
Validation runtime: 0.0 hours, 0.0 minutes, 0.18500208854675293 seconds

Avg val. time: 0.0 hours, 0.0 minutes, 0.18500208854675293 seconds
Avg batch val. time: 0.018500208854675293 seconds
Avg sample val. time: 0.00028906576335430145 seconds
Epoch 0 Validation Summary: epoch: 0.000000 | loss: 772.315826 | 
Starting training...
Epoch 1 Training Summary: epoch: 1.000000 | loss: 712.631888 | 
Epoch runtime: 0.0 hours, 0.0 minutes, 1.6253540515899658 seconds

Avg epoch train. time: 0.0 hours, 0.0 minutes, 1.6253540515899658 seconds
Avg batch train. time: 0.054178468386332196 seconds
Avg sample train. time: 0.0008469797037988357 seconds
Evaluating on validation set ...
Validation runtime: 0.0 hours, 0.0 minutes, 0.19999122619628906 seconds

Avg val. time: 0.0 hours, 0.0 minutes, 0.192496657371521 seconds
Avg batch val. time: 0.0192496657371521 seconds
Avg sample val. time: 0.00030077602714300155 seconds
Epoch 1 Validation Summary: epoch: 1.000000 | loss: 691.482111 | 
Epoch 2 Training Summary: epoch: 2.000000 | loss: 677.519543 | 
Epoch runtime: 0.0 hours, 0.0 minutes, 2.1021013259887695 seconds

Avg epoch train. time: 0.0 hours, 0.0 minutes, 1.8637276887893677 seconds
Avg batch train. time: 0.06212425629297892 seconds
Avg sample train. time: 0.0009711973365239019 seconds
Evaluating on validation set ...
Validation runtime: 0.0 hours, 0.0 minutes, 0.2480015754699707 seconds

Avg val. time: 0.0 hours, 0.0 minutes, 0.2109982967376709 seconds
Avg batch val. time: 0.02109982967376709 seconds
Avg sample val. time: 0.0003296848386526108 seconds
Epoch 2 Validation Summary: epoch: 2.000000 | loss: 650.114502 | 
Epoch 3 Training Summary: epoch: 3.000000 | loss: 618.651680 | 
Epoch runtime: 0.0 hours, 0.0 minutes, 1.990229845046997 seconds

Avg epoch train. time: 0.0 hours, 0.0 minutes, 1.9058950742085774 seconds
Avg batch train. time: 0.06352983580695258 seconds
Avg sample train. time: 0.0009931709610258351 seconds
Epoch 4 Training Summary: epoch: 4.000000 | loss: 537.652658 | 
Epoch runtime: 0.0 hours, 0.0 minutes, 1.9199612140655518 seconds

Avg epoch train. time: 0.0 hours, 0.0 minutes, 1.909411609172821 seconds
Avg batch train. time: 0.06364705363909404 seconds
Avg sample train. time: 0.0009950034440712981 seconds
Evaluating on validation set ...
Validation runtime: 0.0 hours, 0.0 minutes, 0.24165129661560059 seconds

Avg val. time: 0.0 hours, 0.0 minutes, 0.21866154670715332 seconds
Avg batch val. time: 0.021866154670715333 seconds
Avg sample val. time: 0.0003416586667299271 seconds
Epoch 4 Validation Summary: epoch: 4.000000 | loss: 484.625827 | 
Epoch 5 Training Summary: epoch: 5.000000 | loss: 438.450584 | 
Epoch runtime: 0.0 hours, 0.0 minutes, 1.954052209854126 seconds

Avg epoch train. time: 0.0 hours, 0.0 minutes, 1.918339729309082 seconds
Avg batch train. time: 0.06394465764363606 seconds
Avg sample train. time: 0.000999655929811924 seconds
Epoch 6 Training Summary: epoch: 6.000000 | loss: 331.109474 | 
Epoch runtime: 0.0 hours, 0.0 minutes, 1.9376180171966553 seconds

Avg epoch train. time: 0.0 hours, 0.0 minutes, 1.9215527772903442 seconds
Avg batch train. time: 0.06405175924301147 seconds
Avg sample train. time: 0.001001330264351404 seconds
Evaluating on validation set ...
Validation runtime: 0.0 hours, 0.0 minutes, 0.21755027770996094 seconds

Avg val. time: 0.0 hours, 0.0 minutes, 0.21843929290771485 seconds
Avg batch val. time: 0.021843929290771485 seconds
Avg sample val. time: 0.00034131139516830445 seconds
Epoch 6 Validation Summary: epoch: 6.000000 | loss: 280.724071 | 
Epoch 7 Training Summary: epoch: 7.000000 | loss: 226.782003 | 
Epoch runtime: 0.0 hours, 0.0 minutes, 1.9603087902069092 seconds

Avg epoch train. time: 0.0 hours, 0.0 minutes, 1.9270893505641393 seconds
Avg batch train. time: 0.06423631168547131 seconds
Avg sample train. time: 0.0010042153989391032 seconds
Epoch 8 Training Summary: epoch: 8.000000 | loss: 134.085922 | 
Epoch runtime: 0.0 hours, 0.0 minutes, 1.9461307525634766 seconds

Avg epoch train. time: 0.0 hours, 0.0 minutes, 1.9294695258140564 seconds
Avg batch train. time: 0.06431565086046855 seconds
Avg sample train. time: 0.0010054557195487528 seconds
Evaluating on validation set ...
Validation runtime: 0.0 hours, 0.0 minutes, 0.21199965476989746 seconds

Avg val. time: 0.0 hours, 0.0 minutes, 0.21736601988474527 seconds
Avg batch val. time: 0.021736601988474526 seconds
Avg sample val. time: 0.00033963440606991446 seconds
Epoch 8 Validation Summary: epoch: 8.000000 | loss: 98.722996 | 
Epoch 9 Training Summary: epoch: 9.000000 | loss: 64.019503 | 
Epoch runtime: 0.0 hours, 0.0 minutes, 1.9528295993804932 seconds

Avg epoch train. time: 0.0 hours, 0.0 minutes, 1.9320650895436604 seconds
Avg batch train. time: 0.06440216965145534 seconds
Avg sample train. time: 0.0010068082801165505 seconds
Epoch 10 Training Summary: epoch: 10.000000 | loss: 23.333796 | 
Epoch runtime: 0.0 hours, 0.0 minutes, 1.9536259174346924 seconds

Avg epoch train. time: 0.0 hours, 0.0 minutes, 1.9342211723327636 seconds
Avg batch train. time: 0.06447403907775878 seconds
Avg sample train. time: 0.0010079318250822114 seconds
Evaluating on validation set ...
Validation runtime: 0.0 hours, 0.0 minutes, 0.22148418426513672 seconds

Avg val. time: 0.0 hours, 0.0 minutes, 0.21795432908194406 seconds
Avg batch val. time: 0.021795432908194405 seconds
Avg sample val. time: 0.0003405536391905376 seconds
Epoch 10 Validation Summary: epoch: 10.000000 | loss: 18.538764 | 
Best loss was 18.53876438140869. Other metrics: OrderedDict([('epoch', 10), ('loss', 18.53876438140869)])
All Done!
Total runtime: 0.0 hours, 0.0 minutes, 24.299867868423462 seconds

