Running:
main.py --output_dir experiments/belo_horizonte_83587/ --comment regression for belo_horizonte_83587 --name belo_horizonte_83587_Regression --records_file experiments/belo_horizonte_83587/belo_horizonte_83587_Regression.xls --data_dir datasets/files/belo_horizonte_83587/ --data_class wf --pattern TRAIN --val_pattern TEST --epochs 50 --lr 0.01 --optimizer RAdam --pos_encoding learnable --task regression

Using device: cpu
Loading and preprocessing data ...
1919 samples may be used for training
639 samples will be used for validation
0 samples will be used for testing
Creating model ...
Model:
TSTransformerEncoderClassiregressor(
  (project_inp): Linear(in_features=5, out_features=64, bias=True)
  (pos_enc): LearnablePositionalEncoding(
    (dropout): Dropout(p=0.1, inplace=False)
  )
  (transformer_encoder): TransformerEncoder(
    (layers): ModuleList(
      (0): TransformerBatchNormEncoderLayer(
        (self_attn): MultiheadAttention(
          (out_proj): NonDynamicallyQuantizableLinear(in_features=64, out_features=64, bias=True)
        )
        (linear1): Linear(in_features=64, out_features=256, bias=True)
        (dropout): Dropout(p=0.1, inplace=False)
        (linear2): Linear(in_features=256, out_features=64, bias=True)
        (norm1): BatchNorm1d(64, eps=1e-05, momentum=0.1, affine=True, track_running_stats=True)
        (norm2): BatchNorm1d(64, eps=1e-05, momentum=0.1, affine=True, track_running_stats=True)
        (dropout1): Dropout(p=0.1, inplace=False)
        (dropout2): Dropout(p=0.1, inplace=False)
      )
      (1): TransformerBatchNormEncoderLayer(
        (self_attn): MultiheadAttention(
          (out_proj): NonDynamicallyQuantizableLinear(in_features=64, out_features=64, bias=True)
        )
        (linear1): Linear(in_features=64, out_features=256, bias=True)
        (dropout): Dropout(p=0.1, inplace=False)
        (linear2): Linear(in_features=256, out_features=64, bias=True)
        (norm1): BatchNorm1d(64, eps=1e-05, momentum=0.1, affine=True, track_running_stats=True)
        (norm2): BatchNorm1d(64, eps=1e-05, momentum=0.1, affine=True, track_running_stats=True)
        (dropout1): Dropout(p=0.1, inplace=False)
        (dropout2): Dropout(p=0.1, inplace=False)
      )
      (2): TransformerBatchNormEncoderLayer(
        (self_attn): MultiheadAttention(
          (out_proj): NonDynamicallyQuantizableLinear(in_features=64, out_features=64, bias=True)
        )
        (linear1): Linear(in_features=64, out_features=256, bias=True)
        (dropout): Dropout(p=0.1, inplace=False)
        (linear2): Linear(in_features=256, out_features=64, bias=True)
        (norm1): BatchNorm1d(64, eps=1e-05, momentum=0.1, affine=True, track_running_stats=True)
        (norm2): BatchNorm1d(64, eps=1e-05, momentum=0.1, affine=True, track_running_stats=True)
        (dropout1): Dropout(p=0.1, inplace=False)
        (dropout2): Dropout(p=0.1, inplace=False)
      )
    )
  )
  (dropout1): Dropout(p=0.1, inplace=False)
  (output_layer): Linear(in_features=1536, out_features=1, bias=True)
)
Total number of parameters: 153409
Trainable parameters: 153409
Evaluating on validation set ...
Validation runtime: 0.0 hours, 0.0 minutes, 0.17193198204040527 seconds

Avg val. time: 0.0 hours, 0.0 minutes, 0.17193198204040527 seconds
Avg batch val. time: 0.017193198204040527 seconds
Avg sample val. time: 0.00026906413464852156 seconds
Epoch 0 Validation Summary: epoch: 0.000000 | loss: 642.499227 | 
Starting training...
Epoch 1 Training Summary: epoch: 1.000000 | loss: 319.115025 | 
Epoch runtime: 0.0 hours, 0.0 minutes, 1.8549818992614746 seconds

Avg epoch train. time: 0.0 hours, 0.0 minutes, 1.8549818992614746 seconds
Avg batch train. time: 0.061832729975382486 seconds
Avg sample train. time: 0.000966639864127918 seconds
Evaluating on validation set ...
Validation runtime: 0.0 hours, 0.0 minutes, 0.22599124908447266 seconds

Avg val. time: 0.0 hours, 0.0 minutes, 0.19896161556243896 seconds
Avg batch val. time: 0.019896161556243897 seconds
Avg sample val. time: 0.0003113640306141455 seconds
Epoch 1 Validation Summary: epoch: 1.000000 | loss: 34.088630 | 
Epoch 2 Training Summary: epoch: 2.000000 | loss: 17.455317 | 
Epoch runtime: 0.0 hours, 0.0 minutes, 2.2510881423950195 seconds

Avg epoch train. time: 0.0 hours, 0.0 minutes, 2.053035020828247 seconds
Avg batch train. time: 0.0684345006942749 seconds
Avg sample train. time: 0.0010698462849547926 seconds
Evaluating on validation set ...
Validation runtime: 0.0 hours, 0.0 minutes, 0.2554802894592285 seconds

Avg val. time: 0.0 hours, 0.0 minutes, 0.2178011735280355 seconds
Avg batch val. time: 0.02178011735280355 seconds
Avg sample val. time: 0.000340846906929633 seconds
Epoch 2 Validation Summary: epoch: 2.000000 | loss: 9.520877 | 
Epoch 3 Training Summary: epoch: 3.000000 | loss: 1.274560 | 
Epoch runtime: 0.0 hours, 0.0 minutes, 2.2070870399475098 seconds

Avg epoch train. time: 0.0 hours, 0.0 minutes, 2.1043856938680015 seconds
Avg batch train. time: 0.07014618979560004 seconds
Avg sample train. time: 0.0010966053641834296 seconds
Epoch 4 Training Summary: epoch: 4.000000 | loss: 0.915722 | 
Epoch runtime: 0.0 hours, 0.0 minutes, 2.0680506229400635 seconds

Avg epoch train. time: 0.0 hours, 0.0 minutes, 2.095301926136017 seconds
Avg batch train. time: 0.06984339753786722 seconds
Avg sample train. time: 0.001091871769742583 seconds
Evaluating on validation set ...
Validation runtime: 0.0 hours, 0.0 minutes, 0.21499300003051758 seconds

Avg val. time: 0.0 hours, 0.0 minutes, 0.217099130153656 seconds
Avg batch val. time: 0.021709913015365602 seconds
Avg sample val. time: 0.0003397482475018091 seconds
Epoch 4 Validation Summary: epoch: 4.000000 | loss: 0.888933 | 
Epoch 5 Training Summary: epoch: 5.000000 | loss: 0.823340 | 
Epoch runtime: 0.0 hours, 0.0 minutes, 2.1997413635253906 seconds

Avg epoch train. time: 0.0 hours, 0.0 minutes, 2.1161898136138917 seconds
Avg batch train. time: 0.0705396604537964 seconds
Avg sample train. time: 0.0011027565469587763 seconds
Epoch 6 Training Summary: epoch: 6.000000 | loss: 1.259948 | 
Epoch runtime: 0.0 hours, 0.0 minutes, 2.2557005882263184 seconds

Avg epoch train. time: 0.0 hours, 0.0 minutes, 2.1394416093826294 seconds
Avg batch train. time: 0.0713147203127543 seconds
Avg sample train. time: 0.001114873167995117 seconds
Evaluating on validation set ...
Validation runtime: 0.0 hours, 0.0 minutes, 0.2645595073699951 seconds

Avg val. time: 0.0 hours, 0.0 minutes, 0.22659120559692383 seconds
Avg batch val. time: 0.022659120559692384 seconds
Avg sample val. time: 0.0003546028256602877 seconds
Epoch 6 Validation Summary: epoch: 6.000000 | loss: 5.201195 | 
Epoch 7 Training Summary: epoch: 7.000000 | loss: 1.636732 | 
Epoch runtime: 0.0 hours, 0.0 minutes, 2.2064054012298584 seconds

Avg epoch train. time: 0.0 hours, 0.0 minutes, 2.149007865360805 seconds
Avg batch train. time: 0.07163359551202683 seconds
Avg sample train. time: 0.0011198581893490385 seconds
Epoch 8 Training Summary: epoch: 8.000000 | loss: 0.762541 | 
Epoch runtime: 0.0 hours, 0.0 minutes, 2.139394998550415 seconds

Avg epoch train. time: 0.0 hours, 0.0 minutes, 2.1478062570095062 seconds
Avg batch train. time: 0.07159354190031687 seconds
Avg sample train. time: 0.0011192320255390862 seconds
Evaluating on validation set ...
Validation runtime: 0.0 hours, 0.0 minutes, 0.25299882888793945 seconds

Avg val. time: 0.0 hours, 0.0 minutes, 0.23099247614542642 seconds
Avg batch val. time: 0.023099247614542642 seconds
Avg sample val. time: 0.00036149057299753745 seconds
Epoch 8 Validation Summary: epoch: 8.000000 | loss: 3.610139 | 
Epoch 9 Training Summary: epoch: 9.000000 | loss: 1.181257 | 
Epoch runtime: 0.0 hours, 0.0 minutes, 2.118596076965332 seconds

Avg epoch train. time: 0.0 hours, 0.0 minutes, 2.1445606814490423 seconds
Avg batch train. time: 0.0714853560483014 seconds
Avg sample train. time: 0.0011175407407238366 seconds
Epoch 10 Training Summary: epoch: 10.000000 | loss: 1.255576 | 
Epoch runtime: 0.0 hours, 0.0 minutes, 2.1642234325408936 seconds

Avg epoch train. time: 0.0 hours, 0.0 minutes, 2.1465269565582275 seconds
Avg batch train. time: 0.07155089855194091 seconds
Avg sample train. time: 0.001118565376007414 seconds
Evaluating on validation set ...
Validation runtime: 0.0 hours, 0.0 minutes, 0.23299407958984375 seconds

Avg val. time: 0.0 hours, 0.0 minutes, 0.2312784194946289 seconds
Avg batch val. time: 0.02312784194946289 seconds
Avg sample val. time: 0.00036193805867704057 seconds
Epoch 10 Validation Summary: epoch: 10.000000 | loss: 1.460733 | 
Epoch 11 Training Summary: epoch: 11.000000 | loss: 1.157372 | 
Epoch runtime: 0.0 hours, 0.0 minutes, 2.3680641651153564 seconds

Avg epoch train. time: 0.0 hours, 0.0 minutes, 2.166666702790694 seconds
Avg batch train. time: 0.07222222342635647 seconds
Avg sample train. time: 0.0011290602932728993 seconds
Epoch 12 Training Summary: epoch: 12.000000 | loss: 2.865038 | 
Epoch runtime: 0.0 hours, 0.0 minutes, 2.116926908493042 seconds

Avg epoch train. time: 0.0 hours, 0.0 minutes, 2.162521719932556 seconds
Avg batch train. time: 0.07208405733108521 seconds
Avg sample train. time: 0.0011269003230497947 seconds
Evaluating on validation set ...
Validation runtime: 0.0 hours, 0.0 minutes, 0.22499942779541016 seconds

Avg val. time: 0.0 hours, 0.0 minutes, 0.23049354553222656 seconds
Avg batch val. time: 0.023049354553222656 seconds
Avg sample val. time: 0.0003607097739158475 seconds
Epoch 12 Validation Summary: epoch: 12.000000 | loss: 1.082413 | 
Epoch 13 Training Summary: epoch: 13.000000 | loss: 1.095823 | 
Epoch runtime: 0.0 hours, 0.0 minutes, 1.986889123916626 seconds

Avg epoch train. time: 0.0 hours, 0.0 minutes, 2.149011520239023 seconds
Avg batch train. time: 0.07163371734130078 seconds
Avg sample train. time: 0.0011198600939234097 seconds
Epoch 14 Training Summary: epoch: 14.000000 | loss: 1.100305 | 
Epoch runtime: 0.0 hours, 0.0 minutes, 1.956367015838623 seconds

Avg epoch train. time: 0.0 hours, 0.0 minutes, 2.1352511984961375 seconds
Avg batch train. time: 0.07117503994987125 seconds
Avg sample train. time: 0.001112689525011015 seconds
Evaluating on validation set ...
Validation runtime: 0.0 hours, 0.0 minutes, 0.23099064826965332 seconds

Avg val. time: 0.0 hours, 0.0 minutes, 0.23054877916971842 seconds
Avg batch val. time: 0.02305487791697184 seconds
Avg sample val. time: 0.00036079621153320564 seconds
Epoch 14 Validation Summary: epoch: 14.000000 | loss: 0.894847 | 
Epoch 15 Training Summary: epoch: 15.000000 | loss: 0.836681 | 
Epoch runtime: 0.0 hours, 0.0 minutes, 2.349165916442871 seconds

Avg epoch train. time: 0.0 hours, 0.0 minutes, 2.1495121796925862 seconds
Avg batch train. time: 0.07165040598975288 seconds
Avg sample train. time: 0.0011201209899388152 seconds
Epoch 16 Training Summary: epoch: 16.000000 | loss: 1.396745 | 
Epoch runtime: 0.0 hours, 0.0 minutes, 2.129673957824707 seconds

Avg epoch train. time: 0.0 hours, 0.0 minutes, 2.148272290825844 seconds
Avg batch train. time: 0.07160907636086146 seconds
Avg sample train. time: 0.0011194748779707368 seconds
Evaluating on validation set ...
Validation runtime: 0.0 hours, 0.0 minutes, 0.273026704788208 seconds

Avg val. time: 0.0 hours, 0.0 minutes, 0.23479657173156737 seconds
Avg batch val. time: 0.023479657173156736 seconds
Avg sample val. time: 0.000367443774227805 seconds
Epoch 16 Validation Summary: epoch: 16.000000 | loss: 0.616867 | 
Epoch 17 Training Summary: epoch: 17.000000 | loss: 1.590123 | 
Epoch runtime: 0.0 hours, 0.0 minutes, 2.0997793674468994 seconds

Avg epoch train. time: 0.0 hours, 0.0 minutes, 2.1454197659212 seconds
Avg batch train. time: 0.07151399219737334 seconds
Avg sample train. time: 0.0011179884137161023 seconds
Epoch 18 Training Summary: epoch: 18.000000 | loss: 1.116560 | 
Epoch runtime: 0.0 hours, 0.0 minutes, 2.0686848163604736 seconds

Avg epoch train. time: 0.0 hours, 0.0 minutes, 2.141156713167826 seconds
Avg batch train. time: 0.07137189043892754 seconds
Avg sample train. time: 0.0011157669167106963 seconds
Evaluating on validation set ...
Validation runtime: 0.0 hours, 0.0 minutes, 0.23999524116516113 seconds

Avg val. time: 0.0 hours, 0.0 minutes, 0.23526917804371228 seconds
Avg batch val. time: 0.023526917804371227 seconds
Avg sample val. time: 0.000368183377220207 seconds
Epoch 18 Validation Summary: epoch: 18.000000 | loss: 3.102250 | 
Epoch 19 Training Summary: epoch: 19.000000 | loss: 1.337680 | 
Epoch runtime: 0.0 hours, 0.0 minutes, 2.1462113857269287 seconds

Avg epoch train. time: 0.0 hours, 0.0 minutes, 2.141422748565674 seconds
Avg batch train. time: 0.07138075828552246 seconds
Avg sample train. time: 0.0011159055490180688 seconds
Epoch 20 Training Summary: epoch: 20.000000 | loss: 1.651505 | 
Epoch runtime: 0.0 hours, 0.0 minutes, 2.053039312362671 seconds

Avg epoch train. time: 0.0 hours, 0.0 minutes, 2.1370035767555238 seconds
Avg batch train. time: 0.07123345255851746 seconds
Avg sample train. time: 0.0011136026976318518 seconds
Evaluating on validation set ...
Validation runtime: 0.0 hours, 0.0 minutes, 0.21900296211242676 seconds

Avg val. time: 0.0 hours, 0.0 minutes, 0.23391366004943848 seconds
Avg batch val. time: 0.023391366004943848 seconds
Avg sample val. time: 0.00036606206580506805 seconds
Epoch 20 Validation Summary: epoch: 20.000000 | loss: 3.358081 | 
Epoch 21 Training Summary: epoch: 21.000000 | loss: 1.636802 | 
Epoch runtime: 0.0 hours, 0.0 minutes, 2.2906038761138916 seconds

Avg epoch train. time: 0.0 hours, 0.0 minutes, 2.14431787672497 seconds
Avg batch train. time: 0.071477262557499 seconds
Avg sample train. time: 0.0011174142140307295 seconds
Epoch 22 Training Summary: epoch: 22.000000 | loss: 0.968013 | 
Epoch runtime: 0.0 hours, 0.0 minutes, 2.643643379211426 seconds

Avg epoch train. time: 0.0 hours, 0.0 minutes, 2.167014490474354 seconds
Avg batch train. time: 0.07223381634914514 seconds
Avg sample train. time: 0.0011292415270840823 seconds
Evaluating on validation set ...
Validation runtime: 0.0 hours, 0.0 minutes, 0.24255132675170898 seconds

Avg val. time: 0.0 hours, 0.0 minutes, 0.23457809594961312 seconds
Avg batch val. time: 0.023457809594961312 seconds
Avg sample val. time: 0.0003671018715956387 seconds
Epoch 22 Validation Summary: epoch: 22.000000 | loss: 0.330422 | 
Epoch 23 Training Summary: epoch: 23.000000 | loss: 1.185531 | 
Epoch runtime: 0.0 hours, 0.0 minutes, 2.463601589202881 seconds

Avg epoch train. time: 0.0 hours, 0.0 minutes, 2.1799095817234204 seconds
Avg batch train. time: 0.07266365272411401 seconds
Avg sample train. time: 0.0011359612202831789 seconds
Epoch 24 Training Summary: epoch: 24.000000 | loss: 1.358347 | 
Epoch runtime: 0.0 hours, 0.0 minutes, 2.2668399810791016 seconds

Avg epoch train. time: 0.0 hours, 0.0 minutes, 2.1835316816965737 seconds
Avg batch train. time: 0.0727843893898858 seconds
Avg sample train. time: 0.0011378487137553798 seconds
Evaluating on validation set ...
Validation runtime: 0.0 hours, 0.0 minutes, 0.25600242614746094 seconds

Avg val. time: 0.0 hours, 0.0 minutes, 0.2361084052494594 seconds
Avg batch val. time: 0.02361084052494594 seconds
Avg sample val. time: 0.0003694967218301399 seconds
Epoch 24 Validation Summary: epoch: 24.000000 | loss: 0.862333 | 
Epoch 25 Training Summary: epoch: 25.000000 | loss: 1.353345 | 
Epoch runtime: 0.0 hours, 0.0 minutes, 2.179563045501709 seconds

Avg epoch train. time: 0.0 hours, 0.0 minutes, 2.1833729362487793 seconds
Avg batch train. time: 0.07277909787495931 seconds
Avg sample train. time: 0.0011377659907497546 seconds
Epoch 26 Training Summary: epoch: 26.000000 | loss: 1.303676 | 
Epoch runtime: 0.0 hours, 0.0 minutes, 2.058372974395752 seconds

Avg epoch train. time: 0.0 hours, 0.0 minutes, 2.1785652454082785 seconds
Avg batch train. time: 0.07261884151360928 seconds
Avg sample train. time: 0.0011352606802544443 seconds
Evaluating on validation set ...
Validation runtime: 0.0 hours, 0.0 minutes, 0.2282547950744629 seconds

Avg val. time: 0.0 hours, 0.0 minutes, 0.23558483123779297 seconds
Avg batch val. time: 0.023558483123779297 seconds
Avg sample val. time: 0.00036867735717964473 seconds
Epoch 26 Validation Summary: epoch: 26.000000 | loss: 4.829538 | 
Epoch 27 Training Summary: epoch: 27.000000 | loss: 1.833615 | 
Epoch runtime: 0.0 hours, 0.0 minutes, 1.921555995941162 seconds

Avg epoch train. time: 0.0 hours, 0.0 minutes, 2.1690463843169034 seconds
Avg batch train. time: 0.07230154614389678 seconds
Avg sample train. time: 0.0011303003566007835 seconds
Epoch 28 Training Summary: epoch: 28.000000 | loss: 1.127623 | 
Epoch runtime: 0.0 hours, 0.0 minutes, 1.9308903217315674 seconds

Avg epoch train. time: 0.0 hours, 0.0 minutes, 2.1605408106531416 seconds
Avg batch train. time: 0.07201802702177139 seconds
Avg sample train. time: 0.0011258680618307147 seconds
Evaluating on validation set ...
Validation runtime: 0.0 hours, 0.0 minutes, 0.21361351013183594 seconds

Avg val. time: 0.0 hours, 0.0 minutes, 0.23421162366867065 seconds
Avg batch val. time: 0.023421162366867067 seconds
Avg sample val. time: 0.00036652836254878036 seconds
Epoch 28 Validation Summary: epoch: 28.000000 | loss: 3.625072 | 
Epoch 29 Training Summary: epoch: 29.000000 | loss: 1.684704 | 
Epoch runtime: 0.0 hours, 0.0 minutes, 1.9671499729156494 seconds

Avg epoch train. time: 0.0 hours, 0.0 minutes, 2.1538721610759866 seconds
Avg batch train. time: 0.07179573870253289 seconds
Avg sample train. time: 0.0011223929969129685 seconds
Epoch 30 Training Summary: epoch: 30.000000 | loss: 1.731420 | 
Epoch runtime: 0.0 hours, 0.0 minutes, 2.1981937885284424 seconds

Avg epoch train. time: 0.0 hours, 0.0 minutes, 2.155349548657735 seconds
Avg batch train. time: 0.07184498495525783 seconds
Avg sample train. time: 0.001123162870587668 seconds
Evaluating on validation set ...
Validation runtime: 0.0 hours, 0.0 minutes, 0.30100226402282715 seconds

Avg val. time: 0.0 hours, 0.0 minutes, 0.23814048486597397 seconds
Avg batch val. time: 0.0238140484865974 seconds
Avg sample val. time: 0.0003726768151267198 seconds
Epoch 30 Validation Summary: epoch: 30.000000 | loss: 6.729384 | 
Epoch 31 Training Summary: epoch: 31.000000 | loss: 1.339988 | 
Epoch runtime: 0.0 hours, 0.0 minutes, 2.8450000286102295 seconds

Avg epoch train. time: 0.0 hours, 0.0 minutes, 2.1775963383336223 seconds
Avg batch train. time: 0.07258654461112074 seconds
Avg sample train. time: 0.0011347557781832321 seconds
Epoch 32 Training Summary: epoch: 32.000000 | loss: 1.460151 | 
Epoch runtime: 0.0 hours, 0.0 minutes, 1.8218445777893066 seconds

Avg epoch train. time: 0.0 hours, 0.0 minutes, 2.1664790958166122 seconds
Avg batch train. time: 0.07221596986055374 seconds
Avg sample train. time: 0.0011289625303890632 seconds
Evaluating on validation set ...
Validation runtime: 0.0 hours, 0.0 minutes, 0.20714211463928223 seconds

Avg val. time: 0.0 hours, 0.0 minutes, 0.23641835318671334 seconds
Avg batch val. time: 0.023641835318671332 seconds
Avg sample val. time: 0.00036998177337513826 seconds
Epoch 32 Validation Summary: epoch: 32.000000 | loss: 13.023618 | 
Epoch 33 Training Summary: epoch: 33.000000 | loss: 1.750484 | 
Epoch runtime: 0.0 hours, 0.0 minutes, 1.866478443145752 seconds

Avg epoch train. time: 0.0 hours, 0.0 minutes, 2.1573881669477983 seconds
Avg batch train. time: 0.07191293889825995 seconds
Avg sample train. time: 0.0011242252042458563 seconds
Epoch 34 Training Summary: epoch: 34.000000 | loss: 1.729867 | 
Epoch runtime: 0.0 hours, 0.0 minutes, 1.8680088520050049 seconds

Avg epoch train. time: 0.0 hours, 0.0 minutes, 2.1488770106259514 seconds
Avg batch train. time: 0.07162923368753171 seconds
Avg sample train. time: 0.0011197900003261862 seconds
Evaluating on validation set ...
Validation runtime: 0.0 hours, 0.0 minutes, 0.26017236709594727 seconds

Avg val. time: 0.0 hours, 0.0 minutes, 0.23766856444509407 seconds
Avg batch val. time: 0.023766856444509408 seconds
Avg sample val. time: 0.0003719382855165791 seconds
Epoch 34 Validation Summary: epoch: 34.000000 | loss: 8.208500 | 
Epoch 35 Training Summary: epoch: 35.000000 | loss: 1.484794 | 
Epoch runtime: 0.0 hours, 0.0 minutes, 2.186450719833374 seconds

Avg epoch train. time: 0.0 hours, 0.0 minutes, 2.1499505451747347 seconds
Avg batch train. time: 0.07166501817249116 seconds
Avg sample train. time: 0.0011203494242703151 seconds
Epoch 36 Training Summary: epoch: 36.000000 | loss: 2.246229 | 
Epoch runtime: 0.0 hours, 0.0 minutes, 2.2653722763061523 seconds

Avg epoch train. time: 0.0 hours, 0.0 minutes, 2.15315670437283 seconds
Avg batch train. time: 0.07177189014576099 seconds
Avg sample train. time: 0.00112202016903222 seconds
Evaluating on validation set ...
Validation runtime: 0.0 hours, 0.0 minutes, 0.24607229232788086 seconds

Avg val. time: 0.0 hours, 0.0 minutes, 0.2380887508392334 seconds
Avg batch val. time: 0.02380887508392334 seconds
Avg sample val. time: 0.00037259585420850296 seconds
Epoch 36 Validation Summary: epoch: 36.000000 | loss: 1.825216 | 
Epoch 37 Training Summary: epoch: 37.000000 | loss: 2.048143 | 
Epoch runtime: 0.0 hours, 0.0 minutes, 2.1408493518829346 seconds

Avg epoch train. time: 0.0 hours, 0.0 minutes, 2.1528240732244543 seconds
Avg batch train. time: 0.07176080244081515 seconds
Avg sample train. time: 0.0011218468333634467 seconds
Epoch 38 Training Summary: epoch: 38.000000 | loss: 3.477463 | 
Epoch runtime: 0.0 hours, 0.0 minutes, 2.030968427658081 seconds

Avg epoch train. time: 0.0 hours, 0.0 minutes, 2.1496173457095495 seconds
Avg batch train. time: 0.07165391152365165 seconds
Avg sample train. time: 0.0011201757924489575 seconds
Evaluating on validation set ...
Validation runtime: 0.0 hours, 0.0 minutes, 0.252002477645874 seconds

Avg val. time: 0.0 hours, 0.0 minutes, 0.23875130925859725 seconds
Avg batch val. time: 0.023875130925859724 seconds
Avg sample val. time: 0.0003736327218444401 seconds
Epoch 38 Validation Summary: epoch: 38.000000 | loss: 17.354717 | 
Epoch 39 Training Summary: epoch: 39.000000 | loss: 4.711739 | 
Epoch runtime: 0.0 hours, 0.0 minutes, 1.8629558086395264 seconds

Avg epoch train. time: 0.0 hours, 0.0 minutes, 2.1422670498872414 seconds
Avg batch train. time: 0.07140890166290804 seconds
Avg sample train. time: 0.0011163455184404593 seconds
Epoch 40 Training Summary: epoch: 40.000000 | loss: 4.438375 | 
Epoch runtime: 0.0 hours, 0.0 minutes, 2.0923430919647217 seconds

Avg epoch train. time: 0.0 hours, 0.0 minutes, 2.1410189509391784 seconds
Avg batch train. time: 0.07136729836463927 seconds
Avg sample train. time: 0.001115695128160072 seconds
Evaluating on validation set ...
Validation runtime: 0.0 hours, 0.0 minutes, 0.23299908638000488 seconds

Avg val. time: 0.0 hours, 0.0 minutes, 0.23848984458229758 seconds
Avg batch val. time: 0.023848984458229756 seconds
Avg sample val. time: 0.00037322354394725757 seconds
Epoch 40 Validation Summary: epoch: 40.000000 | loss: 7.730898 | 
Epoch 41 Training Summary: epoch: 41.000000 | loss: 4.712900 | 
Epoch runtime: 0.0 hours, 0.0 minutes, 1.9760267734527588 seconds

Avg epoch train. time: 0.0 hours, 0.0 minutes, 2.1369947514882903 seconds
Avg batch train. time: 0.07123315838294302 seconds
Avg sample train. time: 0.0011135980987432466 seconds
Epoch 42 Training Summary: epoch: 42.000000 | loss: 4.513264 | 
Epoch runtime: 0.0 hours, 0.0 minutes, 1.9960846900939941 seconds

Avg epoch train. time: 0.0 hours, 0.0 minutes, 2.1336397500265214 seconds
Avg batch train. time: 0.07112132500088404 seconds
Avg sample train. time: 0.0011118497915719235 seconds
Evaluating on validation set ...
Validation runtime: 0.0 hours, 0.0 minutes, 0.21800875663757324 seconds

Avg val. time: 0.0 hours, 0.0 minutes, 0.23759936249774435 seconds
Avg batch val. time: 0.023759936249774436 seconds
Avg sample val. time: 0.00037182998825938086 seconds
Epoch 42 Validation Summary: epoch: 42.000000 | loss: 1.898370 | 
Epoch 43 Training Summary: epoch: 43.000000 | loss: 4.331409 | 
Epoch runtime: 0.0 hours, 0.0 minutes, 2.0466039180755615 seconds

Avg epoch train. time: 0.0 hours, 0.0 minutes, 2.1316156609113825 seconds
Avg batch train. time: 0.07105385536371275 seconds
Avg sample train. time: 0.0011107950291356866 seconds
Epoch 44 Training Summary: epoch: 44.000000 | loss: 4.269444 | 
Epoch runtime: 0.0 hours, 0.0 minutes, 2.0889272689819336 seconds

Avg epoch train. time: 0.0 hours, 0.0 minutes, 2.1306454701857134 seconds
Avg batch train. time: 0.07102151567285711 seconds
Avg sample train. time: 0.0011102894581478443 seconds
Evaluating on validation set ...
Validation runtime: 0.0 hours, 0.0 minutes, 0.2360236644744873 seconds

Avg val. time: 0.0 hours, 0.0 minutes, 0.23753370841344199 seconds
Avg batch val. time: 0.0237533708413442 seconds
Avg sample val. time: 0.0003717272432135242 seconds
Epoch 44 Validation Summary: epoch: 44.000000 | loss: 5.790656 | 
Epoch 45 Training Summary: epoch: 45.000000 | loss: 3.368395 | 
Epoch runtime: 0.0 hours, 0.0 minutes, 2.058704137802124 seconds

Avg epoch train. time: 0.0 hours, 0.0 minutes, 2.1290467739105225 seconds
Avg batch train. time: 0.07096822579701742 seconds
Avg sample train. time: 0.0011094563699377397 seconds
Epoch 46 Training Summary: epoch: 46.000000 | loss: 2.961646 | 
Epoch runtime: 0.0 hours, 0.0 minutes, 2.273939371109009 seconds

Avg epoch train. time: 0.0 hours, 0.0 minutes, 2.1321966129800547 seconds
Avg batch train. time: 0.07107322043266849 seconds
Avg sample train. time: 0.0011110977660135771 seconds
Evaluating on validation set ...
Validation runtime: 0.0 hours, 0.0 minutes, 0.2709991931915283 seconds

Avg val. time: 0.0 hours, 0.0 minutes, 0.23887232780456544 seconds
Avg batch val. time: 0.023887232780456544 seconds
Avg sample val. time: 0.0003738221092403215 seconds
Epoch 46 Validation Summary: epoch: 46.000000 | loss: 4.669551 | 
Epoch 47 Training Summary: epoch: 47.000000 | loss: 3.118445 | 
Epoch runtime: 0.0 hours, 0.0 minutes, 2.191074848175049 seconds

Avg epoch train. time: 0.0 hours, 0.0 minutes, 2.133449341388459 seconds
Avg batch train. time: 0.07111497804628196 seconds
Avg sample train. time: 0.0011117505687277013 seconds
Epoch 48 Training Summary: epoch: 48.000000 | loss: 2.842400 | 
Epoch runtime: 0.0 hours, 0.0 minutes, 2.1862502098083496 seconds

Avg epoch train. time: 0.0 hours, 0.0 minutes, 2.13454935948054 seconds
Avg batch train. time: 0.07115164531601799 seconds
Avg sample train. time: 0.001112323793371829 seconds
Evaluating on validation set ...
Validation runtime: 0.0 hours, 0.0 minutes, 0.23193120956420898 seconds

Avg val. time: 0.0 hours, 0.0 minutes, 0.23860536171839788 seconds
Avg batch val. time: 0.023860536171839787 seconds
Avg sample val. time: 0.0003734043219380249 seconds
Epoch 48 Validation Summary: epoch: 48.000000 | loss: 5.648862 | 
Epoch 49 Training Summary: epoch: 49.000000 | loss: 2.637979 | 
Epoch runtime: 0.0 hours, 0.0 minutes, 2.1153619289398193 seconds

Avg epoch train. time: 0.0 hours, 0.0 minutes, 2.1341577792654234 seconds
Avg batch train. time: 0.07113859264218078 seconds
Avg sample train. time: 0.0011121197390648377 seconds
Epoch 50 Training Summary: epoch: 50.000000 | loss: 2.616975 | 
Epoch runtime: 0.0 hours, 0.0 minutes, 2.1045303344726562 seconds

Avg epoch train. time: 0.0 hours, 0.0 minutes, 2.133565230369568 seconds
Avg batch train. time: 0.07111884101231893 seconds
Avg sample train. time: 0.001111810959025309 seconds
Evaluating on validation set ...
Validation runtime: 0.0 hours, 0.0 minutes, 0.2604637145996094 seconds

Avg val. time: 0.0 hours, 0.0 minutes, 0.23941493034362793 seconds
Avg batch val. time: 0.02394149303436279 seconds
Avg sample val. time: 0.00037467125249394045 seconds
Epoch 50 Validation Summary: epoch: 50.000000 | loss: 8.337268 | 
Best loss was 0.3304217089323184. Other metrics: OrderedDict([('epoch', 22), ('loss', 0.3304217089323184)])
All Done!
Total runtime: 0.0 hours, 1.0 minutes, 57.635571002960205 seconds

