Running:
main.py --output_dir experiments/manaus_82332/ --comment regression for manaus_82332 --name manaus_82332_Regression --records_file experiments/manaus_82332/manaus_82332_Regression.xls --data_dir datasets/files/manaus_82332/ --data_class wf --pattern TRAIN --val_pattern TEST --epochs 40 --lr 0.01 --optimizer RAdam --pos_encoding learnable --task regression

Using device: cpu
Loading and preprocessing data ...
1917 samples may be used for training
638 samples will be used for validation
0 samples will be used for testing
Creating model ...
Model:
TSTransformerEncoderClassiregressor(
  (project_inp): Linear(in_features=5, out_features=64, bias=True)
  (pos_enc): LearnablePositionalEncoding(
    (dropout): Dropout(p=0.1, inplace=False)
  )
  (transformer_encoder): TransformerEncoder(
    (layers): ModuleList(
      (0): TransformerBatchNormEncoderLayer(
        (self_attn): MultiheadAttention(
          (out_proj): NonDynamicallyQuantizableLinear(in_features=64, out_features=64, bias=True)
        )
        (linear1): Linear(in_features=64, out_features=256, bias=True)
        (dropout): Dropout(p=0.1, inplace=False)
        (linear2): Linear(in_features=256, out_features=64, bias=True)
        (norm1): BatchNorm1d(64, eps=1e-05, momentum=0.1, affine=True, track_running_stats=True)
        (norm2): BatchNorm1d(64, eps=1e-05, momentum=0.1, affine=True, track_running_stats=True)
        (dropout1): Dropout(p=0.1, inplace=False)
        (dropout2): Dropout(p=0.1, inplace=False)
      )
      (1): TransformerBatchNormEncoderLayer(
        (self_attn): MultiheadAttention(
          (out_proj): NonDynamicallyQuantizableLinear(in_features=64, out_features=64, bias=True)
        )
        (linear1): Linear(in_features=64, out_features=256, bias=True)
        (dropout): Dropout(p=0.1, inplace=False)
        (linear2): Linear(in_features=256, out_features=64, bias=True)
        (norm1): BatchNorm1d(64, eps=1e-05, momentum=0.1, affine=True, track_running_stats=True)
        (norm2): BatchNorm1d(64, eps=1e-05, momentum=0.1, affine=True, track_running_stats=True)
        (dropout1): Dropout(p=0.1, inplace=False)
        (dropout2): Dropout(p=0.1, inplace=False)
      )
      (2): TransformerBatchNormEncoderLayer(
        (self_attn): MultiheadAttention(
          (out_proj): NonDynamicallyQuantizableLinear(in_features=64, out_features=64, bias=True)
        )
        (linear1): Linear(in_features=64, out_features=256, bias=True)
        (dropout): Dropout(p=0.1, inplace=False)
        (linear2): Linear(in_features=256, out_features=64, bias=True)
        (norm1): BatchNorm1d(64, eps=1e-05, momentum=0.1, affine=True, track_running_stats=True)
        (norm2): BatchNorm1d(64, eps=1e-05, momentum=0.1, affine=True, track_running_stats=True)
        (dropout1): Dropout(p=0.1, inplace=False)
        (dropout2): Dropout(p=0.1, inplace=False)
      )
    )
  )
  (dropout1): Dropout(p=0.1, inplace=False)
  (output_layer): Linear(in_features=1536, out_features=1, bias=True)
)
Total number of parameters: 153409
Trainable parameters: 153409
Evaluating on validation set ...
Validation runtime: 0.0 hours, 0.0 minutes, 0.1819901466369629 seconds

Avg val. time: 0.0 hours, 0.0 minutes, 0.1819901466369629 seconds
Avg batch val. time: 0.01819901466369629 seconds
Avg sample val. time: 0.0002852510135375594 seconds
Epoch 0 Validation Summary: epoch: 0.000000 | loss: 488.589473 | 
Starting training...
Epoch 1 Training Summary: epoch: 1.000000 | loss: 529.747891 | 
Epoch runtime: 0.0 hours, 0.0 minutes, 1.803511619567871 seconds

Avg epoch train. time: 0.0 hours, 0.0 minutes, 1.803511619567871 seconds
Avg batch train. time: 0.060117053985595706 seconds
Avg sample train. time: 0.0009407989669107309 seconds
Evaluating on validation set ...
Validation runtime: 0.0 hours, 0.0 minutes, 0.1939985752105713 seconds

Avg val. time: 0.0 hours, 0.0 minutes, 0.1879943609237671 seconds
Avg batch val. time: 0.01879943609237671 seconds
Avg sample val. time: 0.0002946620077175033 seconds
Epoch 1 Validation Summary: epoch: 1.000000 | loss: 92.184189 | 
Epoch 2 Training Summary: epoch: 2.000000 | loss: 62.442789 | 
Epoch runtime: 0.0 hours, 0.0 minutes, 1.704352855682373 seconds

Avg epoch train. time: 0.0 hours, 0.0 minutes, 1.753932237625122 seconds
Avg batch train. time: 0.0584644079208374 seconds
Avg sample train. time: 0.0009149359612024633 seconds
Evaluating on validation set ...
Validation runtime: 0.0 hours, 0.0 minutes, 0.17752718925476074 seconds

Avg val. time: 0.0 hours, 0.0 minutes, 0.18450530370076498 seconds
Avg batch val. time: 0.018450530370076497 seconds
Avg sample val. time: 0.00028919326598865984 seconds
Epoch 2 Validation Summary: epoch: 2.000000 | loss: 26.741720 | 
Epoch 3 Training Summary: epoch: 3.000000 | loss: 2.617580 | 
Epoch runtime: 0.0 hours, 0.0 minutes, 1.7135145664215088 seconds

Avg epoch train. time: 0.0 hours, 0.0 minutes, 1.740459680557251 seconds
Avg batch train. time: 0.0580153226852417 seconds
Avg sample train. time: 0.0009079080232432191 seconds
Epoch 4 Training Summary: epoch: 4.000000 | loss: 0.827608 | 
Epoch runtime: 0.0 hours, 0.0 minutes, 1.8368749618530273 seconds

Avg epoch train. time: 0.0 hours, 0.0 minutes, 1.764563500881195 seconds
Avg batch train. time: 0.0588187833627065 seconds
Avg sample train. time: 0.00092048174276536 seconds
Evaluating on validation set ...
Validation runtime: 0.0 hours, 0.0 minutes, 0.21900081634521484 seconds

Avg val. time: 0.0 hours, 0.0 minutes, 0.19312918186187744 seconds
Avg batch val. time: 0.019312918186187744 seconds
Avg sample val. time: 0.00030271031639792704 seconds
Epoch 4 Validation Summary: epoch: 4.000000 | loss: 5.360544 | 
Epoch 5 Training Summary: epoch: 5.000000 | loss: 1.021303 | 
Epoch runtime: 0.0 hours, 0.0 minutes, 1.9213054180145264 seconds

Avg epoch train. time: 0.0 hours, 0.0 minutes, 1.7959118843078614 seconds
Avg batch train. time: 0.059863729476928716 seconds
Avg sample train. time: 0.0009368345771037358 seconds
Epoch 6 Training Summary: epoch: 6.000000 | loss: 0.717352 | 
Epoch runtime: 0.0 hours, 0.0 minutes, 1.9499528408050537 seconds

Avg epoch train. time: 0.0 hours, 0.0 minutes, 1.8215853770573933 seconds
Avg batch train. time: 0.06071951256857978 seconds
Avg sample train. time: 0.0009502271137492923 seconds
Evaluating on validation set ...
Validation runtime: 0.0 hours, 0.0 minutes, 0.20507407188415527 seconds

Avg val. time: 0.0 hours, 0.0 minutes, 0.195518159866333 seconds
Avg batch val. time: 0.0195518159866333 seconds
Avg sample val. time: 0.0003064547960287351 seconds
Epoch 6 Validation Summary: epoch: 6.000000 | loss: 2.174205 | 
Epoch 7 Training Summary: epoch: 7.000000 | loss: 0.943076 | 
Epoch runtime: 0.0 hours, 0.0 minutes, 1.9666812419891357 seconds

Avg epoch train. time: 0.0 hours, 0.0 minutes, 1.842313357761928 seconds
Avg batch train. time: 0.061410445258730934 seconds
Avg sample train. time: 0.0009610398319050224 seconds
Epoch 8 Training Summary: epoch: 8.000000 | loss: 1.157488 | 
Epoch runtime: 0.0 hours, 0.0 minutes, 2.0275516510009766 seconds

Avg epoch train. time: 0.0 hours, 0.0 minutes, 1.865468144416809 seconds
Avg batch train. time: 0.062182271480560304 seconds
Avg sample train. time: 0.0009731184895236354 seconds
Evaluating on validation set ...
Validation runtime: 0.0 hours, 0.0 minutes, 0.2271890640258789 seconds

Avg val. time: 0.0 hours, 0.0 minutes, 0.20079664389292398 seconds
Avg batch val. time: 0.020079664389292397 seconds
Avg sample val. time: 0.0003147282819638307 seconds
Epoch 8 Validation Summary: epoch: 8.000000 | loss: 9.951524 | 
Epoch 9 Training Summary: epoch: 9.000000 | loss: 1.552721 | 
Epoch runtime: 0.0 hours, 0.0 minutes, 2.1149227619171143 seconds

Avg epoch train. time: 0.0 hours, 0.0 minutes, 1.8931853241390653 seconds
Avg batch train. time: 0.06310617747130218 seconds
Avg sample train. time: 0.0009875771122269512 seconds
Epoch 10 Training Summary: epoch: 10.000000 | loss: 0.682147 | 
Epoch runtime: 0.0 hours, 0.0 minutes, 2.0853543281555176 seconds

Avg epoch train. time: 0.0 hours, 0.0 minutes, 1.9124022245407104 seconds
Avg batch train. time: 0.06374674081802369 seconds
Avg sample train. time: 0.0009976015777468494 seconds
Evaluating on validation set ...
Validation runtime: 0.0 hours, 0.0 minutes, 0.24499821662902832 seconds

Avg val. time: 0.0 hours, 0.0 minutes, 0.20711115428379603 seconds
Avg batch val. time: 0.020711115428379605 seconds
Avg sample val. time: 0.0003246256336736615 seconds
Epoch 10 Validation Summary: epoch: 10.000000 | loss: 3.123409 | 
Epoch 11 Training Summary: epoch: 11.000000 | loss: 1.186435 | 
Epoch runtime: 0.0 hours, 0.0 minutes, 2.183764934539795 seconds

Avg epoch train. time: 0.0 hours, 0.0 minutes, 1.9370715618133545 seconds
Avg batch train. time: 0.06456905206044515 seconds
Avg sample train. time: 0.0010104702982855266 seconds
Epoch 12 Training Summary: epoch: 12.000000 | loss: 0.879277 | 
Epoch runtime: 0.0 hours, 0.0 minutes, 2.077874183654785 seconds

Avg epoch train. time: 0.0 hours, 0.0 minutes, 1.9488051136334736 seconds
Avg batch train. time: 0.06496017045444911 seconds
Avg sample train. time: 0.0010165910869240865 seconds
Evaluating on validation set ...
Validation runtime: 0.0 hours, 0.0 minutes, 0.24300289154052734 seconds

Avg val. time: 0.0 hours, 0.0 minutes, 0.21159762144088745 seconds
Avg batch val. time: 0.021159762144088747 seconds
Avg sample val. time: 0.0003316577138571904 seconds
Epoch 12 Validation Summary: epoch: 12.000000 | loss: 1.741308 | 
Epoch 13 Training Summary: epoch: 13.000000 | loss: 1.303961 | 
Epoch runtime: 0.0 hours, 0.0 minutes, 2.096306324005127 seconds

Avg epoch train. time: 0.0 hours, 0.0 minutes, 1.9601513605851393 seconds
Avg batch train. time: 0.0653383786861713 seconds
Avg sample train. time: 0.00102250983859423 seconds
Epoch 14 Training Summary: epoch: 14.000000 | loss: 1.105583 | 
Epoch runtime: 0.0 hours, 0.0 minutes, 2.0805935859680176 seconds

Avg epoch train. time: 0.0 hours, 0.0 minutes, 1.9687543766839164 seconds
Avg batch train. time: 0.06562514588946387 seconds
Avg sample train. time: 0.0010269975882545208 seconds
Evaluating on validation set ...
Validation runtime: 0.0 hours, 0.0 minutes, 0.2395153045654297 seconds

Avg val. time: 0.0 hours, 0.0 minutes, 0.21469958623250326 seconds
Avg batch val. time: 0.021469958623250327 seconds
Avg sample val. time: 0.00033651972763715243 seconds
Epoch 14 Validation Summary: epoch: 14.000000 | loss: 6.259310 | 
Epoch 15 Training Summary: epoch: 15.000000 | loss: 0.851254 | 
Epoch runtime: 0.0 hours, 0.0 minutes, 2.136563777923584 seconds

Avg epoch train. time: 0.0 hours, 0.0 minutes, 1.9799416700998942 seconds
Avg batch train. time: 0.06599805566999647 seconds
Avg sample train. time: 0.0010328334220656725 seconds
Epoch 16 Training Summary: epoch: 16.000000 | loss: 0.734511 | 
Epoch runtime: 0.0 hours, 0.0 minutes, 2.11855149269104 seconds

Avg epoch train. time: 0.0 hours, 0.0 minutes, 1.9886047840118408 seconds
Avg batch train. time: 0.06628682613372802 seconds
Avg sample train. time: 0.0010373525216545857 seconds
Evaluating on validation set ...
Validation runtime: 0.0 hours, 0.0 minutes, 0.23154878616333008 seconds

Avg val. time: 0.0 hours, 0.0 minutes, 0.21638450622558594 seconds
Avg batch val. time: 0.021638450622558595 seconds
Avg sample val. time: 0.0003391606680651817 seconds
Epoch 16 Validation Summary: epoch: 16.000000 | loss: 8.833178 | 
Epoch 17 Training Summary: epoch: 17.000000 | loss: 0.903996 | 
Epoch runtime: 0.0 hours, 0.0 minutes, 2.122361898422241 seconds

Avg epoch train. time: 0.0 hours, 0.0 minutes, 1.9964728495653938 seconds
Avg batch train. time: 0.06654909498551313 seconds
Avg sample train. time: 0.0010414568855322869 seconds
Epoch 18 Training Summary: epoch: 18.000000 | loss: 0.736064 | 
Epoch runtime: 0.0 hours, 0.0 minutes, 2.1487395763397217 seconds

Avg epoch train. time: 0.0 hours, 0.0 minutes, 2.0049321121639676 seconds
Avg batch train. time: 0.06683107040546558 seconds
Avg sample train. time: 0.001045869646407912 seconds
Evaluating on validation set ...
Validation runtime: 0.0 hours, 0.0 minutes, 0.25093936920166016 seconds

Avg val. time: 0.0 hours, 0.0 minutes, 0.21952585740522904 seconds
Avg batch val. time: 0.021952585740522904 seconds
Avg sample val. time: 0.0003440844159956568 seconds
Epoch 18 Validation Summary: epoch: 18.000000 | loss: 3.466568 | 
Epoch 19 Training Summary: epoch: 19.000000 | loss: 0.620613 | 
Epoch runtime: 0.0 hours, 0.0 minutes, 2.096527338027954 seconds

Avg epoch train. time: 0.0 hours, 0.0 minutes, 2.00975291352523 seconds
Avg batch train. time: 0.06699176378417433 seconds
Avg sample train. time: 0.0010483844097679863 seconds
Epoch 20 Training Summary: epoch: 20.000000 | loss: 0.824853 | 
Epoch runtime: 0.0 hours, 0.0 minutes, 2.093616247177124 seconds

Avg epoch train. time: 0.0 hours, 0.0 minutes, 2.0139460802078246 seconds
Avg batch train. time: 0.06713153600692749 seconds
Avg sample train. time: 0.0010505717684965179 seconds
Evaluating on validation set ...
Validation runtime: 0.0 hours, 0.0 minutes, 0.23852157592773438 seconds

Avg val. time: 0.0 hours, 0.0 minutes, 0.22110883394877115 seconds
Avg batch val. time: 0.022110883394877115 seconds
Avg sample val. time: 0.00034656557045261935 seconds
Epoch 20 Validation Summary: epoch: 20.000000 | loss: 0.871095 | 
Epoch 21 Training Summary: epoch: 21.000000 | loss: 0.765602 | 
Epoch runtime: 0.0 hours, 0.0 minutes, 2.1528677940368652 seconds

Avg epoch train. time: 0.0 hours, 0.0 minutes, 2.0205613999139693 seconds
Avg batch train. time: 0.06735204666379897 seconds
Avg sample train. time: 0.0010540226394960717 seconds
Epoch 22 Training Summary: epoch: 22.000000 | loss: 1.086332 | 
Epoch runtime: 0.0 hours, 0.0 minutes, 2.4447240829467773 seconds

Avg epoch train. time: 0.0 hours, 0.0 minutes, 2.0398415218700063 seconds
Avg batch train. time: 0.06799471739566688 seconds
Avg sample train. time: 0.0010640800844392312 seconds
Evaluating on validation set ...
Validation runtime: 0.0 hours, 0.0 minutes, 0.26999711990356445 seconds

Avg val. time: 0.0 hours, 0.0 minutes, 0.22486947132990912 seconds
Avg batch val. time: 0.02248694713299091 seconds
Avg sample val. time: 0.00035245998641051583 seconds
Epoch 22 Validation Summary: epoch: 22.000000 | loss: 0.498615 | 
Epoch 23 Training Summary: epoch: 23.000000 | loss: 1.003889 | 
Epoch runtime: 0.0 hours, 0.0 minutes, 2.177495241165161 seconds

Avg epoch train. time: 0.0 hours, 0.0 minutes, 2.045826466187187 seconds
Avg batch train. time: 0.0681942155395729 seconds
Avg sample train. time: 0.0010672021211200766 seconds
Epoch 24 Training Summary: epoch: 24.000000 | loss: 1.059850 | 
Epoch runtime: 0.0 hours, 0.0 minutes, 2.1451306343078613 seconds

Avg epoch train. time: 0.0 hours, 0.0 minutes, 2.0499641398588815 seconds
Avg batch train. time: 0.06833213799529606 seconds
Avg sample train. time: 0.0010693605320077628 seconds
Evaluating on validation set ...
Validation runtime: 0.0 hours, 0.0 minutes, 0.24500107765197754 seconds

Avg val. time: 0.0 hours, 0.0 minutes, 0.22630744321005686 seconds
Avg batch val. time: 0.022630744321005685 seconds
Avg sample val. time: 0.0003547138608308101 seconds
Epoch 24 Validation Summary: epoch: 24.000000 | loss: 11.251597 | 
Epoch 25 Training Summary: epoch: 25.000000 | loss: 1.597404 | 
Epoch runtime: 0.0 hours, 0.0 minutes, 2.1639106273651123 seconds

Avg epoch train. time: 0.0 hours, 0.0 minutes, 2.054521999359131 seconds
Avg batch train. time: 0.06848406664530436 seconds
Avg sample train. time: 0.0010717381321643875 seconds
Epoch 26 Training Summary: epoch: 26.000000 | loss: 1.281346 | 
Epoch runtime: 0.0 hours, 0.0 minutes, 2.101020574569702 seconds

Avg epoch train. time: 0.0 hours, 0.0 minutes, 2.056310406097999 seconds
Avg batch train. time: 0.06854368020326664 seconds
Avg sample train. time: 0.0010726710516943136 seconds
Evaluating on validation set ...
Validation runtime: 0.0 hours, 0.0 minutes, 0.24000239372253418 seconds

Avg val. time: 0.0 hours, 0.0 minutes, 0.22722043991088867 seconds
Avg batch val. time: 0.022722043991088868 seconds
Avg sample val. time: 0.00035614489014245874 seconds
Epoch 26 Validation Summary: epoch: 26.000000 | loss: 10.642379 | 
Epoch 27 Training Summary: epoch: 27.000000 | loss: 1.810187 | 
Epoch runtime: 0.0 hours, 0.0 minutes, 2.1316466331481934 seconds

Avg epoch train. time: 0.0 hours, 0.0 minutes, 2.0591006367294877 seconds
Avg batch train. time: 0.06863668789098293 seconds
Avg sample train. time: 0.0010741265710638955 seconds
Epoch 28 Training Summary: epoch: 28.000000 | loss: 1.304419 | 
Epoch runtime: 0.0 hours, 0.0 minutes, 2.138065814971924 seconds

Avg epoch train. time: 0.0 hours, 0.0 minutes, 2.0619208216667175 seconds
Avg batch train. time: 0.06873069405555725 seconds
Avg sample train. time: 0.0010755977160494092 seconds
Evaluating on validation set ...
Validation runtime: 0.0 hours, 0.0 minutes, 0.25100064277648926 seconds

Avg val. time: 0.0 hours, 0.0 minutes, 0.2287067025899887 seconds
Avg batch val. time: 0.02287067025899887 seconds
Avg sample val. time: 0.0003584744554702017 seconds
Epoch 28 Validation Summary: epoch: 28.000000 | loss: 2.690958 | 
Epoch 29 Training Summary: epoch: 29.000000 | loss: 0.900039 | 
Epoch runtime: 0.0 hours, 0.0 minutes, 2.1539435386657715 seconds

Avg epoch train. time: 0.0 hours, 0.0 minutes, 2.065094018804616 seconds
Avg batch train. time: 0.06883646729348719 seconds
Avg sample train. time: 0.0010772530092877496 seconds
Epoch 30 Training Summary: epoch: 30.000000 | loss: 1.303682 | 
Epoch runtime: 0.0 hours, 0.0 minutes, 2.2221477031707764 seconds

Avg epoch train. time: 0.0 hours, 0.0 minutes, 2.0703291416168215 seconds
Avg batch train. time: 0.06901097138722738 seconds
Avg sample train. time: 0.0010799839027735114 seconds
Evaluating on validation set ...
Validation runtime: 0.0 hours, 0.0 minutes, 0.2780013084411621 seconds

Avg val. time: 0.0 hours, 0.0 minutes, 0.23160638528711655 seconds
Avg batch val. time: 0.023160638528711655 seconds
Avg sample val. time: 0.0003630194126757313 seconds
Epoch 30 Validation Summary: epoch: 30.000000 | loss: 13.609468 | 
Epoch 31 Training Summary: epoch: 31.000000 | loss: 1.086454 | 
Epoch runtime: 0.0 hours, 0.0 minutes, 2.2181169986724854 seconds

Avg epoch train. time: 0.0 hours, 0.0 minutes, 2.0750964918444232 seconds
Avg batch train. time: 0.06916988306148078 seconds
Avg sample train. time: 0.001082470783434754 seconds
Epoch 32 Training Summary: epoch: 32.000000 | loss: 1.102275 | 
Epoch runtime: 0.0 hours, 0.0 minutes, 2.1240878105163574 seconds

Avg epoch train. time: 0.0 hours, 0.0 minutes, 2.0766274705529213 seconds
Avg batch train. time: 0.06922091568509738 seconds
Avg sample train. time: 0.0010832694160422124 seconds
Evaluating on validation set ...
Validation runtime: 0.0 hours, 0.0 minutes, 0.24699902534484863 seconds

Avg val. time: 0.0 hours, 0.0 minutes, 0.23246153195699057 seconds
Avg batch val. time: 0.023246153195699056 seconds
Avg sample val. time: 0.0003643597679576655 seconds
Epoch 32 Validation Summary: epoch: 32.000000 | loss: 5.672378 | 
Epoch 33 Training Summary: epoch: 33.000000 | loss: 1.266730 | 
Epoch runtime: 0.0 hours, 0.0 minutes, 2.1346189975738525 seconds

Avg epoch train. time: 0.0 hours, 0.0 minutes, 2.0783847895535557 seconds
Avg batch train. time: 0.06927949298511853 seconds
Avg sample train. time: 0.0010841861187029503 seconds
Epoch 34 Training Summary: epoch: 34.000000 | loss: 1.495268 | 
Epoch runtime: 0.0 hours, 0.0 minutes, 2.1367592811584473 seconds

Avg epoch train. time: 0.0 hours, 0.0 minutes, 2.080101686365464 seconds
Avg batch train. time: 0.0693367228788488 seconds
Avg sample train. time: 0.0010850817351932519 seconds
Evaluating on validation set ...
Validation runtime: 0.0 hours, 0.0 minutes, 0.26000165939331055 seconds

Avg val. time: 0.0 hours, 0.0 minutes, 0.23391101234837583 seconds
Avg batch val. time: 0.023391101234837584 seconds
Avg sample val. time: 0.0003666316807968273 seconds
Epoch 34 Validation Summary: epoch: 34.000000 | loss: 6.954608 | 
Epoch 35 Training Summary: epoch: 35.000000 | loss: 1.468376 | 
Epoch runtime: 0.0 hours, 0.0 minutes, 2.1502411365509033 seconds

Avg epoch train. time: 0.0 hours, 0.0 minutes, 2.082105670656477 seconds
Avg batch train. time: 0.0694035223552159 seconds
Avg sample train. time: 0.0010861271104102644 seconds
Epoch 36 Training Summary: epoch: 36.000000 | loss: 2.255126 | 
Epoch runtime: 0.0 hours, 0.0 minutes, 2.111280679702759 seconds

Avg epoch train. time: 0.0 hours, 0.0 minutes, 2.082916087574429 seconds
Avg batch train. time: 0.06943053625248097 seconds
Avg sample train. time: 0.0010865498631061185 seconds
Evaluating on validation set ...
Validation runtime: 0.0 hours, 0.0 minutes, 0.24299907684326172 seconds

Avg val. time: 0.0 hours, 0.0 minutes, 0.23436541557312013 seconds
Avg batch val. time: 0.023436541557312014 seconds
Avg sample val. time: 0.0003673439115566146 seconds
Epoch 36 Validation Summary: epoch: 36.000000 | loss: 18.859616 | 
Epoch 37 Training Summary: epoch: 37.000000 | loss: 2.556176 | 
Epoch runtime: 0.0 hours, 0.0 minutes, 2.0390303134918213 seconds

Avg epoch train. time: 0.0 hours, 0.0 minutes, 2.0817299855721965 seconds
Avg batch train. time: 0.06939099951907321 seconds
Avg sample train. time: 0.001085931134883775 seconds
Epoch 38 Training Summary: epoch: 38.000000 | loss: 1.686382 | 
Epoch runtime: 0.0 hours, 0.0 minutes, 2.0525949001312256 seconds

Avg epoch train. time: 0.0 hours, 0.0 minutes, 2.080963272797434 seconds
Avg batch train. time: 0.06936544242658113 seconds
Avg sample train. time: 0.0010855311803846814 seconds
Evaluating on validation set ...
Validation runtime: 0.0 hours, 0.0 minutes, 0.22100138664245605 seconds

Avg val. time: 0.0 hours, 0.0 minutes, 0.2337290332430885 seconds
Avg batch val. time: 0.02337290332430885 seconds
Avg sample val. time: 0.0003663464470894804 seconds
Epoch 38 Validation Summary: epoch: 38.000000 | loss: 6.929429 | 
Epoch 39 Training Summary: epoch: 39.000000 | loss: 3.237824 | 
Epoch runtime: 0.0 hours, 0.0 minutes, 2.0025599002838135 seconds

Avg epoch train. time: 0.0 hours, 0.0 minutes, 2.0789529299124694 seconds
Avg batch train. time: 0.06929843099708231 seconds
Avg sample train. time: 0.0010844824882172506 seconds
Epoch 40 Training Summary: epoch: 40.000000 | loss: 4.185332 | 
Epoch runtime: 0.0 hours, 0.0 minutes, 2.048069715499878 seconds

Avg epoch train. time: 0.0 hours, 0.0 minutes, 2.0781808495521545 seconds
Avg batch train. time: 0.06927269498507181 seconds
Avg sample train. time: 0.0010840797337256936 seconds
Evaluating on validation set ...
Validation runtime: 0.0 hours, 0.0 minutes, 0.2859973907470703 seconds

Avg val. time: 0.0 hours, 0.0 minutes, 0.23610486767508768 seconds
Avg batch val. time: 0.02361048676750877 seconds
Avg sample val. time: 0.0003700703255095418 seconds
Epoch 40 Validation Summary: epoch: 40.000000 | loss: 12.943450 | 
Best loss was 0.4986145414155105. Other metrics: OrderedDict([('epoch', 22), ('loss', 0.4986145414155105)])
All Done!
Total runtime: 0.0 hours, 1.0 minutes, 32.43482708930969 seconds

