Running:
main.py --output_dir experiments/curitiba_83842/ --comment regression for curitiba_83842 --name curitiba_83842_Regression --records_file experiments/curitiba_83842/curitiba_83842_Regression.xls --data_dir datasets/files/curitiba_83842/ --data_class wf --pattern TRAIN --val_pattern TEST --epochs 50 --lr 0.005 --optimizer RAdam --pos_encoding learnable --task regression

Using device: cpu
Loading and preprocessing data ...
1905 samples may be used for training
635 samples will be used for validation
0 samples will be used for testing
Creating model ...
Model:
TSTransformerEncoderClassiregressor(
  (project_inp): Linear(in_features=5, out_features=64, bias=True)
  (pos_enc): LearnablePositionalEncoding(
    (dropout): Dropout(p=0.1, inplace=False)
  )
  (transformer_encoder): TransformerEncoder(
    (layers): ModuleList(
      (0): TransformerBatchNormEncoderLayer(
        (self_attn): MultiheadAttention(
          (out_proj): NonDynamicallyQuantizableLinear(in_features=64, out_features=64, bias=True)
        )
        (linear1): Linear(in_features=64, out_features=256, bias=True)
        (dropout): Dropout(p=0.1, inplace=False)
        (linear2): Linear(in_features=256, out_features=64, bias=True)
        (norm1): BatchNorm1d(64, eps=1e-05, momentum=0.1, affine=True, track_running_stats=True)
        (norm2): BatchNorm1d(64, eps=1e-05, momentum=0.1, affine=True, track_running_stats=True)
        (dropout1): Dropout(p=0.1, inplace=False)
        (dropout2): Dropout(p=0.1, inplace=False)
      )
      (1): TransformerBatchNormEncoderLayer(
        (self_attn): MultiheadAttention(
          (out_proj): NonDynamicallyQuantizableLinear(in_features=64, out_features=64, bias=True)
        )
        (linear1): Linear(in_features=64, out_features=256, bias=True)
        (dropout): Dropout(p=0.1, inplace=False)
        (linear2): Linear(in_features=256, out_features=64, bias=True)
        (norm1): BatchNorm1d(64, eps=1e-05, momentum=0.1, affine=True, track_running_stats=True)
        (norm2): BatchNorm1d(64, eps=1e-05, momentum=0.1, affine=True, track_running_stats=True)
        (dropout1): Dropout(p=0.1, inplace=False)
        (dropout2): Dropout(p=0.1, inplace=False)
      )
      (2): TransformerBatchNormEncoderLayer(
        (self_attn): MultiheadAttention(
          (out_proj): NonDynamicallyQuantizableLinear(in_features=64, out_features=64, bias=True)
        )
        (linear1): Linear(in_features=64, out_features=256, bias=True)
        (dropout): Dropout(p=0.1, inplace=False)
        (linear2): Linear(in_features=256, out_features=64, bias=True)
        (norm1): BatchNorm1d(64, eps=1e-05, momentum=0.1, affine=True, track_running_stats=True)
        (norm2): BatchNorm1d(64, eps=1e-05, momentum=0.1, affine=True, track_running_stats=True)
        (dropout1): Dropout(p=0.1, inplace=False)
        (dropout2): Dropout(p=0.1, inplace=False)
      )
    )
  )
  (dropout1): Dropout(p=0.1, inplace=False)
  (output_layer): Linear(in_features=1536, out_features=1, bias=True)
)
Total number of parameters: 153409
Trainable parameters: 153409
Evaluating on validation set ...
Validation runtime: 0.0 hours, 0.0 minutes, 0.17600035667419434 seconds

Avg val. time: 0.0 hours, 0.0 minutes, 0.17600035667419434 seconds
Avg batch val. time: 0.017600035667419432 seconds
Avg sample val. time: 0.0002771659160223533 seconds
Epoch 0 Validation Summary: epoch: 0.000000 | loss: 230.281947 | 
Starting training...
Epoch 1 Training Summary: epoch: 1.000000 | loss: 269.165408 | 
Epoch runtime: 0.0 hours, 0.0 minutes, 1.771662712097168 seconds

Avg epoch train. time: 0.0 hours, 0.0 minutes, 1.771662712097168 seconds
Avg batch train. time: 0.059055423736572264 seconds
Avg sample train. time: 0.0009300066730168861 seconds
Evaluating on validation set ...
Validation runtime: 0.0 hours, 0.0 minutes, 0.22300219535827637 seconds

Avg val. time: 0.0 hours, 0.0 minutes, 0.19950127601623535 seconds
Avg batch val. time: 0.019950127601623534 seconds
Avg sample val. time: 0.0003141752378208431 seconds
Epoch 1 Validation Summary: epoch: 1.000000 | loss: 129.909861 | 
Epoch 2 Training Summary: epoch: 2.000000 | loss: 64.391005 | 
Epoch runtime: 0.0 hours, 0.0 minutes, 2.222651243209839 seconds

Avg epoch train. time: 0.0 hours, 0.0 minutes, 1.9971569776535034 seconds
Avg batch train. time: 0.06657189925511678 seconds
Avg sample train. time: 0.0010483763662223115 seconds
Evaluating on validation set ...
Validation runtime: 0.0 hours, 0.0 minutes, 0.23497653007507324 seconds

Avg val. time: 0.0 hours, 0.0 minutes, 0.21132636070251465 seconds
Avg batch val. time: 0.021132636070251464 seconds
Avg sample val. time: 0.0003327974184291569 seconds
Epoch 2 Validation Summary: epoch: 2.000000 | loss: 4.782647 | 
Epoch 3 Training Summary: epoch: 3.000000 | loss: 2.390473 | 
Epoch runtime: 0.0 hours, 0.0 minutes, 2.2504050731658936 seconds

Avg epoch train. time: 0.0 hours, 0.0 minutes, 2.081573009490967 seconds
Avg batch train. time: 0.06938576698303223 seconds
Avg sample train. time: 0.001092689243827279 seconds
Epoch 4 Training Summary: epoch: 4.000000 | loss: 1.593652 | 
Epoch runtime: 0.0 hours, 0.0 minutes, 2.2752580642700195 seconds

Avg epoch train. time: 0.0 hours, 0.0 minutes, 2.12999427318573 seconds
Avg batch train. time: 0.070999809106191 seconds
Avg sample train. time: 0.001118107230018756 seconds
Evaluating on validation set ...
Validation runtime: 0.0 hours, 0.0 minutes, 0.23397397994995117 seconds

Avg val. time: 0.0 hours, 0.0 minutes, 0.21698826551437378 seconds
Avg batch val. time: 0.02169882655143738 seconds
Avg sample val. time: 0.00034171380395964376 seconds
Epoch 4 Validation Summary: epoch: 4.000000 | loss: 1.934848 | 
Epoch 5 Training Summary: epoch: 5.000000 | loss: 1.065804 | 
Epoch runtime: 0.0 hours, 0.0 minutes, 1.990858554840088 seconds

Avg epoch train. time: 0.0 hours, 0.0 minutes, 2.1021671295166016 seconds
Avg batch train. time: 0.07007223765055338 seconds
Avg sample train. time: 0.0011034998055205257 seconds
Epoch 6 Training Summary: epoch: 6.000000 | loss: 1.381276 | 
Epoch runtime: 0.0 hours, 0.0 minutes, 2.416027545928955 seconds

Avg epoch train. time: 0.0 hours, 0.0 minutes, 2.1544771989186606 seconds
Avg batch train. time: 0.07181590663062203 seconds
Avg sample train. time: 0.0011309591595373546 seconds
Evaluating on validation set ...
Validation runtime: 0.0 hours, 0.0 minutes, 0.2617068290710449 seconds

Avg val. time: 0.0 hours, 0.0 minutes, 0.225931978225708 seconds
Avg batch val. time: 0.022593197822570802 seconds
Avg sample val. time: 0.0003557983909066268 seconds
Epoch 6 Validation Summary: epoch: 6.000000 | loss: 0.645621 | 
Epoch 7 Training Summary: epoch: 7.000000 | loss: 1.021537 | 
Epoch runtime: 0.0 hours, 0.0 minutes, 2.03291916847229 seconds

Avg epoch train. time: 0.0 hours, 0.0 minutes, 2.1371117659977505 seconds
Avg batch train. time: 0.07123705886659168 seconds
Avg sample train. time: 0.0011218434467179792 seconds
Epoch 8 Training Summary: epoch: 8.000000 | loss: 0.990658 | 
Epoch runtime: 0.0 hours, 0.0 minutes, 1.94209885597229 seconds

Avg epoch train. time: 0.0 hours, 0.0 minutes, 2.112735152244568 seconds
Avg batch train. time: 0.07042450507481893 seconds
Avg sample train. time: 0.0011090473240128965 seconds
Evaluating on validation set ...
Validation runtime: 0.0 hours, 0.0 minutes, 0.20901107788085938 seconds

Avg val. time: 0.0 hours, 0.0 minutes, 0.22311182816823324 seconds
Avg batch val. time: 0.022311182816823323 seconds
Avg sample val. time: 0.00035135720971375315 seconds
Epoch 8 Validation Summary: epoch: 8.000000 | loss: 0.187776 | 
Epoch 9 Training Summary: epoch: 9.000000 | loss: 0.712295 | 
Epoch runtime: 0.0 hours, 0.0 minutes, 1.8708510398864746 seconds

Avg epoch train. time: 0.0 hours, 0.0 minutes, 2.0858591397603354 seconds
Avg batch train. time: 0.06952863799201119 seconds
Avg sample train. time: 0.0010949391809765541 seconds
Epoch 10 Training Summary: epoch: 10.000000 | loss: 0.747474 | 
Epoch runtime: 0.0 hours, 0.0 minutes, 1.8620288372039795 seconds

Avg epoch train. time: 0.0 hours, 0.0 minutes, 2.0634761095046996 seconds
Avg batch train. time: 0.06878253698348999 seconds
Avg sample train. time: 0.0010831895587951178 seconds
Evaluating on validation set ...
Validation runtime: 0.0 hours, 0.0 minutes, 0.19803571701049805 seconds

Avg val. time: 0.0 hours, 0.0 minutes, 0.21952952657427108 seconds
Avg batch val. time: 0.021952952657427107 seconds
Avg sample val. time: 0.00034571578988074183 seconds
Epoch 10 Validation Summary: epoch: 10.000000 | loss: 2.312821 | 
Epoch 11 Training Summary: epoch: 11.000000 | loss: 1.102172 | 
Epoch runtime: 0.0 hours, 0.0 minutes, 1.9671540260314941 seconds

Avg epoch train. time: 0.0 hours, 0.0 minutes, 2.054719556461681 seconds
Avg batch train. time: 0.06849065188205604 seconds
Avg sample train. time: 0.0010785929430245046 seconds
Epoch 12 Training Summary: epoch: 12.000000 | loss: 0.998423 | 
Epoch runtime: 0.0 hours, 0.0 minutes, 1.9948647022247314 seconds

Avg epoch train. time: 0.0 hours, 0.0 minutes, 2.049731651941935 seconds
Avg batch train. time: 0.0683243883980645 seconds
Avg sample train. time: 0.0010759746204419608 seconds
Evaluating on validation set ...
Validation runtime: 0.0 hours, 0.0 minutes, 0.21299982070922852 seconds

Avg val. time: 0.0 hours, 0.0 minutes, 0.21871331334114075 seconds
Avg batch val. time: 0.021871331334114074 seconds
Avg sample val. time: 0.0003444304147104579 seconds
Epoch 12 Validation Summary: epoch: 12.000000 | loss: 0.321873 | 
Epoch 13 Training Summary: epoch: 13.000000 | loss: 0.786833 | 
Epoch runtime: 0.0 hours, 0.0 minutes, 2.0221173763275146 seconds

Avg epoch train. time: 0.0 hours, 0.0 minutes, 2.047607476894672 seconds
Avg batch train. time: 0.06825358256315574 seconds
Avg sample train. time: 0.0010748595679237122 seconds
Epoch 14 Training Summary: epoch: 14.000000 | loss: 0.958833 | 
Epoch runtime: 0.0 hours, 0.0 minutes, 2.0336430072784424 seconds

Avg epoch train. time: 0.0 hours, 0.0 minutes, 2.046610014779227 seconds
Avg batch train. time: 0.06822033382597423 seconds
Avg sample train. time: 0.0010743359657633738 seconds
Evaluating on validation set ...
Validation runtime: 0.0 hours, 0.0 minutes, 0.2180023193359375 seconds

Avg val. time: 0.0 hours, 0.0 minutes, 0.21863431400722927 seconds
Avg batch val. time: 0.021863431400722926 seconds
Avg sample val. time: 0.0003443060063105973 seconds
Epoch 14 Validation Summary: epoch: 14.000000 | loss: 1.582150 | 
Epoch 15 Training Summary: epoch: 15.000000 | loss: 1.164669 | 
Epoch runtime: 0.0 hours, 0.0 minutes, 1.8985216617584229 seconds

Avg epoch train. time: 0.0 hours, 0.0 minutes, 2.0367374579111734 seconds
Avg batch train. time: 0.06789124859703911 seconds
Avg sample train. time: 0.0010691535212132145 seconds
Epoch 16 Training Summary: epoch: 16.000000 | loss: 0.736714 | 
Epoch runtime: 0.0 hours, 0.0 minutes, 1.8480207920074463 seconds

Avg epoch train. time: 0.0 hours, 0.0 minutes, 2.0249426662921906 seconds
Avg batch train. time: 0.06749808887640635 seconds
Avg sample train. time: 0.0010629620295497064 seconds
Evaluating on validation set ...
Validation runtime: 0.0 hours, 0.0 minutes, 0.1849994659423828 seconds

Avg val. time: 0.0 hours, 0.0 minutes, 0.21527082920074464 seconds
Avg batch val. time: 0.021527082920074464 seconds
Avg sample val. time: 0.0003390091798436923 seconds
Epoch 16 Validation Summary: epoch: 16.000000 | loss: 2.822445 | 
Epoch 17 Training Summary: epoch: 17.000000 | loss: 1.321004 | 
Epoch runtime: 0.0 hours, 0.0 minutes, 1.636091709136963 seconds

Avg epoch train. time: 0.0 hours, 0.0 minutes, 2.002069080577177 seconds
Avg batch train. time: 0.06673563601923924 seconds
Avg sample train. time: 0.0010509548979407753 seconds
Epoch 18 Training Summary: epoch: 18.000000 | loss: 0.961018 | 
Epoch runtime: 0.0 hours, 0.0 minutes, 1.921079158782959 seconds

Avg epoch train. time: 0.0 hours, 0.0 minutes, 1.9975696404774983 seconds
Avg batch train. time: 0.06658565468258328 seconds
Avg sample train. time: 0.0010485929871272958 seconds
Evaluating on validation set ...
Validation runtime: 0.0 hours, 0.0 minutes, 0.19516921043395996 seconds

Avg val. time: 0.0 hours, 0.0 minutes, 0.2134434093128551 seconds
Avg batch val. time: 0.02134434093128551 seconds
Avg sample val. time: 0.00033613135324859074 seconds
Epoch 18 Validation Summary: epoch: 18.000000 | loss: 2.216081 | 
Epoch 19 Training Summary: epoch: 19.000000 | loss: 0.891541 | 
Epoch runtime: 0.0 hours, 0.0 minutes, 1.8370401859283447 seconds

Avg epoch train. time: 0.0 hours, 0.0 minutes, 1.9891207218170166 seconds
Avg batch train. time: 0.06630402406056722 seconds
Avg sample train. time: 0.001044157859221531 seconds
Epoch 20 Training Summary: epoch: 20.000000 | loss: 0.714110 | 
Epoch runtime: 0.0 hours, 0.0 minutes, 2.0320992469787598 seconds

Avg epoch train. time: 0.0 hours, 0.0 minutes, 1.9912696480751038 seconds
Avg batch train. time: 0.06637565493583679 seconds
Avg sample train. time: 0.0010452859045013668 seconds
Evaluating on validation set ...
Validation runtime: 0.0 hours, 0.0 minutes, 0.22199201583862305 seconds

Avg val. time: 0.0 hours, 0.0 minutes, 0.21415579319000244 seconds
Avg batch val. time: 0.021415579319000243 seconds
Avg sample val. time: 0.0003372532176220511 seconds
Epoch 20 Validation Summary: epoch: 20.000000 | loss: 3.029746 | 
Epoch 21 Training Summary: epoch: 21.000000 | loss: 0.694884 | 
Epoch runtime: 0.0 hours, 0.0 minutes, 2.2681002616882324 seconds

Avg epoch train. time: 0.0 hours, 0.0 minutes, 2.0044520582471574 seconds
Avg batch train. time: 0.06681506860823858 seconds
Avg sample train. time: 0.0010522058048541508 seconds
Epoch 22 Training Summary: epoch: 22.000000 | loss: 0.715583 | 
Epoch runtime: 0.0 hours, 0.0 minutes, 2.111799716949463 seconds

Avg epoch train. time: 0.0 hours, 0.0 minutes, 2.0093314972790806 seconds
Avg batch train. time: 0.06697771657596935 seconds
Avg sample train. time: 0.0010547671901727457 seconds
Evaluating on validation set ...
Validation runtime: 0.0 hours, 0.0 minutes, 0.23698782920837402 seconds

Avg val. time: 0.0 hours, 0.0 minutes, 0.2159121036529541 seconds
Avg batch val. time: 0.02159121036529541 seconds
Avg sample val. time: 0.00034001906087079386 seconds
Epoch 22 Validation Summary: epoch: 22.000000 | loss: 0.771177 | 
Epoch 23 Training Summary: epoch: 23.000000 | loss: 1.172630 | 
Epoch runtime: 0.0 hours, 0.0 minutes, 2.387418508529663 seconds

Avg epoch train. time: 0.0 hours, 0.0 minutes, 2.0257700629856275 seconds
Avg batch train. time: 0.06752566876618758 seconds
Avg sample train. time: 0.0010633963585226392 seconds
Epoch 24 Training Summary: epoch: 24.000000 | loss: 1.762003 | 
Epoch runtime: 0.0 hours, 0.0 minutes, 2.7711496353149414 seconds

Avg epoch train. time: 0.0 hours, 0.0 minutes, 2.0568275451660156 seconds
Avg batch train. time: 0.06856091817220052 seconds
Avg sample train. time: 0.0010796994987748113 seconds
Evaluating on validation set ...
Validation runtime: 0.0 hours, 0.0 minutes, 0.25099873542785645 seconds

Avg val. time: 0.0 hours, 0.0 minutes, 0.2184182916368757 seconds
Avg batch val. time: 0.02184182916368757 seconds
Avg sample val. time: 0.0003439658136013791 seconds
Epoch 24 Validation Summary: epoch: 24.000000 | loss: 6.121455 | 
Epoch 25 Training Summary: epoch: 25.000000 | loss: 1.638506 | 
Epoch runtime: 0.0 hours, 0.0 minutes, 1.9885389804840088 seconds

Avg epoch train. time: 0.0 hours, 0.0 minutes, 2.0540960025787354 seconds
Avg batch train. time: 0.06846986675262451 seconds
Avg sample train. time: 0.0010782656181515672 seconds
Epoch 26 Training Summary: epoch: 26.000000 | loss: 1.395494 | 
Epoch runtime: 0.0 hours, 0.0 minutes, 1.9565465450286865 seconds

Avg epoch train. time: 0.0 hours, 0.0 minutes, 2.050344100365272 seconds
Avg batch train. time: 0.06834480334550906 seconds
Avg sample train. time: 0.0010762961156773083 seconds
Evaluating on validation set ...
Validation runtime: 0.0 hours, 0.0 minutes, 0.24251818656921387 seconds

Avg val. time: 0.0 hours, 0.0 minutes, 0.22002495129903157 seconds
Avg batch val. time: 0.022002495129903158 seconds
Avg sample val. time: 0.0003464959862976875 seconds
Epoch 26 Validation Summary: epoch: 26.000000 | loss: 1.176539 | 
Epoch 27 Training Summary: epoch: 27.000000 | loss: 1.209670 | 
Epoch runtime: 0.0 hours, 0.0 minutes, 1.9290051460266113 seconds

Avg epoch train. time: 0.0 hours, 0.0 minutes, 2.045850065019396 seconds
Avg batch train. time: 0.0681950021673132 seconds
Avg sample train. time: 0.0010739370420049322 seconds
Epoch 28 Training Summary: epoch: 28.000000 | loss: 1.050706 | 
Epoch runtime: 0.0 hours, 0.0 minutes, 1.9160256385803223 seconds

Avg epoch train. time: 0.0 hours, 0.0 minutes, 2.041213478360857 seconds
Avg batch train. time: 0.06804044927869524 seconds
Avg sample train. time: 0.001071503138247169 seconds
Evaluating on validation set ...
Validation runtime: 0.0 hours, 0.0 minutes, 0.21352124214172363 seconds

Avg val. time: 0.0 hours, 0.0 minutes, 0.21961846947669983 seconds
Avg batch val. time: 0.021961846947669984 seconds
Avg sample val. time: 0.0003458558574436218 seconds
Epoch 28 Validation Summary: epoch: 28.000000 | loss: 1.996845 | 
Epoch 29 Training Summary: epoch: 29.000000 | loss: 1.021225 | 
Epoch runtime: 0.0 hours, 0.0 minutes, 1.922044038772583 seconds

Avg epoch train. time: 0.0 hours, 0.0 minutes, 2.0371041873405717 seconds
Avg batch train. time: 0.06790347291135239 seconds
Avg sample train. time: 0.0010693460301000376 seconds
Epoch 30 Training Summary: epoch: 30.000000 | loss: 0.797410 | 
Epoch runtime: 0.0 hours, 0.0 minutes, 1.8725101947784424 seconds

Avg epoch train. time: 0.0 hours, 0.0 minutes, 2.0316177209218345 seconds
Avg batch train. time: 0.06772059069739449 seconds
Avg sample train. time: 0.0010664659952345588 seconds
Evaluating on validation set ...
Validation runtime: 0.0 hours, 0.0 minutes, 0.21300053596496582 seconds

Avg val. time: 0.0 hours, 0.0 minutes, 0.21922917927012725 seconds
Avg batch val. time: 0.021922917927012724 seconds
Avg sample val. time: 0.0003452428020002004 seconds
Epoch 30 Validation Summary: epoch: 30.000000 | loss: 2.091207 | 
Epoch 31 Training Summary: epoch: 31.000000 | loss: 1.765548 | 
Epoch runtime: 0.0 hours, 0.0 minutes, 1.928565502166748 seconds

Avg epoch train. time: 0.0 hours, 0.0 minutes, 2.0282934558007026 seconds
Avg batch train. time: 0.06760978186002342 seconds
Avg sample train. time: 0.0010647209741735972 seconds
Epoch 32 Training Summary: epoch: 32.000000 | loss: 1.084035 | 
Epoch runtime: 0.0 hours, 0.0 minutes, 2.2456390857696533 seconds

Avg epoch train. time: 0.0 hours, 0.0 minutes, 2.035085506737232 seconds
Avg batch train. time: 0.06783618355790774 seconds
Avg sample train. time: 0.0010682863552426416 seconds
Evaluating on validation set ...
Validation runtime: 0.0 hours, 0.0 minutes, 0.28799962997436523 seconds

Avg val. time: 0.0 hours, 0.0 minutes, 0.22304975986480713 seconds
Avg batch val. time: 0.022304975986480714 seconds
Avg sample val. time: 0.000351259464354027 seconds
Epoch 32 Validation Summary: epoch: 32.000000 | loss: 0.321554 | 
Epoch 33 Training Summary: epoch: 33.000000 | loss: 0.900405 | 
Epoch runtime: 0.0 hours, 0.0 minutes, 2.4074690341949463 seconds

Avg epoch train. time: 0.0 hours, 0.0 minutes, 2.046369856054133 seconds
Avg batch train. time: 0.06821232853513776 seconds
Avg sample train. time: 0.0010742098981911458 seconds
Epoch 34 Training Summary: epoch: 34.000000 | loss: 0.792592 | 
Epoch runtime: 0.0 hours, 0.0 minutes, 2.3935158252716064 seconds

Avg epoch train. time: 0.0 hours, 0.0 minutes, 2.0565800316193523 seconds
Avg batch train. time: 0.06855266772064508 seconds
Avg sample train. time: 0.0010795695704038594 seconds
Evaluating on validation set ...
Validation runtime: 0.0 hours, 0.0 minutes, 0.25099897384643555 seconds

Avg val. time: 0.0 hours, 0.0 minutes, 0.2245207711269981 seconds
Avg batch val. time: 0.02245207711269981 seconds
Avg sample val. time: 0.00035357601752283163 seconds
Epoch 34 Validation Summary: epoch: 34.000000 | loss: 5.649629 | 
Epoch 35 Training Summary: epoch: 35.000000 | loss: 0.840348 | 
Epoch runtime: 0.0 hours, 0.0 minutes, 2.1598894596099854 seconds

Avg epoch train. time: 0.0 hours, 0.0 minutes, 2.0595317295619417 seconds
Avg batch train. time: 0.06865105765206472 seconds
Avg sample train. time: 0.0010811190181427516 seconds
Epoch 36 Training Summary: epoch: 36.000000 | loss: 1.614874 | 
Epoch runtime: 0.0 hours, 0.0 minutes, 2.145815849304199 seconds

Avg epoch train. time: 0.0 hours, 0.0 minutes, 2.0619285106658936 seconds
Avg batch train. time: 0.06873095035552979 seconds
Avg sample train. time: 0.001082377170953225 seconds
Evaluating on validation set ...
Validation runtime: 0.0 hours, 0.0 minutes, 0.3500027656555176 seconds

Avg val. time: 0.0 hours, 0.0 minutes, 0.23079487085342407 seconds
Avg batch val. time: 0.023079487085342406 seconds
Avg sample val. time: 0.0003634564895329513 seconds
Epoch 36 Validation Summary: epoch: 36.000000 | loss: 2.945937 | 
Epoch 37 Training Summary: epoch: 37.000000 | loss: 0.780851 | 
Epoch runtime: 0.0 hours, 0.0 minutes, 2.363118886947632 seconds

Avg epoch train. time: 0.0 hours, 0.0 minutes, 2.0700687911059403 seconds
Avg batch train. time: 0.06900229303686468 seconds
Avg sample train. time: 0.001086650284045113 seconds
Epoch 38 Training Summary: epoch: 38.000000 | loss: 0.848819 | 
Epoch runtime: 0.0 hours, 0.0 minutes, 2.332974910736084 seconds

Avg epoch train. time: 0.0 hours, 0.0 minutes, 2.0769873732014705 seconds
Avg batch train. time: 0.06923291244004902 seconds
Avg sample train. time: 0.0010902820856700632 seconds
Evaluating on validation set ...
Validation runtime: 0.0 hours, 0.0 minutes, 0.24851417541503906 seconds

Avg val. time: 0.0 hours, 0.0 minutes, 0.23163864726112002 seconds
Avg batch val. time: 0.023163864726112003 seconds
Avg sample val. time: 0.0003647852712773544 seconds
Epoch 38 Validation Summary: epoch: 38.000000 | loss: 0.790554 | 
Epoch 39 Training Summary: epoch: 39.000000 | loss: 1.337237 | 
Epoch runtime: 0.0 hours, 0.0 minutes, 2.2605843544006348 seconds

Avg epoch train. time: 0.0 hours, 0.0 minutes, 2.0816949881040134 seconds
Avg batch train. time: 0.06938983293680044 seconds
Avg sample train. time: 0.0010927532745952826 seconds
Epoch 40 Training Summary: epoch: 40.000000 | loss: 1.231099 | 
Epoch runtime: 0.0 hours, 0.0 minutes, 2.114169120788574 seconds

Avg epoch train. time: 0.0 hours, 0.0 minutes, 2.0825068414211274 seconds
Avg batch train. time: 0.06941689471403759 seconds
Avg sample train. time: 0.0010931794443155523 seconds
Evaluating on validation set ...
Validation runtime: 0.0 hours, 0.0 minutes, 0.2550201416015625 seconds

Avg val. time: 0.0 hours, 0.0 minutes, 0.23270144245841287 seconds
Avg batch val. time: 0.023270144245841288 seconds
Avg sample val. time: 0.0003664589645014376 seconds
Epoch 40 Validation Summary: epoch: 40.000000 | loss: 0.984296 | 
Epoch 41 Training Summary: epoch: 41.000000 | loss: 1.273911 | 
Epoch runtime: 0.0 hours, 0.0 minutes, 2.118485689163208 seconds

Avg epoch train. time: 0.0 hours, 0.0 minutes, 2.0833843742928853 seconds
Avg batch train. time: 0.06944614580976284 seconds
Avg sample train. time: 0.0010936400914923281 seconds
Epoch 42 Training Summary: epoch: 42.000000 | loss: 0.981061 | 
Epoch runtime: 0.0 hours, 0.0 minutes, 2.073592185974121 seconds

Avg epoch train. time: 0.0 hours, 0.0 minutes, 2.0831512269519625 seconds
Avg batch train. time: 0.06943837423173209 seconds
Avg sample train. time: 0.0010935177044367258 seconds
Evaluating on validation set ...
Validation runtime: 0.0 hours, 0.0 minutes, 0.2631337642669678 seconds

Avg val. time: 0.0 hours, 0.0 minutes, 0.23402458688487177 seconds
Avg batch val. time: 0.023402458688487178 seconds
Avg sample val. time: 0.0003685426565116091 seconds
Epoch 42 Validation Summary: epoch: 42.000000 | loss: 2.557010 | 
Epoch 43 Training Summary: epoch: 43.000000 | loss: 1.083102 | 
Epoch runtime: 0.0 hours, 0.0 minutes, 2.095344305038452 seconds

Avg epoch train. time: 0.0 hours, 0.0 minutes, 2.0834347869074623 seconds
Avg batch train. time: 0.06944782623024874 seconds
Avg sample train. time: 0.001093666554807067 seconds
Epoch 44 Training Summary: epoch: 44.000000 | loss: 1.033918 | 
Epoch runtime: 0.0 hours, 0.0 minutes, 2.176074743270874 seconds

Avg epoch train. time: 0.0 hours, 0.0 minutes, 2.0855402404611763 seconds
Avg batch train. time: 0.06951800801537254 seconds
Avg sample train. time: 0.0010947717797696462 seconds
Evaluating on validation set ...
Validation runtime: 0.0 hours, 0.0 minutes, 0.2849998474121094 seconds

Avg val. time: 0.0 hours, 0.0 minutes, 0.23614855607350668 seconds
Avg batch val. time: 0.023614855607350667 seconds
Avg sample val. time: 0.0003718874898795381 seconds
Epoch 44 Validation Summary: epoch: 44.000000 | loss: 2.564477 | 
Epoch 45 Training Summary: epoch: 45.000000 | loss: 1.367153 | 
Epoch runtime: 0.0 hours, 0.0 minutes, 2.096759557723999 seconds

Avg epoch train. time: 0.0 hours, 0.0 minutes, 2.0857895586225723 seconds
Avg batch train. time: 0.06952631862075241 seconds
Avg sample train. time: 0.00109490265544492 seconds
Epoch 46 Training Summary: epoch: 46.000000 | loss: 1.339181 | 
Epoch runtime: 0.0 hours, 0.0 minutes, 2.0729572772979736 seconds

Avg epoch train. time: 0.0 hours, 0.0 minutes, 2.085510595985081 seconds
Avg batch train. time: 0.06951701986616937 seconds
Avg sample train. time: 0.0010947562183648719 seconds
Evaluating on validation set ...
Validation runtime: 0.0 hours, 0.0 minutes, 0.24699807167053223 seconds

Avg val. time: 0.0 hours, 0.0 minutes, 0.23658253669738769 seconds
Avg batch val. time: 0.02365825366973877 seconds
Avg sample val. time: 0.00037257092393289397 seconds
Epoch 46 Validation Summary: epoch: 46.000000 | loss: 2.027852 | 
Epoch 47 Training Summary: epoch: 47.000000 | loss: 1.182553 | 
Epoch runtime: 0.0 hours, 0.0 minutes, 2.126509666442871 seconds

Avg epoch train. time: 0.0 hours, 0.0 minutes, 2.086382916633119 seconds
Avg batch train. time: 0.06954609722110397 seconds
Avg sample train. time: 0.0010952141294662042 seconds
Epoch 48 Training Summary: epoch: 48.000000 | loss: 0.966202 | 
Epoch runtime: 0.0 hours, 0.0 minutes, 2.0816869735717773 seconds

Avg epoch train. time: 0.0 hours, 0.0 minutes, 2.0862850844860077 seconds
Avg batch train. time: 0.06954283614953359 seconds
Avg sample train. time: 0.001095162774008403 seconds
Evaluating on validation set ...
Validation runtime: 0.0 hours, 0.0 minutes, 0.29106903076171875 seconds

Avg val. time: 0.0 hours, 0.0 minutes, 0.23867817108447736 seconds
Avg batch val. time: 0.023867817108447736 seconds
Avg sample val. time: 0.0003758711355661061 seconds
Epoch 48 Validation Summary: epoch: 48.000000 | loss: 1.471230 | 
Epoch 49 Training Summary: epoch: 49.000000 | loss: 0.873121 | 
Epoch runtime: 0.0 hours, 0.0 minutes, 3.256394863128662 seconds

Avg epoch train. time: 0.0 hours, 0.0 minutes, 2.1101648758868783 seconds
Avg batch train. time: 0.07033882919622927 seconds
Avg sample train. time: 0.0011076980975784137 seconds
Epoch 50 Training Summary: epoch: 50.000000 | loss: 1.065072 | 
Epoch runtime: 0.0 hours, 0.0 minutes, 2.0589287281036377 seconds

Avg epoch train. time: 0.0 hours, 0.0 minutes, 2.1091401529312135 seconds
Avg batch train. time: 0.07030467176437379 seconds
Avg sample train. time: 0.0011071601852657288 seconds
Evaluating on validation set ...
Validation runtime: 0.0 hours, 0.0 minutes, 0.24451375007629395 seconds

Avg val. time: 0.0 hours, 0.0 minutes, 0.23889430363972983 seconds
Avg batch val. time: 0.023889430363972983 seconds
Avg sample val. time: 0.00037621150179485013 seconds
Epoch 50 Validation Summary: epoch: 50.000000 | loss: 2.515841 | 
Best loss was 0.1877763830770658. Other metrics: OrderedDict([('epoch', 8), ('loss', 0.1877763830770658)])
All Done!
Total runtime: 0.0 hours, 1.0 minutes, 56.25383281707764 seconds

